<html>
<head>
<title>TestNG:  Command line test</title>
<link href="../testng.css" rel="stylesheet" type="text/css" />
<link href="../my-testng.css" rel="stylesheet" type="text/css" />

<style type="text/css">
.log { display: none;} 
.stack-trace { display: none;} 
</style>
<script type="text/javascript">
<!--
function flip(e) {
  current = e.style.display;
  if (current == 'block') {
    e.style.display = 'none';
    return 0;
  }
  else {
    e.style.display = 'block';
    return 1;
  }
}

function toggleBox(szDivId, elem, msg1, msg2)
{
  var res = -1;  if (document.getElementById) {
    res = flip(document.getElementById(szDivId));
  }
  else if (document.all) {
    // this is the way old msie versions work
    res = flip(document.all[szDivId]);
  }
  if(elem) {
    if(res == 0) elem.innerHTML = msg1; else elem.innerHTML = msg2;
  }

}

function toggleAllBoxes() {
  if (document.getElementsByTagName) {
    d = document.getElementsByTagName('div');
    for (i = 0; i < d.length; i++) {
      if (d[i].className == 'log') {
        flip(d[i]);
      }
    }
  }
}

// -->
</script>

</head>
<body>
<h2 align='center'>Command line test</h2><table border='1' align="center">
<tr>
<td>Tests passed/Failed/Skipped:</td><td>0/30/0</td>
</tr><tr>
<td>Started on:</td><td>Tue Apr 21 15:23:16 EDT 2020</td>
</tr>
<tr><td>Total time:</td><td>6 seconds (6370 ms)</td>
</tr><tr>
<td>Included groups:</td><td></td>
</tr><tr>
<td>Excluded groups:</td><td></td>
</tr>
</table><p/>
<small><i>(Hover the method name to see the test class name)</i></small><p/>
<table width='100%' border='1' class='invocation-failed'>
<tr><td colspan='4' align='center'><b>FAILED CONFIGURATIONS</b></td></tr>
<tr><td><b>Test method</b></td>
<td width="30%"><b>Exception</b></td>
<td width="10%"><b>Time (seconds)</b></td>
<td><b>Instance</b></td>
</tr>
<tr>
<td title='com.yourcompany.Tests.ContactFormTest.tearDown()'><b>tearDown</b><br>Test class: com.yourcompany.Tests.ContactFormTest<br>Parameters: [TestResult name=contactFormTest status=FAILURE method=ContactFormTest.contactFormTest(java.lang.String, java.lang.String, java.lang.String, java.lang.reflect.Method)[pri:0, instance:com.yourcompany.Tests.ContactFormTest@694e1548] output={null}]</td>
<td><div><pre>java.lang.NullPointerException
	at com.yourcompany.Tests.TestBase.tearDown(TestBase.java:133)
	at java.base/java.util.concurrent.FutureTask.run(FutureTask.java:264)
	at java.base/java.util.concurrent.Executors$RunnableAdapter.call(Executors.java:515)
	at java.base/java.util.concurrent.FutureTask.run(FutureTask.java:264)
	at java.base/java.util.concurrent.ThreadPoolExecutor.runWorker(ThreadPoolExecutor.java:1128)
	at java.base/java.util.concurrent.ThreadPoolExecutor$Worker.run(ThreadPoolExecutor.java:628)
	at java.base/java.lang.Thread.run(Thread.java:830)
... Removed 11 stack frames</pre></div><a href='#' onClick='toggleBox("stack-trace1968119497", this, "Click to show all stack frames", "Click to hide stack frames")'>Click to show all stack frames</a>
<div class='stack-trace' id='stack-trace1968119497'><pre>java.lang.NullPointerException
	at com.yourcompany.Tests.TestBase.tearDown(TestBase.java:133)
	at java.base/jdk.internal.reflect.NativeMethodAccessorImpl.invoke0(Native Method)
	at java.base/jdk.internal.reflect.NativeMethodAccessorImpl.invoke(NativeMethodAccessorImpl.java:62)
	at java.base/jdk.internal.reflect.DelegatingMethodAccessorImpl.invoke(DelegatingMethodAccessorImpl.java:43)
	at java.base/java.lang.reflect.Method.invoke(Method.java:567)
	at org.testng.internal.MethodInvocationHelper.invokeMethod(MethodInvocationHelper.java:104)
	at org.testng.internal.Invoker.invokeConfigurationMethod(Invoker.java:515)
	at org.testng.internal.Invoker.invokeConfigurations(Invoker.java:217)
	at org.testng.internal.Invoker.invokeMethod(Invoker.java:712)
	at org.testng.internal.Invoker.invokeTestMethod(Invoker.java:851)
	at org.testng.internal.TestMethodWithDataProviderMethodWorker.call(TestMethodWithDataProviderMethodWorker.java:75)
	at org.testng.internal.TestMethodWithDataProviderMethodWorker.call(TestMethodWithDataProviderMethodWorker.java:14)
	at java.base/java.util.concurrent.FutureTask.run(FutureTask.java:264)
	at java.base/java.util.concurrent.Executors$RunnableAdapter.call(Executors.java:515)
	at java.base/java.util.concurrent.FutureTask.run(FutureTask.java:264)
	at java.base/java.util.concurrent.ThreadPoolExecutor.runWorker(ThreadPoolExecutor.java:1128)
	at java.base/java.util.concurrent.ThreadPoolExecutor$Worker.run(ThreadPoolExecutor.java:628)
	at java.base/java.lang.Thread.run(Thread.java:830)
</pre></div></td>
<td>0</td>
<td>com.yourcompany.Tests.ContactFormTest@694e1548</td></tr>
</table><p>
<table width='100%' border='1' class='invocation-skipped'>
<tr><td colspan='4' align='center'><b>SKIPPED CONFIGURATIONS</b></td></tr>
<tr><td><b>Test method</b></td>
<td width="30%"><b>Exception</b></td>
<td width="10%"><b>Time (seconds)</b></td>
<td><b>Instance</b></td>
</tr>
<tr>
<td title='com.yourcompany.Tests.ContactFormTest.tearDown()'><b>tearDown</b><br>Test class: com.yourcompany.Tests.ContactFormTest</td>
<td></td>
<td>0</td>
<td>com.yourcompany.Tests.ContactFormTest@694e1548</td></tr>
<tr>
<td title='com.yourcompany.Tests.PAOIEndpointTest.tearDown()'><b>tearDown</b><br>Test class: com.yourcompany.Tests.PAOIEndpointTest</td>
<td></td>
<td>0</td>
<td>com.yourcompany.Tests.PAOIEndpointTest@614ddd49</td></tr>
<tr>
<td title='com.yourcompany.Tests.ContactFormTest.tearDown()'><b>tearDown</b><br>Test class: com.yourcompany.Tests.ContactFormTest</td>
<td></td>
<td>0</td>
<td>com.yourcompany.Tests.ContactFormTest@694e1548</td></tr>
<tr>
<td title='com.yourcompany.Tests.PAOIEndpointTest.tearDown()'><b>tearDown</b><br>Test class: com.yourcompany.Tests.PAOIEndpointTest</td>
<td></td>
<td>0</td>
<td>com.yourcompany.Tests.PAOIEndpointTest@614ddd49</td></tr>
<tr>
<td title='com.yourcompany.Tests.PAOIEndpointTest.tearDown()'><b>tearDown</b><br>Test class: com.yourcompany.Tests.PAOIEndpointTest</td>
<td></td>
<td>0</td>
<td>com.yourcompany.Tests.PAOIEndpointTest@614ddd49</td></tr>
<tr>
<td title='com.yourcompany.Tests.ContactFormTest.tearDown()'><b>tearDown</b><br>Test class: com.yourcompany.Tests.ContactFormTest</td>
<td></td>
<td>0</td>
<td>com.yourcompany.Tests.ContactFormTest@694e1548</td></tr>
<tr>
<td title='com.yourcompany.Tests.ContactFormTest.tearDown()'><b>tearDown</b><br>Test class: com.yourcompany.Tests.ContactFormTest</td>
<td></td>
<td>0</td>
<td>com.yourcompany.Tests.ContactFormTest@694e1548</td></tr>
<tr>
<td title='com.yourcompany.Tests.ContactFormTest.tearDown()'><b>tearDown</b><br>Test class: com.yourcompany.Tests.ContactFormTest</td>
<td></td>
<td>0</td>
<td>com.yourcompany.Tests.ContactFormTest@694e1548</td></tr>
<tr>
<td title='com.yourcompany.Tests.FollowLinkTest.tearDown()'><b>tearDown</b><br>Test class: com.yourcompany.Tests.FollowLinkTest</td>
<td></td>
<td>0</td>
<td>com.yourcompany.Tests.FollowLinkTest@1f554b06</td></tr>
<tr>
<td title='com.yourcompany.Tests.FollowLinkTest.tearDown()'><b>tearDown</b><br>Test class: com.yourcompany.Tests.FollowLinkTest</td>
<td></td>
<td>0</td>
<td>com.yourcompany.Tests.FollowLinkTest@1f554b06</td></tr>
<tr>
<td title='com.yourcompany.Tests.ContactFormTest.tearDown()'><b>tearDown</b><br>Test class: com.yourcompany.Tests.ContactFormTest</td>
<td></td>
<td>0</td>
<td>com.yourcompany.Tests.ContactFormTest@694e1548</td></tr>
<tr>
<td title='com.yourcompany.Tests.FollowLinkTest.tearDown()'><b>tearDown</b><br>Test class: com.yourcompany.Tests.FollowLinkTest</td>
<td></td>
<td>0</td>
<td>com.yourcompany.Tests.FollowLinkTest@1f554b06</td></tr>
<tr>
<td title='com.yourcompany.Tests.ContactFormTest.tearDown()'><b>tearDown</b><br>Test class: com.yourcompany.Tests.ContactFormTest</td>
<td></td>
<td>0</td>
<td>com.yourcompany.Tests.ContactFormTest@694e1548</td></tr>
<tr>
<td title='com.yourcompany.Tests.PAOIEndpointTest.tearDown()'><b>tearDown</b><br>Test class: com.yourcompany.Tests.PAOIEndpointTest</td>
<td></td>
<td>0</td>
<td>com.yourcompany.Tests.PAOIEndpointTest@614ddd49</td></tr>
<tr>
<td title='com.yourcompany.Tests.FollowLinkTest.tearDown()'><b>tearDown</b><br>Test class: com.yourcompany.Tests.FollowLinkTest</td>
<td></td>
<td>0</td>
<td>com.yourcompany.Tests.FollowLinkTest@1f554b06</td></tr>
<tr>
<td title='com.yourcompany.Tests.FollowLinkTest.tearDown()'><b>tearDown</b><br>Test class: com.yourcompany.Tests.FollowLinkTest</td>
<td></td>
<td>0</td>
<td>com.yourcompany.Tests.FollowLinkTest@1f554b06</td></tr>
<tr>
<td title='com.yourcompany.Tests.FollowLinkTest.tearDown()'><b>tearDown</b><br>Test class: com.yourcompany.Tests.FollowLinkTest</td>
<td></td>
<td>0</td>
<td>com.yourcompany.Tests.FollowLinkTest@1f554b06</td></tr>
<tr>
<td title='com.yourcompany.Tests.PAOIEndpointTest.tearDown()'><b>tearDown</b><br>Test class: com.yourcompany.Tests.PAOIEndpointTest</td>
<td></td>
<td>0</td>
<td>com.yourcompany.Tests.PAOIEndpointTest@614ddd49</td></tr>
<tr>
<td title='com.yourcompany.Tests.PAOIEndpointTest.tearDown()'><b>tearDown</b><br>Test class: com.yourcompany.Tests.PAOIEndpointTest</td>
<td></td>
<td>0</td>
<td>com.yourcompany.Tests.PAOIEndpointTest@614ddd49</td></tr>
<tr>
<td title='com.yourcompany.Tests.ContactFormTest.tearDown()'><b>tearDown</b><br>Test class: com.yourcompany.Tests.ContactFormTest</td>
<td></td>
<td>0</td>
<td>com.yourcompany.Tests.ContactFormTest@694e1548</td></tr>
<tr>
<td title='com.yourcompany.Tests.FollowLinkTest.tearDown()'><b>tearDown</b><br>Test class: com.yourcompany.Tests.FollowLinkTest</td>
<td></td>
<td>0</td>
<td>com.yourcompany.Tests.FollowLinkTest@1f554b06</td></tr>
<tr>
<td title='com.yourcompany.Tests.FollowLinkTest.tearDown()'><b>tearDown</b><br>Test class: com.yourcompany.Tests.FollowLinkTest</td>
<td></td>
<td>0</td>
<td>com.yourcompany.Tests.FollowLinkTest@1f554b06</td></tr>
<tr>
<td title='com.yourcompany.Tests.PAOIEndpointTest.tearDown()'><b>tearDown</b><br>Test class: com.yourcompany.Tests.PAOIEndpointTest</td>
<td></td>
<td>0</td>
<td>com.yourcompany.Tests.PAOIEndpointTest@614ddd49</td></tr>
<tr>
<td title='com.yourcompany.Tests.FollowLinkTest.tearDown()'><b>tearDown</b><br>Test class: com.yourcompany.Tests.FollowLinkTest</td>
<td></td>
<td>0</td>
<td>com.yourcompany.Tests.FollowLinkTest@1f554b06</td></tr>
<tr>
<td title='com.yourcompany.Tests.FollowLinkTest.tearDown()'><b>tearDown</b><br>Test class: com.yourcompany.Tests.FollowLinkTest</td>
<td></td>
<td>0</td>
<td>com.yourcompany.Tests.FollowLinkTest@1f554b06</td></tr>
<tr>
<td title='com.yourcompany.Tests.PAOIEndpointTest.tearDown()'><b>tearDown</b><br>Test class: com.yourcompany.Tests.PAOIEndpointTest</td>
<td></td>
<td>0</td>
<td>com.yourcompany.Tests.PAOIEndpointTest@614ddd49</td></tr>
<tr>
<td title='com.yourcompany.Tests.ContactFormTest.tearDown()'><b>tearDown</b><br>Test class: com.yourcompany.Tests.ContactFormTest</td>
<td></td>
<td>0</td>
<td>com.yourcompany.Tests.ContactFormTest@694e1548</td></tr>
<tr>
<td title='com.yourcompany.Tests.PAOIEndpointTest.tearDown()'><b>tearDown</b><br>Test class: com.yourcompany.Tests.PAOIEndpointTest</td>
<td></td>
<td>0</td>
<td>com.yourcompany.Tests.PAOIEndpointTest@614ddd49</td></tr>
<tr>
<td title='com.yourcompany.Tests.PAOIEndpointTest.tearDown()'><b>tearDown</b><br>Test class: com.yourcompany.Tests.PAOIEndpointTest</td>
<td></td>
<td>0</td>
<td>com.yourcompany.Tests.PAOIEndpointTest@614ddd49</td></tr>
</table><p>
<table width='100%' border='1' class='invocation-failed'>
<tr><td colspan='4' align='center'><b>FAILED TESTS</b></td></tr>
<tr><td><b>Test method</b></td>
<td width="30%"><b>Exception</b></td>
<td width="10%"><b>Time (seconds)</b></td>
<td><b>Instance</b></td>
</tr>
<tr>
<td title='com.yourcompany.Tests.ContactFormTest.contactFormTest()'><b>contactFormTest</b><br>Test class: com.yourcompany.Tests.ContactFormTest<br>Parameters: firefox, latest, Windows 10, public void com.yourcompany.Tests.ContactFormTest.contactFormTest(java.lang.String,java.lang.String,java.lang.String,java.lang.reflect.Method) throws java.net.MalformedURLException,org.openqa.selenium.InvalidElementStateException,java.rmi.UnexpectedException</td>
<td><div><pre>org.openqa.selenium.WebDriverException: Unable to parse remote response: Misconfigured -- Sauce Labs Authentication Error.
You used username &apos;null&apos; and access key &apos;null&apos; to authenticate, which are not valid Sauce Labs credentials.

The following desired capabilities were received:
{&apos;browserName&apos;: &apos;firefox&apos;,
 &apos;name&apos;: &apos;contactFormTest&apos;,
 &apos;platform&apos;: &apos;WIN10&apos;,
 &apos;version&apos;: &apos;latest&apos;}
Build info: version: &apos;3.11.0&apos;, revision: &apos;e59cfb3&apos;, time: &apos;2018-03-11T20:26:55.152Z&apos;
System info: host: &apos;GC02RH2WYG8WPE&apos;, ip: &apos;192.168.1.107&apos;, os.name: &apos;Mac OS X&apos;, os.arch: &apos;x86_64&apos;, os.version: &apos;10.13.6&apos;, java.version: &apos;13.0.2&apos;
Driver info: driver.version: RemoteWebDriver
	at org.openqa.selenium.remote.ProtocolHandshake.createSession(ProtocolHandshake.java:111)
	at org.openqa.selenium.remote.ProtocolHandshake.createSession(ProtocolHandshake.java:73)
	at org.openqa.selenium.remote.HttpCommandExecutor.execute(HttpCommandExecutor.java:136)
	at org.openqa.selenium.remote.RemoteWebDriver.execute(RemoteWebDriver.java:545)
	at org.openqa.selenium.remote.RemoteWebDriver.startSession(RemoteWebDriver.java:209)
	at org.openqa.selenium.remote.RemoteWebDriver.&lt;init&gt;(RemoteWebDriver.java:132)
	at org.openqa.selenium.remote.RemoteWebDriver.&lt;init&gt;(RemoteWebDriver.java:145)
	at com.yourcompany.Tests.TestBase.createDriver(TestBase.java:116)
	at com.yourcompany.Tests.ContactFormTest.contactFormTest(ContactFormTest.java:28)
	at java.base/java.util.concurrent.FutureTask.run(FutureTask.java:264)
	at java.base/java.util.concurrent.Executors$RunnableAdapter.call(Executors.java:515)
	at java.base/java.util.concurrent.FutureTask.run(FutureTask.java:264)
	at java.base/java.util.concurrent.ThreadPoolExecutor.runWorker(ThreadPoolExecutor.java:1128)
	at java.base/java.util.concurrent.ThreadPoolExecutor$Worker.run(ThreadPoolExecutor.java:628)
	at java.base/java.lang.Thread.run(Thread.java:830)
... Removed 9 stack frames</pre></div><a href='#' onClick='toggleBox("stack-trace842821092", this, "Click to show all stack frames", "Click to hide stack frames")'>Click to show all stack frames</a>
<div class='stack-trace' id='stack-trace842821092'><pre>org.openqa.selenium.WebDriverException: Unable to parse remote response: Misconfigured -- Sauce Labs Authentication Error.
You used username &apos;null&apos; and access key &apos;null&apos; to authenticate, which are not valid Sauce Labs credentials.

The following desired capabilities were received:
{&apos;browserName&apos;: &apos;firefox&apos;,
 &apos;name&apos;: &apos;contactFormTest&apos;,
 &apos;platform&apos;: &apos;WIN10&apos;,
 &apos;version&apos;: &apos;latest&apos;}
Build info: version: &apos;3.11.0&apos;, revision: &apos;e59cfb3&apos;, time: &apos;2018-03-11T20:26:55.152Z&apos;
System info: host: &apos;GC02RH2WYG8WPE&apos;, ip: &apos;192.168.1.107&apos;, os.name: &apos;Mac OS X&apos;, os.arch: &apos;x86_64&apos;, os.version: &apos;10.13.6&apos;, java.version: &apos;13.0.2&apos;
Driver info: driver.version: RemoteWebDriver
	at org.openqa.selenium.remote.ProtocolHandshake.createSession(ProtocolHandshake.java:111)
	at org.openqa.selenium.remote.ProtocolHandshake.createSession(ProtocolHandshake.java:73)
	at org.openqa.selenium.remote.HttpCommandExecutor.execute(HttpCommandExecutor.java:136)
	at org.openqa.selenium.remote.RemoteWebDriver.execute(RemoteWebDriver.java:545)
	at org.openqa.selenium.remote.RemoteWebDriver.startSession(RemoteWebDriver.java:209)
	at org.openqa.selenium.remote.RemoteWebDriver.&lt;init&gt;(RemoteWebDriver.java:132)
	at org.openqa.selenium.remote.RemoteWebDriver.&lt;init&gt;(RemoteWebDriver.java:145)
	at com.yourcompany.Tests.TestBase.createDriver(TestBase.java:116)
	at com.yourcompany.Tests.ContactFormTest.contactFormTest(ContactFormTest.java:28)
	at java.base/jdk.internal.reflect.NativeMethodAccessorImpl.invoke0(Native Method)
	at java.base/jdk.internal.reflect.NativeMethodAccessorImpl.invoke(NativeMethodAccessorImpl.java:62)
	at java.base/jdk.internal.reflect.DelegatingMethodAccessorImpl.invoke(DelegatingMethodAccessorImpl.java:43)
	at java.base/java.lang.reflect.Method.invoke(Method.java:567)
	at org.testng.internal.MethodInvocationHelper.invokeMethod(MethodInvocationHelper.java:104)
	at org.testng.internal.Invoker.invokeMethod(Invoker.java:645)
	at org.testng.internal.Invoker.invokeTestMethod(Invoker.java:851)
	at org.testng.internal.TestMethodWithDataProviderMethodWorker.call(TestMethodWithDataProviderMethodWorker.java:75)
	at org.testng.internal.TestMethodWithDataProviderMethodWorker.call(TestMethodWithDataProviderMethodWorker.java:14)
	at java.base/java.util.concurrent.FutureTask.run(FutureTask.java:264)
	at java.base/java.util.concurrent.Executors$RunnableAdapter.call(Executors.java:515)
	at java.base/java.util.concurrent.FutureTask.run(FutureTask.java:264)
	at java.base/java.util.concurrent.ThreadPoolExecutor.runWorker(ThreadPoolExecutor.java:1128)
	at java.base/java.util.concurrent.ThreadPoolExecutor$Worker.run(ThreadPoolExecutor.java:628)
	at java.base/java.lang.Thread.run(Thread.java:830)
</pre></div></td>
<td>3</td>
<td>com.yourcompany.Tests.ContactFormTest@694e1548</td></tr>
<tr>
<td title='com.yourcompany.Tests.ContactFormTest.contactFormTest()'><b>contactFormTest</b><br>Test class: com.yourcompany.Tests.ContactFormTest<br>Parameters: chrome, latest-1, macOS 10.15, public void com.yourcompany.Tests.ContactFormTest.contactFormTest(java.lang.String,java.lang.String,java.lang.String,java.lang.reflect.Method) throws java.net.MalformedURLException,org.openqa.selenium.InvalidElementStateException,java.rmi.UnexpectedException</td>
<td><div><pre>org.openqa.selenium.WebDriverException: Unable to parse remote response: Misconfigured -- Sauce Labs Authentication Error.
You used username &apos;null&apos; and access key &apos;null&apos; to authenticate, which are not valid Sauce Labs credentials.

The following desired capabilities were received:
{&apos;browserName&apos;: &apos;chrome&apos;,
 &apos;name&apos;: &apos;contactFormTest&apos;,
 &apos;platform&apos;: &apos;macOS 10.15&apos;,
 &apos;version&apos;: &apos;latest-1&apos;}
Build info: version: &apos;3.11.0&apos;, revision: &apos;e59cfb3&apos;, time: &apos;2018-03-11T20:26:55.152Z&apos;
System info: host: &apos;GC02RH2WYG8WPE&apos;, ip: &apos;192.168.1.107&apos;, os.name: &apos;Mac OS X&apos;, os.arch: &apos;x86_64&apos;, os.version: &apos;10.13.6&apos;, java.version: &apos;13.0.2&apos;
Driver info: driver.version: RemoteWebDriver
	at org.openqa.selenium.remote.ProtocolHandshake.createSession(ProtocolHandshake.java:111)
	at org.openqa.selenium.remote.ProtocolHandshake.createSession(ProtocolHandshake.java:73)
	at org.openqa.selenium.remote.HttpCommandExecutor.execute(HttpCommandExecutor.java:136)
	at org.openqa.selenium.remote.RemoteWebDriver.execute(RemoteWebDriver.java:545)
	at org.openqa.selenium.remote.RemoteWebDriver.startSession(RemoteWebDriver.java:209)
	at org.openqa.selenium.remote.RemoteWebDriver.&lt;init&gt;(RemoteWebDriver.java:132)
	at org.openqa.selenium.remote.RemoteWebDriver.&lt;init&gt;(RemoteWebDriver.java:145)
	at com.yourcompany.Tests.TestBase.createDriver(TestBase.java:116)
	at com.yourcompany.Tests.ContactFormTest.contactFormTest(ContactFormTest.java:28)
	at java.base/java.util.concurrent.FutureTask.run(FutureTask.java:264)
	at java.base/java.util.concurrent.Executors$RunnableAdapter.call(Executors.java:515)
	at java.base/java.util.concurrent.FutureTask.run(FutureTask.java:264)
	at java.base/java.util.concurrent.ThreadPoolExecutor.runWorker(ThreadPoolExecutor.java:1128)
	at java.base/java.util.concurrent.ThreadPoolExecutor$Worker.run(ThreadPoolExecutor.java:628)
	at java.base/java.lang.Thread.run(Thread.java:830)
... Removed 9 stack frames</pre></div><a href='#' onClick='toggleBox("stack-trace1403598241", this, "Click to show all stack frames", "Click to hide stack frames")'>Click to show all stack frames</a>
<div class='stack-trace' id='stack-trace1403598241'><pre>org.openqa.selenium.WebDriverException: Unable to parse remote response: Misconfigured -- Sauce Labs Authentication Error.
You used username &apos;null&apos; and access key &apos;null&apos; to authenticate, which are not valid Sauce Labs credentials.

The following desired capabilities were received:
{&apos;browserName&apos;: &apos;chrome&apos;,
 &apos;name&apos;: &apos;contactFormTest&apos;,
 &apos;platform&apos;: &apos;macOS 10.15&apos;,
 &apos;version&apos;: &apos;latest-1&apos;}
Build info: version: &apos;3.11.0&apos;, revision: &apos;e59cfb3&apos;, time: &apos;2018-03-11T20:26:55.152Z&apos;
System info: host: &apos;GC02RH2WYG8WPE&apos;, ip: &apos;192.168.1.107&apos;, os.name: &apos;Mac OS X&apos;, os.arch: &apos;x86_64&apos;, os.version: &apos;10.13.6&apos;, java.version: &apos;13.0.2&apos;
Driver info: driver.version: RemoteWebDriver
	at org.openqa.selenium.remote.ProtocolHandshake.createSession(ProtocolHandshake.java:111)
	at org.openqa.selenium.remote.ProtocolHandshake.createSession(ProtocolHandshake.java:73)
	at org.openqa.selenium.remote.HttpCommandExecutor.execute(HttpCommandExecutor.java:136)
	at org.openqa.selenium.remote.RemoteWebDriver.execute(RemoteWebDriver.java:545)
	at org.openqa.selenium.remote.RemoteWebDriver.startSession(RemoteWebDriver.java:209)
	at org.openqa.selenium.remote.RemoteWebDriver.&lt;init&gt;(RemoteWebDriver.java:132)
	at org.openqa.selenium.remote.RemoteWebDriver.&lt;init&gt;(RemoteWebDriver.java:145)
	at com.yourcompany.Tests.TestBase.createDriver(TestBase.java:116)
	at com.yourcompany.Tests.ContactFormTest.contactFormTest(ContactFormTest.java:28)
	at java.base/jdk.internal.reflect.NativeMethodAccessorImpl.invoke0(Native Method)
	at java.base/jdk.internal.reflect.NativeMethodAccessorImpl.invoke(NativeMethodAccessorImpl.java:62)
	at java.base/jdk.internal.reflect.DelegatingMethodAccessorImpl.invoke(DelegatingMethodAccessorImpl.java:43)
	at java.base/java.lang.reflect.Method.invoke(Method.java:567)
	at org.testng.internal.MethodInvocationHelper.invokeMethod(MethodInvocationHelper.java:104)
	at org.testng.internal.Invoker.invokeMethod(Invoker.java:645)
	at org.testng.internal.Invoker.invokeTestMethod(Invoker.java:851)
	at org.testng.internal.TestMethodWithDataProviderMethodWorker.call(TestMethodWithDataProviderMethodWorker.java:75)
	at org.testng.internal.TestMethodWithDataProviderMethodWorker.call(TestMethodWithDataProviderMethodWorker.java:14)
	at java.base/java.util.concurrent.FutureTask.run(FutureTask.java:264)
	at java.base/java.util.concurrent.Executors$RunnableAdapter.call(Executors.java:515)
	at java.base/java.util.concurrent.FutureTask.run(FutureTask.java:264)
	at java.base/java.util.concurrent.ThreadPoolExecutor.runWorker(ThreadPoolExecutor.java:1128)
	at java.base/java.util.concurrent.ThreadPoolExecutor$Worker.run(ThreadPoolExecutor.java:628)
	at java.base/java.lang.Thread.run(Thread.java:830)
</pre></div></td>
<td>3</td>
<td>com.yourcompany.Tests.ContactFormTest@694e1548</td></tr>
<tr>
<td title='com.yourcompany.Tests.ContactFormTest.contactFormTest()'><b>contactFormTest</b><br>Test class: com.yourcompany.Tests.ContactFormTest<br>Parameters: firefox, latest-1, Windows 10, public void com.yourcompany.Tests.ContactFormTest.contactFormTest(java.lang.String,java.lang.String,java.lang.String,java.lang.reflect.Method) throws java.net.MalformedURLException,org.openqa.selenium.InvalidElementStateException,java.rmi.UnexpectedException</td>
<td><div><pre>org.openqa.selenium.WebDriverException: Unable to parse remote response: Misconfigured -- Sauce Labs Authentication Error.
You used username &apos;null&apos; and access key &apos;null&apos; to authenticate, which are not valid Sauce Labs credentials.

The following desired capabilities were received:
{&apos;browserName&apos;: &apos;firefox&apos;,
 &apos;name&apos;: &apos;contactFormTest&apos;,
 &apos;platform&apos;: &apos;WIN10&apos;,
 &apos;version&apos;: &apos;latest-1&apos;}
Build info: version: &apos;3.11.0&apos;, revision: &apos;e59cfb3&apos;, time: &apos;2018-03-11T20:26:55.152Z&apos;
System info: host: &apos;GC02RH2WYG8WPE&apos;, ip: &apos;192.168.1.107&apos;, os.name: &apos;Mac OS X&apos;, os.arch: &apos;x86_64&apos;, os.version: &apos;10.13.6&apos;, java.version: &apos;13.0.2&apos;
Driver info: driver.version: RemoteWebDriver
	at org.openqa.selenium.remote.ProtocolHandshake.createSession(ProtocolHandshake.java:111)
	at org.openqa.selenium.remote.ProtocolHandshake.createSession(ProtocolHandshake.java:73)
	at org.openqa.selenium.remote.HttpCommandExecutor.execute(HttpCommandExecutor.java:136)
	at org.openqa.selenium.remote.RemoteWebDriver.execute(RemoteWebDriver.java:545)
	at org.openqa.selenium.remote.RemoteWebDriver.startSession(RemoteWebDriver.java:209)
	at org.openqa.selenium.remote.RemoteWebDriver.&lt;init&gt;(RemoteWebDriver.java:132)
	at org.openqa.selenium.remote.RemoteWebDriver.&lt;init&gt;(RemoteWebDriver.java:145)
	at com.yourcompany.Tests.TestBase.createDriver(TestBase.java:116)
	at com.yourcompany.Tests.ContactFormTest.contactFormTest(ContactFormTest.java:28)
	at java.base/java.util.concurrent.FutureTask.run(FutureTask.java:264)
	at java.base/java.util.concurrent.Executors$RunnableAdapter.call(Executors.java:515)
	at java.base/java.util.concurrent.FutureTask.run(FutureTask.java:264)
	at java.base/java.util.concurrent.ThreadPoolExecutor.runWorker(ThreadPoolExecutor.java:1128)
	at java.base/java.util.concurrent.ThreadPoolExecutor$Worker.run(ThreadPoolExecutor.java:628)
	at java.base/java.lang.Thread.run(Thread.java:830)
... Removed 9 stack frames</pre></div><a href='#' onClick='toggleBox("stack-trace1323895548", this, "Click to show all stack frames", "Click to hide stack frames")'>Click to show all stack frames</a>
<div class='stack-trace' id='stack-trace1323895548'><pre>org.openqa.selenium.WebDriverException: Unable to parse remote response: Misconfigured -- Sauce Labs Authentication Error.
You used username &apos;null&apos; and access key &apos;null&apos; to authenticate, which are not valid Sauce Labs credentials.

The following desired capabilities were received:
{&apos;browserName&apos;: &apos;firefox&apos;,
 &apos;name&apos;: &apos;contactFormTest&apos;,
 &apos;platform&apos;: &apos;WIN10&apos;,
 &apos;version&apos;: &apos;latest-1&apos;}
Build info: version: &apos;3.11.0&apos;, revision: &apos;e59cfb3&apos;, time: &apos;2018-03-11T20:26:55.152Z&apos;
System info: host: &apos;GC02RH2WYG8WPE&apos;, ip: &apos;192.168.1.107&apos;, os.name: &apos;Mac OS X&apos;, os.arch: &apos;x86_64&apos;, os.version: &apos;10.13.6&apos;, java.version: &apos;13.0.2&apos;
Driver info: driver.version: RemoteWebDriver
	at org.openqa.selenium.remote.ProtocolHandshake.createSession(ProtocolHandshake.java:111)
	at org.openqa.selenium.remote.ProtocolHandshake.createSession(ProtocolHandshake.java:73)
	at org.openqa.selenium.remote.HttpCommandExecutor.execute(HttpCommandExecutor.java:136)
	at org.openqa.selenium.remote.RemoteWebDriver.execute(RemoteWebDriver.java:545)
	at org.openqa.selenium.remote.RemoteWebDriver.startSession(RemoteWebDriver.java:209)
	at org.openqa.selenium.remote.RemoteWebDriver.&lt;init&gt;(RemoteWebDriver.java:132)
	at org.openqa.selenium.remote.RemoteWebDriver.&lt;init&gt;(RemoteWebDriver.java:145)
	at com.yourcompany.Tests.TestBase.createDriver(TestBase.java:116)
	at com.yourcompany.Tests.ContactFormTest.contactFormTest(ContactFormTest.java:28)
	at java.base/jdk.internal.reflect.NativeMethodAccessorImpl.invoke0(Native Method)
	at java.base/jdk.internal.reflect.NativeMethodAccessorImpl.invoke(NativeMethodAccessorImpl.java:62)
	at java.base/jdk.internal.reflect.DelegatingMethodAccessorImpl.invoke(DelegatingMethodAccessorImpl.java:43)
	at java.base/java.lang.reflect.Method.invoke(Method.java:567)
	at org.testng.internal.MethodInvocationHelper.invokeMethod(MethodInvocationHelper.java:104)
	at org.testng.internal.Invoker.invokeMethod(Invoker.java:645)
	at org.testng.internal.Invoker.invokeTestMethod(Invoker.java:851)
	at org.testng.internal.TestMethodWithDataProviderMethodWorker.call(TestMethodWithDataProviderMethodWorker.java:75)
	at org.testng.internal.TestMethodWithDataProviderMethodWorker.call(TestMethodWithDataProviderMethodWorker.java:14)
	at java.base/java.util.concurrent.FutureTask.run(FutureTask.java:264)
	at java.base/java.util.concurrent.Executors$RunnableAdapter.call(Executors.java:515)
	at java.base/java.util.concurrent.FutureTask.run(FutureTask.java:264)
	at java.base/java.util.concurrent.ThreadPoolExecutor.runWorker(ThreadPoolExecutor.java:1128)
	at java.base/java.util.concurrent.ThreadPoolExecutor$Worker.run(ThreadPoolExecutor.java:628)
	at java.base/java.lang.Thread.run(Thread.java:830)
</pre></div></td>
<td>3</td>
<td>com.yourcompany.Tests.ContactFormTest@694e1548</td></tr>
<tr>
<td title='com.yourcompany.Tests.ContactFormTest.contactFormTest()'><b>contactFormTest</b><br>Test class: com.yourcompany.Tests.ContactFormTest<br>Parameters: chrome, latest, macOS 10.15, public void com.yourcompany.Tests.ContactFormTest.contactFormTest(java.lang.String,java.lang.String,java.lang.String,java.lang.reflect.Method) throws java.net.MalformedURLException,org.openqa.selenium.InvalidElementStateException,java.rmi.UnexpectedException</td>
<td><div><pre>org.openqa.selenium.WebDriverException: Unable to parse remote response: Misconfigured -- Sauce Labs Authentication Error.
You used username &apos;null&apos; and access key &apos;null&apos; to authenticate, which are not valid Sauce Labs credentials.

The following desired capabilities were received:
{&apos;browserName&apos;: &apos;chrome&apos;,
 &apos;name&apos;: &apos;contactFormTest&apos;,
 &apos;platform&apos;: &apos;macOS 10.15&apos;,
 &apos;version&apos;: &apos;latest&apos;}
Build info: version: &apos;3.11.0&apos;, revision: &apos;e59cfb3&apos;, time: &apos;2018-03-11T20:26:55.152Z&apos;
System info: host: &apos;GC02RH2WYG8WPE&apos;, ip: &apos;192.168.1.107&apos;, os.name: &apos;Mac OS X&apos;, os.arch: &apos;x86_64&apos;, os.version: &apos;10.13.6&apos;, java.version: &apos;13.0.2&apos;
Driver info: driver.version: RemoteWebDriver
	at org.openqa.selenium.remote.ProtocolHandshake.createSession(ProtocolHandshake.java:111)
	at org.openqa.selenium.remote.ProtocolHandshake.createSession(ProtocolHandshake.java:73)
	at org.openqa.selenium.remote.HttpCommandExecutor.execute(HttpCommandExecutor.java:136)
	at org.openqa.selenium.remote.RemoteWebDriver.execute(RemoteWebDriver.java:545)
	at org.openqa.selenium.remote.RemoteWebDriver.startSession(RemoteWebDriver.java:209)
	at org.openqa.selenium.remote.RemoteWebDriver.&lt;init&gt;(RemoteWebDriver.java:132)
	at org.openqa.selenium.remote.RemoteWebDriver.&lt;init&gt;(RemoteWebDriver.java:145)
	at com.yourcompany.Tests.TestBase.createDriver(TestBase.java:116)
	at com.yourcompany.Tests.ContactFormTest.contactFormTest(ContactFormTest.java:28)
	at java.base/java.util.concurrent.FutureTask.run(FutureTask.java:264)
	at java.base/java.util.concurrent.Executors$RunnableAdapter.call(Executors.java:515)
	at java.base/java.util.concurrent.FutureTask.run(FutureTask.java:264)
	at java.base/java.util.concurrent.ThreadPoolExecutor.runWorker(ThreadPoolExecutor.java:1128)
	at java.base/java.util.concurrent.ThreadPoolExecutor$Worker.run(ThreadPoolExecutor.java:628)
	at java.base/java.lang.Thread.run(Thread.java:830)
... Removed 9 stack frames</pre></div><a href='#' onClick='toggleBox("stack-trace1989799701", this, "Click to show all stack frames", "Click to hide stack frames")'>Click to show all stack frames</a>
<div class='stack-trace' id='stack-trace1989799701'><pre>org.openqa.selenium.WebDriverException: Unable to parse remote response: Misconfigured -- Sauce Labs Authentication Error.
You used username &apos;null&apos; and access key &apos;null&apos; to authenticate, which are not valid Sauce Labs credentials.

The following desired capabilities were received:
{&apos;browserName&apos;: &apos;chrome&apos;,
 &apos;name&apos;: &apos;contactFormTest&apos;,
 &apos;platform&apos;: &apos;macOS 10.15&apos;,
 &apos;version&apos;: &apos;latest&apos;}
Build info: version: &apos;3.11.0&apos;, revision: &apos;e59cfb3&apos;, time: &apos;2018-03-11T20:26:55.152Z&apos;
System info: host: &apos;GC02RH2WYG8WPE&apos;, ip: &apos;192.168.1.107&apos;, os.name: &apos;Mac OS X&apos;, os.arch: &apos;x86_64&apos;, os.version: &apos;10.13.6&apos;, java.version: &apos;13.0.2&apos;
Driver info: driver.version: RemoteWebDriver
	at org.openqa.selenium.remote.ProtocolHandshake.createSession(ProtocolHandshake.java:111)
	at org.openqa.selenium.remote.ProtocolHandshake.createSession(ProtocolHandshake.java:73)
	at org.openqa.selenium.remote.HttpCommandExecutor.execute(HttpCommandExecutor.java:136)
	at org.openqa.selenium.remote.RemoteWebDriver.execute(RemoteWebDriver.java:545)
	at org.openqa.selenium.remote.RemoteWebDriver.startSession(RemoteWebDriver.java:209)
	at org.openqa.selenium.remote.RemoteWebDriver.&lt;init&gt;(RemoteWebDriver.java:132)
	at org.openqa.selenium.remote.RemoteWebDriver.&lt;init&gt;(RemoteWebDriver.java:145)
	at com.yourcompany.Tests.TestBase.createDriver(TestBase.java:116)
	at com.yourcompany.Tests.ContactFormTest.contactFormTest(ContactFormTest.java:28)
	at java.base/jdk.internal.reflect.NativeMethodAccessorImpl.invoke0(Native Method)
	at java.base/jdk.internal.reflect.NativeMethodAccessorImpl.invoke(NativeMethodAccessorImpl.java:62)
	at java.base/jdk.internal.reflect.DelegatingMethodAccessorImpl.invoke(DelegatingMethodAccessorImpl.java:43)
	at java.base/java.lang.reflect.Method.invoke(Method.java:567)
	at org.testng.internal.MethodInvocationHelper.invokeMethod(MethodInvocationHelper.java:104)
	at org.testng.internal.Invoker.invokeMethod(Invoker.java:645)
	at org.testng.internal.Invoker.invokeTestMethod(Invoker.java:851)
	at org.testng.internal.TestMethodWithDataProviderMethodWorker.call(TestMethodWithDataProviderMethodWorker.java:75)
	at org.testng.internal.TestMethodWithDataProviderMethodWorker.call(TestMethodWithDataProviderMethodWorker.java:14)
	at java.base/java.util.concurrent.FutureTask.run(FutureTask.java:264)
	at java.base/java.util.concurrent.Executors$RunnableAdapter.call(Executors.java:515)
	at java.base/java.util.concurrent.FutureTask.run(FutureTask.java:264)
	at java.base/java.util.concurrent.ThreadPoolExecutor.runWorker(ThreadPoolExecutor.java:1128)
	at java.base/java.util.concurrent.ThreadPoolExecutor$Worker.run(ThreadPoolExecutor.java:628)
	at java.base/java.lang.Thread.run(Thread.java:830)
</pre></div></td>
<td>3</td>
<td>com.yourcompany.Tests.ContactFormTest@694e1548</td></tr>
<tr>
<td title='com.yourcompany.Tests.ContactFormTest.contactFormTest()'><b>contactFormTest</b><br>Test class: com.yourcompany.Tests.ContactFormTest<br>Parameters: firefox, latest-1, macOS 10.15, public void com.yourcompany.Tests.ContactFormTest.contactFormTest(java.lang.String,java.lang.String,java.lang.String,java.lang.reflect.Method) throws java.net.MalformedURLException,org.openqa.selenium.InvalidElementStateException,java.rmi.UnexpectedException</td>
<td><div><pre>org.openqa.selenium.WebDriverException: Unable to parse remote response: Misconfigured -- Sauce Labs Authentication Error.
You used username &apos;null&apos; and access key &apos;null&apos; to authenticate, which are not valid Sauce Labs credentials.

The following desired capabilities were received:
{&apos;browserName&apos;: &apos;firefox&apos;,
 &apos;name&apos;: &apos;contactFormTest&apos;,
 &apos;platform&apos;: &apos;macOS 10.15&apos;,
 &apos;version&apos;: &apos;latest-1&apos;}
Build info: version: &apos;3.11.0&apos;, revision: &apos;e59cfb3&apos;, time: &apos;2018-03-11T20:26:55.152Z&apos;
System info: host: &apos;GC02RH2WYG8WPE&apos;, ip: &apos;192.168.1.107&apos;, os.name: &apos;Mac OS X&apos;, os.arch: &apos;x86_64&apos;, os.version: &apos;10.13.6&apos;, java.version: &apos;13.0.2&apos;
Driver info: driver.version: RemoteWebDriver
	at org.openqa.selenium.remote.ProtocolHandshake.createSession(ProtocolHandshake.java:111)
	at org.openqa.selenium.remote.ProtocolHandshake.createSession(ProtocolHandshake.java:73)
	at org.openqa.selenium.remote.HttpCommandExecutor.execute(HttpCommandExecutor.java:136)
	at org.openqa.selenium.remote.RemoteWebDriver.execute(RemoteWebDriver.java:545)
	at org.openqa.selenium.remote.RemoteWebDriver.startSession(RemoteWebDriver.java:209)
	at org.openqa.selenium.remote.RemoteWebDriver.&lt;init&gt;(RemoteWebDriver.java:132)
	at org.openqa.selenium.remote.RemoteWebDriver.&lt;init&gt;(RemoteWebDriver.java:145)
	at com.yourcompany.Tests.TestBase.createDriver(TestBase.java:116)
	at com.yourcompany.Tests.ContactFormTest.contactFormTest(ContactFormTest.java:28)
	at java.base/java.util.concurrent.FutureTask.run(FutureTask.java:264)
	at java.base/java.util.concurrent.Executors$RunnableAdapter.call(Executors.java:515)
	at java.base/java.util.concurrent.FutureTask.run(FutureTask.java:264)
	at java.base/java.util.concurrent.ThreadPoolExecutor.runWorker(ThreadPoolExecutor.java:1128)
	at java.base/java.util.concurrent.ThreadPoolExecutor$Worker.run(ThreadPoolExecutor.java:628)
	at java.base/java.lang.Thread.run(Thread.java:830)
... Removed 9 stack frames</pre></div><a href='#' onClick='toggleBox("stack-trace1879025441", this, "Click to show all stack frames", "Click to hide stack frames")'>Click to show all stack frames</a>
<div class='stack-trace' id='stack-trace1879025441'><pre>org.openqa.selenium.WebDriverException: Unable to parse remote response: Misconfigured -- Sauce Labs Authentication Error.
You used username &apos;null&apos; and access key &apos;null&apos; to authenticate, which are not valid Sauce Labs credentials.

The following desired capabilities were received:
{&apos;browserName&apos;: &apos;firefox&apos;,
 &apos;name&apos;: &apos;contactFormTest&apos;,
 &apos;platform&apos;: &apos;macOS 10.15&apos;,
 &apos;version&apos;: &apos;latest-1&apos;}
Build info: version: &apos;3.11.0&apos;, revision: &apos;e59cfb3&apos;, time: &apos;2018-03-11T20:26:55.152Z&apos;
System info: host: &apos;GC02RH2WYG8WPE&apos;, ip: &apos;192.168.1.107&apos;, os.name: &apos;Mac OS X&apos;, os.arch: &apos;x86_64&apos;, os.version: &apos;10.13.6&apos;, java.version: &apos;13.0.2&apos;
Driver info: driver.version: RemoteWebDriver
	at org.openqa.selenium.remote.ProtocolHandshake.createSession(ProtocolHandshake.java:111)
	at org.openqa.selenium.remote.ProtocolHandshake.createSession(ProtocolHandshake.java:73)
	at org.openqa.selenium.remote.HttpCommandExecutor.execute(HttpCommandExecutor.java:136)
	at org.openqa.selenium.remote.RemoteWebDriver.execute(RemoteWebDriver.java:545)
	at org.openqa.selenium.remote.RemoteWebDriver.startSession(RemoteWebDriver.java:209)
	at org.openqa.selenium.remote.RemoteWebDriver.&lt;init&gt;(RemoteWebDriver.java:132)
	at org.openqa.selenium.remote.RemoteWebDriver.&lt;init&gt;(RemoteWebDriver.java:145)
	at com.yourcompany.Tests.TestBase.createDriver(TestBase.java:116)
	at com.yourcompany.Tests.ContactFormTest.contactFormTest(ContactFormTest.java:28)
	at java.base/jdk.internal.reflect.NativeMethodAccessorImpl.invoke0(Native Method)
	at java.base/jdk.internal.reflect.NativeMethodAccessorImpl.invoke(NativeMethodAccessorImpl.java:62)
	at java.base/jdk.internal.reflect.DelegatingMethodAccessorImpl.invoke(DelegatingMethodAccessorImpl.java:43)
	at java.base/java.lang.reflect.Method.invoke(Method.java:567)
	at org.testng.internal.MethodInvocationHelper.invokeMethod(MethodInvocationHelper.java:104)
	at org.testng.internal.Invoker.invokeMethod(Invoker.java:645)
	at org.testng.internal.Invoker.invokeTestMethod(Invoker.java:851)
	at org.testng.internal.TestMethodWithDataProviderMethodWorker.call(TestMethodWithDataProviderMethodWorker.java:75)
	at org.testng.internal.TestMethodWithDataProviderMethodWorker.call(TestMethodWithDataProviderMethodWorker.java:14)
	at java.base/java.util.concurrent.FutureTask.run(FutureTask.java:264)
	at java.base/java.util.concurrent.Executors$RunnableAdapter.call(Executors.java:515)
	at java.base/java.util.concurrent.FutureTask.run(FutureTask.java:264)
	at java.base/java.util.concurrent.ThreadPoolExecutor.runWorker(ThreadPoolExecutor.java:1128)
	at java.base/java.util.concurrent.ThreadPoolExecutor$Worker.run(ThreadPoolExecutor.java:628)
	at java.base/java.lang.Thread.run(Thread.java:830)
</pre></div></td>
<td>3</td>
<td>com.yourcompany.Tests.ContactFormTest@694e1548</td></tr>
<tr>
<td title='com.yourcompany.Tests.ContactFormTest.contactFormTest()'><b>contactFormTest</b><br>Test class: com.yourcompany.Tests.ContactFormTest<br>Parameters: MicrosoftEdge, latest, Windows 10, public void com.yourcompany.Tests.ContactFormTest.contactFormTest(java.lang.String,java.lang.String,java.lang.String,java.lang.reflect.Method) throws java.net.MalformedURLException,org.openqa.selenium.InvalidElementStateException,java.rmi.UnexpectedException</td>
<td><div><pre>org.openqa.selenium.WebDriverException: Unable to parse remote response: Misconfigured -- Sauce Labs Authentication Error.
You used username &apos;null&apos; and access key &apos;null&apos; to authenticate, which are not valid Sauce Labs credentials.

The following desired capabilities were received:
{&apos;browserName&apos;: &apos;MicrosoftEdge&apos;,
 &apos;name&apos;: &apos;contactFormTest&apos;,
 &apos;platform&apos;: &apos;WIN10&apos;,
 &apos;version&apos;: &apos;latest&apos;}
Build info: version: &apos;3.11.0&apos;, revision: &apos;e59cfb3&apos;, time: &apos;2018-03-11T20:26:55.152Z&apos;
System info: host: &apos;GC02RH2WYG8WPE&apos;, ip: &apos;192.168.1.107&apos;, os.name: &apos;Mac OS X&apos;, os.arch: &apos;x86_64&apos;, os.version: &apos;10.13.6&apos;, java.version: &apos;13.0.2&apos;
Driver info: driver.version: RemoteWebDriver
	at org.openqa.selenium.remote.ProtocolHandshake.createSession(ProtocolHandshake.java:111)
	at org.openqa.selenium.remote.ProtocolHandshake.createSession(ProtocolHandshake.java:73)
	at org.openqa.selenium.remote.HttpCommandExecutor.execute(HttpCommandExecutor.java:136)
	at org.openqa.selenium.remote.RemoteWebDriver.execute(RemoteWebDriver.java:545)
	at org.openqa.selenium.remote.RemoteWebDriver.startSession(RemoteWebDriver.java:209)
	at org.openqa.selenium.remote.RemoteWebDriver.&lt;init&gt;(RemoteWebDriver.java:132)
	at org.openqa.selenium.remote.RemoteWebDriver.&lt;init&gt;(RemoteWebDriver.java:145)
	at com.yourcompany.Tests.TestBase.createDriver(TestBase.java:116)
	at com.yourcompany.Tests.ContactFormTest.contactFormTest(ContactFormTest.java:28)
	at java.base/java.util.concurrent.FutureTask.run(FutureTask.java:264)
	at java.base/java.util.concurrent.Executors$RunnableAdapter.call(Executors.java:515)
	at java.base/java.util.concurrent.FutureTask.run(FutureTask.java:264)
	at java.base/java.util.concurrent.ThreadPoolExecutor.runWorker(ThreadPoolExecutor.java:1128)
	at java.base/java.util.concurrent.ThreadPoolExecutor$Worker.run(ThreadPoolExecutor.java:628)
	at java.base/java.lang.Thread.run(Thread.java:830)
... Removed 9 stack frames</pre></div><a href='#' onClick='toggleBox("stack-trace945241762", this, "Click to show all stack frames", "Click to hide stack frames")'>Click to show all stack frames</a>
<div class='stack-trace' id='stack-trace945241762'><pre>org.openqa.selenium.WebDriverException: Unable to parse remote response: Misconfigured -- Sauce Labs Authentication Error.
You used username &apos;null&apos; and access key &apos;null&apos; to authenticate, which are not valid Sauce Labs credentials.

The following desired capabilities were received:
{&apos;browserName&apos;: &apos;MicrosoftEdge&apos;,
 &apos;name&apos;: &apos;contactFormTest&apos;,
 &apos;platform&apos;: &apos;WIN10&apos;,
 &apos;version&apos;: &apos;latest&apos;}
Build info: version: &apos;3.11.0&apos;, revision: &apos;e59cfb3&apos;, time: &apos;2018-03-11T20:26:55.152Z&apos;
System info: host: &apos;GC02RH2WYG8WPE&apos;, ip: &apos;192.168.1.107&apos;, os.name: &apos;Mac OS X&apos;, os.arch: &apos;x86_64&apos;, os.version: &apos;10.13.6&apos;, java.version: &apos;13.0.2&apos;
Driver info: driver.version: RemoteWebDriver
	at org.openqa.selenium.remote.ProtocolHandshake.createSession(ProtocolHandshake.java:111)
	at org.openqa.selenium.remote.ProtocolHandshake.createSession(ProtocolHandshake.java:73)
	at org.openqa.selenium.remote.HttpCommandExecutor.execute(HttpCommandExecutor.java:136)
	at org.openqa.selenium.remote.RemoteWebDriver.execute(RemoteWebDriver.java:545)
	at org.openqa.selenium.remote.RemoteWebDriver.startSession(RemoteWebDriver.java:209)
	at org.openqa.selenium.remote.RemoteWebDriver.&lt;init&gt;(RemoteWebDriver.java:132)
	at org.openqa.selenium.remote.RemoteWebDriver.&lt;init&gt;(RemoteWebDriver.java:145)
	at com.yourcompany.Tests.TestBase.createDriver(TestBase.java:116)
	at com.yourcompany.Tests.ContactFormTest.contactFormTest(ContactFormTest.java:28)
	at java.base/jdk.internal.reflect.NativeMethodAccessorImpl.invoke0(Native Method)
	at java.base/jdk.internal.reflect.NativeMethodAccessorImpl.invoke(NativeMethodAccessorImpl.java:62)
	at java.base/jdk.internal.reflect.DelegatingMethodAccessorImpl.invoke(DelegatingMethodAccessorImpl.java:43)
	at java.base/java.lang.reflect.Method.invoke(Method.java:567)
	at org.testng.internal.MethodInvocationHelper.invokeMethod(MethodInvocationHelper.java:104)
	at org.testng.internal.Invoker.invokeMethod(Invoker.java:645)
	at org.testng.internal.Invoker.invokeTestMethod(Invoker.java:851)
	at org.testng.internal.TestMethodWithDataProviderMethodWorker.call(TestMethodWithDataProviderMethodWorker.java:75)
	at org.testng.internal.TestMethodWithDataProviderMethodWorker.call(TestMethodWithDataProviderMethodWorker.java:14)
	at java.base/java.util.concurrent.FutureTask.run(FutureTask.java:264)
	at java.base/java.util.concurrent.Executors$RunnableAdapter.call(Executors.java:515)
	at java.base/java.util.concurrent.FutureTask.run(FutureTask.java:264)
	at java.base/java.util.concurrent.ThreadPoolExecutor.runWorker(ThreadPoolExecutor.java:1128)
	at java.base/java.util.concurrent.ThreadPoolExecutor$Worker.run(ThreadPoolExecutor.java:628)
	at java.base/java.lang.Thread.run(Thread.java:830)
</pre></div></td>
<td>3</td>
<td>com.yourcompany.Tests.ContactFormTest@694e1548</td></tr>
<tr>
<td title='com.yourcompany.Tests.ContactFormTest.contactFormTest()'><b>contactFormTest</b><br>Test class: com.yourcompany.Tests.ContactFormTest<br>Parameters: MicrosoftEdge, latest-1, Windows 10, public void com.yourcompany.Tests.ContactFormTest.contactFormTest(java.lang.String,java.lang.String,java.lang.String,java.lang.reflect.Method) throws java.net.MalformedURLException,org.openqa.selenium.InvalidElementStateException,java.rmi.UnexpectedException</td>
<td><div><pre>org.openqa.selenium.WebDriverException: Unable to parse remote response: Misconfigured -- Sauce Labs Authentication Error.
You used username &apos;null&apos; and access key &apos;null&apos; to authenticate, which are not valid Sauce Labs credentials.

The following desired capabilities were received:
{&apos;browserName&apos;: &apos;MicrosoftEdge&apos;,
 &apos;name&apos;: &apos;contactFormTest&apos;,
 &apos;platform&apos;: &apos;WIN10&apos;,
 &apos;version&apos;: &apos;latest-1&apos;}
Build info: version: &apos;3.11.0&apos;, revision: &apos;e59cfb3&apos;, time: &apos;2018-03-11T20:26:55.152Z&apos;
System info: host: &apos;GC02RH2WYG8WPE&apos;, ip: &apos;192.168.1.107&apos;, os.name: &apos;Mac OS X&apos;, os.arch: &apos;x86_64&apos;, os.version: &apos;10.13.6&apos;, java.version: &apos;13.0.2&apos;
Driver info: driver.version: RemoteWebDriver
	at org.openqa.selenium.remote.ProtocolHandshake.createSession(ProtocolHandshake.java:111)
	at org.openqa.selenium.remote.ProtocolHandshake.createSession(ProtocolHandshake.java:73)
	at org.openqa.selenium.remote.HttpCommandExecutor.execute(HttpCommandExecutor.java:136)
	at org.openqa.selenium.remote.RemoteWebDriver.execute(RemoteWebDriver.java:545)
	at org.openqa.selenium.remote.RemoteWebDriver.startSession(RemoteWebDriver.java:209)
	at org.openqa.selenium.remote.RemoteWebDriver.&lt;init&gt;(RemoteWebDriver.java:132)
	at org.openqa.selenium.remote.RemoteWebDriver.&lt;init&gt;(RemoteWebDriver.java:145)
	at com.yourcompany.Tests.TestBase.createDriver(TestBase.java:116)
	at com.yourcompany.Tests.ContactFormTest.contactFormTest(ContactFormTest.java:28)
	at java.base/java.util.concurrent.FutureTask.run(FutureTask.java:264)
	at java.base/java.util.concurrent.Executors$RunnableAdapter.call(Executors.java:515)
	at java.base/java.util.concurrent.FutureTask.run(FutureTask.java:264)
	at java.base/java.util.concurrent.ThreadPoolExecutor.runWorker(ThreadPoolExecutor.java:1128)
	at java.base/java.util.concurrent.ThreadPoolExecutor$Worker.run(ThreadPoolExecutor.java:628)
	at java.base/java.lang.Thread.run(Thread.java:830)
... Removed 9 stack frames</pre></div><a href='#' onClick='toggleBox("stack-trace1654202986", this, "Click to show all stack frames", "Click to hide stack frames")'>Click to show all stack frames</a>
<div class='stack-trace' id='stack-trace1654202986'><pre>org.openqa.selenium.WebDriverException: Unable to parse remote response: Misconfigured -- Sauce Labs Authentication Error.
You used username &apos;null&apos; and access key &apos;null&apos; to authenticate, which are not valid Sauce Labs credentials.

The following desired capabilities were received:
{&apos;browserName&apos;: &apos;MicrosoftEdge&apos;,
 &apos;name&apos;: &apos;contactFormTest&apos;,
 &apos;platform&apos;: &apos;WIN10&apos;,
 &apos;version&apos;: &apos;latest-1&apos;}
Build info: version: &apos;3.11.0&apos;, revision: &apos;e59cfb3&apos;, time: &apos;2018-03-11T20:26:55.152Z&apos;
System info: host: &apos;GC02RH2WYG8WPE&apos;, ip: &apos;192.168.1.107&apos;, os.name: &apos;Mac OS X&apos;, os.arch: &apos;x86_64&apos;, os.version: &apos;10.13.6&apos;, java.version: &apos;13.0.2&apos;
Driver info: driver.version: RemoteWebDriver
	at org.openqa.selenium.remote.ProtocolHandshake.createSession(ProtocolHandshake.java:111)
	at org.openqa.selenium.remote.ProtocolHandshake.createSession(ProtocolHandshake.java:73)
	at org.openqa.selenium.remote.HttpCommandExecutor.execute(HttpCommandExecutor.java:136)
	at org.openqa.selenium.remote.RemoteWebDriver.execute(RemoteWebDriver.java:545)
	at org.openqa.selenium.remote.RemoteWebDriver.startSession(RemoteWebDriver.java:209)
	at org.openqa.selenium.remote.RemoteWebDriver.&lt;init&gt;(RemoteWebDriver.java:132)
	at org.openqa.selenium.remote.RemoteWebDriver.&lt;init&gt;(RemoteWebDriver.java:145)
	at com.yourcompany.Tests.TestBase.createDriver(TestBase.java:116)
	at com.yourcompany.Tests.ContactFormTest.contactFormTest(ContactFormTest.java:28)
	at java.base/jdk.internal.reflect.NativeMethodAccessorImpl.invoke0(Native Method)
	at java.base/jdk.internal.reflect.NativeMethodAccessorImpl.invoke(NativeMethodAccessorImpl.java:62)
	at java.base/jdk.internal.reflect.DelegatingMethodAccessorImpl.invoke(DelegatingMethodAccessorImpl.java:43)
	at java.base/java.lang.reflect.Method.invoke(Method.java:567)
	at org.testng.internal.MethodInvocationHelper.invokeMethod(MethodInvocationHelper.java:104)
	at org.testng.internal.Invoker.invokeMethod(Invoker.java:645)
	at org.testng.internal.Invoker.invokeTestMethod(Invoker.java:851)
	at org.testng.internal.TestMethodWithDataProviderMethodWorker.call(TestMethodWithDataProviderMethodWorker.java:75)
	at org.testng.internal.TestMethodWithDataProviderMethodWorker.call(TestMethodWithDataProviderMethodWorker.java:14)
	at java.base/java.util.concurrent.FutureTask.run(FutureTask.java:264)
	at java.base/java.util.concurrent.Executors$RunnableAdapter.call(Executors.java:515)
	at java.base/java.util.concurrent.FutureTask.run(FutureTask.java:264)
	at java.base/java.util.concurrent.ThreadPoolExecutor.runWorker(ThreadPoolExecutor.java:1128)
	at java.base/java.util.concurrent.ThreadPoolExecutor$Worker.run(ThreadPoolExecutor.java:628)
	at java.base/java.lang.Thread.run(Thread.java:830)
</pre></div></td>
<td>3</td>
<td>com.yourcompany.Tests.ContactFormTest@694e1548</td></tr>
<tr>
<td title='com.yourcompany.Tests.ContactFormTest.contactFormTest()'><b>contactFormTest</b><br>Test class: com.yourcompany.Tests.ContactFormTest<br>Parameters: firefox, latest, macOS 10.15, public void com.yourcompany.Tests.ContactFormTest.contactFormTest(java.lang.String,java.lang.String,java.lang.String,java.lang.reflect.Method) throws java.net.MalformedURLException,org.openqa.selenium.InvalidElementStateException,java.rmi.UnexpectedException</td>
<td><div><pre>org.openqa.selenium.WebDriverException: Unable to parse remote response: Misconfigured -- Sauce Labs Authentication Error.
You used username &apos;null&apos; and access key &apos;null&apos; to authenticate, which are not valid Sauce Labs credentials.

The following desired capabilities were received:
{&apos;browserName&apos;: &apos;firefox&apos;,
 &apos;name&apos;: &apos;contactFormTest&apos;,
 &apos;platform&apos;: &apos;macOS 10.15&apos;,
 &apos;version&apos;: &apos;latest&apos;}
Build info: version: &apos;3.11.0&apos;, revision: &apos;e59cfb3&apos;, time: &apos;2018-03-11T20:26:55.152Z&apos;
System info: host: &apos;GC02RH2WYG8WPE&apos;, ip: &apos;192.168.1.107&apos;, os.name: &apos;Mac OS X&apos;, os.arch: &apos;x86_64&apos;, os.version: &apos;10.13.6&apos;, java.version: &apos;13.0.2&apos;
Driver info: driver.version: RemoteWebDriver
	at org.openqa.selenium.remote.ProtocolHandshake.createSession(ProtocolHandshake.java:111)
	at org.openqa.selenium.remote.ProtocolHandshake.createSession(ProtocolHandshake.java:73)
	at org.openqa.selenium.remote.HttpCommandExecutor.execute(HttpCommandExecutor.java:136)
	at org.openqa.selenium.remote.RemoteWebDriver.execute(RemoteWebDriver.java:545)
	at org.openqa.selenium.remote.RemoteWebDriver.startSession(RemoteWebDriver.java:209)
	at org.openqa.selenium.remote.RemoteWebDriver.&lt;init&gt;(RemoteWebDriver.java:132)
	at org.openqa.selenium.remote.RemoteWebDriver.&lt;init&gt;(RemoteWebDriver.java:145)
	at com.yourcompany.Tests.TestBase.createDriver(TestBase.java:116)
	at com.yourcompany.Tests.ContactFormTest.contactFormTest(ContactFormTest.java:28)
	at java.base/java.util.concurrent.FutureTask.run(FutureTask.java:264)
	at java.base/java.util.concurrent.Executors$RunnableAdapter.call(Executors.java:515)
	at java.base/java.util.concurrent.FutureTask.run(FutureTask.java:264)
	at java.base/java.util.concurrent.ThreadPoolExecutor.runWorker(ThreadPoolExecutor.java:1128)
	at java.base/java.util.concurrent.ThreadPoolExecutor$Worker.run(ThreadPoolExecutor.java:628)
	at java.base/java.lang.Thread.run(Thread.java:830)
... Removed 9 stack frames</pre></div><a href='#' onClick='toggleBox("stack-trace1137936646", this, "Click to show all stack frames", "Click to hide stack frames")'>Click to show all stack frames</a>
<div class='stack-trace' id='stack-trace1137936646'><pre>org.openqa.selenium.WebDriverException: Unable to parse remote response: Misconfigured -- Sauce Labs Authentication Error.
You used username &apos;null&apos; and access key &apos;null&apos; to authenticate, which are not valid Sauce Labs credentials.

The following desired capabilities were received:
{&apos;browserName&apos;: &apos;firefox&apos;,
 &apos;name&apos;: &apos;contactFormTest&apos;,
 &apos;platform&apos;: &apos;macOS 10.15&apos;,
 &apos;version&apos;: &apos;latest&apos;}
Build info: version: &apos;3.11.0&apos;, revision: &apos;e59cfb3&apos;, time: &apos;2018-03-11T20:26:55.152Z&apos;
System info: host: &apos;GC02RH2WYG8WPE&apos;, ip: &apos;192.168.1.107&apos;, os.name: &apos;Mac OS X&apos;, os.arch: &apos;x86_64&apos;, os.version: &apos;10.13.6&apos;, java.version: &apos;13.0.2&apos;
Driver info: driver.version: RemoteWebDriver
	at org.openqa.selenium.remote.ProtocolHandshake.createSession(ProtocolHandshake.java:111)
	at org.openqa.selenium.remote.ProtocolHandshake.createSession(ProtocolHandshake.java:73)
	at org.openqa.selenium.remote.HttpCommandExecutor.execute(HttpCommandExecutor.java:136)
	at org.openqa.selenium.remote.RemoteWebDriver.execute(RemoteWebDriver.java:545)
	at org.openqa.selenium.remote.RemoteWebDriver.startSession(RemoteWebDriver.java:209)
	at org.openqa.selenium.remote.RemoteWebDriver.&lt;init&gt;(RemoteWebDriver.java:132)
	at org.openqa.selenium.remote.RemoteWebDriver.&lt;init&gt;(RemoteWebDriver.java:145)
	at com.yourcompany.Tests.TestBase.createDriver(TestBase.java:116)
	at com.yourcompany.Tests.ContactFormTest.contactFormTest(ContactFormTest.java:28)
	at java.base/jdk.internal.reflect.NativeMethodAccessorImpl.invoke0(Native Method)
	at java.base/jdk.internal.reflect.NativeMethodAccessorImpl.invoke(NativeMethodAccessorImpl.java:62)
	at java.base/jdk.internal.reflect.DelegatingMethodAccessorImpl.invoke(DelegatingMethodAccessorImpl.java:43)
	at java.base/java.lang.reflect.Method.invoke(Method.java:567)
	at org.testng.internal.MethodInvocationHelper.invokeMethod(MethodInvocationHelper.java:104)
	at org.testng.internal.Invoker.invokeMethod(Invoker.java:645)
	at org.testng.internal.Invoker.invokeTestMethod(Invoker.java:851)
	at org.testng.internal.TestMethodWithDataProviderMethodWorker.call(TestMethodWithDataProviderMethodWorker.java:75)
	at org.testng.internal.TestMethodWithDataProviderMethodWorker.call(TestMethodWithDataProviderMethodWorker.java:14)
	at java.base/java.util.concurrent.FutureTask.run(FutureTask.java:264)
	at java.base/java.util.concurrent.Executors$RunnableAdapter.call(Executors.java:515)
	at java.base/java.util.concurrent.FutureTask.run(FutureTask.java:264)
	at java.base/java.util.concurrent.ThreadPoolExecutor.runWorker(ThreadPoolExecutor.java:1128)
	at java.base/java.util.concurrent.ThreadPoolExecutor$Worker.run(ThreadPoolExecutor.java:628)
	at java.base/java.lang.Thread.run(Thread.java:830)
</pre></div></td>
<td>3</td>
<td>com.yourcompany.Tests.ContactFormTest@694e1548</td></tr>
<tr>
<td title='com.yourcompany.Tests.ContactFormTest.contactFormTest()'><b>contactFormTest</b><br>Test class: com.yourcompany.Tests.ContactFormTest<br>Parameters: chrome, latest, Windows 10, public void com.yourcompany.Tests.ContactFormTest.contactFormTest(java.lang.String,java.lang.String,java.lang.String,java.lang.reflect.Method) throws java.net.MalformedURLException,org.openqa.selenium.InvalidElementStateException,java.rmi.UnexpectedException</td>
<td><div><pre>org.openqa.selenium.WebDriverException: Unable to parse remote response: Misconfigured -- Sauce Labs Authentication Error.
You used username &apos;null&apos; and access key &apos;null&apos; to authenticate, which are not valid Sauce Labs credentials.

The following desired capabilities were received:
{&apos;browserName&apos;: &apos;chrome&apos;,
 &apos;name&apos;: &apos;contactFormTest&apos;,
 &apos;platform&apos;: &apos;WIN10&apos;,
 &apos;version&apos;: &apos;latest&apos;}
Build info: version: &apos;3.11.0&apos;, revision: &apos;e59cfb3&apos;, time: &apos;2018-03-11T20:26:55.152Z&apos;
System info: host: &apos;GC02RH2WYG8WPE&apos;, ip: &apos;192.168.1.107&apos;, os.name: &apos;Mac OS X&apos;, os.arch: &apos;x86_64&apos;, os.version: &apos;10.13.6&apos;, java.version: &apos;13.0.2&apos;
Driver info: driver.version: RemoteWebDriver
	at org.openqa.selenium.remote.ProtocolHandshake.createSession(ProtocolHandshake.java:111)
	at org.openqa.selenium.remote.ProtocolHandshake.createSession(ProtocolHandshake.java:73)
	at org.openqa.selenium.remote.HttpCommandExecutor.execute(HttpCommandExecutor.java:136)
	at org.openqa.selenium.remote.RemoteWebDriver.execute(RemoteWebDriver.java:545)
	at org.openqa.selenium.remote.RemoteWebDriver.startSession(RemoteWebDriver.java:209)
	at org.openqa.selenium.remote.RemoteWebDriver.&lt;init&gt;(RemoteWebDriver.java:132)
	at org.openqa.selenium.remote.RemoteWebDriver.&lt;init&gt;(RemoteWebDriver.java:145)
	at com.yourcompany.Tests.TestBase.createDriver(TestBase.java:116)
	at com.yourcompany.Tests.ContactFormTest.contactFormTest(ContactFormTest.java:28)
	at java.base/java.util.concurrent.FutureTask.run(FutureTask.java:264)
	at java.base/java.util.concurrent.Executors$RunnableAdapter.call(Executors.java:515)
	at java.base/java.util.concurrent.FutureTask.run(FutureTask.java:264)
	at java.base/java.util.concurrent.ThreadPoolExecutor.runWorker(ThreadPoolExecutor.java:1128)
	at java.base/java.util.concurrent.ThreadPoolExecutor$Worker.run(ThreadPoolExecutor.java:628)
	at java.base/java.lang.Thread.run(Thread.java:830)
... Removed 9 stack frames</pre></div><a href='#' onClick='toggleBox("stack-trace389225764", this, "Click to show all stack frames", "Click to hide stack frames")'>Click to show all stack frames</a>
<div class='stack-trace' id='stack-trace389225764'><pre>org.openqa.selenium.WebDriverException: Unable to parse remote response: Misconfigured -- Sauce Labs Authentication Error.
You used username &apos;null&apos; and access key &apos;null&apos; to authenticate, which are not valid Sauce Labs credentials.

The following desired capabilities were received:
{&apos;browserName&apos;: &apos;chrome&apos;,
 &apos;name&apos;: &apos;contactFormTest&apos;,
 &apos;platform&apos;: &apos;WIN10&apos;,
 &apos;version&apos;: &apos;latest&apos;}
Build info: version: &apos;3.11.0&apos;, revision: &apos;e59cfb3&apos;, time: &apos;2018-03-11T20:26:55.152Z&apos;
System info: host: &apos;GC02RH2WYG8WPE&apos;, ip: &apos;192.168.1.107&apos;, os.name: &apos;Mac OS X&apos;, os.arch: &apos;x86_64&apos;, os.version: &apos;10.13.6&apos;, java.version: &apos;13.0.2&apos;
Driver info: driver.version: RemoteWebDriver
	at org.openqa.selenium.remote.ProtocolHandshake.createSession(ProtocolHandshake.java:111)
	at org.openqa.selenium.remote.ProtocolHandshake.createSession(ProtocolHandshake.java:73)
	at org.openqa.selenium.remote.HttpCommandExecutor.execute(HttpCommandExecutor.java:136)
	at org.openqa.selenium.remote.RemoteWebDriver.execute(RemoteWebDriver.java:545)
	at org.openqa.selenium.remote.RemoteWebDriver.startSession(RemoteWebDriver.java:209)
	at org.openqa.selenium.remote.RemoteWebDriver.&lt;init&gt;(RemoteWebDriver.java:132)
	at org.openqa.selenium.remote.RemoteWebDriver.&lt;init&gt;(RemoteWebDriver.java:145)
	at com.yourcompany.Tests.TestBase.createDriver(TestBase.java:116)
	at com.yourcompany.Tests.ContactFormTest.contactFormTest(ContactFormTest.java:28)
	at java.base/jdk.internal.reflect.NativeMethodAccessorImpl.invoke0(Native Method)
	at java.base/jdk.internal.reflect.NativeMethodAccessorImpl.invoke(NativeMethodAccessorImpl.java:62)
	at java.base/jdk.internal.reflect.DelegatingMethodAccessorImpl.invoke(DelegatingMethodAccessorImpl.java:43)
	at java.base/java.lang.reflect.Method.invoke(Method.java:567)
	at org.testng.internal.MethodInvocationHelper.invokeMethod(MethodInvocationHelper.java:104)
	at org.testng.internal.Invoker.invokeMethod(Invoker.java:645)
	at org.testng.internal.Invoker.invokeTestMethod(Invoker.java:851)
	at org.testng.internal.TestMethodWithDataProviderMethodWorker.call(TestMethodWithDataProviderMethodWorker.java:75)
	at org.testng.internal.TestMethodWithDataProviderMethodWorker.call(TestMethodWithDataProviderMethodWorker.java:14)
	at java.base/java.util.concurrent.FutureTask.run(FutureTask.java:264)
	at java.base/java.util.concurrent.Executors$RunnableAdapter.call(Executors.java:515)
	at java.base/java.util.concurrent.FutureTask.run(FutureTask.java:264)
	at java.base/java.util.concurrent.ThreadPoolExecutor.runWorker(ThreadPoolExecutor.java:1128)
	at java.base/java.util.concurrent.ThreadPoolExecutor$Worker.run(ThreadPoolExecutor.java:628)
	at java.base/java.lang.Thread.run(Thread.java:830)
</pre></div></td>
<td>3</td>
<td>com.yourcompany.Tests.ContactFormTest@694e1548</td></tr>
<tr>
<td title='com.yourcompany.Tests.ContactFormTest.contactFormTest()'><b>contactFormTest</b><br>Test class: com.yourcompany.Tests.ContactFormTest<br>Parameters: chrome, latest-1, Windows 10, public void com.yourcompany.Tests.ContactFormTest.contactFormTest(java.lang.String,java.lang.String,java.lang.String,java.lang.reflect.Method) throws java.net.MalformedURLException,org.openqa.selenium.InvalidElementStateException,java.rmi.UnexpectedException</td>
<td><div><pre>org.openqa.selenium.WebDriverException: Unable to parse remote response: Misconfigured -- Sauce Labs Authentication Error.
You used username &apos;null&apos; and access key &apos;null&apos; to authenticate, which are not valid Sauce Labs credentials.

The following desired capabilities were received:
{&apos;browserName&apos;: &apos;chrome&apos;,
 &apos;name&apos;: &apos;contactFormTest&apos;,
 &apos;platform&apos;: &apos;WIN10&apos;,
 &apos;version&apos;: &apos;latest-1&apos;}
Build info: version: &apos;3.11.0&apos;, revision: &apos;e59cfb3&apos;, time: &apos;2018-03-11T20:26:55.152Z&apos;
System info: host: &apos;GC02RH2WYG8WPE&apos;, ip: &apos;192.168.1.107&apos;, os.name: &apos;Mac OS X&apos;, os.arch: &apos;x86_64&apos;, os.version: &apos;10.13.6&apos;, java.version: &apos;13.0.2&apos;
Driver info: driver.version: RemoteWebDriver
	at org.openqa.selenium.remote.ProtocolHandshake.createSession(ProtocolHandshake.java:111)
	at org.openqa.selenium.remote.ProtocolHandshake.createSession(ProtocolHandshake.java:73)
	at org.openqa.selenium.remote.HttpCommandExecutor.execute(HttpCommandExecutor.java:136)
	at org.openqa.selenium.remote.RemoteWebDriver.execute(RemoteWebDriver.java:545)
	at org.openqa.selenium.remote.RemoteWebDriver.startSession(RemoteWebDriver.java:209)
	at org.openqa.selenium.remote.RemoteWebDriver.&lt;init&gt;(RemoteWebDriver.java:132)
	at org.openqa.selenium.remote.RemoteWebDriver.&lt;init&gt;(RemoteWebDriver.java:145)
	at com.yourcompany.Tests.TestBase.createDriver(TestBase.java:116)
	at com.yourcompany.Tests.ContactFormTest.contactFormTest(ContactFormTest.java:28)
	at java.base/java.util.concurrent.FutureTask.run(FutureTask.java:264)
	at java.base/java.util.concurrent.Executors$RunnableAdapter.call(Executors.java:515)
	at java.base/java.util.concurrent.FutureTask.run(FutureTask.java:264)
	at java.base/java.util.concurrent.ThreadPoolExecutor.runWorker(ThreadPoolExecutor.java:1128)
	at java.base/java.util.concurrent.ThreadPoolExecutor$Worker.run(ThreadPoolExecutor.java:628)
	at java.base/java.lang.Thread.run(Thread.java:830)
... Removed 9 stack frames</pre></div><a href='#' onClick='toggleBox("stack-trace1294337348", this, "Click to show all stack frames", "Click to hide stack frames")'>Click to show all stack frames</a>
<div class='stack-trace' id='stack-trace1294337348'><pre>org.openqa.selenium.WebDriverException: Unable to parse remote response: Misconfigured -- Sauce Labs Authentication Error.
You used username &apos;null&apos; and access key &apos;null&apos; to authenticate, which are not valid Sauce Labs credentials.

The following desired capabilities were received:
{&apos;browserName&apos;: &apos;chrome&apos;,
 &apos;name&apos;: &apos;contactFormTest&apos;,
 &apos;platform&apos;: &apos;WIN10&apos;,
 &apos;version&apos;: &apos;latest-1&apos;}
Build info: version: &apos;3.11.0&apos;, revision: &apos;e59cfb3&apos;, time: &apos;2018-03-11T20:26:55.152Z&apos;
System info: host: &apos;GC02RH2WYG8WPE&apos;, ip: &apos;192.168.1.107&apos;, os.name: &apos;Mac OS X&apos;, os.arch: &apos;x86_64&apos;, os.version: &apos;10.13.6&apos;, java.version: &apos;13.0.2&apos;
Driver info: driver.version: RemoteWebDriver
	at org.openqa.selenium.remote.ProtocolHandshake.createSession(ProtocolHandshake.java:111)
	at org.openqa.selenium.remote.ProtocolHandshake.createSession(ProtocolHandshake.java:73)
	at org.openqa.selenium.remote.HttpCommandExecutor.execute(HttpCommandExecutor.java:136)
	at org.openqa.selenium.remote.RemoteWebDriver.execute(RemoteWebDriver.java:545)
	at org.openqa.selenium.remote.RemoteWebDriver.startSession(RemoteWebDriver.java:209)
	at org.openqa.selenium.remote.RemoteWebDriver.&lt;init&gt;(RemoteWebDriver.java:132)
	at org.openqa.selenium.remote.RemoteWebDriver.&lt;init&gt;(RemoteWebDriver.java:145)
	at com.yourcompany.Tests.TestBase.createDriver(TestBase.java:116)
	at com.yourcompany.Tests.ContactFormTest.contactFormTest(ContactFormTest.java:28)
	at java.base/jdk.internal.reflect.NativeMethodAccessorImpl.invoke0(Native Method)
	at java.base/jdk.internal.reflect.NativeMethodAccessorImpl.invoke(NativeMethodAccessorImpl.java:62)
	at java.base/jdk.internal.reflect.DelegatingMethodAccessorImpl.invoke(DelegatingMethodAccessorImpl.java:43)
	at java.base/java.lang.reflect.Method.invoke(Method.java:567)
	at org.testng.internal.MethodInvocationHelper.invokeMethod(MethodInvocationHelper.java:104)
	at org.testng.internal.Invoker.invokeMethod(Invoker.java:645)
	at org.testng.internal.Invoker.invokeTestMethod(Invoker.java:851)
	at org.testng.internal.TestMethodWithDataProviderMethodWorker.call(TestMethodWithDataProviderMethodWorker.java:75)
	at org.testng.internal.TestMethodWithDataProviderMethodWorker.call(TestMethodWithDataProviderMethodWorker.java:14)
	at java.base/java.util.concurrent.FutureTask.run(FutureTask.java:264)
	at java.base/java.util.concurrent.Executors$RunnableAdapter.call(Executors.java:515)
	at java.base/java.util.concurrent.FutureTask.run(FutureTask.java:264)
	at java.base/java.util.concurrent.ThreadPoolExecutor.runWorker(ThreadPoolExecutor.java:1128)
	at java.base/java.util.concurrent.ThreadPoolExecutor$Worker.run(ThreadPoolExecutor.java:628)
	at java.base/java.lang.Thread.run(Thread.java:830)
</pre></div></td>
<td>4</td>
<td>com.yourcompany.Tests.ContactFormTest@694e1548</td></tr>
<tr>
<td title='com.yourcompany.Tests.FollowLinkTest.verifyContactLinkTest()'><b>verifyContactLinkTest</b><br>Test class: com.yourcompany.Tests.FollowLinkTest<br>Parameters: chrome, latest, macOS 10.15, public void com.yourcompany.Tests.FollowLinkTest.verifyContactLinkTest(java.lang.String,java.lang.String,java.lang.String,java.lang.reflect.Method) throws java.net.MalformedURLException,org.openqa.selenium.InvalidElementStateException,java.rmi.UnexpectedException</td>
<td><div><pre>org.openqa.selenium.WebDriverException: Unable to parse remote response: Misconfigured -- Sauce Labs Authentication Error.
You used username &apos;null&apos; and access key &apos;null&apos; to authenticate, which are not valid Sauce Labs credentials.

The following desired capabilities were received:
{&apos;browserName&apos;: &apos;chrome&apos;,
 &apos;name&apos;: &apos;verifyContactLinkTest&apos;,
 &apos;platform&apos;: &apos;macOS 10.15&apos;,
 &apos;version&apos;: &apos;latest&apos;}
Build info: version: &apos;3.11.0&apos;, revision: &apos;e59cfb3&apos;, time: &apos;2018-03-11T20:26:55.152Z&apos;
System info: host: &apos;GC02RH2WYG8WPE&apos;, ip: &apos;192.168.1.107&apos;, os.name: &apos;Mac OS X&apos;, os.arch: &apos;x86_64&apos;, os.version: &apos;10.13.6&apos;, java.version: &apos;13.0.2&apos;
Driver info: driver.version: RemoteWebDriver
	at org.openqa.selenium.remote.ProtocolHandshake.createSession(ProtocolHandshake.java:111)
	at org.openqa.selenium.remote.ProtocolHandshake.createSession(ProtocolHandshake.java:73)
	at org.openqa.selenium.remote.HttpCommandExecutor.execute(HttpCommandExecutor.java:136)
	at org.openqa.selenium.remote.RemoteWebDriver.execute(RemoteWebDriver.java:545)
	at org.openqa.selenium.remote.RemoteWebDriver.startSession(RemoteWebDriver.java:209)
	at org.openqa.selenium.remote.RemoteWebDriver.&lt;init&gt;(RemoteWebDriver.java:132)
	at org.openqa.selenium.remote.RemoteWebDriver.&lt;init&gt;(RemoteWebDriver.java:145)
	at com.yourcompany.Tests.TestBase.createDriver(TestBase.java:116)
	at com.yourcompany.Tests.FollowLinkTest.verifyContactLinkTest(FollowLinkTest.java:29)
	at java.base/java.util.concurrent.FutureTask.run(FutureTask.java:264)
	at java.base/java.util.concurrent.Executors$RunnableAdapter.call(Executors.java:515)
	at java.base/java.util.concurrent.FutureTask.run(FutureTask.java:264)
	at java.base/java.util.concurrent.ThreadPoolExecutor.runWorker(ThreadPoolExecutor.java:1128)
	at java.base/java.util.concurrent.ThreadPoolExecutor$Worker.run(ThreadPoolExecutor.java:628)
	at java.base/java.lang.Thread.run(Thread.java:830)
... Removed 9 stack frames</pre></div><a href='#' onClick='toggleBox("stack-trace2107648706", this, "Click to show all stack frames", "Click to hide stack frames")'>Click to show all stack frames</a>
<div class='stack-trace' id='stack-trace2107648706'><pre>org.openqa.selenium.WebDriverException: Unable to parse remote response: Misconfigured -- Sauce Labs Authentication Error.
You used username &apos;null&apos; and access key &apos;null&apos; to authenticate, which are not valid Sauce Labs credentials.

The following desired capabilities were received:
{&apos;browserName&apos;: &apos;chrome&apos;,
 &apos;name&apos;: &apos;verifyContactLinkTest&apos;,
 &apos;platform&apos;: &apos;macOS 10.15&apos;,
 &apos;version&apos;: &apos;latest&apos;}
Build info: version: &apos;3.11.0&apos;, revision: &apos;e59cfb3&apos;, time: &apos;2018-03-11T20:26:55.152Z&apos;
System info: host: &apos;GC02RH2WYG8WPE&apos;, ip: &apos;192.168.1.107&apos;, os.name: &apos;Mac OS X&apos;, os.arch: &apos;x86_64&apos;, os.version: &apos;10.13.6&apos;, java.version: &apos;13.0.2&apos;
Driver info: driver.version: RemoteWebDriver
	at org.openqa.selenium.remote.ProtocolHandshake.createSession(ProtocolHandshake.java:111)
	at org.openqa.selenium.remote.ProtocolHandshake.createSession(ProtocolHandshake.java:73)
	at org.openqa.selenium.remote.HttpCommandExecutor.execute(HttpCommandExecutor.java:136)
	at org.openqa.selenium.remote.RemoteWebDriver.execute(RemoteWebDriver.java:545)
	at org.openqa.selenium.remote.RemoteWebDriver.startSession(RemoteWebDriver.java:209)
	at org.openqa.selenium.remote.RemoteWebDriver.&lt;init&gt;(RemoteWebDriver.java:132)
	at org.openqa.selenium.remote.RemoteWebDriver.&lt;init&gt;(RemoteWebDriver.java:145)
	at com.yourcompany.Tests.TestBase.createDriver(TestBase.java:116)
	at com.yourcompany.Tests.FollowLinkTest.verifyContactLinkTest(FollowLinkTest.java:29)
	at java.base/jdk.internal.reflect.NativeMethodAccessorImpl.invoke0(Native Method)
	at java.base/jdk.internal.reflect.NativeMethodAccessorImpl.invoke(NativeMethodAccessorImpl.java:62)
	at java.base/jdk.internal.reflect.DelegatingMethodAccessorImpl.invoke(DelegatingMethodAccessorImpl.java:43)
	at java.base/java.lang.reflect.Method.invoke(Method.java:567)
	at org.testng.internal.MethodInvocationHelper.invokeMethod(MethodInvocationHelper.java:104)
	at org.testng.internal.Invoker.invokeMethod(Invoker.java:645)
	at org.testng.internal.Invoker.invokeTestMethod(Invoker.java:851)
	at org.testng.internal.TestMethodWithDataProviderMethodWorker.call(TestMethodWithDataProviderMethodWorker.java:75)
	at org.testng.internal.TestMethodWithDataProviderMethodWorker.call(TestMethodWithDataProviderMethodWorker.java:14)
	at java.base/java.util.concurrent.FutureTask.run(FutureTask.java:264)
	at java.base/java.util.concurrent.Executors$RunnableAdapter.call(Executors.java:515)
	at java.base/java.util.concurrent.FutureTask.run(FutureTask.java:264)
	at java.base/java.util.concurrent.ThreadPoolExecutor.runWorker(ThreadPoolExecutor.java:1128)
	at java.base/java.util.concurrent.ThreadPoolExecutor$Worker.run(ThreadPoolExecutor.java:628)
	at java.base/java.lang.Thread.run(Thread.java:830)
</pre></div></td>
<td>3</td>
<td>com.yourcompany.Tests.FollowLinkTest@1f554b06</td></tr>
<tr>
<td title='com.yourcompany.Tests.FollowLinkTest.verifyContactLinkTest()'><b>verifyContactLinkTest</b><br>Test class: com.yourcompany.Tests.FollowLinkTest<br>Parameters: chrome, latest, Windows 10, public void com.yourcompany.Tests.FollowLinkTest.verifyContactLinkTest(java.lang.String,java.lang.String,java.lang.String,java.lang.reflect.Method) throws java.net.MalformedURLException,org.openqa.selenium.InvalidElementStateException,java.rmi.UnexpectedException</td>
<td><div><pre>org.openqa.selenium.WebDriverException: Unable to parse remote response: Misconfigured -- Sauce Labs Authentication Error.
You used username &apos;null&apos; and access key &apos;null&apos; to authenticate, which are not valid Sauce Labs credentials.

The following desired capabilities were received:
{&apos;browserName&apos;: &apos;chrome&apos;,
 &apos;name&apos;: &apos;verifyContactLinkTest&apos;,
 &apos;platform&apos;: &apos;WIN10&apos;,
 &apos;version&apos;: &apos;latest&apos;}
Build info: version: &apos;3.11.0&apos;, revision: &apos;e59cfb3&apos;, time: &apos;2018-03-11T20:26:55.152Z&apos;
System info: host: &apos;GC02RH2WYG8WPE&apos;, ip: &apos;192.168.1.107&apos;, os.name: &apos;Mac OS X&apos;, os.arch: &apos;x86_64&apos;, os.version: &apos;10.13.6&apos;, java.version: &apos;13.0.2&apos;
Driver info: driver.version: RemoteWebDriver
	at org.openqa.selenium.remote.ProtocolHandshake.createSession(ProtocolHandshake.java:111)
	at org.openqa.selenium.remote.ProtocolHandshake.createSession(ProtocolHandshake.java:73)
	at org.openqa.selenium.remote.HttpCommandExecutor.execute(HttpCommandExecutor.java:136)
	at org.openqa.selenium.remote.RemoteWebDriver.execute(RemoteWebDriver.java:545)
	at org.openqa.selenium.remote.RemoteWebDriver.startSession(RemoteWebDriver.java:209)
	at org.openqa.selenium.remote.RemoteWebDriver.&lt;init&gt;(RemoteWebDriver.java:132)
	at org.openqa.selenium.remote.RemoteWebDriver.&lt;init&gt;(RemoteWebDriver.java:145)
	at com.yourcompany.Tests.TestBase.createDriver(TestBase.java:116)
	at com.yourcompany.Tests.FollowLinkTest.verifyContactLinkTest(FollowLinkTest.java:29)
	at java.base/java.util.concurrent.FutureTask.run(FutureTask.java:264)
	at java.base/java.util.concurrent.Executors$RunnableAdapter.call(Executors.java:515)
	at java.base/java.util.concurrent.FutureTask.run(FutureTask.java:264)
	at java.base/java.util.concurrent.ThreadPoolExecutor.runWorker(ThreadPoolExecutor.java:1128)
	at java.base/java.util.concurrent.ThreadPoolExecutor$Worker.run(ThreadPoolExecutor.java:628)
	at java.base/java.lang.Thread.run(Thread.java:830)
... Removed 9 stack frames</pre></div><a href='#' onClick='toggleBox("stack-trace1289328718", this, "Click to show all stack frames", "Click to hide stack frames")'>Click to show all stack frames</a>
<div class='stack-trace' id='stack-trace1289328718'><pre>org.openqa.selenium.WebDriverException: Unable to parse remote response: Misconfigured -- Sauce Labs Authentication Error.
You used username &apos;null&apos; and access key &apos;null&apos; to authenticate, which are not valid Sauce Labs credentials.

The following desired capabilities were received:
{&apos;browserName&apos;: &apos;chrome&apos;,
 &apos;name&apos;: &apos;verifyContactLinkTest&apos;,
 &apos;platform&apos;: &apos;WIN10&apos;,
 &apos;version&apos;: &apos;latest&apos;}
Build info: version: &apos;3.11.0&apos;, revision: &apos;e59cfb3&apos;, time: &apos;2018-03-11T20:26:55.152Z&apos;
System info: host: &apos;GC02RH2WYG8WPE&apos;, ip: &apos;192.168.1.107&apos;, os.name: &apos;Mac OS X&apos;, os.arch: &apos;x86_64&apos;, os.version: &apos;10.13.6&apos;, java.version: &apos;13.0.2&apos;
Driver info: driver.version: RemoteWebDriver
	at org.openqa.selenium.remote.ProtocolHandshake.createSession(ProtocolHandshake.java:111)
	at org.openqa.selenium.remote.ProtocolHandshake.createSession(ProtocolHandshake.java:73)
	at org.openqa.selenium.remote.HttpCommandExecutor.execute(HttpCommandExecutor.java:136)
	at org.openqa.selenium.remote.RemoteWebDriver.execute(RemoteWebDriver.java:545)
	at org.openqa.selenium.remote.RemoteWebDriver.startSession(RemoteWebDriver.java:209)
	at org.openqa.selenium.remote.RemoteWebDriver.&lt;init&gt;(RemoteWebDriver.java:132)
	at org.openqa.selenium.remote.RemoteWebDriver.&lt;init&gt;(RemoteWebDriver.java:145)
	at com.yourcompany.Tests.TestBase.createDriver(TestBase.java:116)
	at com.yourcompany.Tests.FollowLinkTest.verifyContactLinkTest(FollowLinkTest.java:29)
	at java.base/jdk.internal.reflect.NativeMethodAccessorImpl.invoke0(Native Method)
	at java.base/jdk.internal.reflect.NativeMethodAccessorImpl.invoke(NativeMethodAccessorImpl.java:62)
	at java.base/jdk.internal.reflect.DelegatingMethodAccessorImpl.invoke(DelegatingMethodAccessorImpl.java:43)
	at java.base/java.lang.reflect.Method.invoke(Method.java:567)
	at org.testng.internal.MethodInvocationHelper.invokeMethod(MethodInvocationHelper.java:104)
	at org.testng.internal.Invoker.invokeMethod(Invoker.java:645)
	at org.testng.internal.Invoker.invokeTestMethod(Invoker.java:851)
	at org.testng.internal.TestMethodWithDataProviderMethodWorker.call(TestMethodWithDataProviderMethodWorker.java:75)
	at org.testng.internal.TestMethodWithDataProviderMethodWorker.call(TestMethodWithDataProviderMethodWorker.java:14)
	at java.base/java.util.concurrent.FutureTask.run(FutureTask.java:264)
	at java.base/java.util.concurrent.Executors$RunnableAdapter.call(Executors.java:515)
	at java.base/java.util.concurrent.FutureTask.run(FutureTask.java:264)
	at java.base/java.util.concurrent.ThreadPoolExecutor.runWorker(ThreadPoolExecutor.java:1128)
	at java.base/java.util.concurrent.ThreadPoolExecutor$Worker.run(ThreadPoolExecutor.java:628)
	at java.base/java.lang.Thread.run(Thread.java:830)
</pre></div></td>
<td>3</td>
<td>com.yourcompany.Tests.FollowLinkTest@1f554b06</td></tr>
<tr>
<td title='com.yourcompany.Tests.FollowLinkTest.verifyContactLinkTest()'><b>verifyContactLinkTest</b><br>Test class: com.yourcompany.Tests.FollowLinkTest<br>Parameters: chrome, latest-1, Windows 10, public void com.yourcompany.Tests.FollowLinkTest.verifyContactLinkTest(java.lang.String,java.lang.String,java.lang.String,java.lang.reflect.Method) throws java.net.MalformedURLException,org.openqa.selenium.InvalidElementStateException,java.rmi.UnexpectedException</td>
<td><div><pre>org.openqa.selenium.WebDriverException: Unable to parse remote response: Misconfigured -- Sauce Labs Authentication Error.
You used username &apos;null&apos; and access key &apos;null&apos; to authenticate, which are not valid Sauce Labs credentials.

The following desired capabilities were received:
{&apos;browserName&apos;: &apos;chrome&apos;,
 &apos;name&apos;: &apos;verifyContactLinkTest&apos;,
 &apos;platform&apos;: &apos;WIN10&apos;,
 &apos;version&apos;: &apos;latest-1&apos;}
Build info: version: &apos;3.11.0&apos;, revision: &apos;e59cfb3&apos;, time: &apos;2018-03-11T20:26:55.152Z&apos;
System info: host: &apos;GC02RH2WYG8WPE&apos;, ip: &apos;192.168.1.107&apos;, os.name: &apos;Mac OS X&apos;, os.arch: &apos;x86_64&apos;, os.version: &apos;10.13.6&apos;, java.version: &apos;13.0.2&apos;
Driver info: driver.version: RemoteWebDriver
	at org.openqa.selenium.remote.ProtocolHandshake.createSession(ProtocolHandshake.java:111)
	at org.openqa.selenium.remote.ProtocolHandshake.createSession(ProtocolHandshake.java:73)
	at org.openqa.selenium.remote.HttpCommandExecutor.execute(HttpCommandExecutor.java:136)
	at org.openqa.selenium.remote.RemoteWebDriver.execute(RemoteWebDriver.java:545)
	at org.openqa.selenium.remote.RemoteWebDriver.startSession(RemoteWebDriver.java:209)
	at org.openqa.selenium.remote.RemoteWebDriver.&lt;init&gt;(RemoteWebDriver.java:132)
	at org.openqa.selenium.remote.RemoteWebDriver.&lt;init&gt;(RemoteWebDriver.java:145)
	at com.yourcompany.Tests.TestBase.createDriver(TestBase.java:116)
	at com.yourcompany.Tests.FollowLinkTest.verifyContactLinkTest(FollowLinkTest.java:29)
	at java.base/java.util.concurrent.FutureTask.run(FutureTask.java:264)
	at java.base/java.util.concurrent.Executors$RunnableAdapter.call(Executors.java:515)
	at java.base/java.util.concurrent.FutureTask.run(FutureTask.java:264)
	at java.base/java.util.concurrent.ThreadPoolExecutor.runWorker(ThreadPoolExecutor.java:1128)
	at java.base/java.util.concurrent.ThreadPoolExecutor$Worker.run(ThreadPoolExecutor.java:628)
	at java.base/java.lang.Thread.run(Thread.java:830)
... Removed 9 stack frames</pre></div><a href='#' onClick='toggleBox("stack-trace1110898467", this, "Click to show all stack frames", "Click to hide stack frames")'>Click to show all stack frames</a>
<div class='stack-trace' id='stack-trace1110898467'><pre>org.openqa.selenium.WebDriverException: Unable to parse remote response: Misconfigured -- Sauce Labs Authentication Error.
You used username &apos;null&apos; and access key &apos;null&apos; to authenticate, which are not valid Sauce Labs credentials.

The following desired capabilities were received:
{&apos;browserName&apos;: &apos;chrome&apos;,
 &apos;name&apos;: &apos;verifyContactLinkTest&apos;,
 &apos;platform&apos;: &apos;WIN10&apos;,
 &apos;version&apos;: &apos;latest-1&apos;}
Build info: version: &apos;3.11.0&apos;, revision: &apos;e59cfb3&apos;, time: &apos;2018-03-11T20:26:55.152Z&apos;
System info: host: &apos;GC02RH2WYG8WPE&apos;, ip: &apos;192.168.1.107&apos;, os.name: &apos;Mac OS X&apos;, os.arch: &apos;x86_64&apos;, os.version: &apos;10.13.6&apos;, java.version: &apos;13.0.2&apos;
Driver info: driver.version: RemoteWebDriver
	at org.openqa.selenium.remote.ProtocolHandshake.createSession(ProtocolHandshake.java:111)
	at org.openqa.selenium.remote.ProtocolHandshake.createSession(ProtocolHandshake.java:73)
	at org.openqa.selenium.remote.HttpCommandExecutor.execute(HttpCommandExecutor.java:136)
	at org.openqa.selenium.remote.RemoteWebDriver.execute(RemoteWebDriver.java:545)
	at org.openqa.selenium.remote.RemoteWebDriver.startSession(RemoteWebDriver.java:209)
	at org.openqa.selenium.remote.RemoteWebDriver.&lt;init&gt;(RemoteWebDriver.java:132)
	at org.openqa.selenium.remote.RemoteWebDriver.&lt;init&gt;(RemoteWebDriver.java:145)
	at com.yourcompany.Tests.TestBase.createDriver(TestBase.java:116)
	at com.yourcompany.Tests.FollowLinkTest.verifyContactLinkTest(FollowLinkTest.java:29)
	at java.base/jdk.internal.reflect.NativeMethodAccessorImpl.invoke0(Native Method)
	at java.base/jdk.internal.reflect.NativeMethodAccessorImpl.invoke(NativeMethodAccessorImpl.java:62)
	at java.base/jdk.internal.reflect.DelegatingMethodAccessorImpl.invoke(DelegatingMethodAccessorImpl.java:43)
	at java.base/java.lang.reflect.Method.invoke(Method.java:567)
	at org.testng.internal.MethodInvocationHelper.invokeMethod(MethodInvocationHelper.java:104)
	at org.testng.internal.Invoker.invokeMethod(Invoker.java:645)
	at org.testng.internal.Invoker.invokeTestMethod(Invoker.java:851)
	at org.testng.internal.TestMethodWithDataProviderMethodWorker.call(TestMethodWithDataProviderMethodWorker.java:75)
	at org.testng.internal.TestMethodWithDataProviderMethodWorker.call(TestMethodWithDataProviderMethodWorker.java:14)
	at java.base/java.util.concurrent.FutureTask.run(FutureTask.java:264)
	at java.base/java.util.concurrent.Executors$RunnableAdapter.call(Executors.java:515)
	at java.base/java.util.concurrent.FutureTask.run(FutureTask.java:264)
	at java.base/java.util.concurrent.ThreadPoolExecutor.runWorker(ThreadPoolExecutor.java:1128)
	at java.base/java.util.concurrent.ThreadPoolExecutor$Worker.run(ThreadPoolExecutor.java:628)
	at java.base/java.lang.Thread.run(Thread.java:830)
</pre></div></td>
<td>3</td>
<td>com.yourcompany.Tests.FollowLinkTest@1f554b06</td></tr>
<tr>
<td title='com.yourcompany.Tests.FollowLinkTest.verifyContactLinkTest()'><b>verifyContactLinkTest</b><br>Test class: com.yourcompany.Tests.FollowLinkTest<br>Parameters: firefox, latest-1, macOS 10.15, public void com.yourcompany.Tests.FollowLinkTest.verifyContactLinkTest(java.lang.String,java.lang.String,java.lang.String,java.lang.reflect.Method) throws java.net.MalformedURLException,org.openqa.selenium.InvalidElementStateException,java.rmi.UnexpectedException</td>
<td><div><pre>org.openqa.selenium.WebDriverException: Unable to parse remote response: Misconfigured -- Sauce Labs Authentication Error.
You used username &apos;null&apos; and access key &apos;null&apos; to authenticate, which are not valid Sauce Labs credentials.

The following desired capabilities were received:
{&apos;browserName&apos;: &apos;firefox&apos;,
 &apos;name&apos;: &apos;verifyContactLinkTest&apos;,
 &apos;platform&apos;: &apos;macOS 10.15&apos;,
 &apos;version&apos;: &apos;latest-1&apos;}
Build info: version: &apos;3.11.0&apos;, revision: &apos;e59cfb3&apos;, time: &apos;2018-03-11T20:26:55.152Z&apos;
System info: host: &apos;GC02RH2WYG8WPE&apos;, ip: &apos;192.168.1.107&apos;, os.name: &apos;Mac OS X&apos;, os.arch: &apos;x86_64&apos;, os.version: &apos;10.13.6&apos;, java.version: &apos;13.0.2&apos;
Driver info: driver.version: RemoteWebDriver
	at org.openqa.selenium.remote.ProtocolHandshake.createSession(ProtocolHandshake.java:111)
	at org.openqa.selenium.remote.ProtocolHandshake.createSession(ProtocolHandshake.java:73)
	at org.openqa.selenium.remote.HttpCommandExecutor.execute(HttpCommandExecutor.java:136)
	at org.openqa.selenium.remote.RemoteWebDriver.execute(RemoteWebDriver.java:545)
	at org.openqa.selenium.remote.RemoteWebDriver.startSession(RemoteWebDriver.java:209)
	at org.openqa.selenium.remote.RemoteWebDriver.&lt;init&gt;(RemoteWebDriver.java:132)
	at org.openqa.selenium.remote.RemoteWebDriver.&lt;init&gt;(RemoteWebDriver.java:145)
	at com.yourcompany.Tests.TestBase.createDriver(TestBase.java:116)
	at com.yourcompany.Tests.FollowLinkTest.verifyContactLinkTest(FollowLinkTest.java:29)
	at java.base/java.util.concurrent.FutureTask.run(FutureTask.java:264)
	at java.base/java.util.concurrent.Executors$RunnableAdapter.call(Executors.java:515)
	at java.base/java.util.concurrent.FutureTask.run(FutureTask.java:264)
	at java.base/java.util.concurrent.ThreadPoolExecutor.runWorker(ThreadPoolExecutor.java:1128)
	at java.base/java.util.concurrent.ThreadPoolExecutor$Worker.run(ThreadPoolExecutor.java:628)
	at java.base/java.lang.Thread.run(Thread.java:830)
... Removed 9 stack frames</pre></div><a href='#' onClick='toggleBox("stack-trace566493794", this, "Click to show all stack frames", "Click to hide stack frames")'>Click to show all stack frames</a>
<div class='stack-trace' id='stack-trace566493794'><pre>org.openqa.selenium.WebDriverException: Unable to parse remote response: Misconfigured -- Sauce Labs Authentication Error.
You used username &apos;null&apos; and access key &apos;null&apos; to authenticate, which are not valid Sauce Labs credentials.

The following desired capabilities were received:
{&apos;browserName&apos;: &apos;firefox&apos;,
 &apos;name&apos;: &apos;verifyContactLinkTest&apos;,
 &apos;platform&apos;: &apos;macOS 10.15&apos;,
 &apos;version&apos;: &apos;latest-1&apos;}
Build info: version: &apos;3.11.0&apos;, revision: &apos;e59cfb3&apos;, time: &apos;2018-03-11T20:26:55.152Z&apos;
System info: host: &apos;GC02RH2WYG8WPE&apos;, ip: &apos;192.168.1.107&apos;, os.name: &apos;Mac OS X&apos;, os.arch: &apos;x86_64&apos;, os.version: &apos;10.13.6&apos;, java.version: &apos;13.0.2&apos;
Driver info: driver.version: RemoteWebDriver
	at org.openqa.selenium.remote.ProtocolHandshake.createSession(ProtocolHandshake.java:111)
	at org.openqa.selenium.remote.ProtocolHandshake.createSession(ProtocolHandshake.java:73)
	at org.openqa.selenium.remote.HttpCommandExecutor.execute(HttpCommandExecutor.java:136)
	at org.openqa.selenium.remote.RemoteWebDriver.execute(RemoteWebDriver.java:545)
	at org.openqa.selenium.remote.RemoteWebDriver.startSession(RemoteWebDriver.java:209)
	at org.openqa.selenium.remote.RemoteWebDriver.&lt;init&gt;(RemoteWebDriver.java:132)
	at org.openqa.selenium.remote.RemoteWebDriver.&lt;init&gt;(RemoteWebDriver.java:145)
	at com.yourcompany.Tests.TestBase.createDriver(TestBase.java:116)
	at com.yourcompany.Tests.FollowLinkTest.verifyContactLinkTest(FollowLinkTest.java:29)
	at java.base/jdk.internal.reflect.NativeMethodAccessorImpl.invoke0(Native Method)
	at java.base/jdk.internal.reflect.NativeMethodAccessorImpl.invoke(NativeMethodAccessorImpl.java:62)
	at java.base/jdk.internal.reflect.DelegatingMethodAccessorImpl.invoke(DelegatingMethodAccessorImpl.java:43)
	at java.base/java.lang.reflect.Method.invoke(Method.java:567)
	at org.testng.internal.MethodInvocationHelper.invokeMethod(MethodInvocationHelper.java:104)
	at org.testng.internal.Invoker.invokeMethod(Invoker.java:645)
	at org.testng.internal.Invoker.invokeTestMethod(Invoker.java:851)
	at org.testng.internal.TestMethodWithDataProviderMethodWorker.call(TestMethodWithDataProviderMethodWorker.java:75)
	at org.testng.internal.TestMethodWithDataProviderMethodWorker.call(TestMethodWithDataProviderMethodWorker.java:14)
	at java.base/java.util.concurrent.FutureTask.run(FutureTask.java:264)
	at java.base/java.util.concurrent.Executors$RunnableAdapter.call(Executors.java:515)
	at java.base/java.util.concurrent.FutureTask.run(FutureTask.java:264)
	at java.base/java.util.concurrent.ThreadPoolExecutor.runWorker(ThreadPoolExecutor.java:1128)
	at java.base/java.util.concurrent.ThreadPoolExecutor$Worker.run(ThreadPoolExecutor.java:628)
	at java.base/java.lang.Thread.run(Thread.java:830)
</pre></div></td>
<td>3</td>
<td>com.yourcompany.Tests.FollowLinkTest@1f554b06</td></tr>
<tr>
<td title='com.yourcompany.Tests.FollowLinkTest.verifyContactLinkTest()'><b>verifyContactLinkTest</b><br>Test class: com.yourcompany.Tests.FollowLinkTest<br>Parameters: firefox, latest, Windows 10, public void com.yourcompany.Tests.FollowLinkTest.verifyContactLinkTest(java.lang.String,java.lang.String,java.lang.String,java.lang.reflect.Method) throws java.net.MalformedURLException,org.openqa.selenium.InvalidElementStateException,java.rmi.UnexpectedException</td>
<td><div><pre>org.openqa.selenium.WebDriverException: Unable to parse remote response: Misconfigured -- Sauce Labs Authentication Error.
You used username &apos;null&apos; and access key &apos;null&apos; to authenticate, which are not valid Sauce Labs credentials.

The following desired capabilities were received:
{&apos;browserName&apos;: &apos;firefox&apos;,
 &apos;name&apos;: &apos;verifyContactLinkTest&apos;,
 &apos;platform&apos;: &apos;WIN10&apos;,
 &apos;version&apos;: &apos;latest&apos;}
Build info: version: &apos;3.11.0&apos;, revision: &apos;e59cfb3&apos;, time: &apos;2018-03-11T20:26:55.152Z&apos;
System info: host: &apos;GC02RH2WYG8WPE&apos;, ip: &apos;192.168.1.107&apos;, os.name: &apos;Mac OS X&apos;, os.arch: &apos;x86_64&apos;, os.version: &apos;10.13.6&apos;, java.version: &apos;13.0.2&apos;
Driver info: driver.version: RemoteWebDriver
	at org.openqa.selenium.remote.ProtocolHandshake.createSession(ProtocolHandshake.java:111)
	at org.openqa.selenium.remote.ProtocolHandshake.createSession(ProtocolHandshake.java:73)
	at org.openqa.selenium.remote.HttpCommandExecutor.execute(HttpCommandExecutor.java:136)
	at org.openqa.selenium.remote.RemoteWebDriver.execute(RemoteWebDriver.java:545)
	at org.openqa.selenium.remote.RemoteWebDriver.startSession(RemoteWebDriver.java:209)
	at org.openqa.selenium.remote.RemoteWebDriver.&lt;init&gt;(RemoteWebDriver.java:132)
	at org.openqa.selenium.remote.RemoteWebDriver.&lt;init&gt;(RemoteWebDriver.java:145)
	at com.yourcompany.Tests.TestBase.createDriver(TestBase.java:116)
	at com.yourcompany.Tests.FollowLinkTest.verifyContactLinkTest(FollowLinkTest.java:29)
	at java.base/java.util.concurrent.FutureTask.run(FutureTask.java:264)
	at java.base/java.util.concurrent.Executors$RunnableAdapter.call(Executors.java:515)
	at java.base/java.util.concurrent.FutureTask.run(FutureTask.java:264)
	at java.base/java.util.concurrent.ThreadPoolExecutor.runWorker(ThreadPoolExecutor.java:1128)
	at java.base/java.util.concurrent.ThreadPoolExecutor$Worker.run(ThreadPoolExecutor.java:628)
	at java.base/java.lang.Thread.run(Thread.java:830)
... Removed 9 stack frames</pre></div><a href='#' onClick='toggleBox("stack-trace1951214108", this, "Click to show all stack frames", "Click to hide stack frames")'>Click to show all stack frames</a>
<div class='stack-trace' id='stack-trace1951214108'><pre>org.openqa.selenium.WebDriverException: Unable to parse remote response: Misconfigured -- Sauce Labs Authentication Error.
You used username &apos;null&apos; and access key &apos;null&apos; to authenticate, which are not valid Sauce Labs credentials.

The following desired capabilities were received:
{&apos;browserName&apos;: &apos;firefox&apos;,
 &apos;name&apos;: &apos;verifyContactLinkTest&apos;,
 &apos;platform&apos;: &apos;WIN10&apos;,
 &apos;version&apos;: &apos;latest&apos;}
Build info: version: &apos;3.11.0&apos;, revision: &apos;e59cfb3&apos;, time: &apos;2018-03-11T20:26:55.152Z&apos;
System info: host: &apos;GC02RH2WYG8WPE&apos;, ip: &apos;192.168.1.107&apos;, os.name: &apos;Mac OS X&apos;, os.arch: &apos;x86_64&apos;, os.version: &apos;10.13.6&apos;, java.version: &apos;13.0.2&apos;
Driver info: driver.version: RemoteWebDriver
	at org.openqa.selenium.remote.ProtocolHandshake.createSession(ProtocolHandshake.java:111)
	at org.openqa.selenium.remote.ProtocolHandshake.createSession(ProtocolHandshake.java:73)
	at org.openqa.selenium.remote.HttpCommandExecutor.execute(HttpCommandExecutor.java:136)
	at org.openqa.selenium.remote.RemoteWebDriver.execute(RemoteWebDriver.java:545)
	at org.openqa.selenium.remote.RemoteWebDriver.startSession(RemoteWebDriver.java:209)
	at org.openqa.selenium.remote.RemoteWebDriver.&lt;init&gt;(RemoteWebDriver.java:132)
	at org.openqa.selenium.remote.RemoteWebDriver.&lt;init&gt;(RemoteWebDriver.java:145)
	at com.yourcompany.Tests.TestBase.createDriver(TestBase.java:116)
	at com.yourcompany.Tests.FollowLinkTest.verifyContactLinkTest(FollowLinkTest.java:29)
	at java.base/jdk.internal.reflect.NativeMethodAccessorImpl.invoke0(Native Method)
	at java.base/jdk.internal.reflect.NativeMethodAccessorImpl.invoke(NativeMethodAccessorImpl.java:62)
	at java.base/jdk.internal.reflect.DelegatingMethodAccessorImpl.invoke(DelegatingMethodAccessorImpl.java:43)
	at java.base/java.lang.reflect.Method.invoke(Method.java:567)
	at org.testng.internal.MethodInvocationHelper.invokeMethod(MethodInvocationHelper.java:104)
	at org.testng.internal.Invoker.invokeMethod(Invoker.java:645)
	at org.testng.internal.Invoker.invokeTestMethod(Invoker.java:851)
	at org.testng.internal.TestMethodWithDataProviderMethodWorker.call(TestMethodWithDataProviderMethodWorker.java:75)
	at org.testng.internal.TestMethodWithDataProviderMethodWorker.call(TestMethodWithDataProviderMethodWorker.java:14)
	at java.base/java.util.concurrent.FutureTask.run(FutureTask.java:264)
	at java.base/java.util.concurrent.Executors$RunnableAdapter.call(Executors.java:515)
	at java.base/java.util.concurrent.FutureTask.run(FutureTask.java:264)
	at java.base/java.util.concurrent.ThreadPoolExecutor.runWorker(ThreadPoolExecutor.java:1128)
	at java.base/java.util.concurrent.ThreadPoolExecutor$Worker.run(ThreadPoolExecutor.java:628)
	at java.base/java.lang.Thread.run(Thread.java:830)
</pre></div></td>
<td>3</td>
<td>com.yourcompany.Tests.FollowLinkTest@1f554b06</td></tr>
<tr>
<td title='com.yourcompany.Tests.FollowLinkTest.verifyContactLinkTest()'><b>verifyContactLinkTest</b><br>Test class: com.yourcompany.Tests.FollowLinkTest<br>Parameters: chrome, latest-1, macOS 10.15, public void com.yourcompany.Tests.FollowLinkTest.verifyContactLinkTest(java.lang.String,java.lang.String,java.lang.String,java.lang.reflect.Method) throws java.net.MalformedURLException,org.openqa.selenium.InvalidElementStateException,java.rmi.UnexpectedException</td>
<td><div><pre>org.openqa.selenium.WebDriverException: Unable to parse remote response: Misconfigured -- Sauce Labs Authentication Error.
You used username &apos;null&apos; and access key &apos;null&apos; to authenticate, which are not valid Sauce Labs credentials.

The following desired capabilities were received:
{&apos;browserName&apos;: &apos;chrome&apos;,
 &apos;name&apos;: &apos;verifyContactLinkTest&apos;,
 &apos;platform&apos;: &apos;macOS 10.15&apos;,
 &apos;version&apos;: &apos;latest-1&apos;}
Build info: version: &apos;3.11.0&apos;, revision: &apos;e59cfb3&apos;, time: &apos;2018-03-11T20:26:55.152Z&apos;
System info: host: &apos;GC02RH2WYG8WPE&apos;, ip: &apos;192.168.1.107&apos;, os.name: &apos;Mac OS X&apos;, os.arch: &apos;x86_64&apos;, os.version: &apos;10.13.6&apos;, java.version: &apos;13.0.2&apos;
Driver info: driver.version: RemoteWebDriver
	at org.openqa.selenium.remote.ProtocolHandshake.createSession(ProtocolHandshake.java:111)
	at org.openqa.selenium.remote.ProtocolHandshake.createSession(ProtocolHandshake.java:73)
	at org.openqa.selenium.remote.HttpCommandExecutor.execute(HttpCommandExecutor.java:136)
	at org.openqa.selenium.remote.RemoteWebDriver.execute(RemoteWebDriver.java:545)
	at org.openqa.selenium.remote.RemoteWebDriver.startSession(RemoteWebDriver.java:209)
	at org.openqa.selenium.remote.RemoteWebDriver.&lt;init&gt;(RemoteWebDriver.java:132)
	at org.openqa.selenium.remote.RemoteWebDriver.&lt;init&gt;(RemoteWebDriver.java:145)
	at com.yourcompany.Tests.TestBase.createDriver(TestBase.java:116)
	at com.yourcompany.Tests.FollowLinkTest.verifyContactLinkTest(FollowLinkTest.java:29)
	at java.base/java.util.concurrent.FutureTask.run(FutureTask.java:264)
	at java.base/java.util.concurrent.Executors$RunnableAdapter.call(Executors.java:515)
	at java.base/java.util.concurrent.FutureTask.run(FutureTask.java:264)
	at java.base/java.util.concurrent.ThreadPoolExecutor.runWorker(ThreadPoolExecutor.java:1128)
	at java.base/java.util.concurrent.ThreadPoolExecutor$Worker.run(ThreadPoolExecutor.java:628)
	at java.base/java.lang.Thread.run(Thread.java:830)
... Removed 9 stack frames</pre></div><a href='#' onClick='toggleBox("stack-trace843896993", this, "Click to show all stack frames", "Click to hide stack frames")'>Click to show all stack frames</a>
<div class='stack-trace' id='stack-trace843896993'><pre>org.openqa.selenium.WebDriverException: Unable to parse remote response: Misconfigured -- Sauce Labs Authentication Error.
You used username &apos;null&apos; and access key &apos;null&apos; to authenticate, which are not valid Sauce Labs credentials.

The following desired capabilities were received:
{&apos;browserName&apos;: &apos;chrome&apos;,
 &apos;name&apos;: &apos;verifyContactLinkTest&apos;,
 &apos;platform&apos;: &apos;macOS 10.15&apos;,
 &apos;version&apos;: &apos;latest-1&apos;}
Build info: version: &apos;3.11.0&apos;, revision: &apos;e59cfb3&apos;, time: &apos;2018-03-11T20:26:55.152Z&apos;
System info: host: &apos;GC02RH2WYG8WPE&apos;, ip: &apos;192.168.1.107&apos;, os.name: &apos;Mac OS X&apos;, os.arch: &apos;x86_64&apos;, os.version: &apos;10.13.6&apos;, java.version: &apos;13.0.2&apos;
Driver info: driver.version: RemoteWebDriver
	at org.openqa.selenium.remote.ProtocolHandshake.createSession(ProtocolHandshake.java:111)
	at org.openqa.selenium.remote.ProtocolHandshake.createSession(ProtocolHandshake.java:73)
	at org.openqa.selenium.remote.HttpCommandExecutor.execute(HttpCommandExecutor.java:136)
	at org.openqa.selenium.remote.RemoteWebDriver.execute(RemoteWebDriver.java:545)
	at org.openqa.selenium.remote.RemoteWebDriver.startSession(RemoteWebDriver.java:209)
	at org.openqa.selenium.remote.RemoteWebDriver.&lt;init&gt;(RemoteWebDriver.java:132)
	at org.openqa.selenium.remote.RemoteWebDriver.&lt;init&gt;(RemoteWebDriver.java:145)
	at com.yourcompany.Tests.TestBase.createDriver(TestBase.java:116)
	at com.yourcompany.Tests.FollowLinkTest.verifyContactLinkTest(FollowLinkTest.java:29)
	at java.base/jdk.internal.reflect.NativeMethodAccessorImpl.invoke0(Native Method)
	at java.base/jdk.internal.reflect.NativeMethodAccessorImpl.invoke(NativeMethodAccessorImpl.java:62)
	at java.base/jdk.internal.reflect.DelegatingMethodAccessorImpl.invoke(DelegatingMethodAccessorImpl.java:43)
	at java.base/java.lang.reflect.Method.invoke(Method.java:567)
	at org.testng.internal.MethodInvocationHelper.invokeMethod(MethodInvocationHelper.java:104)
	at org.testng.internal.Invoker.invokeMethod(Invoker.java:645)
	at org.testng.internal.Invoker.invokeTestMethod(Invoker.java:851)
	at org.testng.internal.TestMethodWithDataProviderMethodWorker.call(TestMethodWithDataProviderMethodWorker.java:75)
	at org.testng.internal.TestMethodWithDataProviderMethodWorker.call(TestMethodWithDataProviderMethodWorker.java:14)
	at java.base/java.util.concurrent.FutureTask.run(FutureTask.java:264)
	at java.base/java.util.concurrent.Executors$RunnableAdapter.call(Executors.java:515)
	at java.base/java.util.concurrent.FutureTask.run(FutureTask.java:264)
	at java.base/java.util.concurrent.ThreadPoolExecutor.runWorker(ThreadPoolExecutor.java:1128)
	at java.base/java.util.concurrent.ThreadPoolExecutor$Worker.run(ThreadPoolExecutor.java:628)
	at java.base/java.lang.Thread.run(Thread.java:830)
</pre></div></td>
<td>3</td>
<td>com.yourcompany.Tests.FollowLinkTest@1f554b06</td></tr>
<tr>
<td title='com.yourcompany.Tests.FollowLinkTest.verifyContactLinkTest()'><b>verifyContactLinkTest</b><br>Test class: com.yourcompany.Tests.FollowLinkTest<br>Parameters: MicrosoftEdge, latest, Windows 10, public void com.yourcompany.Tests.FollowLinkTest.verifyContactLinkTest(java.lang.String,java.lang.String,java.lang.String,java.lang.reflect.Method) throws java.net.MalformedURLException,org.openqa.selenium.InvalidElementStateException,java.rmi.UnexpectedException</td>
<td><div><pre>org.openqa.selenium.WebDriverException: Unable to parse remote response: Misconfigured -- Sauce Labs Authentication Error.
You used username &apos;null&apos; and access key &apos;null&apos; to authenticate, which are not valid Sauce Labs credentials.

The following desired capabilities were received:
{&apos;browserName&apos;: &apos;MicrosoftEdge&apos;,
 &apos;name&apos;: &apos;verifyContactLinkTest&apos;,
 &apos;platform&apos;: &apos;WIN10&apos;,
 &apos;version&apos;: &apos;latest&apos;}
Build info: version: &apos;3.11.0&apos;, revision: &apos;e59cfb3&apos;, time: &apos;2018-03-11T20:26:55.152Z&apos;
System info: host: &apos;GC02RH2WYG8WPE&apos;, ip: &apos;192.168.1.107&apos;, os.name: &apos;Mac OS X&apos;, os.arch: &apos;x86_64&apos;, os.version: &apos;10.13.6&apos;, java.version: &apos;13.0.2&apos;
Driver info: driver.version: RemoteWebDriver
	at org.openqa.selenium.remote.ProtocolHandshake.createSession(ProtocolHandshake.java:111)
	at org.openqa.selenium.remote.ProtocolHandshake.createSession(ProtocolHandshake.java:73)
	at org.openqa.selenium.remote.HttpCommandExecutor.execute(HttpCommandExecutor.java:136)
	at org.openqa.selenium.remote.RemoteWebDriver.execute(RemoteWebDriver.java:545)
	at org.openqa.selenium.remote.RemoteWebDriver.startSession(RemoteWebDriver.java:209)
	at org.openqa.selenium.remote.RemoteWebDriver.&lt;init&gt;(RemoteWebDriver.java:132)
	at org.openqa.selenium.remote.RemoteWebDriver.&lt;init&gt;(RemoteWebDriver.java:145)
	at com.yourcompany.Tests.TestBase.createDriver(TestBase.java:116)
	at com.yourcompany.Tests.FollowLinkTest.verifyContactLinkTest(FollowLinkTest.java:29)
	at java.base/java.util.concurrent.FutureTask.run(FutureTask.java:264)
	at java.base/java.util.concurrent.Executors$RunnableAdapter.call(Executors.java:515)
	at java.base/java.util.concurrent.FutureTask.run(FutureTask.java:264)
	at java.base/java.util.concurrent.ThreadPoolExecutor.runWorker(ThreadPoolExecutor.java:1128)
	at java.base/java.util.concurrent.ThreadPoolExecutor$Worker.run(ThreadPoolExecutor.java:628)
	at java.base/java.lang.Thread.run(Thread.java:830)
... Removed 9 stack frames</pre></div><a href='#' onClick='toggleBox("stack-trace624524786", this, "Click to show all stack frames", "Click to hide stack frames")'>Click to show all stack frames</a>
<div class='stack-trace' id='stack-trace624524786'><pre>org.openqa.selenium.WebDriverException: Unable to parse remote response: Misconfigured -- Sauce Labs Authentication Error.
You used username &apos;null&apos; and access key &apos;null&apos; to authenticate, which are not valid Sauce Labs credentials.

The following desired capabilities were received:
{&apos;browserName&apos;: &apos;MicrosoftEdge&apos;,
 &apos;name&apos;: &apos;verifyContactLinkTest&apos;,
 &apos;platform&apos;: &apos;WIN10&apos;,
 &apos;version&apos;: &apos;latest&apos;}
Build info: version: &apos;3.11.0&apos;, revision: &apos;e59cfb3&apos;, time: &apos;2018-03-11T20:26:55.152Z&apos;
System info: host: &apos;GC02RH2WYG8WPE&apos;, ip: &apos;192.168.1.107&apos;, os.name: &apos;Mac OS X&apos;, os.arch: &apos;x86_64&apos;, os.version: &apos;10.13.6&apos;, java.version: &apos;13.0.2&apos;
Driver info: driver.version: RemoteWebDriver
	at org.openqa.selenium.remote.ProtocolHandshake.createSession(ProtocolHandshake.java:111)
	at org.openqa.selenium.remote.ProtocolHandshake.createSession(ProtocolHandshake.java:73)
	at org.openqa.selenium.remote.HttpCommandExecutor.execute(HttpCommandExecutor.java:136)
	at org.openqa.selenium.remote.RemoteWebDriver.execute(RemoteWebDriver.java:545)
	at org.openqa.selenium.remote.RemoteWebDriver.startSession(RemoteWebDriver.java:209)
	at org.openqa.selenium.remote.RemoteWebDriver.&lt;init&gt;(RemoteWebDriver.java:132)
	at org.openqa.selenium.remote.RemoteWebDriver.&lt;init&gt;(RemoteWebDriver.java:145)
	at com.yourcompany.Tests.TestBase.createDriver(TestBase.java:116)
	at com.yourcompany.Tests.FollowLinkTest.verifyContactLinkTest(FollowLinkTest.java:29)
	at java.base/jdk.internal.reflect.NativeMethodAccessorImpl.invoke0(Native Method)
	at java.base/jdk.internal.reflect.NativeMethodAccessorImpl.invoke(NativeMethodAccessorImpl.java:62)
	at java.base/jdk.internal.reflect.DelegatingMethodAccessorImpl.invoke(DelegatingMethodAccessorImpl.java:43)
	at java.base/java.lang.reflect.Method.invoke(Method.java:567)
	at org.testng.internal.MethodInvocationHelper.invokeMethod(MethodInvocationHelper.java:104)
	at org.testng.internal.Invoker.invokeMethod(Invoker.java:645)
	at org.testng.internal.Invoker.invokeTestMethod(Invoker.java:851)
	at org.testng.internal.TestMethodWithDataProviderMethodWorker.call(TestMethodWithDataProviderMethodWorker.java:75)
	at org.testng.internal.TestMethodWithDataProviderMethodWorker.call(TestMethodWithDataProviderMethodWorker.java:14)
	at java.base/java.util.concurrent.FutureTask.run(FutureTask.java:264)
	at java.base/java.util.concurrent.Executors$RunnableAdapter.call(Executors.java:515)
	at java.base/java.util.concurrent.FutureTask.run(FutureTask.java:264)
	at java.base/java.util.concurrent.ThreadPoolExecutor.runWorker(ThreadPoolExecutor.java:1128)
	at java.base/java.util.concurrent.ThreadPoolExecutor$Worker.run(ThreadPoolExecutor.java:628)
	at java.base/java.lang.Thread.run(Thread.java:830)
</pre></div></td>
<td>3</td>
<td>com.yourcompany.Tests.FollowLinkTest@1f554b06</td></tr>
<tr>
<td title='com.yourcompany.Tests.FollowLinkTest.verifyContactLinkTest()'><b>verifyContactLinkTest</b><br>Test class: com.yourcompany.Tests.FollowLinkTest<br>Parameters: firefox, latest-1, Windows 10, public void com.yourcompany.Tests.FollowLinkTest.verifyContactLinkTest(java.lang.String,java.lang.String,java.lang.String,java.lang.reflect.Method) throws java.net.MalformedURLException,org.openqa.selenium.InvalidElementStateException,java.rmi.UnexpectedException</td>
<td><div><pre>org.openqa.selenium.WebDriverException: Unable to parse remote response: Misconfigured -- Sauce Labs Authentication Error.
You used username &apos;null&apos; and access key &apos;null&apos; to authenticate, which are not valid Sauce Labs credentials.

The following desired capabilities were received:
{&apos;browserName&apos;: &apos;firefox&apos;,
 &apos;name&apos;: &apos;verifyContactLinkTest&apos;,
 &apos;platform&apos;: &apos;WIN10&apos;,
 &apos;version&apos;: &apos;latest-1&apos;}
Build info: version: &apos;3.11.0&apos;, revision: &apos;e59cfb3&apos;, time: &apos;2018-03-11T20:26:55.152Z&apos;
System info: host: &apos;GC02RH2WYG8WPE&apos;, ip: &apos;192.168.1.107&apos;, os.name: &apos;Mac OS X&apos;, os.arch: &apos;x86_64&apos;, os.version: &apos;10.13.6&apos;, java.version: &apos;13.0.2&apos;
Driver info: driver.version: RemoteWebDriver
	at org.openqa.selenium.remote.ProtocolHandshake.createSession(ProtocolHandshake.java:111)
	at org.openqa.selenium.remote.ProtocolHandshake.createSession(ProtocolHandshake.java:73)
	at org.openqa.selenium.remote.HttpCommandExecutor.execute(HttpCommandExecutor.java:136)
	at org.openqa.selenium.remote.RemoteWebDriver.execute(RemoteWebDriver.java:545)
	at org.openqa.selenium.remote.RemoteWebDriver.startSession(RemoteWebDriver.java:209)
	at org.openqa.selenium.remote.RemoteWebDriver.&lt;init&gt;(RemoteWebDriver.java:132)
	at org.openqa.selenium.remote.RemoteWebDriver.&lt;init&gt;(RemoteWebDriver.java:145)
	at com.yourcompany.Tests.TestBase.createDriver(TestBase.java:116)
	at com.yourcompany.Tests.FollowLinkTest.verifyContactLinkTest(FollowLinkTest.java:29)
	at java.base/java.util.concurrent.FutureTask.run(FutureTask.java:264)
	at java.base/java.util.concurrent.Executors$RunnableAdapter.call(Executors.java:515)
	at java.base/java.util.concurrent.FutureTask.run(FutureTask.java:264)
	at java.base/java.util.concurrent.ThreadPoolExecutor.runWorker(ThreadPoolExecutor.java:1128)
	at java.base/java.util.concurrent.ThreadPoolExecutor$Worker.run(ThreadPoolExecutor.java:628)
	at java.base/java.lang.Thread.run(Thread.java:830)
... Removed 9 stack frames</pre></div><a href='#' onClick='toggleBox("stack-trace982816175", this, "Click to show all stack frames", "Click to hide stack frames")'>Click to show all stack frames</a>
<div class='stack-trace' id='stack-trace982816175'><pre>org.openqa.selenium.WebDriverException: Unable to parse remote response: Misconfigured -- Sauce Labs Authentication Error.
You used username &apos;null&apos; and access key &apos;null&apos; to authenticate, which are not valid Sauce Labs credentials.

The following desired capabilities were received:
{&apos;browserName&apos;: &apos;firefox&apos;,
 &apos;name&apos;: &apos;verifyContactLinkTest&apos;,
 &apos;platform&apos;: &apos;WIN10&apos;,
 &apos;version&apos;: &apos;latest-1&apos;}
Build info: version: &apos;3.11.0&apos;, revision: &apos;e59cfb3&apos;, time: &apos;2018-03-11T20:26:55.152Z&apos;
System info: host: &apos;GC02RH2WYG8WPE&apos;, ip: &apos;192.168.1.107&apos;, os.name: &apos;Mac OS X&apos;, os.arch: &apos;x86_64&apos;, os.version: &apos;10.13.6&apos;, java.version: &apos;13.0.2&apos;
Driver info: driver.version: RemoteWebDriver
	at org.openqa.selenium.remote.ProtocolHandshake.createSession(ProtocolHandshake.java:111)
	at org.openqa.selenium.remote.ProtocolHandshake.createSession(ProtocolHandshake.java:73)
	at org.openqa.selenium.remote.HttpCommandExecutor.execute(HttpCommandExecutor.java:136)
	at org.openqa.selenium.remote.RemoteWebDriver.execute(RemoteWebDriver.java:545)
	at org.openqa.selenium.remote.RemoteWebDriver.startSession(RemoteWebDriver.java:209)
	at org.openqa.selenium.remote.RemoteWebDriver.&lt;init&gt;(RemoteWebDriver.java:132)
	at org.openqa.selenium.remote.RemoteWebDriver.&lt;init&gt;(RemoteWebDriver.java:145)
	at com.yourcompany.Tests.TestBase.createDriver(TestBase.java:116)
	at com.yourcompany.Tests.FollowLinkTest.verifyContactLinkTest(FollowLinkTest.java:29)
	at java.base/jdk.internal.reflect.NativeMethodAccessorImpl.invoke0(Native Method)
	at java.base/jdk.internal.reflect.NativeMethodAccessorImpl.invoke(NativeMethodAccessorImpl.java:62)
	at java.base/jdk.internal.reflect.DelegatingMethodAccessorImpl.invoke(DelegatingMethodAccessorImpl.java:43)
	at java.base/java.lang.reflect.Method.invoke(Method.java:567)
	at org.testng.internal.MethodInvocationHelper.invokeMethod(MethodInvocationHelper.java:104)
	at org.testng.internal.Invoker.invokeMethod(Invoker.java:645)
	at org.testng.internal.Invoker.invokeTestMethod(Invoker.java:851)
	at org.testng.internal.TestMethodWithDataProviderMethodWorker.call(TestMethodWithDataProviderMethodWorker.java:75)
	at org.testng.internal.TestMethodWithDataProviderMethodWorker.call(TestMethodWithDataProviderMethodWorker.java:14)
	at java.base/java.util.concurrent.FutureTask.run(FutureTask.java:264)
	at java.base/java.util.concurrent.Executors$RunnableAdapter.call(Executors.java:515)
	at java.base/java.util.concurrent.FutureTask.run(FutureTask.java:264)
	at java.base/java.util.concurrent.ThreadPoolExecutor.runWorker(ThreadPoolExecutor.java:1128)
	at java.base/java.util.concurrent.ThreadPoolExecutor$Worker.run(ThreadPoolExecutor.java:628)
	at java.base/java.lang.Thread.run(Thread.java:830)
</pre></div></td>
<td>3</td>
<td>com.yourcompany.Tests.FollowLinkTest@1f554b06</td></tr>
<tr>
<td title='com.yourcompany.Tests.FollowLinkTest.verifyContactLinkTest()'><b>verifyContactLinkTest</b><br>Test class: com.yourcompany.Tests.FollowLinkTest<br>Parameters: firefox, latest, macOS 10.15, public void com.yourcompany.Tests.FollowLinkTest.verifyContactLinkTest(java.lang.String,java.lang.String,java.lang.String,java.lang.reflect.Method) throws java.net.MalformedURLException,org.openqa.selenium.InvalidElementStateException,java.rmi.UnexpectedException</td>
<td><div><pre>org.openqa.selenium.WebDriverException: Unable to parse remote response: Misconfigured -- Sauce Labs Authentication Error.
You used username &apos;null&apos; and access key &apos;null&apos; to authenticate, which are not valid Sauce Labs credentials.

The following desired capabilities were received:
{&apos;browserName&apos;: &apos;firefox&apos;,
 &apos;name&apos;: &apos;verifyContactLinkTest&apos;,
 &apos;platform&apos;: &apos;macOS 10.15&apos;,
 &apos;version&apos;: &apos;latest&apos;}
Build info: version: &apos;3.11.0&apos;, revision: &apos;e59cfb3&apos;, time: &apos;2018-03-11T20:26:55.152Z&apos;
System info: host: &apos;GC02RH2WYG8WPE&apos;, ip: &apos;192.168.1.107&apos;, os.name: &apos;Mac OS X&apos;, os.arch: &apos;x86_64&apos;, os.version: &apos;10.13.6&apos;, java.version: &apos;13.0.2&apos;
Driver info: driver.version: RemoteWebDriver
	at org.openqa.selenium.remote.ProtocolHandshake.createSession(ProtocolHandshake.java:111)
	at org.openqa.selenium.remote.ProtocolHandshake.createSession(ProtocolHandshake.java:73)
	at org.openqa.selenium.remote.HttpCommandExecutor.execute(HttpCommandExecutor.java:136)
	at org.openqa.selenium.remote.RemoteWebDriver.execute(RemoteWebDriver.java:545)
	at org.openqa.selenium.remote.RemoteWebDriver.startSession(RemoteWebDriver.java:209)
	at org.openqa.selenium.remote.RemoteWebDriver.&lt;init&gt;(RemoteWebDriver.java:132)
	at org.openqa.selenium.remote.RemoteWebDriver.&lt;init&gt;(RemoteWebDriver.java:145)
	at com.yourcompany.Tests.TestBase.createDriver(TestBase.java:116)
	at com.yourcompany.Tests.FollowLinkTest.verifyContactLinkTest(FollowLinkTest.java:29)
	at java.base/java.util.concurrent.FutureTask.run(FutureTask.java:264)
	at java.base/java.util.concurrent.Executors$RunnableAdapter.call(Executors.java:515)
	at java.base/java.util.concurrent.FutureTask.run(FutureTask.java:264)
	at java.base/java.util.concurrent.ThreadPoolExecutor.runWorker(ThreadPoolExecutor.java:1128)
	at java.base/java.util.concurrent.ThreadPoolExecutor$Worker.run(ThreadPoolExecutor.java:628)
	at java.base/java.lang.Thread.run(Thread.java:830)
... Removed 9 stack frames</pre></div><a href='#' onClick='toggleBox("stack-trace945717844", this, "Click to show all stack frames", "Click to hide stack frames")'>Click to show all stack frames</a>
<div class='stack-trace' id='stack-trace945717844'><pre>org.openqa.selenium.WebDriverException: Unable to parse remote response: Misconfigured -- Sauce Labs Authentication Error.
You used username &apos;null&apos; and access key &apos;null&apos; to authenticate, which are not valid Sauce Labs credentials.

The following desired capabilities were received:
{&apos;browserName&apos;: &apos;firefox&apos;,
 &apos;name&apos;: &apos;verifyContactLinkTest&apos;,
 &apos;platform&apos;: &apos;macOS 10.15&apos;,
 &apos;version&apos;: &apos;latest&apos;}
Build info: version: &apos;3.11.0&apos;, revision: &apos;e59cfb3&apos;, time: &apos;2018-03-11T20:26:55.152Z&apos;
System info: host: &apos;GC02RH2WYG8WPE&apos;, ip: &apos;192.168.1.107&apos;, os.name: &apos;Mac OS X&apos;, os.arch: &apos;x86_64&apos;, os.version: &apos;10.13.6&apos;, java.version: &apos;13.0.2&apos;
Driver info: driver.version: RemoteWebDriver
	at org.openqa.selenium.remote.ProtocolHandshake.createSession(ProtocolHandshake.java:111)
	at org.openqa.selenium.remote.ProtocolHandshake.createSession(ProtocolHandshake.java:73)
	at org.openqa.selenium.remote.HttpCommandExecutor.execute(HttpCommandExecutor.java:136)
	at org.openqa.selenium.remote.RemoteWebDriver.execute(RemoteWebDriver.java:545)
	at org.openqa.selenium.remote.RemoteWebDriver.startSession(RemoteWebDriver.java:209)
	at org.openqa.selenium.remote.RemoteWebDriver.&lt;init&gt;(RemoteWebDriver.java:132)
	at org.openqa.selenium.remote.RemoteWebDriver.&lt;init&gt;(RemoteWebDriver.java:145)
	at com.yourcompany.Tests.TestBase.createDriver(TestBase.java:116)
	at com.yourcompany.Tests.FollowLinkTest.verifyContactLinkTest(FollowLinkTest.java:29)
	at java.base/jdk.internal.reflect.NativeMethodAccessorImpl.invoke0(Native Method)
	at java.base/jdk.internal.reflect.NativeMethodAccessorImpl.invoke(NativeMethodAccessorImpl.java:62)
	at java.base/jdk.internal.reflect.DelegatingMethodAccessorImpl.invoke(DelegatingMethodAccessorImpl.java:43)
	at java.base/java.lang.reflect.Method.invoke(Method.java:567)
	at org.testng.internal.MethodInvocationHelper.invokeMethod(MethodInvocationHelper.java:104)
	at org.testng.internal.Invoker.invokeMethod(Invoker.java:645)
	at org.testng.internal.Invoker.invokeTestMethod(Invoker.java:851)
	at org.testng.internal.TestMethodWithDataProviderMethodWorker.call(TestMethodWithDataProviderMethodWorker.java:75)
	at org.testng.internal.TestMethodWithDataProviderMethodWorker.call(TestMethodWithDataProviderMethodWorker.java:14)
	at java.base/java.util.concurrent.FutureTask.run(FutureTask.java:264)
	at java.base/java.util.concurrent.Executors$RunnableAdapter.call(Executors.java:515)
	at java.base/java.util.concurrent.FutureTask.run(FutureTask.java:264)
	at java.base/java.util.concurrent.ThreadPoolExecutor.runWorker(ThreadPoolExecutor.java:1128)
	at java.base/java.util.concurrent.ThreadPoolExecutor$Worker.run(ThreadPoolExecutor.java:628)
	at java.base/java.lang.Thread.run(Thread.java:830)
</pre></div></td>
<td>3</td>
<td>com.yourcompany.Tests.FollowLinkTest@1f554b06</td></tr>
<tr>
<td title='com.yourcompany.Tests.FollowLinkTest.verifyContactLinkTest()'><b>verifyContactLinkTest</b><br>Test class: com.yourcompany.Tests.FollowLinkTest<br>Parameters: MicrosoftEdge, latest-1, Windows 10, public void com.yourcompany.Tests.FollowLinkTest.verifyContactLinkTest(java.lang.String,java.lang.String,java.lang.String,java.lang.reflect.Method) throws java.net.MalformedURLException,org.openqa.selenium.InvalidElementStateException,java.rmi.UnexpectedException</td>
<td><div><pre>org.openqa.selenium.WebDriverException: Unable to parse remote response: Misconfigured -- Sauce Labs Authentication Error.
You used username &apos;null&apos; and access key &apos;null&apos; to authenticate, which are not valid Sauce Labs credentials.

The following desired capabilities were received:
{&apos;browserName&apos;: &apos;MicrosoftEdge&apos;,
 &apos;name&apos;: &apos;verifyContactLinkTest&apos;,
 &apos;platform&apos;: &apos;WIN10&apos;,
 &apos;version&apos;: &apos;latest-1&apos;}
Build info: version: &apos;3.11.0&apos;, revision: &apos;e59cfb3&apos;, time: &apos;2018-03-11T20:26:55.152Z&apos;
System info: host: &apos;GC02RH2WYG8WPE&apos;, ip: &apos;192.168.1.107&apos;, os.name: &apos;Mac OS X&apos;, os.arch: &apos;x86_64&apos;, os.version: &apos;10.13.6&apos;, java.version: &apos;13.0.2&apos;
Driver info: driver.version: RemoteWebDriver
	at org.openqa.selenium.remote.ProtocolHandshake.createSession(ProtocolHandshake.java:111)
	at org.openqa.selenium.remote.ProtocolHandshake.createSession(ProtocolHandshake.java:73)
	at org.openqa.selenium.remote.HttpCommandExecutor.execute(HttpCommandExecutor.java:136)
	at org.openqa.selenium.remote.RemoteWebDriver.execute(RemoteWebDriver.java:545)
	at org.openqa.selenium.remote.RemoteWebDriver.startSession(RemoteWebDriver.java:209)
	at org.openqa.selenium.remote.RemoteWebDriver.&lt;init&gt;(RemoteWebDriver.java:132)
	at org.openqa.selenium.remote.RemoteWebDriver.&lt;init&gt;(RemoteWebDriver.java:145)
	at com.yourcompany.Tests.TestBase.createDriver(TestBase.java:116)
	at com.yourcompany.Tests.FollowLinkTest.verifyContactLinkTest(FollowLinkTest.java:29)
	at java.base/java.util.concurrent.FutureTask.run(FutureTask.java:264)
	at java.base/java.util.concurrent.Executors$RunnableAdapter.call(Executors.java:515)
	at java.base/java.util.concurrent.FutureTask.run(FutureTask.java:264)
	at java.base/java.util.concurrent.ThreadPoolExecutor.runWorker(ThreadPoolExecutor.java:1128)
	at java.base/java.util.concurrent.ThreadPoolExecutor$Worker.run(ThreadPoolExecutor.java:628)
	at java.base/java.lang.Thread.run(Thread.java:830)
... Removed 9 stack frames</pre></div><a href='#' onClick='toggleBox("stack-trace11654625", this, "Click to show all stack frames", "Click to hide stack frames")'>Click to show all stack frames</a>
<div class='stack-trace' id='stack-trace11654625'><pre>org.openqa.selenium.WebDriverException: Unable to parse remote response: Misconfigured -- Sauce Labs Authentication Error.
You used username &apos;null&apos; and access key &apos;null&apos; to authenticate, which are not valid Sauce Labs credentials.

The following desired capabilities were received:
{&apos;browserName&apos;: &apos;MicrosoftEdge&apos;,
 &apos;name&apos;: &apos;verifyContactLinkTest&apos;,
 &apos;platform&apos;: &apos;WIN10&apos;,
 &apos;version&apos;: &apos;latest-1&apos;}
Build info: version: &apos;3.11.0&apos;, revision: &apos;e59cfb3&apos;, time: &apos;2018-03-11T20:26:55.152Z&apos;
System info: host: &apos;GC02RH2WYG8WPE&apos;, ip: &apos;192.168.1.107&apos;, os.name: &apos;Mac OS X&apos;, os.arch: &apos;x86_64&apos;, os.version: &apos;10.13.6&apos;, java.version: &apos;13.0.2&apos;
Driver info: driver.version: RemoteWebDriver
	at org.openqa.selenium.remote.ProtocolHandshake.createSession(ProtocolHandshake.java:111)
	at org.openqa.selenium.remote.ProtocolHandshake.createSession(ProtocolHandshake.java:73)
	at org.openqa.selenium.remote.HttpCommandExecutor.execute(HttpCommandExecutor.java:136)
	at org.openqa.selenium.remote.RemoteWebDriver.execute(RemoteWebDriver.java:545)
	at org.openqa.selenium.remote.RemoteWebDriver.startSession(RemoteWebDriver.java:209)
	at org.openqa.selenium.remote.RemoteWebDriver.&lt;init&gt;(RemoteWebDriver.java:132)
	at org.openqa.selenium.remote.RemoteWebDriver.&lt;init&gt;(RemoteWebDriver.java:145)
	at com.yourcompany.Tests.TestBase.createDriver(TestBase.java:116)
	at com.yourcompany.Tests.FollowLinkTest.verifyContactLinkTest(FollowLinkTest.java:29)
	at java.base/jdk.internal.reflect.NativeMethodAccessorImpl.invoke0(Native Method)
	at java.base/jdk.internal.reflect.NativeMethodAccessorImpl.invoke(NativeMethodAccessorImpl.java:62)
	at java.base/jdk.internal.reflect.DelegatingMethodAccessorImpl.invoke(DelegatingMethodAccessorImpl.java:43)
	at java.base/java.lang.reflect.Method.invoke(Method.java:567)
	at org.testng.internal.MethodInvocationHelper.invokeMethod(MethodInvocationHelper.java:104)
	at org.testng.internal.Invoker.invokeMethod(Invoker.java:645)
	at org.testng.internal.Invoker.invokeTestMethod(Invoker.java:851)
	at org.testng.internal.TestMethodWithDataProviderMethodWorker.call(TestMethodWithDataProviderMethodWorker.java:75)
	at org.testng.internal.TestMethodWithDataProviderMethodWorker.call(TestMethodWithDataProviderMethodWorker.java:14)
	at java.base/java.util.concurrent.FutureTask.run(FutureTask.java:264)
	at java.base/java.util.concurrent.Executors$RunnableAdapter.call(Executors.java:515)
	at java.base/java.util.concurrent.FutureTask.run(FutureTask.java:264)
	at java.base/java.util.concurrent.ThreadPoolExecutor.runWorker(ThreadPoolExecutor.java:1128)
	at java.base/java.util.concurrent.ThreadPoolExecutor$Worker.run(ThreadPoolExecutor.java:628)
	at java.base/java.lang.Thread.run(Thread.java:830)
</pre></div></td>
<td>3</td>
<td>com.yourcompany.Tests.FollowLinkTest@1f554b06</td></tr>
<tr>
<td title='com.yourcompany.Tests.PAOIEndpointTest.verifyPAOIEndpointTest()'><b>verifyPAOIEndpointTest</b><br>Test class: com.yourcompany.Tests.PAOIEndpointTest<br>Parameters: chrome, latest-1, Windows 10, public void com.yourcompany.Tests.PAOIEndpointTest.verifyPAOIEndpointTest(java.lang.String,java.lang.String,java.lang.String,java.lang.reflect.Method) throws java.net.MalformedURLException,org.openqa.selenium.InvalidElementStateException,java.rmi.UnexpectedException</td>
<td><div><pre>org.openqa.selenium.WebDriverException: Unable to parse remote response: Misconfigured -- Sauce Labs Authentication Error.
You used username &apos;null&apos; and access key &apos;null&apos; to authenticate, which are not valid Sauce Labs credentials.

The following desired capabilities were received:
{&apos;browserName&apos;: &apos;chrome&apos;,
 &apos;name&apos;: &apos;verifyPAOIEndpointTest&apos;,
 &apos;platform&apos;: &apos;WIN10&apos;,
 &apos;version&apos;: &apos;latest-1&apos;}
Build info: version: &apos;3.11.0&apos;, revision: &apos;e59cfb3&apos;, time: &apos;2018-03-11T20:26:55.152Z&apos;
System info: host: &apos;GC02RH2WYG8WPE&apos;, ip: &apos;192.168.1.107&apos;, os.name: &apos;Mac OS X&apos;, os.arch: &apos;x86_64&apos;, os.version: &apos;10.13.6&apos;, java.version: &apos;13.0.2&apos;
Driver info: driver.version: RemoteWebDriver
	at org.openqa.selenium.remote.ProtocolHandshake.createSession(ProtocolHandshake.java:111)
	at org.openqa.selenium.remote.ProtocolHandshake.createSession(ProtocolHandshake.java:73)
	at org.openqa.selenium.remote.HttpCommandExecutor.execute(HttpCommandExecutor.java:136)
	at org.openqa.selenium.remote.RemoteWebDriver.execute(RemoteWebDriver.java:545)
	at org.openqa.selenium.remote.RemoteWebDriver.startSession(RemoteWebDriver.java:209)
	at org.openqa.selenium.remote.RemoteWebDriver.&lt;init&gt;(RemoteWebDriver.java:132)
	at org.openqa.selenium.remote.RemoteWebDriver.&lt;init&gt;(RemoteWebDriver.java:145)
	at com.yourcompany.Tests.TestBase.createDriver(TestBase.java:116)
	at com.yourcompany.Tests.PAOIEndpointTest.verifyPAOIEndpointTest(PAOIEndpointTest.java:29)
	at java.base/java.util.concurrent.FutureTask.run(FutureTask.java:264)
	at java.base/java.util.concurrent.Executors$RunnableAdapter.call(Executors.java:515)
	at java.base/java.util.concurrent.FutureTask.run(FutureTask.java:264)
	at java.base/java.util.concurrent.ThreadPoolExecutor.runWorker(ThreadPoolExecutor.java:1128)
	at java.base/java.util.concurrent.ThreadPoolExecutor$Worker.run(ThreadPoolExecutor.java:628)
	at java.base/java.lang.Thread.run(Thread.java:830)
... Removed 9 stack frames</pre></div><a href='#' onClick='toggleBox("stack-trace913843245", this, "Click to show all stack frames", "Click to hide stack frames")'>Click to show all stack frames</a>
<div class='stack-trace' id='stack-trace913843245'><pre>org.openqa.selenium.WebDriverException: Unable to parse remote response: Misconfigured -- Sauce Labs Authentication Error.
You used username &apos;null&apos; and access key &apos;null&apos; to authenticate, which are not valid Sauce Labs credentials.

The following desired capabilities were received:
{&apos;browserName&apos;: &apos;chrome&apos;,
 &apos;name&apos;: &apos;verifyPAOIEndpointTest&apos;,
 &apos;platform&apos;: &apos;WIN10&apos;,
 &apos;version&apos;: &apos;latest-1&apos;}
Build info: version: &apos;3.11.0&apos;, revision: &apos;e59cfb3&apos;, time: &apos;2018-03-11T20:26:55.152Z&apos;
System info: host: &apos;GC02RH2WYG8WPE&apos;, ip: &apos;192.168.1.107&apos;, os.name: &apos;Mac OS X&apos;, os.arch: &apos;x86_64&apos;, os.version: &apos;10.13.6&apos;, java.version: &apos;13.0.2&apos;
Driver info: driver.version: RemoteWebDriver
	at org.openqa.selenium.remote.ProtocolHandshake.createSession(ProtocolHandshake.java:111)
	at org.openqa.selenium.remote.ProtocolHandshake.createSession(ProtocolHandshake.java:73)
	at org.openqa.selenium.remote.HttpCommandExecutor.execute(HttpCommandExecutor.java:136)
	at org.openqa.selenium.remote.RemoteWebDriver.execute(RemoteWebDriver.java:545)
	at org.openqa.selenium.remote.RemoteWebDriver.startSession(RemoteWebDriver.java:209)
	at org.openqa.selenium.remote.RemoteWebDriver.&lt;init&gt;(RemoteWebDriver.java:132)
	at org.openqa.selenium.remote.RemoteWebDriver.&lt;init&gt;(RemoteWebDriver.java:145)
	at com.yourcompany.Tests.TestBase.createDriver(TestBase.java:116)
	at com.yourcompany.Tests.PAOIEndpointTest.verifyPAOIEndpointTest(PAOIEndpointTest.java:29)
	at java.base/jdk.internal.reflect.NativeMethodAccessorImpl.invoke0(Native Method)
	at java.base/jdk.internal.reflect.NativeMethodAccessorImpl.invoke(NativeMethodAccessorImpl.java:62)
	at java.base/jdk.internal.reflect.DelegatingMethodAccessorImpl.invoke(DelegatingMethodAccessorImpl.java:43)
	at java.base/java.lang.reflect.Method.invoke(Method.java:567)
	at org.testng.internal.MethodInvocationHelper.invokeMethod(MethodInvocationHelper.java:104)
	at org.testng.internal.Invoker.invokeMethod(Invoker.java:645)
	at org.testng.internal.Invoker.invokeTestMethod(Invoker.java:851)
	at org.testng.internal.TestMethodWithDataProviderMethodWorker.call(TestMethodWithDataProviderMethodWorker.java:75)
	at org.testng.internal.TestMethodWithDataProviderMethodWorker.call(TestMethodWithDataProviderMethodWorker.java:14)
	at java.base/java.util.concurrent.FutureTask.run(FutureTask.java:264)
	at java.base/java.util.concurrent.Executors$RunnableAdapter.call(Executors.java:515)
	at java.base/java.util.concurrent.FutureTask.run(FutureTask.java:264)
	at java.base/java.util.concurrent.ThreadPoolExecutor.runWorker(ThreadPoolExecutor.java:1128)
	at java.base/java.util.concurrent.ThreadPoolExecutor$Worker.run(ThreadPoolExecutor.java:628)
	at java.base/java.lang.Thread.run(Thread.java:830)
</pre></div></td>
<td>3</td>
<td>com.yourcompany.Tests.PAOIEndpointTest@614ddd49</td></tr>
<tr>
<td title='com.yourcompany.Tests.PAOIEndpointTest.verifyPAOIEndpointTest()'><b>verifyPAOIEndpointTest</b><br>Test class: com.yourcompany.Tests.PAOIEndpointTest<br>Parameters: firefox, latest, Windows 10, public void com.yourcompany.Tests.PAOIEndpointTest.verifyPAOIEndpointTest(java.lang.String,java.lang.String,java.lang.String,java.lang.reflect.Method) throws java.net.MalformedURLException,org.openqa.selenium.InvalidElementStateException,java.rmi.UnexpectedException</td>
<td><div><pre>org.openqa.selenium.WebDriverException: Unable to parse remote response: Misconfigured -- Sauce Labs Authentication Error.
You used username &apos;null&apos; and access key &apos;null&apos; to authenticate, which are not valid Sauce Labs credentials.

The following desired capabilities were received:
{&apos;browserName&apos;: &apos;firefox&apos;,
 &apos;name&apos;: &apos;verifyPAOIEndpointTest&apos;,
 &apos;platform&apos;: &apos;WIN10&apos;,
 &apos;version&apos;: &apos;latest&apos;}
Build info: version: &apos;3.11.0&apos;, revision: &apos;e59cfb3&apos;, time: &apos;2018-03-11T20:26:55.152Z&apos;
System info: host: &apos;GC02RH2WYG8WPE&apos;, ip: &apos;192.168.1.107&apos;, os.name: &apos;Mac OS X&apos;, os.arch: &apos;x86_64&apos;, os.version: &apos;10.13.6&apos;, java.version: &apos;13.0.2&apos;
Driver info: driver.version: RemoteWebDriver
	at org.openqa.selenium.remote.ProtocolHandshake.createSession(ProtocolHandshake.java:111)
	at org.openqa.selenium.remote.ProtocolHandshake.createSession(ProtocolHandshake.java:73)
	at org.openqa.selenium.remote.HttpCommandExecutor.execute(HttpCommandExecutor.java:136)
	at org.openqa.selenium.remote.RemoteWebDriver.execute(RemoteWebDriver.java:545)
	at org.openqa.selenium.remote.RemoteWebDriver.startSession(RemoteWebDriver.java:209)
	at org.openqa.selenium.remote.RemoteWebDriver.&lt;init&gt;(RemoteWebDriver.java:132)
	at org.openqa.selenium.remote.RemoteWebDriver.&lt;init&gt;(RemoteWebDriver.java:145)
	at com.yourcompany.Tests.TestBase.createDriver(TestBase.java:116)
	at com.yourcompany.Tests.PAOIEndpointTest.verifyPAOIEndpointTest(PAOIEndpointTest.java:29)
	at java.base/java.util.concurrent.FutureTask.run(FutureTask.java:264)
	at java.base/java.util.concurrent.Executors$RunnableAdapter.call(Executors.java:515)
	at java.base/java.util.concurrent.FutureTask.run(FutureTask.java:264)
	at java.base/java.util.concurrent.ThreadPoolExecutor.runWorker(ThreadPoolExecutor.java:1128)
	at java.base/java.util.concurrent.ThreadPoolExecutor$Worker.run(ThreadPoolExecutor.java:628)
	at java.base/java.lang.Thread.run(Thread.java:830)
... Removed 9 stack frames</pre></div><a href='#' onClick='toggleBox("stack-trace1047011910", this, "Click to show all stack frames", "Click to hide stack frames")'>Click to show all stack frames</a>
<div class='stack-trace' id='stack-trace1047011910'><pre>org.openqa.selenium.WebDriverException: Unable to parse remote response: Misconfigured -- Sauce Labs Authentication Error.
You used username &apos;null&apos; and access key &apos;null&apos; to authenticate, which are not valid Sauce Labs credentials.

The following desired capabilities were received:
{&apos;browserName&apos;: &apos;firefox&apos;,
 &apos;name&apos;: &apos;verifyPAOIEndpointTest&apos;,
 &apos;platform&apos;: &apos;WIN10&apos;,
 &apos;version&apos;: &apos;latest&apos;}
Build info: version: &apos;3.11.0&apos;, revision: &apos;e59cfb3&apos;, time: &apos;2018-03-11T20:26:55.152Z&apos;
System info: host: &apos;GC02RH2WYG8WPE&apos;, ip: &apos;192.168.1.107&apos;, os.name: &apos;Mac OS X&apos;, os.arch: &apos;x86_64&apos;, os.version: &apos;10.13.6&apos;, java.version: &apos;13.0.2&apos;
Driver info: driver.version: RemoteWebDriver
	at org.openqa.selenium.remote.ProtocolHandshake.createSession(ProtocolHandshake.java:111)
	at org.openqa.selenium.remote.ProtocolHandshake.createSession(ProtocolHandshake.java:73)
	at org.openqa.selenium.remote.HttpCommandExecutor.execute(HttpCommandExecutor.java:136)
	at org.openqa.selenium.remote.RemoteWebDriver.execute(RemoteWebDriver.java:545)
	at org.openqa.selenium.remote.RemoteWebDriver.startSession(RemoteWebDriver.java:209)
	at org.openqa.selenium.remote.RemoteWebDriver.&lt;init&gt;(RemoteWebDriver.java:132)
	at org.openqa.selenium.remote.RemoteWebDriver.&lt;init&gt;(RemoteWebDriver.java:145)
	at com.yourcompany.Tests.TestBase.createDriver(TestBase.java:116)
	at com.yourcompany.Tests.PAOIEndpointTest.verifyPAOIEndpointTest(PAOIEndpointTest.java:29)
	at java.base/jdk.internal.reflect.NativeMethodAccessorImpl.invoke0(Native Method)
	at java.base/jdk.internal.reflect.NativeMethodAccessorImpl.invoke(NativeMethodAccessorImpl.java:62)
	at java.base/jdk.internal.reflect.DelegatingMethodAccessorImpl.invoke(DelegatingMethodAccessorImpl.java:43)
	at java.base/java.lang.reflect.Method.invoke(Method.java:567)
	at org.testng.internal.MethodInvocationHelper.invokeMethod(MethodInvocationHelper.java:104)
	at org.testng.internal.Invoker.invokeMethod(Invoker.java:645)
	at org.testng.internal.Invoker.invokeTestMethod(Invoker.java:851)
	at org.testng.internal.TestMethodWithDataProviderMethodWorker.call(TestMethodWithDataProviderMethodWorker.java:75)
	at org.testng.internal.TestMethodWithDataProviderMethodWorker.call(TestMethodWithDataProviderMethodWorker.java:14)
	at java.base/java.util.concurrent.FutureTask.run(FutureTask.java:264)
	at java.base/java.util.concurrent.Executors$RunnableAdapter.call(Executors.java:515)
	at java.base/java.util.concurrent.FutureTask.run(FutureTask.java:264)
	at java.base/java.util.concurrent.ThreadPoolExecutor.runWorker(ThreadPoolExecutor.java:1128)
	at java.base/java.util.concurrent.ThreadPoolExecutor$Worker.run(ThreadPoolExecutor.java:628)
	at java.base/java.lang.Thread.run(Thread.java:830)
</pre></div></td>
<td>3</td>
<td>com.yourcompany.Tests.PAOIEndpointTest@614ddd49</td></tr>
<tr>
<td title='com.yourcompany.Tests.PAOIEndpointTest.verifyPAOIEndpointTest()'><b>verifyPAOIEndpointTest</b><br>Test class: com.yourcompany.Tests.PAOIEndpointTest<br>Parameters: MicrosoftEdge, latest-1, Windows 10, public void com.yourcompany.Tests.PAOIEndpointTest.verifyPAOIEndpointTest(java.lang.String,java.lang.String,java.lang.String,java.lang.reflect.Method) throws java.net.MalformedURLException,org.openqa.selenium.InvalidElementStateException,java.rmi.UnexpectedException</td>
<td><div><pre>org.openqa.selenium.WebDriverException: Unable to parse remote response: Misconfigured -- Sauce Labs Authentication Error.
You used username &apos;null&apos; and access key &apos;null&apos; to authenticate, which are not valid Sauce Labs credentials.

The following desired capabilities were received:
{&apos;browserName&apos;: &apos;MicrosoftEdge&apos;,
 &apos;name&apos;: &apos;verifyPAOIEndpointTest&apos;,
 &apos;platform&apos;: &apos;WIN10&apos;,
 &apos;version&apos;: &apos;latest-1&apos;}
Build info: version: &apos;3.11.0&apos;, revision: &apos;e59cfb3&apos;, time: &apos;2018-03-11T20:26:55.152Z&apos;
System info: host: &apos;GC02RH2WYG8WPE&apos;, ip: &apos;192.168.1.107&apos;, os.name: &apos;Mac OS X&apos;, os.arch: &apos;x86_64&apos;, os.version: &apos;10.13.6&apos;, java.version: &apos;13.0.2&apos;
Driver info: driver.version: RemoteWebDriver
	at org.openqa.selenium.remote.ProtocolHandshake.createSession(ProtocolHandshake.java:111)
	at org.openqa.selenium.remote.ProtocolHandshake.createSession(ProtocolHandshake.java:73)
	at org.openqa.selenium.remote.HttpCommandExecutor.execute(HttpCommandExecutor.java:136)
	at org.openqa.selenium.remote.RemoteWebDriver.execute(RemoteWebDriver.java:545)
	at org.openqa.selenium.remote.RemoteWebDriver.startSession(RemoteWebDriver.java:209)
	at org.openqa.selenium.remote.RemoteWebDriver.&lt;init&gt;(RemoteWebDriver.java:132)
	at org.openqa.selenium.remote.RemoteWebDriver.&lt;init&gt;(RemoteWebDriver.java:145)
	at com.yourcompany.Tests.TestBase.createDriver(TestBase.java:116)
	at com.yourcompany.Tests.PAOIEndpointTest.verifyPAOIEndpointTest(PAOIEndpointTest.java:29)
	at java.base/java.util.concurrent.FutureTask.run(FutureTask.java:264)
	at java.base/java.util.concurrent.Executors$RunnableAdapter.call(Executors.java:515)
	at java.base/java.util.concurrent.FutureTask.run(FutureTask.java:264)
	at java.base/java.util.concurrent.ThreadPoolExecutor.runWorker(ThreadPoolExecutor.java:1128)
	at java.base/java.util.concurrent.ThreadPoolExecutor$Worker.run(ThreadPoolExecutor.java:628)
	at java.base/java.lang.Thread.run(Thread.java:830)
... Removed 9 stack frames</pre></div><a href='#' onClick='toggleBox("stack-trace2023805047", this, "Click to show all stack frames", "Click to hide stack frames")'>Click to show all stack frames</a>
<div class='stack-trace' id='stack-trace2023805047'><pre>org.openqa.selenium.WebDriverException: Unable to parse remote response: Misconfigured -- Sauce Labs Authentication Error.
You used username &apos;null&apos; and access key &apos;null&apos; to authenticate, which are not valid Sauce Labs credentials.

The following desired capabilities were received:
{&apos;browserName&apos;: &apos;MicrosoftEdge&apos;,
 &apos;name&apos;: &apos;verifyPAOIEndpointTest&apos;,
 &apos;platform&apos;: &apos;WIN10&apos;,
 &apos;version&apos;: &apos;latest-1&apos;}
Build info: version: &apos;3.11.0&apos;, revision: &apos;e59cfb3&apos;, time: &apos;2018-03-11T20:26:55.152Z&apos;
System info: host: &apos;GC02RH2WYG8WPE&apos;, ip: &apos;192.168.1.107&apos;, os.name: &apos;Mac OS X&apos;, os.arch: &apos;x86_64&apos;, os.version: &apos;10.13.6&apos;, java.version: &apos;13.0.2&apos;
Driver info: driver.version: RemoteWebDriver
	at org.openqa.selenium.remote.ProtocolHandshake.createSession(ProtocolHandshake.java:111)
	at org.openqa.selenium.remote.ProtocolHandshake.createSession(ProtocolHandshake.java:73)
	at org.openqa.selenium.remote.HttpCommandExecutor.execute(HttpCommandExecutor.java:136)
	at org.openqa.selenium.remote.RemoteWebDriver.execute(RemoteWebDriver.java:545)
	at org.openqa.selenium.remote.RemoteWebDriver.startSession(RemoteWebDriver.java:209)
	at org.openqa.selenium.remote.RemoteWebDriver.&lt;init&gt;(RemoteWebDriver.java:132)
	at org.openqa.selenium.remote.RemoteWebDriver.&lt;init&gt;(RemoteWebDriver.java:145)
	at com.yourcompany.Tests.TestBase.createDriver(TestBase.java:116)
	at com.yourcompany.Tests.PAOIEndpointTest.verifyPAOIEndpointTest(PAOIEndpointTest.java:29)
	at java.base/jdk.internal.reflect.NativeMethodAccessorImpl.invoke0(Native Method)
	at java.base/jdk.internal.reflect.NativeMethodAccessorImpl.invoke(NativeMethodAccessorImpl.java:62)
	at java.base/jdk.internal.reflect.DelegatingMethodAccessorImpl.invoke(DelegatingMethodAccessorImpl.java:43)
	at java.base/java.lang.reflect.Method.invoke(Method.java:567)
	at org.testng.internal.MethodInvocationHelper.invokeMethod(MethodInvocationHelper.java:104)
	at org.testng.internal.Invoker.invokeMethod(Invoker.java:645)
	at org.testng.internal.Invoker.invokeTestMethod(Invoker.java:851)
	at org.testng.internal.TestMethodWithDataProviderMethodWorker.call(TestMethodWithDataProviderMethodWorker.java:75)
	at org.testng.internal.TestMethodWithDataProviderMethodWorker.call(TestMethodWithDataProviderMethodWorker.java:14)
	at java.base/java.util.concurrent.FutureTask.run(FutureTask.java:264)
	at java.base/java.util.concurrent.Executors$RunnableAdapter.call(Executors.java:515)
	at java.base/java.util.concurrent.FutureTask.run(FutureTask.java:264)
	at java.base/java.util.concurrent.ThreadPoolExecutor.runWorker(ThreadPoolExecutor.java:1128)
	at java.base/java.util.concurrent.ThreadPoolExecutor$Worker.run(ThreadPoolExecutor.java:628)
	at java.base/java.lang.Thread.run(Thread.java:830)
</pre></div></td>
<td>3</td>
<td>com.yourcompany.Tests.PAOIEndpointTest@614ddd49</td></tr>
<tr>
<td title='com.yourcompany.Tests.PAOIEndpointTest.verifyPAOIEndpointTest()'><b>verifyPAOIEndpointTest</b><br>Test class: com.yourcompany.Tests.PAOIEndpointTest<br>Parameters: chrome, latest-1, macOS 10.15, public void com.yourcompany.Tests.PAOIEndpointTest.verifyPAOIEndpointTest(java.lang.String,java.lang.String,java.lang.String,java.lang.reflect.Method) throws java.net.MalformedURLException,org.openqa.selenium.InvalidElementStateException,java.rmi.UnexpectedException</td>
<td><div><pre>org.openqa.selenium.WebDriverException: Unable to parse remote response: Misconfigured -- Sauce Labs Authentication Error.
You used username &apos;null&apos; and access key &apos;null&apos; to authenticate, which are not valid Sauce Labs credentials.

The following desired capabilities were received:
{&apos;browserName&apos;: &apos;chrome&apos;,
 &apos;name&apos;: &apos;verifyPAOIEndpointTest&apos;,
 &apos;platform&apos;: &apos;macOS 10.15&apos;,
 &apos;version&apos;: &apos;latest-1&apos;}
Build info: version: &apos;3.11.0&apos;, revision: &apos;e59cfb3&apos;, time: &apos;2018-03-11T20:26:55.152Z&apos;
System info: host: &apos;GC02RH2WYG8WPE&apos;, ip: &apos;192.168.1.107&apos;, os.name: &apos;Mac OS X&apos;, os.arch: &apos;x86_64&apos;, os.version: &apos;10.13.6&apos;, java.version: &apos;13.0.2&apos;
Driver info: driver.version: RemoteWebDriver
	at org.openqa.selenium.remote.ProtocolHandshake.createSession(ProtocolHandshake.java:111)
	at org.openqa.selenium.remote.ProtocolHandshake.createSession(ProtocolHandshake.java:73)
	at org.openqa.selenium.remote.HttpCommandExecutor.execute(HttpCommandExecutor.java:136)
	at org.openqa.selenium.remote.RemoteWebDriver.execute(RemoteWebDriver.java:545)
	at org.openqa.selenium.remote.RemoteWebDriver.startSession(RemoteWebDriver.java:209)
	at org.openqa.selenium.remote.RemoteWebDriver.&lt;init&gt;(RemoteWebDriver.java:132)
	at org.openqa.selenium.remote.RemoteWebDriver.&lt;init&gt;(RemoteWebDriver.java:145)
	at com.yourcompany.Tests.TestBase.createDriver(TestBase.java:116)
	at com.yourcompany.Tests.PAOIEndpointTest.verifyPAOIEndpointTest(PAOIEndpointTest.java:29)
	at java.base/java.util.concurrent.FutureTask.run(FutureTask.java:264)
	at java.base/java.util.concurrent.Executors$RunnableAdapter.call(Executors.java:515)
	at java.base/java.util.concurrent.FutureTask.run(FutureTask.java:264)
	at java.base/java.util.concurrent.ThreadPoolExecutor.runWorker(ThreadPoolExecutor.java:1128)
	at java.base/java.util.concurrent.ThreadPoolExecutor$Worker.run(ThreadPoolExecutor.java:628)
	at java.base/java.lang.Thread.run(Thread.java:830)
... Removed 9 stack frames</pre></div><a href='#' onClick='toggleBox("stack-trace1291003889", this, "Click to show all stack frames", "Click to hide stack frames")'>Click to show all stack frames</a>
<div class='stack-trace' id='stack-trace1291003889'><pre>org.openqa.selenium.WebDriverException: Unable to parse remote response: Misconfigured -- Sauce Labs Authentication Error.
You used username &apos;null&apos; and access key &apos;null&apos; to authenticate, which are not valid Sauce Labs credentials.

The following desired capabilities were received:
{&apos;browserName&apos;: &apos;chrome&apos;,
 &apos;name&apos;: &apos;verifyPAOIEndpointTest&apos;,
 &apos;platform&apos;: &apos;macOS 10.15&apos;,
 &apos;version&apos;: &apos;latest-1&apos;}
Build info: version: &apos;3.11.0&apos;, revision: &apos;e59cfb3&apos;, time: &apos;2018-03-11T20:26:55.152Z&apos;
System info: host: &apos;GC02RH2WYG8WPE&apos;, ip: &apos;192.168.1.107&apos;, os.name: &apos;Mac OS X&apos;, os.arch: &apos;x86_64&apos;, os.version: &apos;10.13.6&apos;, java.version: &apos;13.0.2&apos;
Driver info: driver.version: RemoteWebDriver
	at org.openqa.selenium.remote.ProtocolHandshake.createSession(ProtocolHandshake.java:111)
	at org.openqa.selenium.remote.ProtocolHandshake.createSession(ProtocolHandshake.java:73)
	at org.openqa.selenium.remote.HttpCommandExecutor.execute(HttpCommandExecutor.java:136)
	at org.openqa.selenium.remote.RemoteWebDriver.execute(RemoteWebDriver.java:545)
	at org.openqa.selenium.remote.RemoteWebDriver.startSession(RemoteWebDriver.java:209)
	at org.openqa.selenium.remote.RemoteWebDriver.&lt;init&gt;(RemoteWebDriver.java:132)
	at org.openqa.selenium.remote.RemoteWebDriver.&lt;init&gt;(RemoteWebDriver.java:145)
	at com.yourcompany.Tests.TestBase.createDriver(TestBase.java:116)
	at com.yourcompany.Tests.PAOIEndpointTest.verifyPAOIEndpointTest(PAOIEndpointTest.java:29)
	at java.base/jdk.internal.reflect.NativeMethodAccessorImpl.invoke0(Native Method)
	at java.base/jdk.internal.reflect.NativeMethodAccessorImpl.invoke(NativeMethodAccessorImpl.java:62)
	at java.base/jdk.internal.reflect.DelegatingMethodAccessorImpl.invoke(DelegatingMethodAccessorImpl.java:43)
	at java.base/java.lang.reflect.Method.invoke(Method.java:567)
	at org.testng.internal.MethodInvocationHelper.invokeMethod(MethodInvocationHelper.java:104)
	at org.testng.internal.Invoker.invokeMethod(Invoker.java:645)
	at org.testng.internal.Invoker.invokeTestMethod(Invoker.java:851)
	at org.testng.internal.TestMethodWithDataProviderMethodWorker.call(TestMethodWithDataProviderMethodWorker.java:75)
	at org.testng.internal.TestMethodWithDataProviderMethodWorker.call(TestMethodWithDataProviderMethodWorker.java:14)
	at java.base/java.util.concurrent.FutureTask.run(FutureTask.java:264)
	at java.base/java.util.concurrent.Executors$RunnableAdapter.call(Executors.java:515)
	at java.base/java.util.concurrent.FutureTask.run(FutureTask.java:264)
	at java.base/java.util.concurrent.ThreadPoolExecutor.runWorker(ThreadPoolExecutor.java:1128)
	at java.base/java.util.concurrent.ThreadPoolExecutor$Worker.run(ThreadPoolExecutor.java:628)
	at java.base/java.lang.Thread.run(Thread.java:830)
</pre></div></td>
<td>3</td>
<td>com.yourcompany.Tests.PAOIEndpointTest@614ddd49</td></tr>
<tr>
<td title='com.yourcompany.Tests.PAOIEndpointTest.verifyPAOIEndpointTest()'><b>verifyPAOIEndpointTest</b><br>Test class: com.yourcompany.Tests.PAOIEndpointTest<br>Parameters: firefox, latest, macOS 10.15, public void com.yourcompany.Tests.PAOIEndpointTest.verifyPAOIEndpointTest(java.lang.String,java.lang.String,java.lang.String,java.lang.reflect.Method) throws java.net.MalformedURLException,org.openqa.selenium.InvalidElementStateException,java.rmi.UnexpectedException</td>
<td><div><pre>org.openqa.selenium.WebDriverException: Unable to parse remote response: Misconfigured -- Sauce Labs Authentication Error.
You used username &apos;null&apos; and access key &apos;null&apos; to authenticate, which are not valid Sauce Labs credentials.

The following desired capabilities were received:
{&apos;browserName&apos;: &apos;firefox&apos;,
 &apos;name&apos;: &apos;verifyPAOIEndpointTest&apos;,
 &apos;platform&apos;: &apos;macOS 10.15&apos;,
 &apos;version&apos;: &apos;latest&apos;}
Build info: version: &apos;3.11.0&apos;, revision: &apos;e59cfb3&apos;, time: &apos;2018-03-11T20:26:55.152Z&apos;
System info: host: &apos;GC02RH2WYG8WPE&apos;, ip: &apos;192.168.1.107&apos;, os.name: &apos;Mac OS X&apos;, os.arch: &apos;x86_64&apos;, os.version: &apos;10.13.6&apos;, java.version: &apos;13.0.2&apos;
Driver info: driver.version: RemoteWebDriver
	at org.openqa.selenium.remote.ProtocolHandshake.createSession(ProtocolHandshake.java:111)
	at org.openqa.selenium.remote.ProtocolHandshake.createSession(ProtocolHandshake.java:73)
	at org.openqa.selenium.remote.HttpCommandExecutor.execute(HttpCommandExecutor.java:136)
	at org.openqa.selenium.remote.RemoteWebDriver.execute(RemoteWebDriver.java:545)
	at org.openqa.selenium.remote.RemoteWebDriver.startSession(RemoteWebDriver.java:209)
	at org.openqa.selenium.remote.RemoteWebDriver.&lt;init&gt;(RemoteWebDriver.java:132)
	at org.openqa.selenium.remote.RemoteWebDriver.&lt;init&gt;(RemoteWebDriver.java:145)
	at com.yourcompany.Tests.TestBase.createDriver(TestBase.java:116)
	at com.yourcompany.Tests.PAOIEndpointTest.verifyPAOIEndpointTest(PAOIEndpointTest.java:29)
	at java.base/java.util.concurrent.FutureTask.run(FutureTask.java:264)
	at java.base/java.util.concurrent.Executors$RunnableAdapter.call(Executors.java:515)
	at java.base/java.util.concurrent.FutureTask.run(FutureTask.java:264)
	at java.base/java.util.concurrent.ThreadPoolExecutor.runWorker(ThreadPoolExecutor.java:1128)
	at java.base/java.util.concurrent.ThreadPoolExecutor$Worker.run(ThreadPoolExecutor.java:628)
	at java.base/java.lang.Thread.run(Thread.java:830)
... Removed 9 stack frames</pre></div><a href='#' onClick='toggleBox("stack-trace1888314637", this, "Click to show all stack frames", "Click to hide stack frames")'>Click to show all stack frames</a>
<div class='stack-trace' id='stack-trace1888314637'><pre>org.openqa.selenium.WebDriverException: Unable to parse remote response: Misconfigured -- Sauce Labs Authentication Error.
You used username &apos;null&apos; and access key &apos;null&apos; to authenticate, which are not valid Sauce Labs credentials.

The following desired capabilities were received:
{&apos;browserName&apos;: &apos;firefox&apos;,
 &apos;name&apos;: &apos;verifyPAOIEndpointTest&apos;,
 &apos;platform&apos;: &apos;macOS 10.15&apos;,
 &apos;version&apos;: &apos;latest&apos;}
Build info: version: &apos;3.11.0&apos;, revision: &apos;e59cfb3&apos;, time: &apos;2018-03-11T20:26:55.152Z&apos;
System info: host: &apos;GC02RH2WYG8WPE&apos;, ip: &apos;192.168.1.107&apos;, os.name: &apos;Mac OS X&apos;, os.arch: &apos;x86_64&apos;, os.version: &apos;10.13.6&apos;, java.version: &apos;13.0.2&apos;
Driver info: driver.version: RemoteWebDriver
	at org.openqa.selenium.remote.ProtocolHandshake.createSession(ProtocolHandshake.java:111)
	at org.openqa.selenium.remote.ProtocolHandshake.createSession(ProtocolHandshake.java:73)
	at org.openqa.selenium.remote.HttpCommandExecutor.execute(HttpCommandExecutor.java:136)
	at org.openqa.selenium.remote.RemoteWebDriver.execute(RemoteWebDriver.java:545)
	at org.openqa.selenium.remote.RemoteWebDriver.startSession(RemoteWebDriver.java:209)
	at org.openqa.selenium.remote.RemoteWebDriver.&lt;init&gt;(RemoteWebDriver.java:132)
	at org.openqa.selenium.remote.RemoteWebDriver.&lt;init&gt;(RemoteWebDriver.java:145)
	at com.yourcompany.Tests.TestBase.createDriver(TestBase.java:116)
	at com.yourcompany.Tests.PAOIEndpointTest.verifyPAOIEndpointTest(PAOIEndpointTest.java:29)
	at java.base/jdk.internal.reflect.NativeMethodAccessorImpl.invoke0(Native Method)
	at java.base/jdk.internal.reflect.NativeMethodAccessorImpl.invoke(NativeMethodAccessorImpl.java:62)
	at java.base/jdk.internal.reflect.DelegatingMethodAccessorImpl.invoke(DelegatingMethodAccessorImpl.java:43)
	at java.base/java.lang.reflect.Method.invoke(Method.java:567)
	at org.testng.internal.MethodInvocationHelper.invokeMethod(MethodInvocationHelper.java:104)
	at org.testng.internal.Invoker.invokeMethod(Invoker.java:645)
	at org.testng.internal.Invoker.invokeTestMethod(Invoker.java:851)
	at org.testng.internal.TestMethodWithDataProviderMethodWorker.call(TestMethodWithDataProviderMethodWorker.java:75)
	at org.testng.internal.TestMethodWithDataProviderMethodWorker.call(TestMethodWithDataProviderMethodWorker.java:14)
	at java.base/java.util.concurrent.FutureTask.run(FutureTask.java:264)
	at java.base/java.util.concurrent.Executors$RunnableAdapter.call(Executors.java:515)
	at java.base/java.util.concurrent.FutureTask.run(FutureTask.java:264)
	at java.base/java.util.concurrent.ThreadPoolExecutor.runWorker(ThreadPoolExecutor.java:1128)
	at java.base/java.util.concurrent.ThreadPoolExecutor$Worker.run(ThreadPoolExecutor.java:628)
	at java.base/java.lang.Thread.run(Thread.java:830)
</pre></div></td>
<td>3</td>
<td>com.yourcompany.Tests.PAOIEndpointTest@614ddd49</td></tr>
<tr>
<td title='com.yourcompany.Tests.PAOIEndpointTest.verifyPAOIEndpointTest()'><b>verifyPAOIEndpointTest</b><br>Test class: com.yourcompany.Tests.PAOIEndpointTest<br>Parameters: firefox, latest-1, macOS 10.15, public void com.yourcompany.Tests.PAOIEndpointTest.verifyPAOIEndpointTest(java.lang.String,java.lang.String,java.lang.String,java.lang.reflect.Method) throws java.net.MalformedURLException,org.openqa.selenium.InvalidElementStateException,java.rmi.UnexpectedException</td>
<td><div><pre>org.openqa.selenium.WebDriverException: Unable to parse remote response: Misconfigured -- Sauce Labs Authentication Error.
You used username &apos;null&apos; and access key &apos;null&apos; to authenticate, which are not valid Sauce Labs credentials.

The following desired capabilities were received:
{&apos;browserName&apos;: &apos;firefox&apos;,
 &apos;name&apos;: &apos;verifyPAOIEndpointTest&apos;,
 &apos;platform&apos;: &apos;macOS 10.15&apos;,
 &apos;version&apos;: &apos;latest-1&apos;}
Build info: version: &apos;3.11.0&apos;, revision: &apos;e59cfb3&apos;, time: &apos;2018-03-11T20:26:55.152Z&apos;
System info: host: &apos;GC02RH2WYG8WPE&apos;, ip: &apos;192.168.1.107&apos;, os.name: &apos;Mac OS X&apos;, os.arch: &apos;x86_64&apos;, os.version: &apos;10.13.6&apos;, java.version: &apos;13.0.2&apos;
Driver info: driver.version: RemoteWebDriver
	at org.openqa.selenium.remote.ProtocolHandshake.createSession(ProtocolHandshake.java:111)
	at org.openqa.selenium.remote.ProtocolHandshake.createSession(ProtocolHandshake.java:73)
	at org.openqa.selenium.remote.HttpCommandExecutor.execute(HttpCommandExecutor.java:136)
	at org.openqa.selenium.remote.RemoteWebDriver.execute(RemoteWebDriver.java:545)
	at org.openqa.selenium.remote.RemoteWebDriver.startSession(RemoteWebDriver.java:209)
	at org.openqa.selenium.remote.RemoteWebDriver.&lt;init&gt;(RemoteWebDriver.java:132)
	at org.openqa.selenium.remote.RemoteWebDriver.&lt;init&gt;(RemoteWebDriver.java:145)
	at com.yourcompany.Tests.TestBase.createDriver(TestBase.java:116)
	at com.yourcompany.Tests.PAOIEndpointTest.verifyPAOIEndpointTest(PAOIEndpointTest.java:29)
	at java.base/java.util.concurrent.FutureTask.run(FutureTask.java:264)
	at java.base/java.util.concurrent.Executors$RunnableAdapter.call(Executors.java:515)
	at java.base/java.util.concurrent.FutureTask.run(FutureTask.java:264)
	at java.base/java.util.concurrent.ThreadPoolExecutor.runWorker(ThreadPoolExecutor.java:1128)
	at java.base/java.util.concurrent.ThreadPoolExecutor$Worker.run(ThreadPoolExecutor.java:628)
	at java.base/java.lang.Thread.run(Thread.java:830)
... Removed 9 stack frames</pre></div><a href='#' onClick='toggleBox("stack-trace429743142", this, "Click to show all stack frames", "Click to hide stack frames")'>Click to show all stack frames</a>
<div class='stack-trace' id='stack-trace429743142'><pre>org.openqa.selenium.WebDriverException: Unable to parse remote response: Misconfigured -- Sauce Labs Authentication Error.
You used username &apos;null&apos; and access key &apos;null&apos; to authenticate, which are not valid Sauce Labs credentials.

The following desired capabilities were received:
{&apos;browserName&apos;: &apos;firefox&apos;,
 &apos;name&apos;: &apos;verifyPAOIEndpointTest&apos;,
 &apos;platform&apos;: &apos;macOS 10.15&apos;,
 &apos;version&apos;: &apos;latest-1&apos;}
Build info: version: &apos;3.11.0&apos;, revision: &apos;e59cfb3&apos;, time: &apos;2018-03-11T20:26:55.152Z&apos;
System info: host: &apos;GC02RH2WYG8WPE&apos;, ip: &apos;192.168.1.107&apos;, os.name: &apos;Mac OS X&apos;, os.arch: &apos;x86_64&apos;, os.version: &apos;10.13.6&apos;, java.version: &apos;13.0.2&apos;
Driver info: driver.version: RemoteWebDriver
	at org.openqa.selenium.remote.ProtocolHandshake.createSession(ProtocolHandshake.java:111)
	at org.openqa.selenium.remote.ProtocolHandshake.createSession(ProtocolHandshake.java:73)
	at org.openqa.selenium.remote.HttpCommandExecutor.execute(HttpCommandExecutor.java:136)
	at org.openqa.selenium.remote.RemoteWebDriver.execute(RemoteWebDriver.java:545)
	at org.openqa.selenium.remote.RemoteWebDriver.startSession(RemoteWebDriver.java:209)
	at org.openqa.selenium.remote.RemoteWebDriver.&lt;init&gt;(RemoteWebDriver.java:132)
	at org.openqa.selenium.remote.RemoteWebDriver.&lt;init&gt;(RemoteWebDriver.java:145)
	at com.yourcompany.Tests.TestBase.createDriver(TestBase.java:116)
	at com.yourcompany.Tests.PAOIEndpointTest.verifyPAOIEndpointTest(PAOIEndpointTest.java:29)
	at java.base/jdk.internal.reflect.NativeMethodAccessorImpl.invoke0(Native Method)
	at java.base/jdk.internal.reflect.NativeMethodAccessorImpl.invoke(NativeMethodAccessorImpl.java:62)
	at java.base/jdk.internal.reflect.DelegatingMethodAccessorImpl.invoke(DelegatingMethodAccessorImpl.java:43)
	at java.base/java.lang.reflect.Method.invoke(Method.java:567)
	at org.testng.internal.MethodInvocationHelper.invokeMethod(MethodInvocationHelper.java:104)
	at org.testng.internal.Invoker.invokeMethod(Invoker.java:645)
	at org.testng.internal.Invoker.invokeTestMethod(Invoker.java:851)
	at org.testng.internal.TestMethodWithDataProviderMethodWorker.call(TestMethodWithDataProviderMethodWorker.java:75)
	at org.testng.internal.TestMethodWithDataProviderMethodWorker.call(TestMethodWithDataProviderMethodWorker.java:14)
	at java.base/java.util.concurrent.FutureTask.run(FutureTask.java:264)
	at java.base/java.util.concurrent.Executors$RunnableAdapter.call(Executors.java:515)
	at java.base/java.util.concurrent.FutureTask.run(FutureTask.java:264)
	at java.base/java.util.concurrent.ThreadPoolExecutor.runWorker(ThreadPoolExecutor.java:1128)
	at java.base/java.util.concurrent.ThreadPoolExecutor$Worker.run(ThreadPoolExecutor.java:628)
	at java.base/java.lang.Thread.run(Thread.java:830)
</pre></div></td>
<td>3</td>
<td>com.yourcompany.Tests.PAOIEndpointTest@614ddd49</td></tr>
<tr>
<td title='com.yourcompany.Tests.PAOIEndpointTest.verifyPAOIEndpointTest()'><b>verifyPAOIEndpointTest</b><br>Test class: com.yourcompany.Tests.PAOIEndpointTest<br>Parameters: chrome, latest, macOS 10.15, public void com.yourcompany.Tests.PAOIEndpointTest.verifyPAOIEndpointTest(java.lang.String,java.lang.String,java.lang.String,java.lang.reflect.Method) throws java.net.MalformedURLException,org.openqa.selenium.InvalidElementStateException,java.rmi.UnexpectedException</td>
<td><div><pre>org.openqa.selenium.WebDriverException: Unable to parse remote response: Misconfigured -- Sauce Labs Authentication Error.
You used username &apos;null&apos; and access key &apos;null&apos; to authenticate, which are not valid Sauce Labs credentials.

The following desired capabilities were received:
{&apos;browserName&apos;: &apos;chrome&apos;,
 &apos;name&apos;: &apos;verifyPAOIEndpointTest&apos;,
 &apos;platform&apos;: &apos;macOS 10.15&apos;,
 &apos;version&apos;: &apos;latest&apos;}
Build info: version: &apos;3.11.0&apos;, revision: &apos;e59cfb3&apos;, time: &apos;2018-03-11T20:26:55.152Z&apos;
System info: host: &apos;GC02RH2WYG8WPE&apos;, ip: &apos;192.168.1.107&apos;, os.name: &apos;Mac OS X&apos;, os.arch: &apos;x86_64&apos;, os.version: &apos;10.13.6&apos;, java.version: &apos;13.0.2&apos;
Driver info: driver.version: RemoteWebDriver
	at org.openqa.selenium.remote.ProtocolHandshake.createSession(ProtocolHandshake.java:111)
	at org.openqa.selenium.remote.ProtocolHandshake.createSession(ProtocolHandshake.java:73)
	at org.openqa.selenium.remote.HttpCommandExecutor.execute(HttpCommandExecutor.java:136)
	at org.openqa.selenium.remote.RemoteWebDriver.execute(RemoteWebDriver.java:545)
	at org.openqa.selenium.remote.RemoteWebDriver.startSession(RemoteWebDriver.java:209)
	at org.openqa.selenium.remote.RemoteWebDriver.&lt;init&gt;(RemoteWebDriver.java:132)
	at org.openqa.selenium.remote.RemoteWebDriver.&lt;init&gt;(RemoteWebDriver.java:145)
	at com.yourcompany.Tests.TestBase.createDriver(TestBase.java:116)
	at com.yourcompany.Tests.PAOIEndpointTest.verifyPAOIEndpointTest(PAOIEndpointTest.java:29)
	at java.base/java.util.concurrent.FutureTask.run(FutureTask.java:264)
	at java.base/java.util.concurrent.Executors$RunnableAdapter.call(Executors.java:515)
	at java.base/java.util.concurrent.FutureTask.run(FutureTask.java:264)
	at java.base/java.util.concurrent.ThreadPoolExecutor.runWorker(ThreadPoolExecutor.java:1128)
	at java.base/java.util.concurrent.ThreadPoolExecutor$Worker.run(ThreadPoolExecutor.java:628)
	at java.base/java.lang.Thread.run(Thread.java:830)
... Removed 9 stack frames</pre></div><a href='#' onClick='toggleBox("stack-trace119945579", this, "Click to show all stack frames", "Click to hide stack frames")'>Click to show all stack frames</a>
<div class='stack-trace' id='stack-trace119945579'><pre>org.openqa.selenium.WebDriverException: Unable to parse remote response: Misconfigured -- Sauce Labs Authentication Error.
You used username &apos;null&apos; and access key &apos;null&apos; to authenticate, which are not valid Sauce Labs credentials.

The following desired capabilities were received:
{&apos;browserName&apos;: &apos;chrome&apos;,
 &apos;name&apos;: &apos;verifyPAOIEndpointTest&apos;,
 &apos;platform&apos;: &apos;macOS 10.15&apos;,
 &apos;version&apos;: &apos;latest&apos;}
Build info: version: &apos;3.11.0&apos;, revision: &apos;e59cfb3&apos;, time: &apos;2018-03-11T20:26:55.152Z&apos;
System info: host: &apos;GC02RH2WYG8WPE&apos;, ip: &apos;192.168.1.107&apos;, os.name: &apos;Mac OS X&apos;, os.arch: &apos;x86_64&apos;, os.version: &apos;10.13.6&apos;, java.version: &apos;13.0.2&apos;
Driver info: driver.version: RemoteWebDriver
	at org.openqa.selenium.remote.ProtocolHandshake.createSession(ProtocolHandshake.java:111)
	at org.openqa.selenium.remote.ProtocolHandshake.createSession(ProtocolHandshake.java:73)
	at org.openqa.selenium.remote.HttpCommandExecutor.execute(HttpCommandExecutor.java:136)
	at org.openqa.selenium.remote.RemoteWebDriver.execute(RemoteWebDriver.java:545)
	at org.openqa.selenium.remote.RemoteWebDriver.startSession(RemoteWebDriver.java:209)
	at org.openqa.selenium.remote.RemoteWebDriver.&lt;init&gt;(RemoteWebDriver.java:132)
	at org.openqa.selenium.remote.RemoteWebDriver.&lt;init&gt;(RemoteWebDriver.java:145)
	at com.yourcompany.Tests.TestBase.createDriver(TestBase.java:116)
	at com.yourcompany.Tests.PAOIEndpointTest.verifyPAOIEndpointTest(PAOIEndpointTest.java:29)
	at java.base/jdk.internal.reflect.NativeMethodAccessorImpl.invoke0(Native Method)
	at java.base/jdk.internal.reflect.NativeMethodAccessorImpl.invoke(NativeMethodAccessorImpl.java:62)
	at java.base/jdk.internal.reflect.DelegatingMethodAccessorImpl.invoke(DelegatingMethodAccessorImpl.java:43)
	at java.base/java.lang.reflect.Method.invoke(Method.java:567)
	at org.testng.internal.MethodInvocationHelper.invokeMethod(MethodInvocationHelper.java:104)
	at org.testng.internal.Invoker.invokeMethod(Invoker.java:645)
	at org.testng.internal.Invoker.invokeTestMethod(Invoker.java:851)
	at org.testng.internal.TestMethodWithDataProviderMethodWorker.call(TestMethodWithDataProviderMethodWorker.java:75)
	at org.testng.internal.TestMethodWithDataProviderMethodWorker.call(TestMethodWithDataProviderMethodWorker.java:14)
	at java.base/java.util.concurrent.FutureTask.run(FutureTask.java:264)
	at java.base/java.util.concurrent.Executors$RunnableAdapter.call(Executors.java:515)
	at java.base/java.util.concurrent.FutureTask.run(FutureTask.java:264)
	at java.base/java.util.concurrent.ThreadPoolExecutor.runWorker(ThreadPoolExecutor.java:1128)
	at java.base/java.util.concurrent.ThreadPoolExecutor$Worker.run(ThreadPoolExecutor.java:628)
	at java.base/java.lang.Thread.run(Thread.java:830)
</pre></div></td>
<td>3</td>
<td>com.yourcompany.Tests.PAOIEndpointTest@614ddd49</td></tr>
<tr>
<td title='com.yourcompany.Tests.PAOIEndpointTest.verifyPAOIEndpointTest()'><b>verifyPAOIEndpointTest</b><br>Test class: com.yourcompany.Tests.PAOIEndpointTest<br>Parameters: MicrosoftEdge, latest, Windows 10, public void com.yourcompany.Tests.PAOIEndpointTest.verifyPAOIEndpointTest(java.lang.String,java.lang.String,java.lang.String,java.lang.reflect.Method) throws java.net.MalformedURLException,org.openqa.selenium.InvalidElementStateException,java.rmi.UnexpectedException</td>
<td><div><pre>org.openqa.selenium.WebDriverException: Unable to parse remote response: Misconfigured -- Sauce Labs Authentication Error.
You used username &apos;null&apos; and access key &apos;null&apos; to authenticate, which are not valid Sauce Labs credentials.

The following desired capabilities were received:
{&apos;browserName&apos;: &apos;MicrosoftEdge&apos;,
 &apos;name&apos;: &apos;verifyPAOIEndpointTest&apos;,
 &apos;platform&apos;: &apos;WIN10&apos;,
 &apos;version&apos;: &apos;latest&apos;}
Build info: version: &apos;3.11.0&apos;, revision: &apos;e59cfb3&apos;, time: &apos;2018-03-11T20:26:55.152Z&apos;
System info: host: &apos;GC02RH2WYG8WPE&apos;, ip: &apos;192.168.1.107&apos;, os.name: &apos;Mac OS X&apos;, os.arch: &apos;x86_64&apos;, os.version: &apos;10.13.6&apos;, java.version: &apos;13.0.2&apos;
Driver info: driver.version: RemoteWebDriver
	at org.openqa.selenium.remote.ProtocolHandshake.createSession(ProtocolHandshake.java:111)
	at org.openqa.selenium.remote.ProtocolHandshake.createSession(ProtocolHandshake.java:73)
	at org.openqa.selenium.remote.HttpCommandExecutor.execute(HttpCommandExecutor.java:136)
	at org.openqa.selenium.remote.RemoteWebDriver.execute(RemoteWebDriver.java:545)
	at org.openqa.selenium.remote.RemoteWebDriver.startSession(RemoteWebDriver.java:209)
	at org.openqa.selenium.remote.RemoteWebDriver.&lt;init&gt;(RemoteWebDriver.java:132)
	at org.openqa.selenium.remote.RemoteWebDriver.&lt;init&gt;(RemoteWebDriver.java:145)
	at com.yourcompany.Tests.TestBase.createDriver(TestBase.java:116)
	at com.yourcompany.Tests.PAOIEndpointTest.verifyPAOIEndpointTest(PAOIEndpointTest.java:29)
	at java.base/java.util.concurrent.FutureTask.run(FutureTask.java:264)
	at java.base/java.util.concurrent.Executors$RunnableAdapter.call(Executors.java:515)
	at java.base/java.util.concurrent.FutureTask.run(FutureTask.java:264)
	at java.base/java.util.concurrent.ThreadPoolExecutor.runWorker(ThreadPoolExecutor.java:1128)
	at java.base/java.util.concurrent.ThreadPoolExecutor$Worker.run(ThreadPoolExecutor.java:628)
	at java.base/java.lang.Thread.run(Thread.java:830)
... Removed 9 stack frames</pre></div><a href='#' onClick='toggleBox("stack-trace574227630", this, "Click to show all stack frames", "Click to hide stack frames")'>Click to show all stack frames</a>
<div class='stack-trace' id='stack-trace574227630'><pre>org.openqa.selenium.WebDriverException: Unable to parse remote response: Misconfigured -- Sauce Labs Authentication Error.
You used username &apos;null&apos; and access key &apos;null&apos; to authenticate, which are not valid Sauce Labs credentials.

The following desired capabilities were received:
{&apos;browserName&apos;: &apos;MicrosoftEdge&apos;,
 &apos;name&apos;: &apos;verifyPAOIEndpointTest&apos;,
 &apos;platform&apos;: &apos;WIN10&apos;,
 &apos;version&apos;: &apos;latest&apos;}
Build info: version: &apos;3.11.0&apos;, revision: &apos;e59cfb3&apos;, time: &apos;2018-03-11T20:26:55.152Z&apos;
System info: host: &apos;GC02RH2WYG8WPE&apos;, ip: &apos;192.168.1.107&apos;, os.name: &apos;Mac OS X&apos;, os.arch: &apos;x86_64&apos;, os.version: &apos;10.13.6&apos;, java.version: &apos;13.0.2&apos;
Driver info: driver.version: RemoteWebDriver
	at org.openqa.selenium.remote.ProtocolHandshake.createSession(ProtocolHandshake.java:111)
	at org.openqa.selenium.remote.ProtocolHandshake.createSession(ProtocolHandshake.java:73)
	at org.openqa.selenium.remote.HttpCommandExecutor.execute(HttpCommandExecutor.java:136)
	at org.openqa.selenium.remote.RemoteWebDriver.execute(RemoteWebDriver.java:545)
	at org.openqa.selenium.remote.RemoteWebDriver.startSession(RemoteWebDriver.java:209)
	at org.openqa.selenium.remote.RemoteWebDriver.&lt;init&gt;(RemoteWebDriver.java:132)
	at org.openqa.selenium.remote.RemoteWebDriver.&lt;init&gt;(RemoteWebDriver.java:145)
	at com.yourcompany.Tests.TestBase.createDriver(TestBase.java:116)
	at com.yourcompany.Tests.PAOIEndpointTest.verifyPAOIEndpointTest(PAOIEndpointTest.java:29)
	at java.base/jdk.internal.reflect.NativeMethodAccessorImpl.invoke0(Native Method)
	at java.base/jdk.internal.reflect.NativeMethodAccessorImpl.invoke(NativeMethodAccessorImpl.java:62)
	at java.base/jdk.internal.reflect.DelegatingMethodAccessorImpl.invoke(DelegatingMethodAccessorImpl.java:43)
	at java.base/java.lang.reflect.Method.invoke(Method.java:567)
	at org.testng.internal.MethodInvocationHelper.invokeMethod(MethodInvocationHelper.java:104)
	at org.testng.internal.Invoker.invokeMethod(Invoker.java:645)
	at org.testng.internal.Invoker.invokeTestMethod(Invoker.java:851)
	at org.testng.internal.TestMethodWithDataProviderMethodWorker.call(TestMethodWithDataProviderMethodWorker.java:75)
	at org.testng.internal.TestMethodWithDataProviderMethodWorker.call(TestMethodWithDataProviderMethodWorker.java:14)
	at java.base/java.util.concurrent.FutureTask.run(FutureTask.java:264)
	at java.base/java.util.concurrent.Executors$RunnableAdapter.call(Executors.java:515)
	at java.base/java.util.concurrent.FutureTask.run(FutureTask.java:264)
	at java.base/java.util.concurrent.ThreadPoolExecutor.runWorker(ThreadPoolExecutor.java:1128)
	at java.base/java.util.concurrent.ThreadPoolExecutor$Worker.run(ThreadPoolExecutor.java:628)
	at java.base/java.lang.Thread.run(Thread.java:830)
</pre></div></td>
<td>3</td>
<td>com.yourcompany.Tests.PAOIEndpointTest@614ddd49</td></tr>
<tr>
<td title='com.yourcompany.Tests.PAOIEndpointTest.verifyPAOIEndpointTest()'><b>verifyPAOIEndpointTest</b><br>Test class: com.yourcompany.Tests.PAOIEndpointTest<br>Parameters: firefox, latest-1, Windows 10, public void com.yourcompany.Tests.PAOIEndpointTest.verifyPAOIEndpointTest(java.lang.String,java.lang.String,java.lang.String,java.lang.reflect.Method) throws java.net.MalformedURLException,org.openqa.selenium.InvalidElementStateException,java.rmi.UnexpectedException</td>
<td><div><pre>org.openqa.selenium.WebDriverException: Unable to parse remote response: Misconfigured -- Sauce Labs Authentication Error.
You used username &apos;null&apos; and access key &apos;null&apos; to authenticate, which are not valid Sauce Labs credentials.

The following desired capabilities were received:
{&apos;browserName&apos;: &apos;firefox&apos;,
 &apos;name&apos;: &apos;verifyPAOIEndpointTest&apos;,
 &apos;platform&apos;: &apos;WIN10&apos;,
 &apos;version&apos;: &apos;latest-1&apos;}
Build info: version: &apos;3.11.0&apos;, revision: &apos;e59cfb3&apos;, time: &apos;2018-03-11T20:26:55.152Z&apos;
System info: host: &apos;GC02RH2WYG8WPE&apos;, ip: &apos;192.168.1.107&apos;, os.name: &apos;Mac OS X&apos;, os.arch: &apos;x86_64&apos;, os.version: &apos;10.13.6&apos;, java.version: &apos;13.0.2&apos;
Driver info: driver.version: RemoteWebDriver
	at org.openqa.selenium.remote.ProtocolHandshake.createSession(ProtocolHandshake.java:111)
	at org.openqa.selenium.remote.ProtocolHandshake.createSession(ProtocolHandshake.java:73)
	at org.openqa.selenium.remote.HttpCommandExecutor.execute(HttpCommandExecutor.java:136)
	at org.openqa.selenium.remote.RemoteWebDriver.execute(RemoteWebDriver.java:545)
	at org.openqa.selenium.remote.RemoteWebDriver.startSession(RemoteWebDriver.java:209)
	at org.openqa.selenium.remote.RemoteWebDriver.&lt;init&gt;(RemoteWebDriver.java:132)
	at org.openqa.selenium.remote.RemoteWebDriver.&lt;init&gt;(RemoteWebDriver.java:145)
	at com.yourcompany.Tests.TestBase.createDriver(TestBase.java:116)
	at com.yourcompany.Tests.PAOIEndpointTest.verifyPAOIEndpointTest(PAOIEndpointTest.java:29)
	at java.base/java.util.concurrent.FutureTask.run(FutureTask.java:264)
	at java.base/java.util.concurrent.Executors$RunnableAdapter.call(Executors.java:515)
	at java.base/java.util.concurrent.FutureTask.run(FutureTask.java:264)
	at java.base/java.util.concurrent.ThreadPoolExecutor.runWorker(ThreadPoolExecutor.java:1128)
	at java.base/java.util.concurrent.ThreadPoolExecutor$Worker.run(ThreadPoolExecutor.java:628)
	at java.base/java.lang.Thread.run(Thread.java:830)
... Removed 9 stack frames</pre></div><a href='#' onClick='toggleBox("stack-trace9693353", this, "Click to show all stack frames", "Click to hide stack frames")'>Click to show all stack frames</a>
<div class='stack-trace' id='stack-trace9693353'><pre>org.openqa.selenium.WebDriverException: Unable to parse remote response: Misconfigured -- Sauce Labs Authentication Error.
You used username &apos;null&apos; and access key &apos;null&apos; to authenticate, which are not valid Sauce Labs credentials.

The following desired capabilities were received:
{&apos;browserName&apos;: &apos;firefox&apos;,
 &apos;name&apos;: &apos;verifyPAOIEndpointTest&apos;,
 &apos;platform&apos;: &apos;WIN10&apos;,
 &apos;version&apos;: &apos;latest-1&apos;}
Build info: version: &apos;3.11.0&apos;, revision: &apos;e59cfb3&apos;, time: &apos;2018-03-11T20:26:55.152Z&apos;
System info: host: &apos;GC02RH2WYG8WPE&apos;, ip: &apos;192.168.1.107&apos;, os.name: &apos;Mac OS X&apos;, os.arch: &apos;x86_64&apos;, os.version: &apos;10.13.6&apos;, java.version: &apos;13.0.2&apos;
Driver info: driver.version: RemoteWebDriver
	at org.openqa.selenium.remote.ProtocolHandshake.createSession(ProtocolHandshake.java:111)
	at org.openqa.selenium.remote.ProtocolHandshake.createSession(ProtocolHandshake.java:73)
	at org.openqa.selenium.remote.HttpCommandExecutor.execute(HttpCommandExecutor.java:136)
	at org.openqa.selenium.remote.RemoteWebDriver.execute(RemoteWebDriver.java:545)
	at org.openqa.selenium.remote.RemoteWebDriver.startSession(RemoteWebDriver.java:209)
	at org.openqa.selenium.remote.RemoteWebDriver.&lt;init&gt;(RemoteWebDriver.java:132)
	at org.openqa.selenium.remote.RemoteWebDriver.&lt;init&gt;(RemoteWebDriver.java:145)
	at com.yourcompany.Tests.TestBase.createDriver(TestBase.java:116)
	at com.yourcompany.Tests.PAOIEndpointTest.verifyPAOIEndpointTest(PAOIEndpointTest.java:29)
	at java.base/jdk.internal.reflect.NativeMethodAccessorImpl.invoke0(Native Method)
	at java.base/jdk.internal.reflect.NativeMethodAccessorImpl.invoke(NativeMethodAccessorImpl.java:62)
	at java.base/jdk.internal.reflect.DelegatingMethodAccessorImpl.invoke(DelegatingMethodAccessorImpl.java:43)
	at java.base/java.lang.reflect.Method.invoke(Method.java:567)
	at org.testng.internal.MethodInvocationHelper.invokeMethod(MethodInvocationHelper.java:104)
	at org.testng.internal.Invoker.invokeMethod(Invoker.java:645)
	at org.testng.internal.Invoker.invokeTestMethod(Invoker.java:851)
	at org.testng.internal.TestMethodWithDataProviderMethodWorker.call(TestMethodWithDataProviderMethodWorker.java:75)
	at org.testng.internal.TestMethodWithDataProviderMethodWorker.call(TestMethodWithDataProviderMethodWorker.java:14)
	at java.base/java.util.concurrent.FutureTask.run(FutureTask.java:264)
	at java.base/java.util.concurrent.Executors$RunnableAdapter.call(Executors.java:515)
	at java.base/java.util.concurrent.FutureTask.run(FutureTask.java:264)
	at java.base/java.util.concurrent.ThreadPoolExecutor.runWorker(ThreadPoolExecutor.java:1128)
	at java.base/java.util.concurrent.ThreadPoolExecutor$Worker.run(ThreadPoolExecutor.java:628)
	at java.base/java.lang.Thread.run(Thread.java:830)
</pre></div></td>
<td>4</td>
<td>com.yourcompany.Tests.PAOIEndpointTest@614ddd49</td></tr>
<tr>
<td title='com.yourcompany.Tests.PAOIEndpointTest.verifyPAOIEndpointTest()'><b>verifyPAOIEndpointTest</b><br>Test class: com.yourcompany.Tests.PAOIEndpointTest<br>Parameters: chrome, latest, Windows 10, public void com.yourcompany.Tests.PAOIEndpointTest.verifyPAOIEndpointTest(java.lang.String,java.lang.String,java.lang.String,java.lang.reflect.Method) throws java.net.MalformedURLException,org.openqa.selenium.InvalidElementStateException,java.rmi.UnexpectedException</td>
<td><div><pre>org.openqa.selenium.WebDriverException: Unable to parse remote response: Misconfigured -- Sauce Labs Authentication Error.
You used username &apos;null&apos; and access key &apos;null&apos; to authenticate, which are not valid Sauce Labs credentials.

The following desired capabilities were received:
{&apos;browserName&apos;: &apos;chrome&apos;,
 &apos;name&apos;: &apos;verifyPAOIEndpointTest&apos;,
 &apos;platform&apos;: &apos;WIN10&apos;,
 &apos;version&apos;: &apos;latest&apos;}
Build info: version: &apos;3.11.0&apos;, revision: &apos;e59cfb3&apos;, time: &apos;2018-03-11T20:26:55.152Z&apos;
System info: host: &apos;GC02RH2WYG8WPE&apos;, ip: &apos;192.168.1.107&apos;, os.name: &apos;Mac OS X&apos;, os.arch: &apos;x86_64&apos;, os.version: &apos;10.13.6&apos;, java.version: &apos;13.0.2&apos;
Driver info: driver.version: RemoteWebDriver
	at org.openqa.selenium.remote.ProtocolHandshake.createSession(ProtocolHandshake.java:111)
	at org.openqa.selenium.remote.ProtocolHandshake.createSession(ProtocolHandshake.java:73)
	at org.openqa.selenium.remote.HttpCommandExecutor.execute(HttpCommandExecutor.java:136)
	at org.openqa.selenium.remote.RemoteWebDriver.execute(RemoteWebDriver.java:545)
	at org.openqa.selenium.remote.RemoteWebDriver.startSession(RemoteWebDriver.java:209)
	at org.openqa.selenium.remote.RemoteWebDriver.&lt;init&gt;(RemoteWebDriver.java:132)
	at org.openqa.selenium.remote.RemoteWebDriver.&lt;init&gt;(RemoteWebDriver.java:145)
	at com.yourcompany.Tests.TestBase.createDriver(TestBase.java:116)
	at com.yourcompany.Tests.PAOIEndpointTest.verifyPAOIEndpointTest(PAOIEndpointTest.java:29)
	at java.base/java.util.concurrent.FutureTask.run(FutureTask.java:264)
	at java.base/java.util.concurrent.Executors$RunnableAdapter.call(Executors.java:515)
	at java.base/java.util.concurrent.FutureTask.run(FutureTask.java:264)
	at java.base/java.util.concurrent.ThreadPoolExecutor.runWorker(ThreadPoolExecutor.java:1128)
	at java.base/java.util.concurrent.ThreadPoolExecutor$Worker.run(ThreadPoolExecutor.java:628)
	at java.base/java.lang.Thread.run(Thread.java:830)
... Removed 9 stack frames</pre></div><a href='#' onClick='toggleBox("stack-trace858244523", this, "Click to show all stack frames", "Click to hide stack frames")'>Click to show all stack frames</a>
<div class='stack-trace' id='stack-trace858244523'><pre>org.openqa.selenium.WebDriverException: Unable to parse remote response: Misconfigured -- Sauce Labs Authentication Error.
You used username &apos;null&apos; and access key &apos;null&apos; to authenticate, which are not valid Sauce Labs credentials.

The following desired capabilities were received:
{&apos;browserName&apos;: &apos;chrome&apos;,
 &apos;name&apos;: &apos;verifyPAOIEndpointTest&apos;,
 &apos;platform&apos;: &apos;WIN10&apos;,
 &apos;version&apos;: &apos;latest&apos;}
Build info: version: &apos;3.11.0&apos;, revision: &apos;e59cfb3&apos;, time: &apos;2018-03-11T20:26:55.152Z&apos;
System info: host: &apos;GC02RH2WYG8WPE&apos;, ip: &apos;192.168.1.107&apos;, os.name: &apos;Mac OS X&apos;, os.arch: &apos;x86_64&apos;, os.version: &apos;10.13.6&apos;, java.version: &apos;13.0.2&apos;
Driver info: driver.version: RemoteWebDriver
	at org.openqa.selenium.remote.ProtocolHandshake.createSession(ProtocolHandshake.java:111)
	at org.openqa.selenium.remote.ProtocolHandshake.createSession(ProtocolHandshake.java:73)
	at org.openqa.selenium.remote.HttpCommandExecutor.execute(HttpCommandExecutor.java:136)
	at org.openqa.selenium.remote.RemoteWebDriver.execute(RemoteWebDriver.java:545)
	at org.openqa.selenium.remote.RemoteWebDriver.startSession(RemoteWebDriver.java:209)
	at org.openqa.selenium.remote.RemoteWebDriver.&lt;init&gt;(RemoteWebDriver.java:132)
	at org.openqa.selenium.remote.RemoteWebDriver.&lt;init&gt;(RemoteWebDriver.java:145)
	at com.yourcompany.Tests.TestBase.createDriver(TestBase.java:116)
	at com.yourcompany.Tests.PAOIEndpointTest.verifyPAOIEndpointTest(PAOIEndpointTest.java:29)
	at java.base/jdk.internal.reflect.NativeMethodAccessorImpl.invoke0(Native Method)
	at java.base/jdk.internal.reflect.NativeMethodAccessorImpl.invoke(NativeMethodAccessorImpl.java:62)
	at java.base/jdk.internal.reflect.DelegatingMethodAccessorImpl.invoke(DelegatingMethodAccessorImpl.java:43)
	at java.base/java.lang.reflect.Method.invoke(Method.java:567)
	at org.testng.internal.MethodInvocationHelper.invokeMethod(MethodInvocationHelper.java:104)
	at org.testng.internal.Invoker.invokeMethod(Invoker.java:645)
	at org.testng.internal.Invoker.invokeTestMethod(Invoker.java:851)
	at org.testng.internal.TestMethodWithDataProviderMethodWorker.call(TestMethodWithDataProviderMethodWorker.java:75)
	at org.testng.internal.TestMethodWithDataProviderMethodWorker.call(TestMethodWithDataProviderMethodWorker.java:14)
	at java.base/java.util.concurrent.FutureTask.run(FutureTask.java:264)
	at java.base/java.util.concurrent.Executors$RunnableAdapter.call(Executors.java:515)
	at java.base/java.util.concurrent.FutureTask.run(FutureTask.java:264)
	at java.base/java.util.concurrent.ThreadPoolExecutor.runWorker(ThreadPoolExecutor.java:1128)
	at java.base/java.util.concurrent.ThreadPoolExecutor$Worker.run(ThreadPoolExecutor.java:628)
	at java.base/java.lang.Thread.run(Thread.java:830)
</pre></div></td>
<td>6</td>
<td>com.yourcompany.Tests.PAOIEndpointTest@614ddd49</td></tr>
</table><p>
</body>
</html>