<?xml version="1.0" encoding="UTF-8"?>
<!-- Generated by org.testng.reporters.JUnitXMLReporter -->
<testsuite ignored="0" hostname="GC02RH2WYG8WPE" failures="1" tests="30" name="Command line test" time="44.821" errors="0" timestamp="14 Apr 2020 12:43:09 GMT">
  <testcase classname="com.yourcompany.Tests.PAOIEndpointTest" name="verifyPAOIEndpointTest" time="11.936"/>
  <testcase classname="com.yourcompany.Tests.PAOIEndpointTest" name="verifyPAOIEndpointTest" time="12.881"/>
  <testcase classname="com.yourcompany.Tests.PAOIEndpointTest" name="verifyPAOIEndpointTest" time="12.886"/>
  <testcase classname="com.yourcompany.Tests.PAOIEndpointTest" name="verifyPAOIEndpointTest" time="13.173"/>
  <testcase classname="com.yourcompany.Tests.PAOIEndpointTest" name="verifyPAOIEndpointTest" time="13.223"/>
  <testcase classname="com.yourcompany.Tests.PAOIEndpointTest" name="verifyPAOIEndpointTest" time="13.511"/>
  <testcase classname="com.yourcompany.Tests.PAOIEndpointTest" name="verifyPAOIEndpointTest" time="16.452"/>
  <testcase classname="com.yourcompany.Tests.FollowLinkTest" name="verifyContactLinkTest" time="16.834"/>
  <testcase classname="com.yourcompany.Tests.FollowLinkTest" name="verifyContactLinkTest" time="18.585"/>
  <testcase classname="com.yourcompany.Tests.PAOIEndpointTest" name="verifyPAOIEndpointTest" time="19.109"/>
  <testcase classname="com.yourcompany.Tests.FollowLinkTest" name="verifyContactLinkTest" time="19.373"/>
  <testcase classname="com.yourcompany.Tests.FollowLinkTest" name="verifyContactLinkTest" time="20.84"/>
  <testcase classname="com.yourcompany.Tests.ContactFormTest" name="contactFormTest" time="21.169">
    <failure type="org.openqa.selenium.ElementClickInterceptedException" message="element click intercepted: Element &amp;lt;button id=&amp;quot;_evidon-accept-button&amp;quot; class=&amp;quot;evidon-banner-acceptbutton&amp;quot; tabindex=&amp;quot;0&amp;quot; style=&amp;quot;position: absolute; right: 18px; top: 27%; display: inline-block; border: 0px; background: rgb(85, 182, 110); color: rgb(255, 255, 255); padding: 10px 12px; cursor: pointer; border-radius: 25px; width: auto; margin: 0px auto; font-size: 16px; text-transform: uppercase; font-weight: bold;&amp;quot;&amp;gt;...&amp;lt;/button&amp;gt; is not clickable at point (943, 585). Other element would receive the click: &amp;lt;iframe id=&amp;quot;drift-widget&amp;quot; src=&amp;quot;https://js.driftt.com/deploy/assets/index.html&amp;quot; title=&amp;quot;Drift Messenger&amp;quot; role=&amp;quot;complementary&amp;quot; style=&amp;quot;border: none; display: block; height: 100px !important; width: 456px !important; position: fixed; top: auto; left: auto; bottom: 24px; right: 24px; visibility: visible; z-index: 2147483647; max-height: 100vh; max-width: 100%; transition: none 0s ease 0s; background: none transparent; opacity: 1; pointer-events: auto; touch-action: auto;&amp;quot; class=&amp;quot;drift-widget-slider&amp;quot; data-gtm-vis-recent-on-screen-2367279_416=&amp;quot;5211&amp;quot; data-gtm-vis-first-on-screen-2367279_416=&amp;quot;5211&amp;quot; data-gtm-vis-total-visible-time-2367279_416=&amp;quot;100&amp;quot; data-gtm-vis-has-fired-2367279_416=&amp;quot;1&amp;quot;&amp;gt;&amp;lt;/iframe&amp;gt;
  (Session info: chrome=81.0.4044.92)
  (Driver info: chromedriver=81.0.4044.69 (6813546031a4bc83f717a2ef7cd4ac6ec1199132-refs/branch-heads/4044@{#776}),platform=Windows NT 10.0.10586 x86_64) (WARNING: The server did not provide any stacktrace information)
Command duration or timeout: 0 milliseconds
Build info: version: &amp;apos;3.11.0&amp;apos;, revision: &amp;apos;e59cfb3&amp;apos;, time: &amp;apos;2018-03-11T20:26:55.152Z&amp;apos;
System info: host: &amp;apos;GC02RH2WYG8WPE&amp;apos;, ip: &amp;apos;192.168.1.107&amp;apos;, os.name: &amp;apos;Mac OS X&amp;apos;, os.arch: &amp;apos;x86_64&amp;apos;, os.version: &amp;apos;10.13.6&amp;apos;, java.version: &amp;apos;13.0.2&amp;apos;
Driver info: org.openqa.selenium.remote.RemoteWebDriver
Capabilities {acceptInsecureCerts: false, acceptSslCerts: false, applicationCacheEnabled: false, browserConnectionEnabled: false, browserName: chrome, chrome: {chromedriverVersion: 81.0.4044.69 (6813546031a4b..., userDataDir: C:\Users\ADMINI~1\AppData\L...}, cssSelectorsEnabled: true, databaseEnabled: false, goog:chromeOptions: {debuggerAddress: localhost:49750}, handlesAlerts: true, hasMetadata: true, hasTouchScreen: false, javascriptEnabled: true, locationContextEnabled: true, mobileEmulationEnabled: false, nativeEvents: true, networkConnectionEnabled: false, pageLoadStrategy: normal, platform: WINDOWS, platformName: WINDOWS, proxy: Proxy(), rotatable: false, setWindowRect: true, strictFileInteractability: false, takesHeapSnapshot: true, takesScreenshot: true, timeouts: {implicit: 0, pageLoad: 300000, script: 30000}, unexpectedAlertBehaviour: ignore, unhandledPromptBehavior: ignore, version: 81.0.4044.92, webStorageEnabled: true, webauthn:virtualAuthenticators: true, webdriver.remote.sessionid: b019e485095143b5ad60ba4b631...}
Session ID: b019e485095143b5ad60ba4b631c70fe">
      <![CDATA[org.openqa.selenium.ElementClickInterceptedException: element click intercepted: Element <button id="_evidon-accept-button" class="evidon-banner-acceptbutton" tabindex="0" style="position: absolute; right: 18px; top: 27%; display: inline-block; border: 0px; background: rgb(85, 182, 110); color: rgb(255, 255, 255); padding: 10px 12px; cursor: pointer; border-radius: 25px; width: auto; margin: 0px auto; font-size: 16px; text-transform: uppercase; font-weight: bold;">...</button> is not clickable at point (943, 585). Other element would receive the click: <iframe id="drift-widget" src="https://js.driftt.com/deploy/assets/index.html" title="Drift Messenger" role="complementary" style="border: none; display: block; height: 100px !important; width: 456px !important; position: fixed; top: auto; left: auto; bottom: 24px; right: 24px; visibility: visible; z-index: 2147483647; max-height: 100vh; max-width: 100%; transition: none 0s ease 0s; background: none transparent; opacity: 1; pointer-events: auto; touch-action: auto;" class="drift-widget-slider" data-gtm-vis-recent-on-screen-2367279_416="5211" data-gtm-vis-first-on-screen-2367279_416="5211" data-gtm-vis-total-visible-time-2367279_416="100" data-gtm-vis-has-fired-2367279_416="1"></iframe>
  (Session info: chrome=81.0.4044.92)
  (Driver info: chromedriver=81.0.4044.69 (6813546031a4bc83f717a2ef7cd4ac6ec1199132-refs/branch-heads/4044@{#776}),platform=Windows NT 10.0.10586 x86_64) (WARNING: The server did not provide any stacktrace information)
Command duration or timeout: 0 milliseconds
Build info: version: '3.11.0', revision: 'e59cfb3', time: '2018-03-11T20:26:55.152Z'
System info: host: 'GC02RH2WYG8WPE', ip: '192.168.1.107', os.name: 'Mac OS X', os.arch: 'x86_64', os.version: '10.13.6', java.version: '13.0.2'
Driver info: org.openqa.selenium.remote.RemoteWebDriver
Capabilities {acceptInsecureCerts: false, acceptSslCerts: false, applicationCacheEnabled: false, browserConnectionEnabled: false, browserName: chrome, chrome: {chromedriverVersion: 81.0.4044.69 (6813546031a4b..., userDataDir: C:\Users\ADMINI~1\AppData\L...}, cssSelectorsEnabled: true, databaseEnabled: false, goog:chromeOptions: {debuggerAddress: localhost:49750}, handlesAlerts: true, hasMetadata: true, hasTouchScreen: false, javascriptEnabled: true, locationContextEnabled: true, mobileEmulationEnabled: false, nativeEvents: true, networkConnectionEnabled: false, pageLoadStrategy: normal, platform: WINDOWS, platformName: WINDOWS, proxy: Proxy(), rotatable: false, setWindowRect: true, strictFileInteractability: false, takesHeapSnapshot: true, takesScreenshot: true, timeouts: {implicit: 0, pageLoad: 300000, script: 30000}, unexpectedAlertBehaviour: ignore, unhandledPromptBehavior: ignore, version: 81.0.4044.92, webStorageEnabled: true, webauthn:virtualAuthenticators: true, webdriver.remote.sessionid: b019e485095143b5ad60ba4b631...}
Session ID: b019e485095143b5ad60ba4b631c70fe
	at org.openqa.selenium.remote.ErrorHandler.createThrowable(ErrorHandler.java:214)
	at org.openqa.selenium.remote.ErrorHandler.throwIfResponseFailed(ErrorHandler.java:166)
	at org.openqa.selenium.remote.http.JsonHttpResponseCodec.reconstructValue(JsonHttpResponseCodec.java:40)
	at org.openqa.selenium.remote.http.AbstractHttpResponseCodec.decode(AbstractHttpResponseCodec.java:80)
	at org.openqa.selenium.remote.http.AbstractHttpResponseCodec.decode(AbstractHttpResponseCodec.java:44)
	at org.openqa.selenium.remote.HttpCommandExecutor.execute(HttpCommandExecutor.java:158)
	at org.openqa.selenium.remote.RemoteWebDriver.execute(RemoteWebDriver.java:545)
	at org.openqa.selenium.remote.RemoteWebElement.execute(RemoteWebElement.java:279)
	at org.openqa.selenium.remote.RemoteWebElement.click(RemoteWebElement.java:83)
	at org.openqa.selenium.support.pagefactory.internal.LocatingElementHandler.invoke(LocatingElementHandler.java:51)
	at com.sun.proxy.$Proxy9.click(Unknown Source)
	at com.yourcompany.Pages.ContactPage.acceptCookies(ContactPage.java:77)
	at com.yourcompany.Tests.ContactFormTest.contactFormTest(ContactFormTest.java:38)
	at java.base/java.util.concurrent.FutureTask.run(FutureTask.java:264)
	at java.base/java.util.concurrent.Executors$RunnableAdapter.call(Executors.java:515)
	at java.base/java.util.concurrent.FutureTask.run(FutureTask.java:264)
	at java.base/java.util.concurrent.ThreadPoolExecutor.runWorker(ThreadPoolExecutor.java:1128)
	at java.base/java.util.concurrent.ThreadPoolExecutor$Worker.run(ThreadPoolExecutor.java:628)
	at java.base/java.lang.Thread.run(Thread.java:830)
... Removed 18 stack frames]]>
    </failure>
  </testcase> <!-- contactFormTest -->
  <testcase classname="com.yourcompany.Tests.FollowLinkTest" name="verifyContactLinkTest" time="22.563"/>
  <testcase classname="com.yourcompany.Tests.PAOIEndpointTest" name="verifyPAOIEndpointTest" time="22.7"/>
  <testcase classname="com.yourcompany.Tests.PAOIEndpointTest" name="verifyPAOIEndpointTest" time="22.94"/>
  <testcase classname="com.yourcompany.Tests.FollowLinkTest" name="verifyContactLinkTest" time="24.086"/>
  <testcase classname="com.yourcompany.Tests.FollowLinkTest" name="verifyContactLinkTest" time="25.675"/>
  <testcase classname="com.yourcompany.Tests.FollowLinkTest" name="verifyContactLinkTest" time="26.736"/>
  <testcase classname="com.yourcompany.Tests.FollowLinkTest" name="verifyContactLinkTest" time="30.046"/>
  <testcase classname="com.yourcompany.Tests.FollowLinkTest" name="verifyContactLinkTest" time="30.772"/>
  <testcase classname="com.yourcompany.Tests.ContactFormTest" name="contactFormTest" time="31.798"/>
  <testcase classname="com.yourcompany.Tests.ContactFormTest" name="contactFormTest" time="34.847"/>
  <testcase classname="com.yourcompany.Tests.ContactFormTest" name="contactFormTest" time="37.894"/>
  <testcase classname="com.yourcompany.Tests.ContactFormTest" name="contactFormTest" time="37.978"/>
  <testcase classname="com.yourcompany.Tests.ContactFormTest" name="contactFormTest" time="38.194"/>
  <testcase classname="com.yourcompany.Tests.ContactFormTest" name="contactFormTest" time="42.571"/>
  <testcase classname="com.yourcompany.Tests.ContactFormTest" name="contactFormTest" time="42.611"/>
  <testcase classname="com.yourcompany.Tests.ContactFormTest" name="contactFormTest" time="43.203"/>
  <testcase classname="com.yourcompany.Tests.ContactFormTest" name="contactFormTest" time="44.312"/>
</testsuite> <!-- Command line test -->
