<html>
<head>
<title>TestNG:  Command line test</title>
<link href="../testng.css" rel="stylesheet" type="text/css" />
<link href="../my-testng.css" rel="stylesheet" type="text/css" />

<style type="text/css">
.log { display: none;} 
.stack-trace { display: none;} 
</style>
<script type="text/javascript">
<!--
function flip(e) {
  current = e.style.display;
  if (current == 'block') {
    e.style.display = 'none';
    return 0;
  }
  else {
    e.style.display = 'block';
    return 1;
  }
}

function toggleBox(szDivId, elem, msg1, msg2)
{
  var res = -1;  if (document.getElementById) {
    res = flip(document.getElementById(szDivId));
  }
  else if (document.all) {
    // this is the way old msie versions work
    res = flip(document.all[szDivId]);
  }
  if(elem) {
    if(res == 0) elem.innerHTML = msg1; else elem.innerHTML = msg2;
  }

}

function toggleAllBoxes() {
  if (document.getElementsByTagName) {
    d = document.getElementsByTagName('div');
    for (i = 0; i < d.length; i++) {
      if (d[i].className == 'log') {
        flip(d[i]);
      }
    }
  }
}

// -->
</script>

</head>
<body>
<h2 align='center'>Command line test</h2><table border='1' align="center">
<tr>
<td>Tests passed/Failed/Skipped:</td><td>29/1/0</td>
</tr><tr>
<td>Started on:</td><td>Tue Apr 14 08:42:24 EDT 2020</td>
</tr>
<tr><td>Total time:</td><td>44 seconds (44821 ms)</td>
</tr><tr>
<td>Included groups:</td><td></td>
</tr><tr>
<td>Excluded groups:</td><td></td>
</tr>
</table><p/>
<small><i>(Hover the method name to see the test class name)</i></small><p/>
<table width='100%' border='1' class='invocation-failed'>
<tr><td colspan='4' align='center'><b>FAILED TESTS</b></td></tr>
<tr><td><b>Test method</b></td>
<td width="30%"><b>Exception</b></td>
<td width="10%"><b>Time (seconds)</b></td>
<td><b>Instance</b></td>
</tr>
<tr>
<td title='com.yourcompany.Tests.ContactFormTest.contactFormTest()'><b>contactFormTest</b><br>Test class: com.yourcompany.Tests.ContactFormTest<br>Parameters: chrome, latest, Windows 10, public void com.yourcompany.Tests.ContactFormTest.contactFormTest(java.lang.String,java.lang.String,java.lang.String,java.lang.reflect.Method) throws java.net.MalformedURLException,org.openqa.selenium.InvalidElementStateException,java.rmi.UnexpectedException</td>
<td><div><pre>org.openqa.selenium.ElementClickInterceptedException: element click intercepted: Element &lt;button id=&quot;_evidon-accept-button&quot; class=&quot;evidon-banner-acceptbutton&quot; tabindex=&quot;0&quot; style=&quot;position: absolute; right: 18px; top: 27%; display: inline-block; border: 0px; background: rgb(85, 182, 110); color: rgb(255, 255, 255); padding: 10px 12px; cursor: pointer; border-radius: 25px; width: auto; margin: 0px auto; font-size: 16px; text-transform: uppercase; font-weight: bold;&quot;&gt;...&lt;/button&gt; is not clickable at point (943, 585). Other element would receive the click: &lt;iframe id=&quot;drift-widget&quot; src=&quot;https://js.driftt.com/deploy/assets/index.html&quot; title=&quot;Drift Messenger&quot; role=&quot;complementary&quot; style=&quot;border: none; display: block; height: 100px !important; width: 456px !important; position: fixed; top: auto; left: auto; bottom: 24px; right: 24px; visibility: visible; z-index: 2147483647; max-height: 100vh; max-width: 100%; transition: none 0s ease 0s; background: none transparent; opacity: 1; pointer-events: auto; touch-action: auto;&quot; class=&quot;drift-widget-slider&quot; data-gtm-vis-recent-on-screen-2367279_416=&quot;5211&quot; data-gtm-vis-first-on-screen-2367279_416=&quot;5211&quot; data-gtm-vis-total-visible-time-2367279_416=&quot;100&quot; data-gtm-vis-has-fired-2367279_416=&quot;1&quot;&gt;&lt;/iframe&gt;
  (Session info: chrome=81.0.4044.92)
  (Driver info: chromedriver=81.0.4044.69 (6813546031a4bc83f717a2ef7cd4ac6ec1199132-refs/branch-heads/4044@{#776}),platform=Windows NT 10.0.10586 x86_64) (WARNING: The server did not provide any stacktrace information)
Command duration or timeout: 0 milliseconds
Build info: version: &apos;3.11.0&apos;, revision: &apos;e59cfb3&apos;, time: &apos;2018-03-11T20:26:55.152Z&apos;
System info: host: &apos;GC02RH2WYG8WPE&apos;, ip: &apos;192.168.1.107&apos;, os.name: &apos;Mac OS X&apos;, os.arch: &apos;x86_64&apos;, os.version: &apos;10.13.6&apos;, java.version: &apos;13.0.2&apos;
Driver info: org.openqa.selenium.remote.RemoteWebDriver
Capabilities {acceptInsecureCerts: false, acceptSslCerts: false, applicationCacheEnabled: false, browserConnectionEnabled: false, browserName: chrome, chrome: {chromedriverVersion: 81.0.4044.69 (6813546031a4b..., userDataDir: C:\Users\ADMINI~1\AppData\L...}, cssSelectorsEnabled: true, databaseEnabled: false, goog:chromeOptions: {debuggerAddress: localhost:49750}, handlesAlerts: true, hasMetadata: true, hasTouchScreen: false, javascriptEnabled: true, locationContextEnabled: true, mobileEmulationEnabled: false, nativeEvents: true, networkConnectionEnabled: false, pageLoadStrategy: normal, platform: WINDOWS, platformName: WINDOWS, proxy: Proxy(), rotatable: false, setWindowRect: true, strictFileInteractability: false, takesHeapSnapshot: true, takesScreenshot: true, timeouts: {implicit: 0, pageLoad: 300000, script: 30000}, unexpectedAlertBehaviour: ignore, unhandledPromptBehavior: ignore, version: 81.0.4044.92, webStorageEnabled: true, webauthn:virtualAuthenticators: true, webdriver.remote.sessionid: b019e485095143b5ad60ba4b631...}
Session ID: b019e485095143b5ad60ba4b631c70fe
	at org.openqa.selenium.remote.ErrorHandler.createThrowable(ErrorHandler.java:214)
	at org.openqa.selenium.remote.ErrorHandler.throwIfResponseFailed(ErrorHandler.java:166)
	at org.openqa.selenium.remote.http.JsonHttpResponseCodec.reconstructValue(JsonHttpResponseCodec.java:40)
	at org.openqa.selenium.remote.http.AbstractHttpResponseCodec.decode(AbstractHttpResponseCodec.java:80)
	at org.openqa.selenium.remote.http.AbstractHttpResponseCodec.decode(AbstractHttpResponseCodec.java:44)
	at org.openqa.selenium.remote.HttpCommandExecutor.execute(HttpCommandExecutor.java:158)
	at org.openqa.selenium.remote.RemoteWebDriver.execute(RemoteWebDriver.java:545)
	at org.openqa.selenium.remote.RemoteWebElement.execute(RemoteWebElement.java:279)
	at org.openqa.selenium.remote.RemoteWebElement.click(RemoteWebElement.java:83)
	at org.openqa.selenium.support.pagefactory.internal.LocatingElementHandler.invoke(LocatingElementHandler.java:51)
	at com.sun.proxy.$Proxy9.click(Unknown Source)
	at com.yourcompany.Pages.ContactPage.acceptCookies(ContactPage.java:77)
	at com.yourcompany.Tests.ContactFormTest.contactFormTest(ContactFormTest.java:38)
	at java.base/java.util.concurrent.FutureTask.run(FutureTask.java:264)
	at java.base/java.util.concurrent.Executors$RunnableAdapter.call(Executors.java:515)
	at java.base/java.util.concurrent.FutureTask.run(FutureTask.java:264)
	at java.base/java.util.concurrent.ThreadPoolExecutor.runWorker(ThreadPoolExecutor.java:1128)
	at java.base/java.util.concurrent.ThreadPoolExecutor$Worker.run(ThreadPoolExecutor.java:628)
	at java.base/java.lang.Thread.run(Thread.java:830)
... Removed 18 stack frames</pre></div><a href='#' onClick='toggleBox("stack-trace229762615", this, "Click to show all stack frames", "Click to hide stack frames")'>Click to show all stack frames</a>
<div class='stack-trace' id='stack-trace229762615'><pre>org.openqa.selenium.ElementClickInterceptedException: element click intercepted: Element &lt;button id=&quot;_evidon-accept-button&quot; class=&quot;evidon-banner-acceptbutton&quot; tabindex=&quot;0&quot; style=&quot;position: absolute; right: 18px; top: 27%; display: inline-block; border: 0px; background: rgb(85, 182, 110); color: rgb(255, 255, 255); padding: 10px 12px; cursor: pointer; border-radius: 25px; width: auto; margin: 0px auto; font-size: 16px; text-transform: uppercase; font-weight: bold;&quot;&gt;...&lt;/button&gt; is not clickable at point (943, 585). Other element would receive the click: &lt;iframe id=&quot;drift-widget&quot; src=&quot;https://js.driftt.com/deploy/assets/index.html&quot; title=&quot;Drift Messenger&quot; role=&quot;complementary&quot; style=&quot;border: none; display: block; height: 100px !important; width: 456px !important; position: fixed; top: auto; left: auto; bottom: 24px; right: 24px; visibility: visible; z-index: 2147483647; max-height: 100vh; max-width: 100%; transition: none 0s ease 0s; background: none transparent; opacity: 1; pointer-events: auto; touch-action: auto;&quot; class=&quot;drift-widget-slider&quot; data-gtm-vis-recent-on-screen-2367279_416=&quot;5211&quot; data-gtm-vis-first-on-screen-2367279_416=&quot;5211&quot; data-gtm-vis-total-visible-time-2367279_416=&quot;100&quot; data-gtm-vis-has-fired-2367279_416=&quot;1&quot;&gt;&lt;/iframe&gt;
  (Session info: chrome=81.0.4044.92)
  (Driver info: chromedriver=81.0.4044.69 (6813546031a4bc83f717a2ef7cd4ac6ec1199132-refs/branch-heads/4044@{#776}),platform=Windows NT 10.0.10586 x86_64) (WARNING: The server did not provide any stacktrace information)
Command duration or timeout: 0 milliseconds
Build info: version: &apos;3.11.0&apos;, revision: &apos;e59cfb3&apos;, time: &apos;2018-03-11T20:26:55.152Z&apos;
System info: host: &apos;GC02RH2WYG8WPE&apos;, ip: &apos;192.168.1.107&apos;, os.name: &apos;Mac OS X&apos;, os.arch: &apos;x86_64&apos;, os.version: &apos;10.13.6&apos;, java.version: &apos;13.0.2&apos;
Driver info: org.openqa.selenium.remote.RemoteWebDriver
Capabilities {acceptInsecureCerts: false, acceptSslCerts: false, applicationCacheEnabled: false, browserConnectionEnabled: false, browserName: chrome, chrome: {chromedriverVersion: 81.0.4044.69 (6813546031a4b..., userDataDir: C:\Users\ADMINI~1\AppData\L...}, cssSelectorsEnabled: true, databaseEnabled: false, goog:chromeOptions: {debuggerAddress: localhost:49750}, handlesAlerts: true, hasMetadata: true, hasTouchScreen: false, javascriptEnabled: true, locationContextEnabled: true, mobileEmulationEnabled: false, nativeEvents: true, networkConnectionEnabled: false, pageLoadStrategy: normal, platform: WINDOWS, platformName: WINDOWS, proxy: Proxy(), rotatable: false, setWindowRect: true, strictFileInteractability: false, takesHeapSnapshot: true, takesScreenshot: true, timeouts: {implicit: 0, pageLoad: 300000, script: 30000}, unexpectedAlertBehaviour: ignore, unhandledPromptBehavior: ignore, version: 81.0.4044.92, webStorageEnabled: true, webauthn:virtualAuthenticators: true, webdriver.remote.sessionid: b019e485095143b5ad60ba4b631...}
Session ID: b019e485095143b5ad60ba4b631c70fe
	at java.base/jdk.internal.reflect.NativeConstructorAccessorImpl.newInstance0(Native Method)
	at java.base/jdk.internal.reflect.NativeConstructorAccessorImpl.newInstance(NativeConstructorAccessorImpl.java:62)
	at java.base/jdk.internal.reflect.DelegatingConstructorAccessorImpl.newInstance(DelegatingConstructorAccessorImpl.java:45)
	at java.base/java.lang.reflect.Constructor.newInstanceWithCaller(Constructor.java:500)
	at java.base/java.lang.reflect.Constructor.newInstance(Constructor.java:481)
	at org.openqa.selenium.remote.ErrorHandler.createThrowable(ErrorHandler.java:214)
	at org.openqa.selenium.remote.ErrorHandler.throwIfResponseFailed(ErrorHandler.java:166)
	at org.openqa.selenium.remote.http.JsonHttpResponseCodec.reconstructValue(JsonHttpResponseCodec.java:40)
	at org.openqa.selenium.remote.http.AbstractHttpResponseCodec.decode(AbstractHttpResponseCodec.java:80)
	at org.openqa.selenium.remote.http.AbstractHttpResponseCodec.decode(AbstractHttpResponseCodec.java:44)
	at org.openqa.selenium.remote.HttpCommandExecutor.execute(HttpCommandExecutor.java:158)
	at org.openqa.selenium.remote.RemoteWebDriver.execute(RemoteWebDriver.java:545)
	at org.openqa.selenium.remote.RemoteWebElement.execute(RemoteWebElement.java:279)
	at org.openqa.selenium.remote.RemoteWebElement.click(RemoteWebElement.java:83)
	at java.base/jdk.internal.reflect.NativeMethodAccessorImpl.invoke0(Native Method)
	at java.base/jdk.internal.reflect.NativeMethodAccessorImpl.invoke(NativeMethodAccessorImpl.java:62)
	at java.base/jdk.internal.reflect.DelegatingMethodAccessorImpl.invoke(DelegatingMethodAccessorImpl.java:43)
	at java.base/java.lang.reflect.Method.invoke(Method.java:567)
	at org.openqa.selenium.support.pagefactory.internal.LocatingElementHandler.invoke(LocatingElementHandler.java:51)
	at com.sun.proxy.$Proxy9.click(Unknown Source)
	at com.yourcompany.Pages.ContactPage.acceptCookies(ContactPage.java:77)
	at com.yourcompany.Tests.ContactFormTest.contactFormTest(ContactFormTest.java:38)
	at java.base/jdk.internal.reflect.NativeMethodAccessorImpl.invoke0(Native Method)
	at java.base/jdk.internal.reflect.NativeMethodAccessorImpl.invoke(NativeMethodAccessorImpl.java:62)
	at java.base/jdk.internal.reflect.DelegatingMethodAccessorImpl.invoke(DelegatingMethodAccessorImpl.java:43)
	at java.base/java.lang.reflect.Method.invoke(Method.java:567)
	at org.testng.internal.MethodInvocationHelper.invokeMethod(MethodInvocationHelper.java:104)
	at org.testng.internal.Invoker.invokeMethod(Invoker.java:645)
	at org.testng.internal.Invoker.invokeTestMethod(Invoker.java:851)
	at org.testng.internal.TestMethodWithDataProviderMethodWorker.call(TestMethodWithDataProviderMethodWorker.java:75)
	at org.testng.internal.TestMethodWithDataProviderMethodWorker.call(TestMethodWithDataProviderMethodWorker.java:14)
	at java.base/java.util.concurrent.FutureTask.run(FutureTask.java:264)
	at java.base/java.util.concurrent.Executors$RunnableAdapter.call(Executors.java:515)
	at java.base/java.util.concurrent.FutureTask.run(FutureTask.java:264)
	at java.base/java.util.concurrent.ThreadPoolExecutor.runWorker(ThreadPoolExecutor.java:1128)
	at java.base/java.util.concurrent.ThreadPoolExecutor$Worker.run(ThreadPoolExecutor.java:628)
	at java.base/java.lang.Thread.run(Thread.java:830)
</pre></div></td>
<td>21</td>
<td>com.yourcompany.Tests.ContactFormTest@694e1548</td></tr>
</table><p>
<table width='100%' border='1' class='invocation-passed'>
<tr><td colspan='4' align='center'><b>PASSED TESTS</b></td></tr>
<tr><td><b>Test method</b></td>
<td width="30%"><b>Exception</b></td>
<td width="10%"><b>Time (seconds)</b></td>
<td><b>Instance</b></td>
</tr>
<tr>
<td title='com.yourcompany.Tests.ContactFormTest.contactFormTest()'><b>contactFormTest</b><br>Test class: com.yourcompany.Tests.ContactFormTest<br>Parameters: MicrosoftEdge, latest, Windows 10, public void com.yourcompany.Tests.ContactFormTest.contactFormTest(java.lang.String,java.lang.String,java.lang.String,java.lang.reflect.Method) throws java.net.MalformedURLException,org.openqa.selenium.InvalidElementStateException,java.rmi.UnexpectedException</td>
<td></td>
<td>31</td>
<td>com.yourcompany.Tests.ContactFormTest@694e1548</td></tr>
<tr>
<td title='com.yourcompany.Tests.ContactFormTest.contactFormTest()'><b>contactFormTest</b><br>Test class: com.yourcompany.Tests.ContactFormTest<br>Parameters: MicrosoftEdge, latest-1, Windows 10, public void com.yourcompany.Tests.ContactFormTest.contactFormTest(java.lang.String,java.lang.String,java.lang.String,java.lang.reflect.Method) throws java.net.MalformedURLException,org.openqa.selenium.InvalidElementStateException,java.rmi.UnexpectedException</td>
<td></td>
<td>34</td>
<td>com.yourcompany.Tests.ContactFormTest@694e1548</td></tr>
<tr>
<td title='com.yourcompany.Tests.ContactFormTest.contactFormTest()'><b>contactFormTest</b><br>Test class: com.yourcompany.Tests.ContactFormTest<br>Parameters: chrome, latest-1, Windows 10, public void com.yourcompany.Tests.ContactFormTest.contactFormTest(java.lang.String,java.lang.String,java.lang.String,java.lang.reflect.Method) throws java.net.MalformedURLException,org.openqa.selenium.InvalidElementStateException,java.rmi.UnexpectedException</td>
<td></td>
<td>37</td>
<td>com.yourcompany.Tests.ContactFormTest@694e1548</td></tr>
<tr>
<td title='com.yourcompany.Tests.ContactFormTest.contactFormTest()'><b>contactFormTest</b><br>Test class: com.yourcompany.Tests.ContactFormTest<br>Parameters: chrome, latest, macOS 10.15, public void com.yourcompany.Tests.ContactFormTest.contactFormTest(java.lang.String,java.lang.String,java.lang.String,java.lang.reflect.Method) throws java.net.MalformedURLException,org.openqa.selenium.InvalidElementStateException,java.rmi.UnexpectedException</td>
<td></td>
<td>37</td>
<td>com.yourcompany.Tests.ContactFormTest@694e1548</td></tr>
<tr>
<td title='com.yourcompany.Tests.ContactFormTest.contactFormTest()'><b>contactFormTest</b><br>Test class: com.yourcompany.Tests.ContactFormTest<br>Parameters: chrome, latest-1, macOS 10.15, public void com.yourcompany.Tests.ContactFormTest.contactFormTest(java.lang.String,java.lang.String,java.lang.String,java.lang.reflect.Method) throws java.net.MalformedURLException,org.openqa.selenium.InvalidElementStateException,java.rmi.UnexpectedException</td>
<td></td>
<td>38</td>
<td>com.yourcompany.Tests.ContactFormTest@694e1548</td></tr>
<tr>
<td title='com.yourcompany.Tests.ContactFormTest.contactFormTest()'><b>contactFormTest</b><br>Test class: com.yourcompany.Tests.ContactFormTest<br>Parameters: firefox, latest, Windows 10, public void com.yourcompany.Tests.ContactFormTest.contactFormTest(java.lang.String,java.lang.String,java.lang.String,java.lang.reflect.Method) throws java.net.MalformedURLException,org.openqa.selenium.InvalidElementStateException,java.rmi.UnexpectedException</td>
<td></td>
<td>42</td>
<td>com.yourcompany.Tests.ContactFormTest@694e1548</td></tr>
<tr>
<td title='com.yourcompany.Tests.ContactFormTest.contactFormTest()'><b>contactFormTest</b><br>Test class: com.yourcompany.Tests.ContactFormTest<br>Parameters: firefox, latest, macOS 10.15, public void com.yourcompany.Tests.ContactFormTest.contactFormTest(java.lang.String,java.lang.String,java.lang.String,java.lang.reflect.Method) throws java.net.MalformedURLException,org.openqa.selenium.InvalidElementStateException,java.rmi.UnexpectedException</td>
<td></td>
<td>42</td>
<td>com.yourcompany.Tests.ContactFormTest@694e1548</td></tr>
<tr>
<td title='com.yourcompany.Tests.ContactFormTest.contactFormTest()'><b>contactFormTest</b><br>Test class: com.yourcompany.Tests.ContactFormTest<br>Parameters: firefox, latest-1, Windows 10, public void com.yourcompany.Tests.ContactFormTest.contactFormTest(java.lang.String,java.lang.String,java.lang.String,java.lang.reflect.Method) throws java.net.MalformedURLException,org.openqa.selenium.InvalidElementStateException,java.rmi.UnexpectedException</td>
<td></td>
<td>43</td>
<td>com.yourcompany.Tests.ContactFormTest@694e1548</td></tr>
<tr>
<td title='com.yourcompany.Tests.ContactFormTest.contactFormTest()'><b>contactFormTest</b><br>Test class: com.yourcompany.Tests.ContactFormTest<br>Parameters: firefox, latest-1, macOS 10.15, public void com.yourcompany.Tests.ContactFormTest.contactFormTest(java.lang.String,java.lang.String,java.lang.String,java.lang.reflect.Method) throws java.net.MalformedURLException,org.openqa.selenium.InvalidElementStateException,java.rmi.UnexpectedException</td>
<td></td>
<td>44</td>
<td>com.yourcompany.Tests.ContactFormTest@694e1548</td></tr>
<tr>
<td title='com.yourcompany.Tests.FollowLinkTest.verifyContactLinkTest()'><b>verifyContactLinkTest</b><br>Test class: com.yourcompany.Tests.FollowLinkTest<br>Parameters: MicrosoftEdge, latest-1, Windows 10, public void com.yourcompany.Tests.FollowLinkTest.verifyContactLinkTest(java.lang.String,java.lang.String,java.lang.String,java.lang.reflect.Method) throws java.net.MalformedURLException,org.openqa.selenium.InvalidElementStateException,java.rmi.UnexpectedException</td>
<td></td>
<td>16</td>
<td>com.yourcompany.Tests.FollowLinkTest@1f554b06</td></tr>
<tr>
<td title='com.yourcompany.Tests.FollowLinkTest.verifyContactLinkTest()'><b>verifyContactLinkTest</b><br>Test class: com.yourcompany.Tests.FollowLinkTest<br>Parameters: chrome, latest, Windows 10, public void com.yourcompany.Tests.FollowLinkTest.verifyContactLinkTest(java.lang.String,java.lang.String,java.lang.String,java.lang.reflect.Method) throws java.net.MalformedURLException,org.openqa.selenium.InvalidElementStateException,java.rmi.UnexpectedException</td>
<td></td>
<td>18</td>
<td>com.yourcompany.Tests.FollowLinkTest@1f554b06</td></tr>
<tr>
<td title='com.yourcompany.Tests.FollowLinkTest.verifyContactLinkTest()'><b>verifyContactLinkTest</b><br>Test class: com.yourcompany.Tests.FollowLinkTest<br>Parameters: chrome, latest, macOS 10.15, public void com.yourcompany.Tests.FollowLinkTest.verifyContactLinkTest(java.lang.String,java.lang.String,java.lang.String,java.lang.reflect.Method) throws java.net.MalformedURLException,org.openqa.selenium.InvalidElementStateException,java.rmi.UnexpectedException</td>
<td></td>
<td>19</td>
<td>com.yourcompany.Tests.FollowLinkTest@1f554b06</td></tr>
<tr>
<td title='com.yourcompany.Tests.FollowLinkTest.verifyContactLinkTest()'><b>verifyContactLinkTest</b><br>Test class: com.yourcompany.Tests.FollowLinkTest<br>Parameters: chrome, latest-1, Windows 10, public void com.yourcompany.Tests.FollowLinkTest.verifyContactLinkTest(java.lang.String,java.lang.String,java.lang.String,java.lang.reflect.Method) throws java.net.MalformedURLException,org.openqa.selenium.InvalidElementStateException,java.rmi.UnexpectedException</td>
<td></td>
<td>20</td>
<td>com.yourcompany.Tests.FollowLinkTest@1f554b06</td></tr>
<tr>
<td title='com.yourcompany.Tests.FollowLinkTest.verifyContactLinkTest()'><b>verifyContactLinkTest</b><br>Test class: com.yourcompany.Tests.FollowLinkTest<br>Parameters: MicrosoftEdge, latest, Windows 10, public void com.yourcompany.Tests.FollowLinkTest.verifyContactLinkTest(java.lang.String,java.lang.String,java.lang.String,java.lang.reflect.Method) throws java.net.MalformedURLException,org.openqa.selenium.InvalidElementStateException,java.rmi.UnexpectedException</td>
<td></td>
<td>22</td>
<td>com.yourcompany.Tests.FollowLinkTest@1f554b06</td></tr>
<tr>
<td title='com.yourcompany.Tests.FollowLinkTest.verifyContactLinkTest()'><b>verifyContactLinkTest</b><br>Test class: com.yourcompany.Tests.FollowLinkTest<br>Parameters: firefox, latest-1, macOS 10.15, public void com.yourcompany.Tests.FollowLinkTest.verifyContactLinkTest(java.lang.String,java.lang.String,java.lang.String,java.lang.reflect.Method) throws java.net.MalformedURLException,org.openqa.selenium.InvalidElementStateException,java.rmi.UnexpectedException</td>
<td></td>
<td>24</td>
<td>com.yourcompany.Tests.FollowLinkTest@1f554b06</td></tr>
<tr>
<td title='com.yourcompany.Tests.FollowLinkTest.verifyContactLinkTest()'><b>verifyContactLinkTest</b><br>Test class: com.yourcompany.Tests.FollowLinkTest<br>Parameters: firefox, latest, macOS 10.15, public void com.yourcompany.Tests.FollowLinkTest.verifyContactLinkTest(java.lang.String,java.lang.String,java.lang.String,java.lang.reflect.Method) throws java.net.MalformedURLException,org.openqa.selenium.InvalidElementStateException,java.rmi.UnexpectedException</td>
<td></td>
<td>25</td>
<td>com.yourcompany.Tests.FollowLinkTest@1f554b06</td></tr>
<tr>
<td title='com.yourcompany.Tests.FollowLinkTest.verifyContactLinkTest()'><b>verifyContactLinkTest</b><br>Test class: com.yourcompany.Tests.FollowLinkTest<br>Parameters: chrome, latest-1, macOS 10.15, public void com.yourcompany.Tests.FollowLinkTest.verifyContactLinkTest(java.lang.String,java.lang.String,java.lang.String,java.lang.reflect.Method) throws java.net.MalformedURLException,org.openqa.selenium.InvalidElementStateException,java.rmi.UnexpectedException</td>
<td></td>
<td>26</td>
<td>com.yourcompany.Tests.FollowLinkTest@1f554b06</td></tr>
<tr>
<td title='com.yourcompany.Tests.FollowLinkTest.verifyContactLinkTest()'><b>verifyContactLinkTest</b><br>Test class: com.yourcompany.Tests.FollowLinkTest<br>Parameters: firefox, latest, Windows 10, public void com.yourcompany.Tests.FollowLinkTest.verifyContactLinkTest(java.lang.String,java.lang.String,java.lang.String,java.lang.reflect.Method) throws java.net.MalformedURLException,org.openqa.selenium.InvalidElementStateException,java.rmi.UnexpectedException</td>
<td></td>
<td>30</td>
<td>com.yourcompany.Tests.FollowLinkTest@1f554b06</td></tr>
<tr>
<td title='com.yourcompany.Tests.FollowLinkTest.verifyContactLinkTest()'><b>verifyContactLinkTest</b><br>Test class: com.yourcompany.Tests.FollowLinkTest<br>Parameters: firefox, latest-1, Windows 10, public void com.yourcompany.Tests.FollowLinkTest.verifyContactLinkTest(java.lang.String,java.lang.String,java.lang.String,java.lang.reflect.Method) throws java.net.MalformedURLException,org.openqa.selenium.InvalidElementStateException,java.rmi.UnexpectedException</td>
<td></td>
<td>30</td>
<td>com.yourcompany.Tests.FollowLinkTest@1f554b06</td></tr>
<tr>
<td title='com.yourcompany.Tests.PAOIEndpointTest.verifyPAOIEndpointTest()'><b>verifyPAOIEndpointTest</b><br>Test class: com.yourcompany.Tests.PAOIEndpointTest<br>Parameters: chrome, latest, Windows 10, public void com.yourcompany.Tests.PAOIEndpointTest.verifyPAOIEndpointTest(java.lang.String,java.lang.String,java.lang.String,java.lang.reflect.Method) throws java.net.MalformedURLException,org.openqa.selenium.InvalidElementStateException,java.rmi.UnexpectedException</td>
<td></td>
<td>11</td>
<td>com.yourcompany.Tests.PAOIEndpointTest@614ddd49</td></tr>
<tr>
<td title='com.yourcompany.Tests.PAOIEndpointTest.verifyPAOIEndpointTest()'><b>verifyPAOIEndpointTest</b><br>Test class: com.yourcompany.Tests.PAOIEndpointTest<br>Parameters: chrome, latest-1, Windows 10, public void com.yourcompany.Tests.PAOIEndpointTest.verifyPAOIEndpointTest(java.lang.String,java.lang.String,java.lang.String,java.lang.reflect.Method) throws java.net.MalformedURLException,org.openqa.selenium.InvalidElementStateException,java.rmi.UnexpectedException</td>
<td></td>
<td>12</td>
<td>com.yourcompany.Tests.PAOIEndpointTest@614ddd49</td></tr>
<tr>
<td title='com.yourcompany.Tests.PAOIEndpointTest.verifyPAOIEndpointTest()'><b>verifyPAOIEndpointTest</b><br>Test class: com.yourcompany.Tests.PAOIEndpointTest<br>Parameters: chrome, latest, macOS 10.15, public void com.yourcompany.Tests.PAOIEndpointTest.verifyPAOIEndpointTest(java.lang.String,java.lang.String,java.lang.String,java.lang.reflect.Method) throws java.net.MalformedURLException,org.openqa.selenium.InvalidElementStateException,java.rmi.UnexpectedException</td>
<td></td>
<td>12</td>
<td>com.yourcompany.Tests.PAOIEndpointTest@614ddd49</td></tr>
<tr>
<td title='com.yourcompany.Tests.PAOIEndpointTest.verifyPAOIEndpointTest()'><b>verifyPAOIEndpointTest</b><br>Test class: com.yourcompany.Tests.PAOIEndpointTest<br>Parameters: MicrosoftEdge, latest, Windows 10, public void com.yourcompany.Tests.PAOIEndpointTest.verifyPAOIEndpointTest(java.lang.String,java.lang.String,java.lang.String,java.lang.reflect.Method) throws java.net.MalformedURLException,org.openqa.selenium.InvalidElementStateException,java.rmi.UnexpectedException</td>
<td></td>
<td>13</td>
<td>com.yourcompany.Tests.PAOIEndpointTest@614ddd49</td></tr>
<tr>
<td title='com.yourcompany.Tests.PAOIEndpointTest.verifyPAOIEndpointTest()'><b>verifyPAOIEndpointTest</b><br>Test class: com.yourcompany.Tests.PAOIEndpointTest<br>Parameters: MicrosoftEdge, latest-1, Windows 10, public void com.yourcompany.Tests.PAOIEndpointTest.verifyPAOIEndpointTest(java.lang.String,java.lang.String,java.lang.String,java.lang.reflect.Method) throws java.net.MalformedURLException,org.openqa.selenium.InvalidElementStateException,java.rmi.UnexpectedException</td>
<td></td>
<td>13</td>
<td>com.yourcompany.Tests.PAOIEndpointTest@614ddd49</td></tr>
<tr>
<td title='com.yourcompany.Tests.PAOIEndpointTest.verifyPAOIEndpointTest()'><b>verifyPAOIEndpointTest</b><br>Test class: com.yourcompany.Tests.PAOIEndpointTest<br>Parameters: chrome, latest-1, macOS 10.15, public void com.yourcompany.Tests.PAOIEndpointTest.verifyPAOIEndpointTest(java.lang.String,java.lang.String,java.lang.String,java.lang.reflect.Method) throws java.net.MalformedURLException,org.openqa.selenium.InvalidElementStateException,java.rmi.UnexpectedException</td>
<td></td>
<td>13</td>
<td>com.yourcompany.Tests.PAOIEndpointTest@614ddd49</td></tr>
<tr>
<td title='com.yourcompany.Tests.PAOIEndpointTest.verifyPAOIEndpointTest()'><b>verifyPAOIEndpointTest</b><br>Test class: com.yourcompany.Tests.PAOIEndpointTest<br>Parameters: firefox, latest, macOS 10.15, public void com.yourcompany.Tests.PAOIEndpointTest.verifyPAOIEndpointTest(java.lang.String,java.lang.String,java.lang.String,java.lang.reflect.Method) throws java.net.MalformedURLException,org.openqa.selenium.InvalidElementStateException,java.rmi.UnexpectedException</td>
<td></td>
<td>16</td>
<td>com.yourcompany.Tests.PAOIEndpointTest@614ddd49</td></tr>
<tr>
<td title='com.yourcompany.Tests.PAOIEndpointTest.verifyPAOIEndpointTest()'><b>verifyPAOIEndpointTest</b><br>Test class: com.yourcompany.Tests.PAOIEndpointTest<br>Parameters: firefox, latest-1, macOS 10.15, public void com.yourcompany.Tests.PAOIEndpointTest.verifyPAOIEndpointTest(java.lang.String,java.lang.String,java.lang.String,java.lang.reflect.Method) throws java.net.MalformedURLException,org.openqa.selenium.InvalidElementStateException,java.rmi.UnexpectedException</td>
<td></td>
<td>19</td>
<td>com.yourcompany.Tests.PAOIEndpointTest@614ddd49</td></tr>
<tr>
<td title='com.yourcompany.Tests.PAOIEndpointTest.verifyPAOIEndpointTest()'><b>verifyPAOIEndpointTest</b><br>Test class: com.yourcompany.Tests.PAOIEndpointTest<br>Parameters: firefox, latest, Windows 10, public void com.yourcompany.Tests.PAOIEndpointTest.verifyPAOIEndpointTest(java.lang.String,java.lang.String,java.lang.String,java.lang.reflect.Method) throws java.net.MalformedURLException,org.openqa.selenium.InvalidElementStateException,java.rmi.UnexpectedException</td>
<td></td>
<td>22</td>
<td>com.yourcompany.Tests.PAOIEndpointTest@614ddd49</td></tr>
<tr>
<td title='com.yourcompany.Tests.PAOIEndpointTest.verifyPAOIEndpointTest()'><b>verifyPAOIEndpointTest</b><br>Test class: com.yourcompany.Tests.PAOIEndpointTest<br>Parameters: firefox, latest-1, Windows 10, public void com.yourcompany.Tests.PAOIEndpointTest.verifyPAOIEndpointTest(java.lang.String,java.lang.String,java.lang.String,java.lang.reflect.Method) throws java.net.MalformedURLException,org.openqa.selenium.InvalidElementStateException,java.rmi.UnexpectedException</td>
<td></td>
<td>22</td>
<td>com.yourcompany.Tests.PAOIEndpointTest@614ddd49</td></tr>
</table><p>
</body>
</html>