<!DOCTYPE html>

<html>
  <head>
  <meta charset='utf-8'>
  <title>TestNG reports</title>

    <link type="text/css" href="testng-reports.css" rel="stylesheet" />  
    <script type="text/javascript" src="jquery-1.7.1.min.js"></script>
    <script type="text/javascript" src="testng-reports.js"></script>
    <script type="text/javascript" src="https://www.google.com/jsapi"></script>
    <script type='text/javascript'>
      google.load('visualization', '1', {packages:['table']});
      google.setOnLoadCallback(drawTable);
      var suiteTableInitFunctions = new Array();
      var suiteTableData = new Array();
    </script>
    <!--
      <script type="text/javascript" src="jquery-ui/js/jquery-ui-1.8.16.custom.min.js"></script>
     -->
  </head>

  <body>
    <div class="top-banner-root">
      <span class="top-banner-title-font">Test results</span>
      <br/>
      <span class="top-banner-font-1">1 suite, 30 failed tests</span>
    </div> <!-- top-banner-root -->
    <div class="navigator-root">
      <div class="navigator-suite-header">
        <span>All suites</span>
        <a href="#" title="Collapse/expand all the suites" class="collapse-all-link">
          <img src="collapseall.gif" class="collapse-all-icon">
          </img> <!-- collapse-all-icon -->
        </a> <!-- collapse-all-link -->
      </div> <!-- navigator-suite-header -->
      <div class="suite">
        <div class="rounded-window">
          <div class="suite-header light-rounded-window-top">
            <a href="#" panel-name="suite-Command_line_suite" class="navigator-link">
              <span class="suite-name border-failed">Command line suite</span>
            </a> <!-- navigator-link -->
          </div> <!-- suite-header light-rounded-window-top -->
          <div class="navigator-suite-content">
            <div class="suite-section-title">
              <span>Info</span>
            </div> <!-- suite-section-title -->
            <div class="suite-section-content">
              <ul>
                <li>
                  <a href="#" panel-name="test-xml-Command_line_suite" class="navigator-link ">
                    <span>[unset file name]</span>
                  </a> <!-- navigator-link  -->
                </li>
                <li>
                  <a href="#" panel-name="testlist-Command_line_suite" class="navigator-link ">
                    <span class="test-stats">1 test</span>
                  </a> <!-- navigator-link  -->
                </li>
                <li>
                  <a href="#" panel-name="group-Command_line_suite" class="navigator-link ">
                    <span>0 groups</span>
                  </a> <!-- navigator-link  -->
                </li>
                <li>
                  <a href="#" panel-name="times-Command_line_suite" class="navigator-link ">
                    <span>Times</span>
                  </a> <!-- navigator-link  -->
                </li>
                <li>
                  <a href="#" panel-name="reporter-Command_line_suite" class="navigator-link ">
                    <span>Reporter output</span>
                  </a> <!-- navigator-link  -->
                </li>
                <li>
                  <a href="#" panel-name="ignored-methods-Command_line_suite" class="navigator-link ">
                    <span>Ignored methods</span>
                  </a> <!-- navigator-link  -->
                </li>
                <li>
                  <a href="#" panel-name="chronological-Command_line_suite" class="navigator-link ">
                    <span>Chronological view</span>
                  </a> <!-- navigator-link  -->
                </li>
              </ul>
            </div> <!-- suite-section-content -->
            <div class="result-section">
              <div class="suite-section-title">
                <span>Results</span>
              </div> <!-- suite-section-title -->
              <div class="suite-section-content">
                <ul>
                  <li>
                    <span class="method-stats">30 methods, 30 failed,   </span>
                  </li>
                  <li>
                    <span class="method-list-title failed">Failed methods</span>
                    <span class="show-or-hide-methods failed">
                      <a href="#" panel-name="suite-Command_line_suite" class="hide-methods failed suite-Command_line_suite"> (hide)</a> <!-- hide-methods failed suite-Command_line_suite -->
                      <a href="#" panel-name="suite-Command_line_suite" class="show-methods failed suite-Command_line_suite"> (show)</a> <!-- show-methods failed suite-Command_line_suite -->
                    </span>
                    <div class="method-list-content failed suite-Command_line_suite">
                      <span>
                        <img src="failed.png" width="3%"/>
                        <a href="#" panel-name="suite-Command_line_suite" title="com.yourcompany.Tests.ContactFormTest" class="method navigator-link" hash-for-method="contactFormTest(chrome, latest-1, macOS 10.15, public void com.yourcompany.Tests.ContactFormTest.contactFormTest(jav...)">contactFormTest(chrome, latest-1, macOS 10.15, public void com.yourcompany.Tests.ContactFormTest.contactFormTest(jav...)</a> <!-- method navigator-link -->
                      </span>
                      <br/>
                      <span>
                        <img src="failed.png" width="3%"/>
                        <a href="#" panel-name="suite-Command_line_suite" title="com.yourcompany.Tests.ContactFormTest" class="method navigator-link" hash-for-method="contactFormTest(chrome, latest, macOS 10.15, public void com.yourcompany.Tests.ContactFormTest.contactFormTest(java....)">contactFormTest(chrome, latest, macOS 10.15, public void com.yourcompany.Tests.ContactFormTest.contactFormTest(java....)</a> <!-- method navigator-link -->
                      </span>
                      <br/>
                      <span>
                        <img src="failed.png" width="3%"/>
                        <a href="#" panel-name="suite-Command_line_suite" title="com.yourcompany.Tests.ContactFormTest" class="method navigator-link" hash-for-method="contactFormTest(firefox, latest-1, Windows 10, public void com.yourcompany.Tests.ContactFormTest.contactFormTest(jav...)">contactFormTest(firefox, latest-1, Windows 10, public void com.yourcompany.Tests.ContactFormTest.contactFormTest(jav...)</a> <!-- method navigator-link -->
                      </span>
                      <br/>
                      <span>
                        <img src="failed.png" width="3%"/>
                        <a href="#" panel-name="suite-Command_line_suite" title="com.yourcompany.Tests.ContactFormTest" class="method navigator-link" hash-for-method="contactFormTest(firefox, latest, macOS 10.15, public void com.yourcompany.Tests.ContactFormTest.contactFormTest(java...)">contactFormTest(firefox, latest, macOS 10.15, public void com.yourcompany.Tests.ContactFormTest.contactFormTest(java...)</a> <!-- method navigator-link -->
                      </span>
                      <br/>
                      <span>
                        <img src="failed.png" width="3%"/>
                        <a href="#" panel-name="suite-Command_line_suite" title="com.yourcompany.Tests.ContactFormTest" class="method navigator-link" hash-for-method="contactFormTest(chrome, latest, Windows 10, public void com.yourcompany.Tests.ContactFormTest.contactFormTest(java.l...)">contactFormTest(chrome, latest, Windows 10, public void com.yourcompany.Tests.ContactFormTest.contactFormTest(java.l...)</a> <!-- method navigator-link -->
                      </span>
                      <br/>
                      <span>
                        <img src="failed.png" width="3%"/>
                        <a href="#" panel-name="suite-Command_line_suite" title="com.yourcompany.Tests.ContactFormTest" class="method navigator-link" hash-for-method="contactFormTest(firefox, latest, Windows 10, public void com.yourcompany.Tests.ContactFormTest.contactFormTest(java....)">contactFormTest(firefox, latest, Windows 10, public void com.yourcompany.Tests.ContactFormTest.contactFormTest(java....)</a> <!-- method navigator-link -->
                      </span>
                      <br/>
                      <span>
                        <img src="failed.png" width="3%"/>
                        <a href="#" panel-name="suite-Command_line_suite" title="com.yourcompany.Tests.ContactFormTest" class="method navigator-link" hash-for-method="contactFormTest(firefox, latest-1, macOS 10.15, public void com.yourcompany.Tests.ContactFormTest.contactFormTest(ja...)">contactFormTest(firefox, latest-1, macOS 10.15, public void com.yourcompany.Tests.ContactFormTest.contactFormTest(ja...)</a> <!-- method navigator-link -->
                      </span>
                      <br/>
                      <span>
                        <img src="failed.png" width="3%"/>
                        <a href="#" panel-name="suite-Command_line_suite" title="com.yourcompany.Tests.ContactFormTest" class="method navigator-link" hash-for-method="contactFormTest(chrome, latest-1, Windows 10, public void com.yourcompany.Tests.ContactFormTest.contactFormTest(java...)">contactFormTest(chrome, latest-1, Windows 10, public void com.yourcompany.Tests.ContactFormTest.contactFormTest(java...)</a> <!-- method navigator-link -->
                      </span>
                      <br/>
                      <span>
                        <img src="failed.png" width="3%"/>
                        <a href="#" panel-name="suite-Command_line_suite" title="com.yourcompany.Tests.ContactFormTest" class="method navigator-link" hash-for-method="contactFormTest(MicrosoftEdge, latest-1, Windows 10, public void com.yourcompany.Tests.ContactFormTest.contactFormTe...)">contactFormTest(MicrosoftEdge, latest-1, Windows 10, public void com.yourcompany.Tests.ContactFormTest.contactFormTe...)</a> <!-- method navigator-link -->
                      </span>
                      <br/>
                      <span>
                        <img src="failed.png" width="3%"/>
                        <a href="#" panel-name="suite-Command_line_suite" title="com.yourcompany.Tests.ContactFormTest" class="method navigator-link" hash-for-method="contactFormTest(MicrosoftEdge, latest, Windows 10, public void com.yourcompany.Tests.ContactFormTest.contactFormTest...)">contactFormTest(MicrosoftEdge, latest, Windows 10, public void com.yourcompany.Tests.ContactFormTest.contactFormTest...)</a> <!-- method navigator-link -->
                      </span>
                      <br/>
                      <span>
                        <img src="failed.png" width="3%"/>
                        <a href="#" panel-name="suite-Command_line_suite" title="com.yourcompany.Tests.FollowLinkTest" class="method navigator-link" hash-for-method="verifyContactLinkTest(firefox, latest, macOS 10.15, public void com.yourcompany.Tests.FollowLinkTest.verifyContactLinkTest...)">verifyContactLinkTest(firefox, latest, macOS 10.15, public void com.yourcompany.Tests.FollowLinkTest.verifyContactLinkTest...)</a> <!-- method navigator-link -->
                      </span>
                      <br/>
                      <span>
                        <img src="failed.png" width="3%"/>
                        <a href="#" panel-name="suite-Command_line_suite" title="com.yourcompany.Tests.FollowLinkTest" class="method navigator-link" hash-for-method="verifyContactLinkTest(MicrosoftEdge, latest, Windows 10, public void com.yourcompany.Tests.FollowLinkTest.verifyContactLin...)">verifyContactLinkTest(MicrosoftEdge, latest, Windows 10, public void com.yourcompany.Tests.FollowLinkTest.verifyContactLin...)</a> <!-- method navigator-link -->
                      </span>
                      <br/>
                      <span>
                        <img src="failed.png" width="3%"/>
                        <a href="#" panel-name="suite-Command_line_suite" title="com.yourcompany.Tests.FollowLinkTest" class="method navigator-link" hash-for-method="verifyContactLinkTest(MicrosoftEdge, latest-1, Windows 10, public void com.yourcompany.Tests.FollowLinkTest.verifyContactL...)">verifyContactLinkTest(MicrosoftEdge, latest-1, Windows 10, public void com.yourcompany.Tests.FollowLinkTest.verifyContactL...)</a> <!-- method navigator-link -->
                      </span>
                      <br/>
                      <span>
                        <img src="failed.png" width="3%"/>
                        <a href="#" panel-name="suite-Command_line_suite" title="com.yourcompany.Tests.FollowLinkTest" class="method navigator-link" hash-for-method="verifyContactLinkTest(firefox, latest, Windows 10, public void com.yourcompany.Tests.FollowLinkTest.verifyContactLinkTest(...)">verifyContactLinkTest(firefox, latest, Windows 10, public void com.yourcompany.Tests.FollowLinkTest.verifyContactLinkTest(...)</a> <!-- method navigator-link -->
                      </span>
                      <br/>
                      <span>
                        <img src="failed.png" width="3%"/>
                        <a href="#" panel-name="suite-Command_line_suite" title="com.yourcompany.Tests.FollowLinkTest" class="method navigator-link" hash-for-method="verifyContactLinkTest(chrome, latest-1, Windows 10, public void com.yourcompany.Tests.FollowLinkTest.verifyContactLinkTest...)">verifyContactLinkTest(chrome, latest-1, Windows 10, public void com.yourcompany.Tests.FollowLinkTest.verifyContactLinkTest...)</a> <!-- method navigator-link -->
                      </span>
                      <br/>
                      <span>
                        <img src="failed.png" width="3%"/>
                        <a href="#" panel-name="suite-Command_line_suite" title="com.yourcompany.Tests.FollowLinkTest" class="method navigator-link" hash-for-method="verifyContactLinkTest(chrome, latest, Windows 10, public void com.yourcompany.Tests.FollowLinkTest.verifyContactLinkTest(j...)">verifyContactLinkTest(chrome, latest, Windows 10, public void com.yourcompany.Tests.FollowLinkTest.verifyContactLinkTest(j...)</a> <!-- method navigator-link -->
                      </span>
                      <br/>
                      <span>
                        <img src="failed.png" width="3%"/>
                        <a href="#" panel-name="suite-Command_line_suite" title="com.yourcompany.Tests.FollowLinkTest" class="method navigator-link" hash-for-method="verifyContactLinkTest(chrome, latest, macOS 10.15, public void com.yourcompany.Tests.FollowLinkTest.verifyContactLinkTest(...)">verifyContactLinkTest(chrome, latest, macOS 10.15, public void com.yourcompany.Tests.FollowLinkTest.verifyContactLinkTest(...)</a> <!-- method navigator-link -->
                      </span>
                      <br/>
                      <span>
                        <img src="failed.png" width="3%"/>
                        <a href="#" panel-name="suite-Command_line_suite" title="com.yourcompany.Tests.FollowLinkTest" class="method navigator-link" hash-for-method="verifyContactLinkTest(firefox, latest-1, macOS 10.15, public void com.yourcompany.Tests.FollowLinkTest.verifyContactLinkTe...)">verifyContactLinkTest(firefox, latest-1, macOS 10.15, public void com.yourcompany.Tests.FollowLinkTest.verifyContactLinkTe...)</a> <!-- method navigator-link -->
                      </span>
                      <br/>
                      <span>
                        <img src="failed.png" width="3%"/>
                        <a href="#" panel-name="suite-Command_line_suite" title="com.yourcompany.Tests.FollowLinkTest" class="method navigator-link" hash-for-method="verifyContactLinkTest(chrome, latest-1, macOS 10.15, public void com.yourcompany.Tests.FollowLinkTest.verifyContactLinkTes...)">verifyContactLinkTest(chrome, latest-1, macOS 10.15, public void com.yourcompany.Tests.FollowLinkTest.verifyContactLinkTes...)</a> <!-- method navigator-link -->
                      </span>
                      <br/>
                      <span>
                        <img src="failed.png" width="3%"/>
                        <a href="#" panel-name="suite-Command_line_suite" title="com.yourcompany.Tests.FollowLinkTest" class="method navigator-link" hash-for-method="verifyContactLinkTest(firefox, latest-1, Windows 10, public void com.yourcompany.Tests.FollowLinkTest.verifyContactLinkTes...)">verifyContactLinkTest(firefox, latest-1, Windows 10, public void com.yourcompany.Tests.FollowLinkTest.verifyContactLinkTes...)</a> <!-- method navigator-link -->
                      </span>
                      <br/>
                      <span>
                        <img src="failed.png" width="3%"/>
                        <a href="#" panel-name="suite-Command_line_suite" title="com.yourcompany.Tests.PAOIEndpointTest" class="method navigator-link" hash-for-method="verifyPAOIEndpointTest(firefox, latest, macOS 10.15, public void com.yourcompany.Tests.PAOIEndpointTest.verifyPAOIEndpointT...)">verifyPAOIEndpointTest(firefox, latest, macOS 10.15, public void com.yourcompany.Tests.PAOIEndpointTest.verifyPAOIEndpointT...)</a> <!-- method navigator-link -->
                      </span>
                      <br/>
                      <span>
                        <img src="failed.png" width="3%"/>
                        <a href="#" panel-name="suite-Command_line_suite" title="com.yourcompany.Tests.PAOIEndpointTest" class="method navigator-link" hash-for-method="verifyPAOIEndpointTest(chrome, latest-1, macOS 10.15, public void com.yourcompany.Tests.PAOIEndpointTest.verifyPAOIEndpoint...)">verifyPAOIEndpointTest(chrome, latest-1, macOS 10.15, public void com.yourcompany.Tests.PAOIEndpointTest.verifyPAOIEndpoint...)</a> <!-- method navigator-link -->
                      </span>
                      <br/>
                      <span>
                        <img src="failed.png" width="3%"/>
                        <a href="#" panel-name="suite-Command_line_suite" title="com.yourcompany.Tests.PAOIEndpointTest" class="method navigator-link" hash-for-method="verifyPAOIEndpointTest(chrome, latest, Windows 10, public void com.yourcompany.Tests.PAOIEndpointTest.verifyPAOIEndpointTes...)">verifyPAOIEndpointTest(chrome, latest, Windows 10, public void com.yourcompany.Tests.PAOIEndpointTest.verifyPAOIEndpointTes...)</a> <!-- method navigator-link -->
                      </span>
                      <br/>
                      <span>
                        <img src="failed.png" width="3%"/>
                        <a href="#" panel-name="suite-Command_line_suite" title="com.yourcompany.Tests.PAOIEndpointTest" class="method navigator-link" hash-for-method="verifyPAOIEndpointTest(chrome, latest, macOS 10.15, public void com.yourcompany.Tests.PAOIEndpointTest.verifyPAOIEndpointTe...)">verifyPAOIEndpointTest(chrome, latest, macOS 10.15, public void com.yourcompany.Tests.PAOIEndpointTest.verifyPAOIEndpointTe...)</a> <!-- method navigator-link -->
                      </span>
                      <br/>
                      <span>
                        <img src="failed.png" width="3%"/>
                        <a href="#" panel-name="suite-Command_line_suite" title="com.yourcompany.Tests.PAOIEndpointTest" class="method navigator-link" hash-for-method="verifyPAOIEndpointTest(MicrosoftEdge, latest, Windows 10, public void com.yourcompany.Tests.PAOIEndpointTest.verifyPAOIEndp...)">verifyPAOIEndpointTest(MicrosoftEdge, latest, Windows 10, public void com.yourcompany.Tests.PAOIEndpointTest.verifyPAOIEndp...)</a> <!-- method navigator-link -->
                      </span>
                      <br/>
                      <span>
                        <img src="failed.png" width="3%"/>
                        <a href="#" panel-name="suite-Command_line_suite" title="com.yourcompany.Tests.PAOIEndpointTest" class="method navigator-link" hash-for-method="verifyPAOIEndpointTest(chrome, latest-1, Windows 10, public void com.yourcompany.Tests.PAOIEndpointTest.verifyPAOIEndpointT...)">verifyPAOIEndpointTest(chrome, latest-1, Windows 10, public void com.yourcompany.Tests.PAOIEndpointTest.verifyPAOIEndpointT...)</a> <!-- method navigator-link -->
                      </span>
                      <br/>
                      <span>
                        <img src="failed.png" width="3%"/>
                        <a href="#" panel-name="suite-Command_line_suite" title="com.yourcompany.Tests.PAOIEndpointTest" class="method navigator-link" hash-for-method="verifyPAOIEndpointTest(MicrosoftEdge, latest-1, Windows 10, public void com.yourcompany.Tests.PAOIEndpointTest.verifyPAOIEn...)">verifyPAOIEndpointTest(MicrosoftEdge, latest-1, Windows 10, public void com.yourcompany.Tests.PAOIEndpointTest.verifyPAOIEn...)</a> <!-- method navigator-link -->
                      </span>
                      <br/>
                      <span>
                        <img src="failed.png" width="3%"/>
                        <a href="#" panel-name="suite-Command_line_suite" title="com.yourcompany.Tests.PAOIEndpointTest" class="method navigator-link" hash-for-method="verifyPAOIEndpointTest(firefox, latest, Windows 10, public void com.yourcompany.Tests.PAOIEndpointTest.verifyPAOIEndpointTe...)">verifyPAOIEndpointTest(firefox, latest, Windows 10, public void com.yourcompany.Tests.PAOIEndpointTest.verifyPAOIEndpointTe...)</a> <!-- method navigator-link -->
                      </span>
                      <br/>
                      <span>
                        <img src="failed.png" width="3%"/>
                        <a href="#" panel-name="suite-Command_line_suite" title="com.yourcompany.Tests.PAOIEndpointTest" class="method navigator-link" hash-for-method="verifyPAOIEndpointTest(firefox, latest-1, Windows 10, public void com.yourcompany.Tests.PAOIEndpointTest.verifyPAOIEndpoint...)">verifyPAOIEndpointTest(firefox, latest-1, Windows 10, public void com.yourcompany.Tests.PAOIEndpointTest.verifyPAOIEndpoint...)</a> <!-- method navigator-link -->
                      </span>
                      <br/>
                      <span>
                        <img src="failed.png" width="3%"/>
                        <a href="#" panel-name="suite-Command_line_suite" title="com.yourcompany.Tests.PAOIEndpointTest" class="method navigator-link" hash-for-method="verifyPAOIEndpointTest(firefox, latest-1, macOS 10.15, public void com.yourcompany.Tests.PAOIEndpointTest.verifyPAOIEndpoin...)">verifyPAOIEndpointTest(firefox, latest-1, macOS 10.15, public void com.yourcompany.Tests.PAOIEndpointTest.verifyPAOIEndpoin...)</a> <!-- method navigator-link -->
                      </span>
                      <br/>
                    </div> <!-- method-list-content failed suite-Command_line_suite -->
                  </li>
                </ul>
              </div> <!-- suite-section-content -->
            </div> <!-- result-section -->
          </div> <!-- navigator-suite-content -->
        </div> <!-- rounded-window -->
      </div> <!-- suite -->
    </div> <!-- navigator-root -->
    <div class="wrapper">
      <div class="main-panel-root">
        <div panel-name="suite-Command_line_suite" class="panel Command_line_suite">
          <div class="suite-Command_line_suite-class-failed">
            <div class="main-panel-header rounded-window-top">
              <img src="failed.png"/>
              <span class="class-name">com.yourcompany.Tests.ContactFormTest</span>
            </div> <!-- main-panel-header rounded-window-top -->
            <div class="main-panel-content rounded-window-bottom">
              <div class="method">
                <div class="method-content">
                  <a name="contactFormTest(chrome, latest-1, macOS 10.15, public void com.yourcompany.Tests.ContactFormTest.contactFormTest(jav...)">
                  </a> <!-- contactFormTest(chrome, latest-1, macOS 10.15, public void com.yourcompany.Tests.ContactFormTest.contactFormTest(jav...) -->
                  <span class="method-name">contactFormTest</span>
                  <span class="parameters">(chrome, latest-1, macOS 10.15, public void com.yourcompany.Tests.ContactFormTest.contactFormTest(java.lang.String,java.lang.String,java.lang.String,java.lang.reflect.Method) throws java.net.MalformedURLException,org.openqa.selenium.InvalidElementStateException,java.rmi.UnexpectedException)</span>
                  <div class="stack-trace">org.openqa.selenium.WebDriverException: Unable to parse remote response: Misconfigured -- Sauce Labs Authentication Error.
You used username &apos;null&apos; and access key &apos;null&apos; to authenticate, which are not valid Sauce Labs credentials.

The following desired capabilities were received:
{&apos;browserName&apos;: &apos;chrome&apos;,
 &apos;name&apos;: &apos;contactFormTest&apos;,
 &apos;platform&apos;: &apos;macOS 10.15&apos;,
 &apos;version&apos;: &apos;latest-1&apos;}
Build info: version: &apos;3.11.0&apos;, revision: &apos;e59cfb3&apos;, time: &apos;2018-03-11T20:26:55.152Z&apos;
System info: host: &apos;GC02RH2WYG8WPE&apos;, ip: &apos;192.168.1.107&apos;, os.name: &apos;Mac OS X&apos;, os.arch: &apos;x86_64&apos;, os.version: &apos;10.13.6&apos;, java.version: &apos;13.0.2&apos;
Driver info: driver.version: RemoteWebDriver
	at org.openqa.selenium.remote.ProtocolHandshake.createSession(ProtocolHandshake.java:111)
	at org.openqa.selenium.remote.ProtocolHandshake.createSession(ProtocolHandshake.java:73)
	at org.openqa.selenium.remote.HttpCommandExecutor.execute(HttpCommandExecutor.java:136)
	at org.openqa.selenium.remote.RemoteWebDriver.execute(RemoteWebDriver.java:545)
	at org.openqa.selenium.remote.RemoteWebDriver.startSession(RemoteWebDriver.java:209)
	at org.openqa.selenium.remote.RemoteWebDriver.&lt;init&gt;(RemoteWebDriver.java:132)
	at org.openqa.selenium.remote.RemoteWebDriver.&lt;init&gt;(RemoteWebDriver.java:145)
	at com.yourcompany.Tests.TestBase.createDriver(TestBase.java:116)
	at com.yourcompany.Tests.ContactFormTest.contactFormTest(ContactFormTest.java:28)
	at java.base/java.util.concurrent.FutureTask.run(FutureTask.java:264)
	at java.base/java.util.concurrent.Executors$RunnableAdapter.call(Executors.java:515)
	at java.base/java.util.concurrent.FutureTask.run(FutureTask.java:264)
	at java.base/java.util.concurrent.ThreadPoolExecutor.runWorker(ThreadPoolExecutor.java:1128)
	at java.base/java.util.concurrent.ThreadPoolExecutor$Worker.run(ThreadPoolExecutor.java:628)
	at java.base/java.lang.Thread.run(Thread.java:830)
... Removed 9 stack frames
</div> <!-- stack-trace -->
                </div> <!-- method-content -->
              </div> <!-- method -->
              <div class="method">
                <div class="method-content">
                  <a name="contactFormTest(chrome, latest, macOS 10.15, public void com.yourcompany.Tests.ContactFormTest.contactFormTest(java....)">
                  </a> <!-- contactFormTest(chrome, latest, macOS 10.15, public void com.yourcompany.Tests.ContactFormTest.contactFormTest(java....) -->
                  <span class="method-name">contactFormTest</span>
                  <span class="parameters">(chrome, latest, macOS 10.15, public void com.yourcompany.Tests.ContactFormTest.contactFormTest(java.lang.String,java.lang.String,java.lang.String,java.lang.reflect.Method) throws java.net.MalformedURLException,org.openqa.selenium.InvalidElementStateException,java.rmi.UnexpectedException)</span>
                  <div class="stack-trace">org.openqa.selenium.WebDriverException: Unable to parse remote response: Misconfigured -- Sauce Labs Authentication Error.
You used username &apos;null&apos; and access key &apos;null&apos; to authenticate, which are not valid Sauce Labs credentials.

The following desired capabilities were received:
{&apos;browserName&apos;: &apos;chrome&apos;,
 &apos;name&apos;: &apos;contactFormTest&apos;,
 &apos;platform&apos;: &apos;macOS 10.15&apos;,
 &apos;version&apos;: &apos;latest&apos;}
Build info: version: &apos;3.11.0&apos;, revision: &apos;e59cfb3&apos;, time: &apos;2018-03-11T20:26:55.152Z&apos;
System info: host: &apos;GC02RH2WYG8WPE&apos;, ip: &apos;192.168.1.107&apos;, os.name: &apos;Mac OS X&apos;, os.arch: &apos;x86_64&apos;, os.version: &apos;10.13.6&apos;, java.version: &apos;13.0.2&apos;
Driver info: driver.version: RemoteWebDriver
	at org.openqa.selenium.remote.ProtocolHandshake.createSession(ProtocolHandshake.java:111)
	at org.openqa.selenium.remote.ProtocolHandshake.createSession(ProtocolHandshake.java:73)
	at org.openqa.selenium.remote.HttpCommandExecutor.execute(HttpCommandExecutor.java:136)
	at org.openqa.selenium.remote.RemoteWebDriver.execute(RemoteWebDriver.java:545)
	at org.openqa.selenium.remote.RemoteWebDriver.startSession(RemoteWebDriver.java:209)
	at org.openqa.selenium.remote.RemoteWebDriver.&lt;init&gt;(RemoteWebDriver.java:132)
	at org.openqa.selenium.remote.RemoteWebDriver.&lt;init&gt;(RemoteWebDriver.java:145)
	at com.yourcompany.Tests.TestBase.createDriver(TestBase.java:116)
	at com.yourcompany.Tests.ContactFormTest.contactFormTest(ContactFormTest.java:28)
	at java.base/java.util.concurrent.FutureTask.run(FutureTask.java:264)
	at java.base/java.util.concurrent.Executors$RunnableAdapter.call(Executors.java:515)
	at java.base/java.util.concurrent.FutureTask.run(FutureTask.java:264)
	at java.base/java.util.concurrent.ThreadPoolExecutor.runWorker(ThreadPoolExecutor.java:1128)
	at java.base/java.util.concurrent.ThreadPoolExecutor$Worker.run(ThreadPoolExecutor.java:628)
	at java.base/java.lang.Thread.run(Thread.java:830)
... Removed 9 stack frames
</div> <!-- stack-trace -->
                </div> <!-- method-content -->
              </div> <!-- method -->
              <div class="method">
                <div class="method-content">
                  <a name="contactFormTest(firefox, latest-1, Windows 10, public void com.yourcompany.Tests.ContactFormTest.contactFormTest(jav...)">
                  </a> <!-- contactFormTest(firefox, latest-1, Windows 10, public void com.yourcompany.Tests.ContactFormTest.contactFormTest(jav...) -->
                  <span class="method-name">contactFormTest</span>
                  <span class="parameters">(firefox, latest-1, Windows 10, public void com.yourcompany.Tests.ContactFormTest.contactFormTest(java.lang.String,java.lang.String,java.lang.String,java.lang.reflect.Method) throws java.net.MalformedURLException,org.openqa.selenium.InvalidElementStateException,java.rmi.UnexpectedException)</span>
                  <div class="stack-trace">org.openqa.selenium.WebDriverException: Unable to parse remote response: Misconfigured -- Sauce Labs Authentication Error.
You used username &apos;null&apos; and access key &apos;null&apos; to authenticate, which are not valid Sauce Labs credentials.

The following desired capabilities were received:
{&apos;browserName&apos;: &apos;firefox&apos;,
 &apos;name&apos;: &apos;contactFormTest&apos;,
 &apos;platform&apos;: &apos;WIN10&apos;,
 &apos;version&apos;: &apos;latest-1&apos;}
Build info: version: &apos;3.11.0&apos;, revision: &apos;e59cfb3&apos;, time: &apos;2018-03-11T20:26:55.152Z&apos;
System info: host: &apos;GC02RH2WYG8WPE&apos;, ip: &apos;192.168.1.107&apos;, os.name: &apos;Mac OS X&apos;, os.arch: &apos;x86_64&apos;, os.version: &apos;10.13.6&apos;, java.version: &apos;13.0.2&apos;
Driver info: driver.version: RemoteWebDriver
	at org.openqa.selenium.remote.ProtocolHandshake.createSession(ProtocolHandshake.java:111)
	at org.openqa.selenium.remote.ProtocolHandshake.createSession(ProtocolHandshake.java:73)
	at org.openqa.selenium.remote.HttpCommandExecutor.execute(HttpCommandExecutor.java:136)
	at org.openqa.selenium.remote.RemoteWebDriver.execute(RemoteWebDriver.java:545)
	at org.openqa.selenium.remote.RemoteWebDriver.startSession(RemoteWebDriver.java:209)
	at org.openqa.selenium.remote.RemoteWebDriver.&lt;init&gt;(RemoteWebDriver.java:132)
	at org.openqa.selenium.remote.RemoteWebDriver.&lt;init&gt;(RemoteWebDriver.java:145)
	at com.yourcompany.Tests.TestBase.createDriver(TestBase.java:116)
	at com.yourcompany.Tests.ContactFormTest.contactFormTest(ContactFormTest.java:28)
	at java.base/java.util.concurrent.FutureTask.run(FutureTask.java:264)
	at java.base/java.util.concurrent.Executors$RunnableAdapter.call(Executors.java:515)
	at java.base/java.util.concurrent.FutureTask.run(FutureTask.java:264)
	at java.base/java.util.concurrent.ThreadPoolExecutor.runWorker(ThreadPoolExecutor.java:1128)
	at java.base/java.util.concurrent.ThreadPoolExecutor$Worker.run(ThreadPoolExecutor.java:628)
	at java.base/java.lang.Thread.run(Thread.java:830)
... Removed 9 stack frames
</div> <!-- stack-trace -->
                </div> <!-- method-content -->
              </div> <!-- method -->
              <div class="method">
                <div class="method-content">
                  <a name="contactFormTest(firefox, latest, macOS 10.15, public void com.yourcompany.Tests.ContactFormTest.contactFormTest(java...)">
                  </a> <!-- contactFormTest(firefox, latest, macOS 10.15, public void com.yourcompany.Tests.ContactFormTest.contactFormTest(java...) -->
                  <span class="method-name">contactFormTest</span>
                  <span class="parameters">(firefox, latest, macOS 10.15, public void com.yourcompany.Tests.ContactFormTest.contactFormTest(java.lang.String,java.lang.String,java.lang.String,java.lang.reflect.Method) throws java.net.MalformedURLException,org.openqa.selenium.InvalidElementStateException,java.rmi.UnexpectedException)</span>
                  <div class="stack-trace">org.openqa.selenium.WebDriverException: Unable to parse remote response: Misconfigured -- Sauce Labs Authentication Error.
You used username &apos;null&apos; and access key &apos;null&apos; to authenticate, which are not valid Sauce Labs credentials.

The following desired capabilities were received:
{&apos;browserName&apos;: &apos;firefox&apos;,
 &apos;name&apos;: &apos;contactFormTest&apos;,
 &apos;platform&apos;: &apos;macOS 10.15&apos;,
 &apos;version&apos;: &apos;latest&apos;}
Build info: version: &apos;3.11.0&apos;, revision: &apos;e59cfb3&apos;, time: &apos;2018-03-11T20:26:55.152Z&apos;
System info: host: &apos;GC02RH2WYG8WPE&apos;, ip: &apos;192.168.1.107&apos;, os.name: &apos;Mac OS X&apos;, os.arch: &apos;x86_64&apos;, os.version: &apos;10.13.6&apos;, java.version: &apos;13.0.2&apos;
Driver info: driver.version: RemoteWebDriver
	at org.openqa.selenium.remote.ProtocolHandshake.createSession(ProtocolHandshake.java:111)
	at org.openqa.selenium.remote.ProtocolHandshake.createSession(ProtocolHandshake.java:73)
	at org.openqa.selenium.remote.HttpCommandExecutor.execute(HttpCommandExecutor.java:136)
	at org.openqa.selenium.remote.RemoteWebDriver.execute(RemoteWebDriver.java:545)
	at org.openqa.selenium.remote.RemoteWebDriver.startSession(RemoteWebDriver.java:209)
	at org.openqa.selenium.remote.RemoteWebDriver.&lt;init&gt;(RemoteWebDriver.java:132)
	at org.openqa.selenium.remote.RemoteWebDriver.&lt;init&gt;(RemoteWebDriver.java:145)
	at com.yourcompany.Tests.TestBase.createDriver(TestBase.java:116)
	at com.yourcompany.Tests.ContactFormTest.contactFormTest(ContactFormTest.java:28)
	at java.base/java.util.concurrent.FutureTask.run(FutureTask.java:264)
	at java.base/java.util.concurrent.Executors$RunnableAdapter.call(Executors.java:515)
	at java.base/java.util.concurrent.FutureTask.run(FutureTask.java:264)
	at java.base/java.util.concurrent.ThreadPoolExecutor.runWorker(ThreadPoolExecutor.java:1128)
	at java.base/java.util.concurrent.ThreadPoolExecutor$Worker.run(ThreadPoolExecutor.java:628)
	at java.base/java.lang.Thread.run(Thread.java:830)
... Removed 9 stack frames
</div> <!-- stack-trace -->
                </div> <!-- method-content -->
              </div> <!-- method -->
              <div class="method">
                <div class="method-content">
                  <a name="contactFormTest(chrome, latest, Windows 10, public void com.yourcompany.Tests.ContactFormTest.contactFormTest(java.l...)">
                  </a> <!-- contactFormTest(chrome, latest, Windows 10, public void com.yourcompany.Tests.ContactFormTest.contactFormTest(java.l...) -->
                  <span class="method-name">contactFormTest</span>
                  <span class="parameters">(chrome, latest, Windows 10, public void com.yourcompany.Tests.ContactFormTest.contactFormTest(java.lang.String,java.lang.String,java.lang.String,java.lang.reflect.Method) throws java.net.MalformedURLException,org.openqa.selenium.InvalidElementStateException,java.rmi.UnexpectedException)</span>
                  <div class="stack-trace">org.openqa.selenium.WebDriverException: Unable to parse remote response: Misconfigured -- Sauce Labs Authentication Error.
You used username &apos;null&apos; and access key &apos;null&apos; to authenticate, which are not valid Sauce Labs credentials.

The following desired capabilities were received:
{&apos;browserName&apos;: &apos;chrome&apos;,
 &apos;name&apos;: &apos;contactFormTest&apos;,
 &apos;platform&apos;: &apos;WIN10&apos;,
 &apos;version&apos;: &apos;latest&apos;}
Build info: version: &apos;3.11.0&apos;, revision: &apos;e59cfb3&apos;, time: &apos;2018-03-11T20:26:55.152Z&apos;
System info: host: &apos;GC02RH2WYG8WPE&apos;, ip: &apos;192.168.1.107&apos;, os.name: &apos;Mac OS X&apos;, os.arch: &apos;x86_64&apos;, os.version: &apos;10.13.6&apos;, java.version: &apos;13.0.2&apos;
Driver info: driver.version: RemoteWebDriver
	at org.openqa.selenium.remote.ProtocolHandshake.createSession(ProtocolHandshake.java:111)
	at org.openqa.selenium.remote.ProtocolHandshake.createSession(ProtocolHandshake.java:73)
	at org.openqa.selenium.remote.HttpCommandExecutor.execute(HttpCommandExecutor.java:136)
	at org.openqa.selenium.remote.RemoteWebDriver.execute(RemoteWebDriver.java:545)
	at org.openqa.selenium.remote.RemoteWebDriver.startSession(RemoteWebDriver.java:209)
	at org.openqa.selenium.remote.RemoteWebDriver.&lt;init&gt;(RemoteWebDriver.java:132)
	at org.openqa.selenium.remote.RemoteWebDriver.&lt;init&gt;(RemoteWebDriver.java:145)
	at com.yourcompany.Tests.TestBase.createDriver(TestBase.java:116)
	at com.yourcompany.Tests.ContactFormTest.contactFormTest(ContactFormTest.java:28)
	at java.base/java.util.concurrent.FutureTask.run(FutureTask.java:264)
	at java.base/java.util.concurrent.Executors$RunnableAdapter.call(Executors.java:515)
	at java.base/java.util.concurrent.FutureTask.run(FutureTask.java:264)
	at java.base/java.util.concurrent.ThreadPoolExecutor.runWorker(ThreadPoolExecutor.java:1128)
	at java.base/java.util.concurrent.ThreadPoolExecutor$Worker.run(ThreadPoolExecutor.java:628)
	at java.base/java.lang.Thread.run(Thread.java:830)
... Removed 9 stack frames
</div> <!-- stack-trace -->
                </div> <!-- method-content -->
              </div> <!-- method -->
              <div class="method">
                <div class="method-content">
                  <a name="contactFormTest(firefox, latest, Windows 10, public void com.yourcompany.Tests.ContactFormTest.contactFormTest(java....)">
                  </a> <!-- contactFormTest(firefox, latest, Windows 10, public void com.yourcompany.Tests.ContactFormTest.contactFormTest(java....) -->
                  <span class="method-name">contactFormTest</span>
                  <span class="parameters">(firefox, latest, Windows 10, public void com.yourcompany.Tests.ContactFormTest.contactFormTest(java.lang.String,java.lang.String,java.lang.String,java.lang.reflect.Method) throws java.net.MalformedURLException,org.openqa.selenium.InvalidElementStateException,java.rmi.UnexpectedException)</span>
                  <div class="stack-trace">org.openqa.selenium.WebDriverException: Unable to parse remote response: Misconfigured -- Sauce Labs Authentication Error.
You used username &apos;null&apos; and access key &apos;null&apos; to authenticate, which are not valid Sauce Labs credentials.

The following desired capabilities were received:
{&apos;browserName&apos;: &apos;firefox&apos;,
 &apos;name&apos;: &apos;contactFormTest&apos;,
 &apos;platform&apos;: &apos;WIN10&apos;,
 &apos;version&apos;: &apos;latest&apos;}
Build info: version: &apos;3.11.0&apos;, revision: &apos;e59cfb3&apos;, time: &apos;2018-03-11T20:26:55.152Z&apos;
System info: host: &apos;GC02RH2WYG8WPE&apos;, ip: &apos;192.168.1.107&apos;, os.name: &apos;Mac OS X&apos;, os.arch: &apos;x86_64&apos;, os.version: &apos;10.13.6&apos;, java.version: &apos;13.0.2&apos;
Driver info: driver.version: RemoteWebDriver
	at org.openqa.selenium.remote.ProtocolHandshake.createSession(ProtocolHandshake.java:111)
	at org.openqa.selenium.remote.ProtocolHandshake.createSession(ProtocolHandshake.java:73)
	at org.openqa.selenium.remote.HttpCommandExecutor.execute(HttpCommandExecutor.java:136)
	at org.openqa.selenium.remote.RemoteWebDriver.execute(RemoteWebDriver.java:545)
	at org.openqa.selenium.remote.RemoteWebDriver.startSession(RemoteWebDriver.java:209)
	at org.openqa.selenium.remote.RemoteWebDriver.&lt;init&gt;(RemoteWebDriver.java:132)
	at org.openqa.selenium.remote.RemoteWebDriver.&lt;init&gt;(RemoteWebDriver.java:145)
	at com.yourcompany.Tests.TestBase.createDriver(TestBase.java:116)
	at com.yourcompany.Tests.ContactFormTest.contactFormTest(ContactFormTest.java:28)
	at java.base/java.util.concurrent.FutureTask.run(FutureTask.java:264)
	at java.base/java.util.concurrent.Executors$RunnableAdapter.call(Executors.java:515)
	at java.base/java.util.concurrent.FutureTask.run(FutureTask.java:264)
	at java.base/java.util.concurrent.ThreadPoolExecutor.runWorker(ThreadPoolExecutor.java:1128)
	at java.base/java.util.concurrent.ThreadPoolExecutor$Worker.run(ThreadPoolExecutor.java:628)
	at java.base/java.lang.Thread.run(Thread.java:830)
... Removed 9 stack frames
</div> <!-- stack-trace -->
                </div> <!-- method-content -->
              </div> <!-- method -->
              <div class="method">
                <div class="method-content">
                  <a name="contactFormTest(firefox, latest-1, macOS 10.15, public void com.yourcompany.Tests.ContactFormTest.contactFormTest(ja...)">
                  </a> <!-- contactFormTest(firefox, latest-1, macOS 10.15, public void com.yourcompany.Tests.ContactFormTest.contactFormTest(ja...) -->
                  <span class="method-name">contactFormTest</span>
                  <span class="parameters">(firefox, latest-1, macOS 10.15, public void com.yourcompany.Tests.ContactFormTest.contactFormTest(java.lang.String,java.lang.String,java.lang.String,java.lang.reflect.Method) throws java.net.MalformedURLException,org.openqa.selenium.InvalidElementStateException,java.rmi.UnexpectedException)</span>
                  <div class="stack-trace">org.openqa.selenium.WebDriverException: Unable to parse remote response: Misconfigured -- Sauce Labs Authentication Error.
You used username &apos;null&apos; and access key &apos;null&apos; to authenticate, which are not valid Sauce Labs credentials.

The following desired capabilities were received:
{&apos;browserName&apos;: &apos;firefox&apos;,
 &apos;name&apos;: &apos;contactFormTest&apos;,
 &apos;platform&apos;: &apos;macOS 10.15&apos;,
 &apos;version&apos;: &apos;latest-1&apos;}
Build info: version: &apos;3.11.0&apos;, revision: &apos;e59cfb3&apos;, time: &apos;2018-03-11T20:26:55.152Z&apos;
System info: host: &apos;GC02RH2WYG8WPE&apos;, ip: &apos;192.168.1.107&apos;, os.name: &apos;Mac OS X&apos;, os.arch: &apos;x86_64&apos;, os.version: &apos;10.13.6&apos;, java.version: &apos;13.0.2&apos;
Driver info: driver.version: RemoteWebDriver
	at org.openqa.selenium.remote.ProtocolHandshake.createSession(ProtocolHandshake.java:111)
	at org.openqa.selenium.remote.ProtocolHandshake.createSession(ProtocolHandshake.java:73)
	at org.openqa.selenium.remote.HttpCommandExecutor.execute(HttpCommandExecutor.java:136)
	at org.openqa.selenium.remote.RemoteWebDriver.execute(RemoteWebDriver.java:545)
	at org.openqa.selenium.remote.RemoteWebDriver.startSession(RemoteWebDriver.java:209)
	at org.openqa.selenium.remote.RemoteWebDriver.&lt;init&gt;(RemoteWebDriver.java:132)
	at org.openqa.selenium.remote.RemoteWebDriver.&lt;init&gt;(RemoteWebDriver.java:145)
	at com.yourcompany.Tests.TestBase.createDriver(TestBase.java:116)
	at com.yourcompany.Tests.ContactFormTest.contactFormTest(ContactFormTest.java:28)
	at java.base/java.util.concurrent.FutureTask.run(FutureTask.java:264)
	at java.base/java.util.concurrent.Executors$RunnableAdapter.call(Executors.java:515)
	at java.base/java.util.concurrent.FutureTask.run(FutureTask.java:264)
	at java.base/java.util.concurrent.ThreadPoolExecutor.runWorker(ThreadPoolExecutor.java:1128)
	at java.base/java.util.concurrent.ThreadPoolExecutor$Worker.run(ThreadPoolExecutor.java:628)
	at java.base/java.lang.Thread.run(Thread.java:830)
... Removed 9 stack frames
</div> <!-- stack-trace -->
                </div> <!-- method-content -->
              </div> <!-- method -->
              <div class="method">
                <div class="method-content">
                  <a name="contactFormTest(chrome, latest-1, Windows 10, public void com.yourcompany.Tests.ContactFormTest.contactFormTest(java...)">
                  </a> <!-- contactFormTest(chrome, latest-1, Windows 10, public void com.yourcompany.Tests.ContactFormTest.contactFormTest(java...) -->
                  <span class="method-name">contactFormTest</span>
                  <span class="parameters">(chrome, latest-1, Windows 10, public void com.yourcompany.Tests.ContactFormTest.contactFormTest(java.lang.String,java.lang.String,java.lang.String,java.lang.reflect.Method) throws java.net.MalformedURLException,org.openqa.selenium.InvalidElementStateException,java.rmi.UnexpectedException)</span>
                  <div class="stack-trace">org.openqa.selenium.WebDriverException: Unable to parse remote response: Misconfigured -- Sauce Labs Authentication Error.
You used username &apos;null&apos; and access key &apos;null&apos; to authenticate, which are not valid Sauce Labs credentials.

The following desired capabilities were received:
{&apos;browserName&apos;: &apos;chrome&apos;,
 &apos;name&apos;: &apos;contactFormTest&apos;,
 &apos;platform&apos;: &apos;WIN10&apos;,
 &apos;version&apos;: &apos;latest-1&apos;}
Build info: version: &apos;3.11.0&apos;, revision: &apos;e59cfb3&apos;, time: &apos;2018-03-11T20:26:55.152Z&apos;
System info: host: &apos;GC02RH2WYG8WPE&apos;, ip: &apos;192.168.1.107&apos;, os.name: &apos;Mac OS X&apos;, os.arch: &apos;x86_64&apos;, os.version: &apos;10.13.6&apos;, java.version: &apos;13.0.2&apos;
Driver info: driver.version: RemoteWebDriver
	at org.openqa.selenium.remote.ProtocolHandshake.createSession(ProtocolHandshake.java:111)
	at org.openqa.selenium.remote.ProtocolHandshake.createSession(ProtocolHandshake.java:73)
	at org.openqa.selenium.remote.HttpCommandExecutor.execute(HttpCommandExecutor.java:136)
	at org.openqa.selenium.remote.RemoteWebDriver.execute(RemoteWebDriver.java:545)
	at org.openqa.selenium.remote.RemoteWebDriver.startSession(RemoteWebDriver.java:209)
	at org.openqa.selenium.remote.RemoteWebDriver.&lt;init&gt;(RemoteWebDriver.java:132)
	at org.openqa.selenium.remote.RemoteWebDriver.&lt;init&gt;(RemoteWebDriver.java:145)
	at com.yourcompany.Tests.TestBase.createDriver(TestBase.java:116)
	at com.yourcompany.Tests.ContactFormTest.contactFormTest(ContactFormTest.java:28)
	at java.base/java.util.concurrent.FutureTask.run(FutureTask.java:264)
	at java.base/java.util.concurrent.Executors$RunnableAdapter.call(Executors.java:515)
	at java.base/java.util.concurrent.FutureTask.run(FutureTask.java:264)
	at java.base/java.util.concurrent.ThreadPoolExecutor.runWorker(ThreadPoolExecutor.java:1128)
	at java.base/java.util.concurrent.ThreadPoolExecutor$Worker.run(ThreadPoolExecutor.java:628)
	at java.base/java.lang.Thread.run(Thread.java:830)
... Removed 9 stack frames
</div> <!-- stack-trace -->
                </div> <!-- method-content -->
              </div> <!-- method -->
              <div class="method">
                <div class="method-content">
                  <a name="contactFormTest(MicrosoftEdge, latest-1, Windows 10, public void com.yourcompany.Tests.ContactFormTest.contactFormTe...)">
                  </a> <!-- contactFormTest(MicrosoftEdge, latest-1, Windows 10, public void com.yourcompany.Tests.ContactFormTest.contactFormTe...) -->
                  <span class="method-name">contactFormTest</span>
                  <span class="parameters">(MicrosoftEdge, latest-1, Windows 10, public void com.yourcompany.Tests.ContactFormTest.contactFormTest(java.lang.String,java.lang.String,java.lang.String,java.lang.reflect.Method) throws java.net.MalformedURLException,org.openqa.selenium.InvalidElementStateException,java.rmi.UnexpectedException)</span>
                  <div class="stack-trace">org.openqa.selenium.WebDriverException: Unable to parse remote response: Misconfigured -- Sauce Labs Authentication Error.
You used username &apos;null&apos; and access key &apos;null&apos; to authenticate, which are not valid Sauce Labs credentials.

The following desired capabilities were received:
{&apos;browserName&apos;: &apos;MicrosoftEdge&apos;,
 &apos;name&apos;: &apos;contactFormTest&apos;,
 &apos;platform&apos;: &apos;WIN10&apos;,
 &apos;version&apos;: &apos;latest-1&apos;}
Build info: version: &apos;3.11.0&apos;, revision: &apos;e59cfb3&apos;, time: &apos;2018-03-11T20:26:55.152Z&apos;
System info: host: &apos;GC02RH2WYG8WPE&apos;, ip: &apos;192.168.1.107&apos;, os.name: &apos;Mac OS X&apos;, os.arch: &apos;x86_64&apos;, os.version: &apos;10.13.6&apos;, java.version: &apos;13.0.2&apos;
Driver info: driver.version: RemoteWebDriver
	at org.openqa.selenium.remote.ProtocolHandshake.createSession(ProtocolHandshake.java:111)
	at org.openqa.selenium.remote.ProtocolHandshake.createSession(ProtocolHandshake.java:73)
	at org.openqa.selenium.remote.HttpCommandExecutor.execute(HttpCommandExecutor.java:136)
	at org.openqa.selenium.remote.RemoteWebDriver.execute(RemoteWebDriver.java:545)
	at org.openqa.selenium.remote.RemoteWebDriver.startSession(RemoteWebDriver.java:209)
	at org.openqa.selenium.remote.RemoteWebDriver.&lt;init&gt;(RemoteWebDriver.java:132)
	at org.openqa.selenium.remote.RemoteWebDriver.&lt;init&gt;(RemoteWebDriver.java:145)
	at com.yourcompany.Tests.TestBase.createDriver(TestBase.java:116)
	at com.yourcompany.Tests.ContactFormTest.contactFormTest(ContactFormTest.java:28)
	at java.base/java.util.concurrent.FutureTask.run(FutureTask.java:264)
	at java.base/java.util.concurrent.Executors$RunnableAdapter.call(Executors.java:515)
	at java.base/java.util.concurrent.FutureTask.run(FutureTask.java:264)
	at java.base/java.util.concurrent.ThreadPoolExecutor.runWorker(ThreadPoolExecutor.java:1128)
	at java.base/java.util.concurrent.ThreadPoolExecutor$Worker.run(ThreadPoolExecutor.java:628)
	at java.base/java.lang.Thread.run(Thread.java:830)
... Removed 9 stack frames
</div> <!-- stack-trace -->
                </div> <!-- method-content -->
              </div> <!-- method -->
              <div class="method">
                <div class="method-content">
                  <a name="contactFormTest(MicrosoftEdge, latest, Windows 10, public void com.yourcompany.Tests.ContactFormTest.contactFormTest...)">
                  </a> <!-- contactFormTest(MicrosoftEdge, latest, Windows 10, public void com.yourcompany.Tests.ContactFormTest.contactFormTest...) -->
                  <span class="method-name">contactFormTest</span>
                  <span class="parameters">(MicrosoftEdge, latest, Windows 10, public void com.yourcompany.Tests.ContactFormTest.contactFormTest(java.lang.String,java.lang.String,java.lang.String,java.lang.reflect.Method) throws java.net.MalformedURLException,org.openqa.selenium.InvalidElementStateException,java.rmi.UnexpectedException)</span>
                  <div class="stack-trace">org.openqa.selenium.WebDriverException: Unable to parse remote response: Misconfigured -- Sauce Labs Authentication Error.
You used username &apos;null&apos; and access key &apos;null&apos; to authenticate, which are not valid Sauce Labs credentials.

The following desired capabilities were received:
{&apos;browserName&apos;: &apos;MicrosoftEdge&apos;,
 &apos;name&apos;: &apos;contactFormTest&apos;,
 &apos;platform&apos;: &apos;WIN10&apos;,
 &apos;version&apos;: &apos;latest&apos;}
Build info: version: &apos;3.11.0&apos;, revision: &apos;e59cfb3&apos;, time: &apos;2018-03-11T20:26:55.152Z&apos;
System info: host: &apos;GC02RH2WYG8WPE&apos;, ip: &apos;192.168.1.107&apos;, os.name: &apos;Mac OS X&apos;, os.arch: &apos;x86_64&apos;, os.version: &apos;10.13.6&apos;, java.version: &apos;13.0.2&apos;
Driver info: driver.version: RemoteWebDriver
	at org.openqa.selenium.remote.ProtocolHandshake.createSession(ProtocolHandshake.java:111)
	at org.openqa.selenium.remote.ProtocolHandshake.createSession(ProtocolHandshake.java:73)
	at org.openqa.selenium.remote.HttpCommandExecutor.execute(HttpCommandExecutor.java:136)
	at org.openqa.selenium.remote.RemoteWebDriver.execute(RemoteWebDriver.java:545)
	at org.openqa.selenium.remote.RemoteWebDriver.startSession(RemoteWebDriver.java:209)
	at org.openqa.selenium.remote.RemoteWebDriver.&lt;init&gt;(RemoteWebDriver.java:132)
	at org.openqa.selenium.remote.RemoteWebDriver.&lt;init&gt;(RemoteWebDriver.java:145)
	at com.yourcompany.Tests.TestBase.createDriver(TestBase.java:116)
	at com.yourcompany.Tests.ContactFormTest.contactFormTest(ContactFormTest.java:28)
	at java.base/java.util.concurrent.FutureTask.run(FutureTask.java:264)
	at java.base/java.util.concurrent.Executors$RunnableAdapter.call(Executors.java:515)
	at java.base/java.util.concurrent.FutureTask.run(FutureTask.java:264)
	at java.base/java.util.concurrent.ThreadPoolExecutor.runWorker(ThreadPoolExecutor.java:1128)
	at java.base/java.util.concurrent.ThreadPoolExecutor$Worker.run(ThreadPoolExecutor.java:628)
	at java.base/java.lang.Thread.run(Thread.java:830)
... Removed 9 stack frames
</div> <!-- stack-trace -->
                </div> <!-- method-content -->
              </div> <!-- method -->
            </div> <!-- main-panel-content rounded-window-bottom -->
          </div> <!-- suite-Command_line_suite-class-failed -->
          <div class="suite-Command_line_suite-class-failed">
            <div class="main-panel-header rounded-window-top">
              <img src="failed.png"/>
              <span class="class-name">com.yourcompany.Tests.PAOIEndpointTest</span>
            </div> <!-- main-panel-header rounded-window-top -->
            <div class="main-panel-content rounded-window-bottom">
              <div class="method">
                <div class="method-content">
                  <a name="verifyPAOIEndpointTest(firefox, latest, macOS 10.15, public void com.yourcompany.Tests.PAOIEndpointTest.verifyPAOIEndpointT...)">
                  </a> <!-- verifyPAOIEndpointTest(firefox, latest, macOS 10.15, public void com.yourcompany.Tests.PAOIEndpointTest.verifyPAOIEndpointT...) -->
                  <span class="method-name">verifyPAOIEndpointTest</span>
                  <span class="parameters">(firefox, latest, macOS 10.15, public void com.yourcompany.Tests.PAOIEndpointTest.verifyPAOIEndpointTest(java.lang.String,java.lang.String,java.lang.String,java.lang.reflect.Method) throws java.net.MalformedURLException,org.openqa.selenium.InvalidElementStateException,java.rmi.UnexpectedException)</span>
                  <div class="stack-trace">org.openqa.selenium.WebDriverException: Unable to parse remote response: Misconfigured -- Sauce Labs Authentication Error.
You used username &apos;null&apos; and access key &apos;null&apos; to authenticate, which are not valid Sauce Labs credentials.

The following desired capabilities were received:
{&apos;browserName&apos;: &apos;firefox&apos;,
 &apos;name&apos;: &apos;verifyPAOIEndpointTest&apos;,
 &apos;platform&apos;: &apos;macOS 10.15&apos;,
 &apos;version&apos;: &apos;latest&apos;}
Build info: version: &apos;3.11.0&apos;, revision: &apos;e59cfb3&apos;, time: &apos;2018-03-11T20:26:55.152Z&apos;
System info: host: &apos;GC02RH2WYG8WPE&apos;, ip: &apos;192.168.1.107&apos;, os.name: &apos;Mac OS X&apos;, os.arch: &apos;x86_64&apos;, os.version: &apos;10.13.6&apos;, java.version: &apos;13.0.2&apos;
Driver info: driver.version: RemoteWebDriver
	at org.openqa.selenium.remote.ProtocolHandshake.createSession(ProtocolHandshake.java:111)
	at org.openqa.selenium.remote.ProtocolHandshake.createSession(ProtocolHandshake.java:73)
	at org.openqa.selenium.remote.HttpCommandExecutor.execute(HttpCommandExecutor.java:136)
	at org.openqa.selenium.remote.RemoteWebDriver.execute(RemoteWebDriver.java:545)
	at org.openqa.selenium.remote.RemoteWebDriver.startSession(RemoteWebDriver.java:209)
	at org.openqa.selenium.remote.RemoteWebDriver.&lt;init&gt;(RemoteWebDriver.java:132)
	at org.openqa.selenium.remote.RemoteWebDriver.&lt;init&gt;(RemoteWebDriver.java:145)
	at com.yourcompany.Tests.TestBase.createDriver(TestBase.java:116)
	at com.yourcompany.Tests.PAOIEndpointTest.verifyPAOIEndpointTest(PAOIEndpointTest.java:29)
	at java.base/java.util.concurrent.FutureTask.run(FutureTask.java:264)
	at java.base/java.util.concurrent.Executors$RunnableAdapter.call(Executors.java:515)
	at java.base/java.util.concurrent.FutureTask.run(FutureTask.java:264)
	at java.base/java.util.concurrent.ThreadPoolExecutor.runWorker(ThreadPoolExecutor.java:1128)
	at java.base/java.util.concurrent.ThreadPoolExecutor$Worker.run(ThreadPoolExecutor.java:628)
	at java.base/java.lang.Thread.run(Thread.java:830)
... Removed 9 stack frames
</div> <!-- stack-trace -->
                </div> <!-- method-content -->
              </div> <!-- method -->
              <div class="method">
                <div class="method-content">
                  <a name="verifyPAOIEndpointTest(chrome, latest-1, macOS 10.15, public void com.yourcompany.Tests.PAOIEndpointTest.verifyPAOIEndpoint...)">
                  </a> <!-- verifyPAOIEndpointTest(chrome, latest-1, macOS 10.15, public void com.yourcompany.Tests.PAOIEndpointTest.verifyPAOIEndpoint...) -->
                  <span class="method-name">verifyPAOIEndpointTest</span>
                  <span class="parameters">(chrome, latest-1, macOS 10.15, public void com.yourcompany.Tests.PAOIEndpointTest.verifyPAOIEndpointTest(java.lang.String,java.lang.String,java.lang.String,java.lang.reflect.Method) throws java.net.MalformedURLException,org.openqa.selenium.InvalidElementStateException,java.rmi.UnexpectedException)</span>
                  <div class="stack-trace">org.openqa.selenium.WebDriverException: Unable to parse remote response: Misconfigured -- Sauce Labs Authentication Error.
You used username &apos;null&apos; and access key &apos;null&apos; to authenticate, which are not valid Sauce Labs credentials.

The following desired capabilities were received:
{&apos;browserName&apos;: &apos;chrome&apos;,
 &apos;name&apos;: &apos;verifyPAOIEndpointTest&apos;,
 &apos;platform&apos;: &apos;macOS 10.15&apos;,
 &apos;version&apos;: &apos;latest-1&apos;}
Build info: version: &apos;3.11.0&apos;, revision: &apos;e59cfb3&apos;, time: &apos;2018-03-11T20:26:55.152Z&apos;
System info: host: &apos;GC02RH2WYG8WPE&apos;, ip: &apos;192.168.1.107&apos;, os.name: &apos;Mac OS X&apos;, os.arch: &apos;x86_64&apos;, os.version: &apos;10.13.6&apos;, java.version: &apos;13.0.2&apos;
Driver info: driver.version: RemoteWebDriver
	at org.openqa.selenium.remote.ProtocolHandshake.createSession(ProtocolHandshake.java:111)
	at org.openqa.selenium.remote.ProtocolHandshake.createSession(ProtocolHandshake.java:73)
	at org.openqa.selenium.remote.HttpCommandExecutor.execute(HttpCommandExecutor.java:136)
	at org.openqa.selenium.remote.RemoteWebDriver.execute(RemoteWebDriver.java:545)
	at org.openqa.selenium.remote.RemoteWebDriver.startSession(RemoteWebDriver.java:209)
	at org.openqa.selenium.remote.RemoteWebDriver.&lt;init&gt;(RemoteWebDriver.java:132)
	at org.openqa.selenium.remote.RemoteWebDriver.&lt;init&gt;(RemoteWebDriver.java:145)
	at com.yourcompany.Tests.TestBase.createDriver(TestBase.java:116)
	at com.yourcompany.Tests.PAOIEndpointTest.verifyPAOIEndpointTest(PAOIEndpointTest.java:29)
	at java.base/java.util.concurrent.FutureTask.run(FutureTask.java:264)
	at java.base/java.util.concurrent.Executors$RunnableAdapter.call(Executors.java:515)
	at java.base/java.util.concurrent.FutureTask.run(FutureTask.java:264)
	at java.base/java.util.concurrent.ThreadPoolExecutor.runWorker(ThreadPoolExecutor.java:1128)
	at java.base/java.util.concurrent.ThreadPoolExecutor$Worker.run(ThreadPoolExecutor.java:628)
	at java.base/java.lang.Thread.run(Thread.java:830)
... Removed 9 stack frames
</div> <!-- stack-trace -->
                </div> <!-- method-content -->
              </div> <!-- method -->
              <div class="method">
                <div class="method-content">
                  <a name="verifyPAOIEndpointTest(chrome, latest, Windows 10, public void com.yourcompany.Tests.PAOIEndpointTest.verifyPAOIEndpointTes...)">
                  </a> <!-- verifyPAOIEndpointTest(chrome, latest, Windows 10, public void com.yourcompany.Tests.PAOIEndpointTest.verifyPAOIEndpointTes...) -->
                  <span class="method-name">verifyPAOIEndpointTest</span>
                  <span class="parameters">(chrome, latest, Windows 10, public void com.yourcompany.Tests.PAOIEndpointTest.verifyPAOIEndpointTest(java.lang.String,java.lang.String,java.lang.String,java.lang.reflect.Method) throws java.net.MalformedURLException,org.openqa.selenium.InvalidElementStateException,java.rmi.UnexpectedException)</span>
                  <div class="stack-trace">org.openqa.selenium.WebDriverException: Unable to parse remote response: Misconfigured -- Sauce Labs Authentication Error.
You used username &apos;null&apos; and access key &apos;null&apos; to authenticate, which are not valid Sauce Labs credentials.

The following desired capabilities were received:
{&apos;browserName&apos;: &apos;chrome&apos;,
 &apos;name&apos;: &apos;verifyPAOIEndpointTest&apos;,
 &apos;platform&apos;: &apos;WIN10&apos;,
 &apos;version&apos;: &apos;latest&apos;}
Build info: version: &apos;3.11.0&apos;, revision: &apos;e59cfb3&apos;, time: &apos;2018-03-11T20:26:55.152Z&apos;
System info: host: &apos;GC02RH2WYG8WPE&apos;, ip: &apos;192.168.1.107&apos;, os.name: &apos;Mac OS X&apos;, os.arch: &apos;x86_64&apos;, os.version: &apos;10.13.6&apos;, java.version: &apos;13.0.2&apos;
Driver info: driver.version: RemoteWebDriver
	at org.openqa.selenium.remote.ProtocolHandshake.createSession(ProtocolHandshake.java:111)
	at org.openqa.selenium.remote.ProtocolHandshake.createSession(ProtocolHandshake.java:73)
	at org.openqa.selenium.remote.HttpCommandExecutor.execute(HttpCommandExecutor.java:136)
	at org.openqa.selenium.remote.RemoteWebDriver.execute(RemoteWebDriver.java:545)
	at org.openqa.selenium.remote.RemoteWebDriver.startSession(RemoteWebDriver.java:209)
	at org.openqa.selenium.remote.RemoteWebDriver.&lt;init&gt;(RemoteWebDriver.java:132)
	at org.openqa.selenium.remote.RemoteWebDriver.&lt;init&gt;(RemoteWebDriver.java:145)
	at com.yourcompany.Tests.TestBase.createDriver(TestBase.java:116)
	at com.yourcompany.Tests.PAOIEndpointTest.verifyPAOIEndpointTest(PAOIEndpointTest.java:29)
	at java.base/java.util.concurrent.FutureTask.run(FutureTask.java:264)
	at java.base/java.util.concurrent.Executors$RunnableAdapter.call(Executors.java:515)
	at java.base/java.util.concurrent.FutureTask.run(FutureTask.java:264)
	at java.base/java.util.concurrent.ThreadPoolExecutor.runWorker(ThreadPoolExecutor.java:1128)
	at java.base/java.util.concurrent.ThreadPoolExecutor$Worker.run(ThreadPoolExecutor.java:628)
	at java.base/java.lang.Thread.run(Thread.java:830)
... Removed 9 stack frames
</div> <!-- stack-trace -->
                </div> <!-- method-content -->
              </div> <!-- method -->
              <div class="method">
                <div class="method-content">
                  <a name="verifyPAOIEndpointTest(chrome, latest, macOS 10.15, public void com.yourcompany.Tests.PAOIEndpointTest.verifyPAOIEndpointTe...)">
                  </a> <!-- verifyPAOIEndpointTest(chrome, latest, macOS 10.15, public void com.yourcompany.Tests.PAOIEndpointTest.verifyPAOIEndpointTe...) -->
                  <span class="method-name">verifyPAOIEndpointTest</span>
                  <span class="parameters">(chrome, latest, macOS 10.15, public void com.yourcompany.Tests.PAOIEndpointTest.verifyPAOIEndpointTest(java.lang.String,java.lang.String,java.lang.String,java.lang.reflect.Method) throws java.net.MalformedURLException,org.openqa.selenium.InvalidElementStateException,java.rmi.UnexpectedException)</span>
                  <div class="stack-trace">org.openqa.selenium.WebDriverException: Unable to parse remote response: Misconfigured -- Sauce Labs Authentication Error.
You used username &apos;null&apos; and access key &apos;null&apos; to authenticate, which are not valid Sauce Labs credentials.

The following desired capabilities were received:
{&apos;browserName&apos;: &apos;chrome&apos;,
 &apos;name&apos;: &apos;verifyPAOIEndpointTest&apos;,
 &apos;platform&apos;: &apos;macOS 10.15&apos;,
 &apos;version&apos;: &apos;latest&apos;}
Build info: version: &apos;3.11.0&apos;, revision: &apos;e59cfb3&apos;, time: &apos;2018-03-11T20:26:55.152Z&apos;
System info: host: &apos;GC02RH2WYG8WPE&apos;, ip: &apos;192.168.1.107&apos;, os.name: &apos;Mac OS X&apos;, os.arch: &apos;x86_64&apos;, os.version: &apos;10.13.6&apos;, java.version: &apos;13.0.2&apos;
Driver info: driver.version: RemoteWebDriver
	at org.openqa.selenium.remote.ProtocolHandshake.createSession(ProtocolHandshake.java:111)
	at org.openqa.selenium.remote.ProtocolHandshake.createSession(ProtocolHandshake.java:73)
	at org.openqa.selenium.remote.HttpCommandExecutor.execute(HttpCommandExecutor.java:136)
	at org.openqa.selenium.remote.RemoteWebDriver.execute(RemoteWebDriver.java:545)
	at org.openqa.selenium.remote.RemoteWebDriver.startSession(RemoteWebDriver.java:209)
	at org.openqa.selenium.remote.RemoteWebDriver.&lt;init&gt;(RemoteWebDriver.java:132)
	at org.openqa.selenium.remote.RemoteWebDriver.&lt;init&gt;(RemoteWebDriver.java:145)
	at com.yourcompany.Tests.TestBase.createDriver(TestBase.java:116)
	at com.yourcompany.Tests.PAOIEndpointTest.verifyPAOIEndpointTest(PAOIEndpointTest.java:29)
	at java.base/java.util.concurrent.FutureTask.run(FutureTask.java:264)
	at java.base/java.util.concurrent.Executors$RunnableAdapter.call(Executors.java:515)
	at java.base/java.util.concurrent.FutureTask.run(FutureTask.java:264)
	at java.base/java.util.concurrent.ThreadPoolExecutor.runWorker(ThreadPoolExecutor.java:1128)
	at java.base/java.util.concurrent.ThreadPoolExecutor$Worker.run(ThreadPoolExecutor.java:628)
	at java.base/java.lang.Thread.run(Thread.java:830)
... Removed 9 stack frames
</div> <!-- stack-trace -->
                </div> <!-- method-content -->
              </div> <!-- method -->
              <div class="method">
                <div class="method-content">
                  <a name="verifyPAOIEndpointTest(MicrosoftEdge, latest, Windows 10, public void com.yourcompany.Tests.PAOIEndpointTest.verifyPAOIEndp...)">
                  </a> <!-- verifyPAOIEndpointTest(MicrosoftEdge, latest, Windows 10, public void com.yourcompany.Tests.PAOIEndpointTest.verifyPAOIEndp...) -->
                  <span class="method-name">verifyPAOIEndpointTest</span>
                  <span class="parameters">(MicrosoftEdge, latest, Windows 10, public void com.yourcompany.Tests.PAOIEndpointTest.verifyPAOIEndpointTest(java.lang.String,java.lang.String,java.lang.String,java.lang.reflect.Method) throws java.net.MalformedURLException,org.openqa.selenium.InvalidElementStateException,java.rmi.UnexpectedException)</span>
                  <div class="stack-trace">org.openqa.selenium.WebDriverException: Unable to parse remote response: Misconfigured -- Sauce Labs Authentication Error.
You used username &apos;null&apos; and access key &apos;null&apos; to authenticate, which are not valid Sauce Labs credentials.

The following desired capabilities were received:
{&apos;browserName&apos;: &apos;MicrosoftEdge&apos;,
 &apos;name&apos;: &apos;verifyPAOIEndpointTest&apos;,
 &apos;platform&apos;: &apos;WIN10&apos;,
 &apos;version&apos;: &apos;latest&apos;}
Build info: version: &apos;3.11.0&apos;, revision: &apos;e59cfb3&apos;, time: &apos;2018-03-11T20:26:55.152Z&apos;
System info: host: &apos;GC02RH2WYG8WPE&apos;, ip: &apos;192.168.1.107&apos;, os.name: &apos;Mac OS X&apos;, os.arch: &apos;x86_64&apos;, os.version: &apos;10.13.6&apos;, java.version: &apos;13.0.2&apos;
Driver info: driver.version: RemoteWebDriver
	at org.openqa.selenium.remote.ProtocolHandshake.createSession(ProtocolHandshake.java:111)
	at org.openqa.selenium.remote.ProtocolHandshake.createSession(ProtocolHandshake.java:73)
	at org.openqa.selenium.remote.HttpCommandExecutor.execute(HttpCommandExecutor.java:136)
	at org.openqa.selenium.remote.RemoteWebDriver.execute(RemoteWebDriver.java:545)
	at org.openqa.selenium.remote.RemoteWebDriver.startSession(RemoteWebDriver.java:209)
	at org.openqa.selenium.remote.RemoteWebDriver.&lt;init&gt;(RemoteWebDriver.java:132)
	at org.openqa.selenium.remote.RemoteWebDriver.&lt;init&gt;(RemoteWebDriver.java:145)
	at com.yourcompany.Tests.TestBase.createDriver(TestBase.java:116)
	at com.yourcompany.Tests.PAOIEndpointTest.verifyPAOIEndpointTest(PAOIEndpointTest.java:29)
	at java.base/java.util.concurrent.FutureTask.run(FutureTask.java:264)
	at java.base/java.util.concurrent.Executors$RunnableAdapter.call(Executors.java:515)
	at java.base/java.util.concurrent.FutureTask.run(FutureTask.java:264)
	at java.base/java.util.concurrent.ThreadPoolExecutor.runWorker(ThreadPoolExecutor.java:1128)
	at java.base/java.util.concurrent.ThreadPoolExecutor$Worker.run(ThreadPoolExecutor.java:628)
	at java.base/java.lang.Thread.run(Thread.java:830)
... Removed 9 stack frames
</div> <!-- stack-trace -->
                </div> <!-- method-content -->
              </div> <!-- method -->
              <div class="method">
                <div class="method-content">
                  <a name="verifyPAOIEndpointTest(chrome, latest-1, Windows 10, public void com.yourcompany.Tests.PAOIEndpointTest.verifyPAOIEndpointT...)">
                  </a> <!-- verifyPAOIEndpointTest(chrome, latest-1, Windows 10, public void com.yourcompany.Tests.PAOIEndpointTest.verifyPAOIEndpointT...) -->
                  <span class="method-name">verifyPAOIEndpointTest</span>
                  <span class="parameters">(chrome, latest-1, Windows 10, public void com.yourcompany.Tests.PAOIEndpointTest.verifyPAOIEndpointTest(java.lang.String,java.lang.String,java.lang.String,java.lang.reflect.Method) throws java.net.MalformedURLException,org.openqa.selenium.InvalidElementStateException,java.rmi.UnexpectedException)</span>
                  <div class="stack-trace">org.openqa.selenium.WebDriverException: Unable to parse remote response: Misconfigured -- Sauce Labs Authentication Error.
You used username &apos;null&apos; and access key &apos;null&apos; to authenticate, which are not valid Sauce Labs credentials.

The following desired capabilities were received:
{&apos;browserName&apos;: &apos;chrome&apos;,
 &apos;name&apos;: &apos;verifyPAOIEndpointTest&apos;,
 &apos;platform&apos;: &apos;WIN10&apos;,
 &apos;version&apos;: &apos;latest-1&apos;}
Build info: version: &apos;3.11.0&apos;, revision: &apos;e59cfb3&apos;, time: &apos;2018-03-11T20:26:55.152Z&apos;
System info: host: &apos;GC02RH2WYG8WPE&apos;, ip: &apos;192.168.1.107&apos;, os.name: &apos;Mac OS X&apos;, os.arch: &apos;x86_64&apos;, os.version: &apos;10.13.6&apos;, java.version: &apos;13.0.2&apos;
Driver info: driver.version: RemoteWebDriver
	at org.openqa.selenium.remote.ProtocolHandshake.createSession(ProtocolHandshake.java:111)
	at org.openqa.selenium.remote.ProtocolHandshake.createSession(ProtocolHandshake.java:73)
	at org.openqa.selenium.remote.HttpCommandExecutor.execute(HttpCommandExecutor.java:136)
	at org.openqa.selenium.remote.RemoteWebDriver.execute(RemoteWebDriver.java:545)
	at org.openqa.selenium.remote.RemoteWebDriver.startSession(RemoteWebDriver.java:209)
	at org.openqa.selenium.remote.RemoteWebDriver.&lt;init&gt;(RemoteWebDriver.java:132)
	at org.openqa.selenium.remote.RemoteWebDriver.&lt;init&gt;(RemoteWebDriver.java:145)
	at com.yourcompany.Tests.TestBase.createDriver(TestBase.java:116)
	at com.yourcompany.Tests.PAOIEndpointTest.verifyPAOIEndpointTest(PAOIEndpointTest.java:29)
	at java.base/java.util.concurrent.FutureTask.run(FutureTask.java:264)
	at java.base/java.util.concurrent.Executors$RunnableAdapter.call(Executors.java:515)
	at java.base/java.util.concurrent.FutureTask.run(FutureTask.java:264)
	at java.base/java.util.concurrent.ThreadPoolExecutor.runWorker(ThreadPoolExecutor.java:1128)
	at java.base/java.util.concurrent.ThreadPoolExecutor$Worker.run(ThreadPoolExecutor.java:628)
	at java.base/java.lang.Thread.run(Thread.java:830)
... Removed 9 stack frames
</div> <!-- stack-trace -->
                </div> <!-- method-content -->
              </div> <!-- method -->
              <div class="method">
                <div class="method-content">
                  <a name="verifyPAOIEndpointTest(MicrosoftEdge, latest-1, Windows 10, public void com.yourcompany.Tests.PAOIEndpointTest.verifyPAOIEn...)">
                  </a> <!-- verifyPAOIEndpointTest(MicrosoftEdge, latest-1, Windows 10, public void com.yourcompany.Tests.PAOIEndpointTest.verifyPAOIEn...) -->
                  <span class="method-name">verifyPAOIEndpointTest</span>
                  <span class="parameters">(MicrosoftEdge, latest-1, Windows 10, public void com.yourcompany.Tests.PAOIEndpointTest.verifyPAOIEndpointTest(java.lang.String,java.lang.String,java.lang.String,java.lang.reflect.Method) throws java.net.MalformedURLException,org.openqa.selenium.InvalidElementStateException,java.rmi.UnexpectedException)</span>
                  <div class="stack-trace">org.openqa.selenium.WebDriverException: Unable to parse remote response: Misconfigured -- Sauce Labs Authentication Error.
You used username &apos;null&apos; and access key &apos;null&apos; to authenticate, which are not valid Sauce Labs credentials.

The following desired capabilities were received:
{&apos;browserName&apos;: &apos;MicrosoftEdge&apos;,
 &apos;name&apos;: &apos;verifyPAOIEndpointTest&apos;,
 &apos;platform&apos;: &apos;WIN10&apos;,
 &apos;version&apos;: &apos;latest-1&apos;}
Build info: version: &apos;3.11.0&apos;, revision: &apos;e59cfb3&apos;, time: &apos;2018-03-11T20:26:55.152Z&apos;
System info: host: &apos;GC02RH2WYG8WPE&apos;, ip: &apos;192.168.1.107&apos;, os.name: &apos;Mac OS X&apos;, os.arch: &apos;x86_64&apos;, os.version: &apos;10.13.6&apos;, java.version: &apos;13.0.2&apos;
Driver info: driver.version: RemoteWebDriver
	at org.openqa.selenium.remote.ProtocolHandshake.createSession(ProtocolHandshake.java:111)
	at org.openqa.selenium.remote.ProtocolHandshake.createSession(ProtocolHandshake.java:73)
	at org.openqa.selenium.remote.HttpCommandExecutor.execute(HttpCommandExecutor.java:136)
	at org.openqa.selenium.remote.RemoteWebDriver.execute(RemoteWebDriver.java:545)
	at org.openqa.selenium.remote.RemoteWebDriver.startSession(RemoteWebDriver.java:209)
	at org.openqa.selenium.remote.RemoteWebDriver.&lt;init&gt;(RemoteWebDriver.java:132)
	at org.openqa.selenium.remote.RemoteWebDriver.&lt;init&gt;(RemoteWebDriver.java:145)
	at com.yourcompany.Tests.TestBase.createDriver(TestBase.java:116)
	at com.yourcompany.Tests.PAOIEndpointTest.verifyPAOIEndpointTest(PAOIEndpointTest.java:29)
	at java.base/java.util.concurrent.FutureTask.run(FutureTask.java:264)
	at java.base/java.util.concurrent.Executors$RunnableAdapter.call(Executors.java:515)
	at java.base/java.util.concurrent.FutureTask.run(FutureTask.java:264)
	at java.base/java.util.concurrent.ThreadPoolExecutor.runWorker(ThreadPoolExecutor.java:1128)
	at java.base/java.util.concurrent.ThreadPoolExecutor$Worker.run(ThreadPoolExecutor.java:628)
	at java.base/java.lang.Thread.run(Thread.java:830)
... Removed 9 stack frames
</div> <!-- stack-trace -->
                </div> <!-- method-content -->
              </div> <!-- method -->
              <div class="method">
                <div class="method-content">
                  <a name="verifyPAOIEndpointTest(firefox, latest, Windows 10, public void com.yourcompany.Tests.PAOIEndpointTest.verifyPAOIEndpointTe...)">
                  </a> <!-- verifyPAOIEndpointTest(firefox, latest, Windows 10, public void com.yourcompany.Tests.PAOIEndpointTest.verifyPAOIEndpointTe...) -->
                  <span class="method-name">verifyPAOIEndpointTest</span>
                  <span class="parameters">(firefox, latest, Windows 10, public void com.yourcompany.Tests.PAOIEndpointTest.verifyPAOIEndpointTest(java.lang.String,java.lang.String,java.lang.String,java.lang.reflect.Method) throws java.net.MalformedURLException,org.openqa.selenium.InvalidElementStateException,java.rmi.UnexpectedException)</span>
                  <div class="stack-trace">org.openqa.selenium.WebDriverException: Unable to parse remote response: Misconfigured -- Sauce Labs Authentication Error.
You used username &apos;null&apos; and access key &apos;null&apos; to authenticate, which are not valid Sauce Labs credentials.

The following desired capabilities were received:
{&apos;browserName&apos;: &apos;firefox&apos;,
 &apos;name&apos;: &apos;verifyPAOIEndpointTest&apos;,
 &apos;platform&apos;: &apos;WIN10&apos;,
 &apos;version&apos;: &apos;latest&apos;}
Build info: version: &apos;3.11.0&apos;, revision: &apos;e59cfb3&apos;, time: &apos;2018-03-11T20:26:55.152Z&apos;
System info: host: &apos;GC02RH2WYG8WPE&apos;, ip: &apos;192.168.1.107&apos;, os.name: &apos;Mac OS X&apos;, os.arch: &apos;x86_64&apos;, os.version: &apos;10.13.6&apos;, java.version: &apos;13.0.2&apos;
Driver info: driver.version: RemoteWebDriver
	at org.openqa.selenium.remote.ProtocolHandshake.createSession(ProtocolHandshake.java:111)
	at org.openqa.selenium.remote.ProtocolHandshake.createSession(ProtocolHandshake.java:73)
	at org.openqa.selenium.remote.HttpCommandExecutor.execute(HttpCommandExecutor.java:136)
	at org.openqa.selenium.remote.RemoteWebDriver.execute(RemoteWebDriver.java:545)
	at org.openqa.selenium.remote.RemoteWebDriver.startSession(RemoteWebDriver.java:209)
	at org.openqa.selenium.remote.RemoteWebDriver.&lt;init&gt;(RemoteWebDriver.java:132)
	at org.openqa.selenium.remote.RemoteWebDriver.&lt;init&gt;(RemoteWebDriver.java:145)
	at com.yourcompany.Tests.TestBase.createDriver(TestBase.java:116)
	at com.yourcompany.Tests.PAOIEndpointTest.verifyPAOIEndpointTest(PAOIEndpointTest.java:29)
	at java.base/java.util.concurrent.FutureTask.run(FutureTask.java:264)
	at java.base/java.util.concurrent.Executors$RunnableAdapter.call(Executors.java:515)
	at java.base/java.util.concurrent.FutureTask.run(FutureTask.java:264)
	at java.base/java.util.concurrent.ThreadPoolExecutor.runWorker(ThreadPoolExecutor.java:1128)
	at java.base/java.util.concurrent.ThreadPoolExecutor$Worker.run(ThreadPoolExecutor.java:628)
	at java.base/java.lang.Thread.run(Thread.java:830)
... Removed 9 stack frames
</div> <!-- stack-trace -->
                </div> <!-- method-content -->
              </div> <!-- method -->
              <div class="method">
                <div class="method-content">
                  <a name="verifyPAOIEndpointTest(firefox, latest-1, Windows 10, public void com.yourcompany.Tests.PAOIEndpointTest.verifyPAOIEndpoint...)">
                  </a> <!-- verifyPAOIEndpointTest(firefox, latest-1, Windows 10, public void com.yourcompany.Tests.PAOIEndpointTest.verifyPAOIEndpoint...) -->
                  <span class="method-name">verifyPAOIEndpointTest</span>
                  <span class="parameters">(firefox, latest-1, Windows 10, public void com.yourcompany.Tests.PAOIEndpointTest.verifyPAOIEndpointTest(java.lang.String,java.lang.String,java.lang.String,java.lang.reflect.Method) throws java.net.MalformedURLException,org.openqa.selenium.InvalidElementStateException,java.rmi.UnexpectedException)</span>
                  <div class="stack-trace">org.openqa.selenium.WebDriverException: Unable to parse remote response: Misconfigured -- Sauce Labs Authentication Error.
You used username &apos;null&apos; and access key &apos;null&apos; to authenticate, which are not valid Sauce Labs credentials.

The following desired capabilities were received:
{&apos;browserName&apos;: &apos;firefox&apos;,
 &apos;name&apos;: &apos;verifyPAOIEndpointTest&apos;,
 &apos;platform&apos;: &apos;WIN10&apos;,
 &apos;version&apos;: &apos;latest-1&apos;}
Build info: version: &apos;3.11.0&apos;, revision: &apos;e59cfb3&apos;, time: &apos;2018-03-11T20:26:55.152Z&apos;
System info: host: &apos;GC02RH2WYG8WPE&apos;, ip: &apos;192.168.1.107&apos;, os.name: &apos;Mac OS X&apos;, os.arch: &apos;x86_64&apos;, os.version: &apos;10.13.6&apos;, java.version: &apos;13.0.2&apos;
Driver info: driver.version: RemoteWebDriver
	at org.openqa.selenium.remote.ProtocolHandshake.createSession(ProtocolHandshake.java:111)
	at org.openqa.selenium.remote.ProtocolHandshake.createSession(ProtocolHandshake.java:73)
	at org.openqa.selenium.remote.HttpCommandExecutor.execute(HttpCommandExecutor.java:136)
	at org.openqa.selenium.remote.RemoteWebDriver.execute(RemoteWebDriver.java:545)
	at org.openqa.selenium.remote.RemoteWebDriver.startSession(RemoteWebDriver.java:209)
	at org.openqa.selenium.remote.RemoteWebDriver.&lt;init&gt;(RemoteWebDriver.java:132)
	at org.openqa.selenium.remote.RemoteWebDriver.&lt;init&gt;(RemoteWebDriver.java:145)
	at com.yourcompany.Tests.TestBase.createDriver(TestBase.java:116)
	at com.yourcompany.Tests.PAOIEndpointTest.verifyPAOIEndpointTest(PAOIEndpointTest.java:29)
	at java.base/java.util.concurrent.FutureTask.run(FutureTask.java:264)
	at java.base/java.util.concurrent.Executors$RunnableAdapter.call(Executors.java:515)
	at java.base/java.util.concurrent.FutureTask.run(FutureTask.java:264)
	at java.base/java.util.concurrent.ThreadPoolExecutor.runWorker(ThreadPoolExecutor.java:1128)
	at java.base/java.util.concurrent.ThreadPoolExecutor$Worker.run(ThreadPoolExecutor.java:628)
	at java.base/java.lang.Thread.run(Thread.java:830)
... Removed 9 stack frames
</div> <!-- stack-trace -->
                </div> <!-- method-content -->
              </div> <!-- method -->
              <div class="method">
                <div class="method-content">
                  <a name="verifyPAOIEndpointTest(firefox, latest-1, macOS 10.15, public void com.yourcompany.Tests.PAOIEndpointTest.verifyPAOIEndpoin...)">
                  </a> <!-- verifyPAOIEndpointTest(firefox, latest-1, macOS 10.15, public void com.yourcompany.Tests.PAOIEndpointTest.verifyPAOIEndpoin...) -->
                  <span class="method-name">verifyPAOIEndpointTest</span>
                  <span class="parameters">(firefox, latest-1, macOS 10.15, public void com.yourcompany.Tests.PAOIEndpointTest.verifyPAOIEndpointTest(java.lang.String,java.lang.String,java.lang.String,java.lang.reflect.Method) throws java.net.MalformedURLException,org.openqa.selenium.InvalidElementStateException,java.rmi.UnexpectedException)</span>
                  <div class="stack-trace">org.openqa.selenium.WebDriverException: Unable to parse remote response: Misconfigured -- Sauce Labs Authentication Error.
You used username &apos;null&apos; and access key &apos;null&apos; to authenticate, which are not valid Sauce Labs credentials.

The following desired capabilities were received:
{&apos;browserName&apos;: &apos;firefox&apos;,
 &apos;name&apos;: &apos;verifyPAOIEndpointTest&apos;,
 &apos;platform&apos;: &apos;macOS 10.15&apos;,
 &apos;version&apos;: &apos;latest-1&apos;}
Build info: version: &apos;3.11.0&apos;, revision: &apos;e59cfb3&apos;, time: &apos;2018-03-11T20:26:55.152Z&apos;
System info: host: &apos;GC02RH2WYG8WPE&apos;, ip: &apos;192.168.1.107&apos;, os.name: &apos;Mac OS X&apos;, os.arch: &apos;x86_64&apos;, os.version: &apos;10.13.6&apos;, java.version: &apos;13.0.2&apos;
Driver info: driver.version: RemoteWebDriver
	at org.openqa.selenium.remote.ProtocolHandshake.createSession(ProtocolHandshake.java:111)
	at org.openqa.selenium.remote.ProtocolHandshake.createSession(ProtocolHandshake.java:73)
	at org.openqa.selenium.remote.HttpCommandExecutor.execute(HttpCommandExecutor.java:136)
	at org.openqa.selenium.remote.RemoteWebDriver.execute(RemoteWebDriver.java:545)
	at org.openqa.selenium.remote.RemoteWebDriver.startSession(RemoteWebDriver.java:209)
	at org.openqa.selenium.remote.RemoteWebDriver.&lt;init&gt;(RemoteWebDriver.java:132)
	at org.openqa.selenium.remote.RemoteWebDriver.&lt;init&gt;(RemoteWebDriver.java:145)
	at com.yourcompany.Tests.TestBase.createDriver(TestBase.java:116)
	at com.yourcompany.Tests.PAOIEndpointTest.verifyPAOIEndpointTest(PAOIEndpointTest.java:29)
	at java.base/java.util.concurrent.FutureTask.run(FutureTask.java:264)
	at java.base/java.util.concurrent.Executors$RunnableAdapter.call(Executors.java:515)
	at java.base/java.util.concurrent.FutureTask.run(FutureTask.java:264)
	at java.base/java.util.concurrent.ThreadPoolExecutor.runWorker(ThreadPoolExecutor.java:1128)
	at java.base/java.util.concurrent.ThreadPoolExecutor$Worker.run(ThreadPoolExecutor.java:628)
	at java.base/java.lang.Thread.run(Thread.java:830)
... Removed 9 stack frames
</div> <!-- stack-trace -->
                </div> <!-- method-content -->
              </div> <!-- method -->
            </div> <!-- main-panel-content rounded-window-bottom -->
          </div> <!-- suite-Command_line_suite-class-failed -->
          <div class="suite-Command_line_suite-class-failed">
            <div class="main-panel-header rounded-window-top">
              <img src="failed.png"/>
              <span class="class-name">com.yourcompany.Tests.FollowLinkTest</span>
            </div> <!-- main-panel-header rounded-window-top -->
            <div class="main-panel-content rounded-window-bottom">
              <div class="method">
                <div class="method-content">
                  <a name="verifyContactLinkTest(firefox, latest, macOS 10.15, public void com.yourcompany.Tests.FollowLinkTest.verifyContactLinkTest...)">
                  </a> <!-- verifyContactLinkTest(firefox, latest, macOS 10.15, public void com.yourcompany.Tests.FollowLinkTest.verifyContactLinkTest...) -->
                  <span class="method-name">verifyContactLinkTest</span>
                  <span class="parameters">(firefox, latest, macOS 10.15, public void com.yourcompany.Tests.FollowLinkTest.verifyContactLinkTest(java.lang.String,java.lang.String,java.lang.String,java.lang.reflect.Method) throws java.net.MalformedURLException,org.openqa.selenium.InvalidElementStateException,java.rmi.UnexpectedException)</span>
                  <div class="stack-trace">org.openqa.selenium.WebDriverException: Unable to parse remote response: Misconfigured -- Sauce Labs Authentication Error.
You used username &apos;null&apos; and access key &apos;null&apos; to authenticate, which are not valid Sauce Labs credentials.

The following desired capabilities were received:
{&apos;browserName&apos;: &apos;firefox&apos;,
 &apos;name&apos;: &apos;verifyContactLinkTest&apos;,
 &apos;platform&apos;: &apos;macOS 10.15&apos;,
 &apos;version&apos;: &apos;latest&apos;}
Build info: version: &apos;3.11.0&apos;, revision: &apos;e59cfb3&apos;, time: &apos;2018-03-11T20:26:55.152Z&apos;
System info: host: &apos;GC02RH2WYG8WPE&apos;, ip: &apos;192.168.1.107&apos;, os.name: &apos;Mac OS X&apos;, os.arch: &apos;x86_64&apos;, os.version: &apos;10.13.6&apos;, java.version: &apos;13.0.2&apos;
Driver info: driver.version: RemoteWebDriver
	at org.openqa.selenium.remote.ProtocolHandshake.createSession(ProtocolHandshake.java:111)
	at org.openqa.selenium.remote.ProtocolHandshake.createSession(ProtocolHandshake.java:73)
	at org.openqa.selenium.remote.HttpCommandExecutor.execute(HttpCommandExecutor.java:136)
	at org.openqa.selenium.remote.RemoteWebDriver.execute(RemoteWebDriver.java:545)
	at org.openqa.selenium.remote.RemoteWebDriver.startSession(RemoteWebDriver.java:209)
	at org.openqa.selenium.remote.RemoteWebDriver.&lt;init&gt;(RemoteWebDriver.java:132)
	at org.openqa.selenium.remote.RemoteWebDriver.&lt;init&gt;(RemoteWebDriver.java:145)
	at com.yourcompany.Tests.TestBase.createDriver(TestBase.java:116)
	at com.yourcompany.Tests.FollowLinkTest.verifyContactLinkTest(FollowLinkTest.java:29)
	at java.base/java.util.concurrent.FutureTask.run(FutureTask.java:264)
	at java.base/java.util.concurrent.Executors$RunnableAdapter.call(Executors.java:515)
	at java.base/java.util.concurrent.FutureTask.run(FutureTask.java:264)
	at java.base/java.util.concurrent.ThreadPoolExecutor.runWorker(ThreadPoolExecutor.java:1128)
	at java.base/java.util.concurrent.ThreadPoolExecutor$Worker.run(ThreadPoolExecutor.java:628)
	at java.base/java.lang.Thread.run(Thread.java:830)
... Removed 9 stack frames
</div> <!-- stack-trace -->
                </div> <!-- method-content -->
              </div> <!-- method -->
              <div class="method">
                <div class="method-content">
                  <a name="verifyContactLinkTest(MicrosoftEdge, latest, Windows 10, public void com.yourcompany.Tests.FollowLinkTest.verifyContactLin...)">
                  </a> <!-- verifyContactLinkTest(MicrosoftEdge, latest, Windows 10, public void com.yourcompany.Tests.FollowLinkTest.verifyContactLin...) -->
                  <span class="method-name">verifyContactLinkTest</span>
                  <span class="parameters">(MicrosoftEdge, latest, Windows 10, public void com.yourcompany.Tests.FollowLinkTest.verifyContactLinkTest(java.lang.String,java.lang.String,java.lang.String,java.lang.reflect.Method) throws java.net.MalformedURLException,org.openqa.selenium.InvalidElementStateException,java.rmi.UnexpectedException)</span>
                  <div class="stack-trace">org.openqa.selenium.WebDriverException: Unable to parse remote response: Misconfigured -- Sauce Labs Authentication Error.
You used username &apos;null&apos; and access key &apos;null&apos; to authenticate, which are not valid Sauce Labs credentials.

The following desired capabilities were received:
{&apos;browserName&apos;: &apos;MicrosoftEdge&apos;,
 &apos;name&apos;: &apos;verifyContactLinkTest&apos;,
 &apos;platform&apos;: &apos;WIN10&apos;,
 &apos;version&apos;: &apos;latest&apos;}
Build info: version: &apos;3.11.0&apos;, revision: &apos;e59cfb3&apos;, time: &apos;2018-03-11T20:26:55.152Z&apos;
System info: host: &apos;GC02RH2WYG8WPE&apos;, ip: &apos;192.168.1.107&apos;, os.name: &apos;Mac OS X&apos;, os.arch: &apos;x86_64&apos;, os.version: &apos;10.13.6&apos;, java.version: &apos;13.0.2&apos;
Driver info: driver.version: RemoteWebDriver
	at org.openqa.selenium.remote.ProtocolHandshake.createSession(ProtocolHandshake.java:111)
	at org.openqa.selenium.remote.ProtocolHandshake.createSession(ProtocolHandshake.java:73)
	at org.openqa.selenium.remote.HttpCommandExecutor.execute(HttpCommandExecutor.java:136)
	at org.openqa.selenium.remote.RemoteWebDriver.execute(RemoteWebDriver.java:545)
	at org.openqa.selenium.remote.RemoteWebDriver.startSession(RemoteWebDriver.java:209)
	at org.openqa.selenium.remote.RemoteWebDriver.&lt;init&gt;(RemoteWebDriver.java:132)
	at org.openqa.selenium.remote.RemoteWebDriver.&lt;init&gt;(RemoteWebDriver.java:145)
	at com.yourcompany.Tests.TestBase.createDriver(TestBase.java:116)
	at com.yourcompany.Tests.FollowLinkTest.verifyContactLinkTest(FollowLinkTest.java:29)
	at java.base/java.util.concurrent.FutureTask.run(FutureTask.java:264)
	at java.base/java.util.concurrent.Executors$RunnableAdapter.call(Executors.java:515)
	at java.base/java.util.concurrent.FutureTask.run(FutureTask.java:264)
	at java.base/java.util.concurrent.ThreadPoolExecutor.runWorker(ThreadPoolExecutor.java:1128)
	at java.base/java.util.concurrent.ThreadPoolExecutor$Worker.run(ThreadPoolExecutor.java:628)
	at java.base/java.lang.Thread.run(Thread.java:830)
... Removed 9 stack frames
</div> <!-- stack-trace -->
                </div> <!-- method-content -->
              </div> <!-- method -->
              <div class="method">
                <div class="method-content">
                  <a name="verifyContactLinkTest(MicrosoftEdge, latest-1, Windows 10, public void com.yourcompany.Tests.FollowLinkTest.verifyContactL...)">
                  </a> <!-- verifyContactLinkTest(MicrosoftEdge, latest-1, Windows 10, public void com.yourcompany.Tests.FollowLinkTest.verifyContactL...) -->
                  <span class="method-name">verifyContactLinkTest</span>
                  <span class="parameters">(MicrosoftEdge, latest-1, Windows 10, public void com.yourcompany.Tests.FollowLinkTest.verifyContactLinkTest(java.lang.String,java.lang.String,java.lang.String,java.lang.reflect.Method) throws java.net.MalformedURLException,org.openqa.selenium.InvalidElementStateException,java.rmi.UnexpectedException)</span>
                  <div class="stack-trace">org.openqa.selenium.WebDriverException: Unable to parse remote response: Misconfigured -- Sauce Labs Authentication Error.
You used username &apos;null&apos; and access key &apos;null&apos; to authenticate, which are not valid Sauce Labs credentials.

The following desired capabilities were received:
{&apos;browserName&apos;: &apos;MicrosoftEdge&apos;,
 &apos;name&apos;: &apos;verifyContactLinkTest&apos;,
 &apos;platform&apos;: &apos;WIN10&apos;,
 &apos;version&apos;: &apos;latest-1&apos;}
Build info: version: &apos;3.11.0&apos;, revision: &apos;e59cfb3&apos;, time: &apos;2018-03-11T20:26:55.152Z&apos;
System info: host: &apos;GC02RH2WYG8WPE&apos;, ip: &apos;192.168.1.107&apos;, os.name: &apos;Mac OS X&apos;, os.arch: &apos;x86_64&apos;, os.version: &apos;10.13.6&apos;, java.version: &apos;13.0.2&apos;
Driver info: driver.version: RemoteWebDriver
	at org.openqa.selenium.remote.ProtocolHandshake.createSession(ProtocolHandshake.java:111)
	at org.openqa.selenium.remote.ProtocolHandshake.createSession(ProtocolHandshake.java:73)
	at org.openqa.selenium.remote.HttpCommandExecutor.execute(HttpCommandExecutor.java:136)
	at org.openqa.selenium.remote.RemoteWebDriver.execute(RemoteWebDriver.java:545)
	at org.openqa.selenium.remote.RemoteWebDriver.startSession(RemoteWebDriver.java:209)
	at org.openqa.selenium.remote.RemoteWebDriver.&lt;init&gt;(RemoteWebDriver.java:132)
	at org.openqa.selenium.remote.RemoteWebDriver.&lt;init&gt;(RemoteWebDriver.java:145)
	at com.yourcompany.Tests.TestBase.createDriver(TestBase.java:116)
	at com.yourcompany.Tests.FollowLinkTest.verifyContactLinkTest(FollowLinkTest.java:29)
	at java.base/java.util.concurrent.FutureTask.run(FutureTask.java:264)
	at java.base/java.util.concurrent.Executors$RunnableAdapter.call(Executors.java:515)
	at java.base/java.util.concurrent.FutureTask.run(FutureTask.java:264)
	at java.base/java.util.concurrent.ThreadPoolExecutor.runWorker(ThreadPoolExecutor.java:1128)
	at java.base/java.util.concurrent.ThreadPoolExecutor$Worker.run(ThreadPoolExecutor.java:628)
	at java.base/java.lang.Thread.run(Thread.java:830)
... Removed 9 stack frames
</div> <!-- stack-trace -->
                </div> <!-- method-content -->
              </div> <!-- method -->
              <div class="method">
                <div class="method-content">
                  <a name="verifyContactLinkTest(firefox, latest, Windows 10, public void com.yourcompany.Tests.FollowLinkTest.verifyContactLinkTest(...)">
                  </a> <!-- verifyContactLinkTest(firefox, latest, Windows 10, public void com.yourcompany.Tests.FollowLinkTest.verifyContactLinkTest(...) -->
                  <span class="method-name">verifyContactLinkTest</span>
                  <span class="parameters">(firefox, latest, Windows 10, public void com.yourcompany.Tests.FollowLinkTest.verifyContactLinkTest(java.lang.String,java.lang.String,java.lang.String,java.lang.reflect.Method) throws java.net.MalformedURLException,org.openqa.selenium.InvalidElementStateException,java.rmi.UnexpectedException)</span>
                  <div class="stack-trace">org.openqa.selenium.WebDriverException: Unable to parse remote response: Misconfigured -- Sauce Labs Authentication Error.
You used username &apos;null&apos; and access key &apos;null&apos; to authenticate, which are not valid Sauce Labs credentials.

The following desired capabilities were received:
{&apos;browserName&apos;: &apos;firefox&apos;,
 &apos;name&apos;: &apos;verifyContactLinkTest&apos;,
 &apos;platform&apos;: &apos;WIN10&apos;,
 &apos;version&apos;: &apos;latest&apos;}
Build info: version: &apos;3.11.0&apos;, revision: &apos;e59cfb3&apos;, time: &apos;2018-03-11T20:26:55.152Z&apos;
System info: host: &apos;GC02RH2WYG8WPE&apos;, ip: &apos;192.168.1.107&apos;, os.name: &apos;Mac OS X&apos;, os.arch: &apos;x86_64&apos;, os.version: &apos;10.13.6&apos;, java.version: &apos;13.0.2&apos;
Driver info: driver.version: RemoteWebDriver
	at org.openqa.selenium.remote.ProtocolHandshake.createSession(ProtocolHandshake.java:111)
	at org.openqa.selenium.remote.ProtocolHandshake.createSession(ProtocolHandshake.java:73)
	at org.openqa.selenium.remote.HttpCommandExecutor.execute(HttpCommandExecutor.java:136)
	at org.openqa.selenium.remote.RemoteWebDriver.execute(RemoteWebDriver.java:545)
	at org.openqa.selenium.remote.RemoteWebDriver.startSession(RemoteWebDriver.java:209)
	at org.openqa.selenium.remote.RemoteWebDriver.&lt;init&gt;(RemoteWebDriver.java:132)
	at org.openqa.selenium.remote.RemoteWebDriver.&lt;init&gt;(RemoteWebDriver.java:145)
	at com.yourcompany.Tests.TestBase.createDriver(TestBase.java:116)
	at com.yourcompany.Tests.FollowLinkTest.verifyContactLinkTest(FollowLinkTest.java:29)
	at java.base/java.util.concurrent.FutureTask.run(FutureTask.java:264)
	at java.base/java.util.concurrent.Executors$RunnableAdapter.call(Executors.java:515)
	at java.base/java.util.concurrent.FutureTask.run(FutureTask.java:264)
	at java.base/java.util.concurrent.ThreadPoolExecutor.runWorker(ThreadPoolExecutor.java:1128)
	at java.base/java.util.concurrent.ThreadPoolExecutor$Worker.run(ThreadPoolExecutor.java:628)
	at java.base/java.lang.Thread.run(Thread.java:830)
... Removed 9 stack frames
</div> <!-- stack-trace -->
                </div> <!-- method-content -->
              </div> <!-- method -->
              <div class="method">
                <div class="method-content">
                  <a name="verifyContactLinkTest(chrome, latest-1, Windows 10, public void com.yourcompany.Tests.FollowLinkTest.verifyContactLinkTest...)">
                  </a> <!-- verifyContactLinkTest(chrome, latest-1, Windows 10, public void com.yourcompany.Tests.FollowLinkTest.verifyContactLinkTest...) -->
                  <span class="method-name">verifyContactLinkTest</span>
                  <span class="parameters">(chrome, latest-1, Windows 10, public void com.yourcompany.Tests.FollowLinkTest.verifyContactLinkTest(java.lang.String,java.lang.String,java.lang.String,java.lang.reflect.Method) throws java.net.MalformedURLException,org.openqa.selenium.InvalidElementStateException,java.rmi.UnexpectedException)</span>
                  <div class="stack-trace">org.openqa.selenium.WebDriverException: Unable to parse remote response: Misconfigured -- Sauce Labs Authentication Error.
You used username &apos;null&apos; and access key &apos;null&apos; to authenticate, which are not valid Sauce Labs credentials.

The following desired capabilities were received:
{&apos;browserName&apos;: &apos;chrome&apos;,
 &apos;name&apos;: &apos;verifyContactLinkTest&apos;,
 &apos;platform&apos;: &apos;WIN10&apos;,
 &apos;version&apos;: &apos;latest-1&apos;}
Build info: version: &apos;3.11.0&apos;, revision: &apos;e59cfb3&apos;, time: &apos;2018-03-11T20:26:55.152Z&apos;
System info: host: &apos;GC02RH2WYG8WPE&apos;, ip: &apos;192.168.1.107&apos;, os.name: &apos;Mac OS X&apos;, os.arch: &apos;x86_64&apos;, os.version: &apos;10.13.6&apos;, java.version: &apos;13.0.2&apos;
Driver info: driver.version: RemoteWebDriver
	at org.openqa.selenium.remote.ProtocolHandshake.createSession(ProtocolHandshake.java:111)
	at org.openqa.selenium.remote.ProtocolHandshake.createSession(ProtocolHandshake.java:73)
	at org.openqa.selenium.remote.HttpCommandExecutor.execute(HttpCommandExecutor.java:136)
	at org.openqa.selenium.remote.RemoteWebDriver.execute(RemoteWebDriver.java:545)
	at org.openqa.selenium.remote.RemoteWebDriver.startSession(RemoteWebDriver.java:209)
	at org.openqa.selenium.remote.RemoteWebDriver.&lt;init&gt;(RemoteWebDriver.java:132)
	at org.openqa.selenium.remote.RemoteWebDriver.&lt;init&gt;(RemoteWebDriver.java:145)
	at com.yourcompany.Tests.TestBase.createDriver(TestBase.java:116)
	at com.yourcompany.Tests.FollowLinkTest.verifyContactLinkTest(FollowLinkTest.java:29)
	at java.base/java.util.concurrent.FutureTask.run(FutureTask.java:264)
	at java.base/java.util.concurrent.Executors$RunnableAdapter.call(Executors.java:515)
	at java.base/java.util.concurrent.FutureTask.run(FutureTask.java:264)
	at java.base/java.util.concurrent.ThreadPoolExecutor.runWorker(ThreadPoolExecutor.java:1128)
	at java.base/java.util.concurrent.ThreadPoolExecutor$Worker.run(ThreadPoolExecutor.java:628)
	at java.base/java.lang.Thread.run(Thread.java:830)
... Removed 9 stack frames
</div> <!-- stack-trace -->
                </div> <!-- method-content -->
              </div> <!-- method -->
              <div class="method">
                <div class="method-content">
                  <a name="verifyContactLinkTest(chrome, latest, Windows 10, public void com.yourcompany.Tests.FollowLinkTest.verifyContactLinkTest(j...)">
                  </a> <!-- verifyContactLinkTest(chrome, latest, Windows 10, public void com.yourcompany.Tests.FollowLinkTest.verifyContactLinkTest(j...) -->
                  <span class="method-name">verifyContactLinkTest</span>
                  <span class="parameters">(chrome, latest, Windows 10, public void com.yourcompany.Tests.FollowLinkTest.verifyContactLinkTest(java.lang.String,java.lang.String,java.lang.String,java.lang.reflect.Method) throws java.net.MalformedURLException,org.openqa.selenium.InvalidElementStateException,java.rmi.UnexpectedException)</span>
                  <div class="stack-trace">org.openqa.selenium.WebDriverException: Unable to parse remote response: Misconfigured -- Sauce Labs Authentication Error.
You used username &apos;null&apos; and access key &apos;null&apos; to authenticate, which are not valid Sauce Labs credentials.

The following desired capabilities were received:
{&apos;browserName&apos;: &apos;chrome&apos;,
 &apos;name&apos;: &apos;verifyContactLinkTest&apos;,
 &apos;platform&apos;: &apos;WIN10&apos;,
 &apos;version&apos;: &apos;latest&apos;}
Build info: version: &apos;3.11.0&apos;, revision: &apos;e59cfb3&apos;, time: &apos;2018-03-11T20:26:55.152Z&apos;
System info: host: &apos;GC02RH2WYG8WPE&apos;, ip: &apos;192.168.1.107&apos;, os.name: &apos;Mac OS X&apos;, os.arch: &apos;x86_64&apos;, os.version: &apos;10.13.6&apos;, java.version: &apos;13.0.2&apos;
Driver info: driver.version: RemoteWebDriver
	at org.openqa.selenium.remote.ProtocolHandshake.createSession(ProtocolHandshake.java:111)
	at org.openqa.selenium.remote.ProtocolHandshake.createSession(ProtocolHandshake.java:73)
	at org.openqa.selenium.remote.HttpCommandExecutor.execute(HttpCommandExecutor.java:136)
	at org.openqa.selenium.remote.RemoteWebDriver.execute(RemoteWebDriver.java:545)
	at org.openqa.selenium.remote.RemoteWebDriver.startSession(RemoteWebDriver.java:209)
	at org.openqa.selenium.remote.RemoteWebDriver.&lt;init&gt;(RemoteWebDriver.java:132)
	at org.openqa.selenium.remote.RemoteWebDriver.&lt;init&gt;(RemoteWebDriver.java:145)
	at com.yourcompany.Tests.TestBase.createDriver(TestBase.java:116)
	at com.yourcompany.Tests.FollowLinkTest.verifyContactLinkTest(FollowLinkTest.java:29)
	at java.base/java.util.concurrent.FutureTask.run(FutureTask.java:264)
	at java.base/java.util.concurrent.Executors$RunnableAdapter.call(Executors.java:515)
	at java.base/java.util.concurrent.FutureTask.run(FutureTask.java:264)
	at java.base/java.util.concurrent.ThreadPoolExecutor.runWorker(ThreadPoolExecutor.java:1128)
	at java.base/java.util.concurrent.ThreadPoolExecutor$Worker.run(ThreadPoolExecutor.java:628)
	at java.base/java.lang.Thread.run(Thread.java:830)
... Removed 9 stack frames
</div> <!-- stack-trace -->
                </div> <!-- method-content -->
              </div> <!-- method -->
              <div class="method">
                <div class="method-content">
                  <a name="verifyContactLinkTest(chrome, latest, macOS 10.15, public void com.yourcompany.Tests.FollowLinkTest.verifyContactLinkTest(...)">
                  </a> <!-- verifyContactLinkTest(chrome, latest, macOS 10.15, public void com.yourcompany.Tests.FollowLinkTest.verifyContactLinkTest(...) -->
                  <span class="method-name">verifyContactLinkTest</span>
                  <span class="parameters">(chrome, latest, macOS 10.15, public void com.yourcompany.Tests.FollowLinkTest.verifyContactLinkTest(java.lang.String,java.lang.String,java.lang.String,java.lang.reflect.Method) throws java.net.MalformedURLException,org.openqa.selenium.InvalidElementStateException,java.rmi.UnexpectedException)</span>
                  <div class="stack-trace">org.openqa.selenium.WebDriverException: Unable to parse remote response: Misconfigured -- Sauce Labs Authentication Error.
You used username &apos;null&apos; and access key &apos;null&apos; to authenticate, which are not valid Sauce Labs credentials.

The following desired capabilities were received:
{&apos;browserName&apos;: &apos;chrome&apos;,
 &apos;name&apos;: &apos;verifyContactLinkTest&apos;,
 &apos;platform&apos;: &apos;macOS 10.15&apos;,
 &apos;version&apos;: &apos;latest&apos;}
Build info: version: &apos;3.11.0&apos;, revision: &apos;e59cfb3&apos;, time: &apos;2018-03-11T20:26:55.152Z&apos;
System info: host: &apos;GC02RH2WYG8WPE&apos;, ip: &apos;192.168.1.107&apos;, os.name: &apos;Mac OS X&apos;, os.arch: &apos;x86_64&apos;, os.version: &apos;10.13.6&apos;, java.version: &apos;13.0.2&apos;
Driver info: driver.version: RemoteWebDriver
	at org.openqa.selenium.remote.ProtocolHandshake.createSession(ProtocolHandshake.java:111)
	at org.openqa.selenium.remote.ProtocolHandshake.createSession(ProtocolHandshake.java:73)
	at org.openqa.selenium.remote.HttpCommandExecutor.execute(HttpCommandExecutor.java:136)
	at org.openqa.selenium.remote.RemoteWebDriver.execute(RemoteWebDriver.java:545)
	at org.openqa.selenium.remote.RemoteWebDriver.startSession(RemoteWebDriver.java:209)
	at org.openqa.selenium.remote.RemoteWebDriver.&lt;init&gt;(RemoteWebDriver.java:132)
	at org.openqa.selenium.remote.RemoteWebDriver.&lt;init&gt;(RemoteWebDriver.java:145)
	at com.yourcompany.Tests.TestBase.createDriver(TestBase.java:116)
	at com.yourcompany.Tests.FollowLinkTest.verifyContactLinkTest(FollowLinkTest.java:29)
	at java.base/java.util.concurrent.FutureTask.run(FutureTask.java:264)
	at java.base/java.util.concurrent.Executors$RunnableAdapter.call(Executors.java:515)
	at java.base/java.util.concurrent.FutureTask.run(FutureTask.java:264)
	at java.base/java.util.concurrent.ThreadPoolExecutor.runWorker(ThreadPoolExecutor.java:1128)
	at java.base/java.util.concurrent.ThreadPoolExecutor$Worker.run(ThreadPoolExecutor.java:628)
	at java.base/java.lang.Thread.run(Thread.java:830)
... Removed 9 stack frames
</div> <!-- stack-trace -->
                </div> <!-- method-content -->
              </div> <!-- method -->
              <div class="method">
                <div class="method-content">
                  <a name="verifyContactLinkTest(firefox, latest-1, macOS 10.15, public void com.yourcompany.Tests.FollowLinkTest.verifyContactLinkTe...)">
                  </a> <!-- verifyContactLinkTest(firefox, latest-1, macOS 10.15, public void com.yourcompany.Tests.FollowLinkTest.verifyContactLinkTe...) -->
                  <span class="method-name">verifyContactLinkTest</span>
                  <span class="parameters">(firefox, latest-1, macOS 10.15, public void com.yourcompany.Tests.FollowLinkTest.verifyContactLinkTest(java.lang.String,java.lang.String,java.lang.String,java.lang.reflect.Method) throws java.net.MalformedURLException,org.openqa.selenium.InvalidElementStateException,java.rmi.UnexpectedException)</span>
                  <div class="stack-trace">org.openqa.selenium.WebDriverException: Unable to parse remote response: Misconfigured -- Sauce Labs Authentication Error.
You used username &apos;null&apos; and access key &apos;null&apos; to authenticate, which are not valid Sauce Labs credentials.

The following desired capabilities were received:
{&apos;browserName&apos;: &apos;firefox&apos;,
 &apos;name&apos;: &apos;verifyContactLinkTest&apos;,
 &apos;platform&apos;: &apos;macOS 10.15&apos;,
 &apos;version&apos;: &apos;latest-1&apos;}
Build info: version: &apos;3.11.0&apos;, revision: &apos;e59cfb3&apos;, time: &apos;2018-03-11T20:26:55.152Z&apos;
System info: host: &apos;GC02RH2WYG8WPE&apos;, ip: &apos;192.168.1.107&apos;, os.name: &apos;Mac OS X&apos;, os.arch: &apos;x86_64&apos;, os.version: &apos;10.13.6&apos;, java.version: &apos;13.0.2&apos;
Driver info: driver.version: RemoteWebDriver
	at org.openqa.selenium.remote.ProtocolHandshake.createSession(ProtocolHandshake.java:111)
	at org.openqa.selenium.remote.ProtocolHandshake.createSession(ProtocolHandshake.java:73)
	at org.openqa.selenium.remote.HttpCommandExecutor.execute(HttpCommandExecutor.java:136)
	at org.openqa.selenium.remote.RemoteWebDriver.execute(RemoteWebDriver.java:545)
	at org.openqa.selenium.remote.RemoteWebDriver.startSession(RemoteWebDriver.java:209)
	at org.openqa.selenium.remote.RemoteWebDriver.&lt;init&gt;(RemoteWebDriver.java:132)
	at org.openqa.selenium.remote.RemoteWebDriver.&lt;init&gt;(RemoteWebDriver.java:145)
	at com.yourcompany.Tests.TestBase.createDriver(TestBase.java:116)
	at com.yourcompany.Tests.FollowLinkTest.verifyContactLinkTest(FollowLinkTest.java:29)
	at java.base/java.util.concurrent.FutureTask.run(FutureTask.java:264)
	at java.base/java.util.concurrent.Executors$RunnableAdapter.call(Executors.java:515)
	at java.base/java.util.concurrent.FutureTask.run(FutureTask.java:264)
	at java.base/java.util.concurrent.ThreadPoolExecutor.runWorker(ThreadPoolExecutor.java:1128)
	at java.base/java.util.concurrent.ThreadPoolExecutor$Worker.run(ThreadPoolExecutor.java:628)
	at java.base/java.lang.Thread.run(Thread.java:830)
... Removed 9 stack frames
</div> <!-- stack-trace -->
                </div> <!-- method-content -->
              </div> <!-- method -->
              <div class="method">
                <div class="method-content">
                  <a name="verifyContactLinkTest(chrome, latest-1, macOS 10.15, public void com.yourcompany.Tests.FollowLinkTest.verifyContactLinkTes...)">
                  </a> <!-- verifyContactLinkTest(chrome, latest-1, macOS 10.15, public void com.yourcompany.Tests.FollowLinkTest.verifyContactLinkTes...) -->
                  <span class="method-name">verifyContactLinkTest</span>
                  <span class="parameters">(chrome, latest-1, macOS 10.15, public void com.yourcompany.Tests.FollowLinkTest.verifyContactLinkTest(java.lang.String,java.lang.String,java.lang.String,java.lang.reflect.Method) throws java.net.MalformedURLException,org.openqa.selenium.InvalidElementStateException,java.rmi.UnexpectedException)</span>
                  <div class="stack-trace">org.openqa.selenium.WebDriverException: Unable to parse remote response: Misconfigured -- Sauce Labs Authentication Error.
You used username &apos;null&apos; and access key &apos;null&apos; to authenticate, which are not valid Sauce Labs credentials.

The following desired capabilities were received:
{&apos;browserName&apos;: &apos;chrome&apos;,
 &apos;name&apos;: &apos;verifyContactLinkTest&apos;,
 &apos;platform&apos;: &apos;macOS 10.15&apos;,
 &apos;version&apos;: &apos;latest-1&apos;}
Build info: version: &apos;3.11.0&apos;, revision: &apos;e59cfb3&apos;, time: &apos;2018-03-11T20:26:55.152Z&apos;
System info: host: &apos;GC02RH2WYG8WPE&apos;, ip: &apos;192.168.1.107&apos;, os.name: &apos;Mac OS X&apos;, os.arch: &apos;x86_64&apos;, os.version: &apos;10.13.6&apos;, java.version: &apos;13.0.2&apos;
Driver info: driver.version: RemoteWebDriver
	at org.openqa.selenium.remote.ProtocolHandshake.createSession(ProtocolHandshake.java:111)
	at org.openqa.selenium.remote.ProtocolHandshake.createSession(ProtocolHandshake.java:73)
	at org.openqa.selenium.remote.HttpCommandExecutor.execute(HttpCommandExecutor.java:136)
	at org.openqa.selenium.remote.RemoteWebDriver.execute(RemoteWebDriver.java:545)
	at org.openqa.selenium.remote.RemoteWebDriver.startSession(RemoteWebDriver.java:209)
	at org.openqa.selenium.remote.RemoteWebDriver.&lt;init&gt;(RemoteWebDriver.java:132)
	at org.openqa.selenium.remote.RemoteWebDriver.&lt;init&gt;(RemoteWebDriver.java:145)
	at com.yourcompany.Tests.TestBase.createDriver(TestBase.java:116)
	at com.yourcompany.Tests.FollowLinkTest.verifyContactLinkTest(FollowLinkTest.java:29)
	at java.base/java.util.concurrent.FutureTask.run(FutureTask.java:264)
	at java.base/java.util.concurrent.Executors$RunnableAdapter.call(Executors.java:515)
	at java.base/java.util.concurrent.FutureTask.run(FutureTask.java:264)
	at java.base/java.util.concurrent.ThreadPoolExecutor.runWorker(ThreadPoolExecutor.java:1128)
	at java.base/java.util.concurrent.ThreadPoolExecutor$Worker.run(ThreadPoolExecutor.java:628)
	at java.base/java.lang.Thread.run(Thread.java:830)
... Removed 9 stack frames
</div> <!-- stack-trace -->
                </div> <!-- method-content -->
              </div> <!-- method -->
              <div class="method">
                <div class="method-content">
                  <a name="verifyContactLinkTest(firefox, latest-1, Windows 10, public void com.yourcompany.Tests.FollowLinkTest.verifyContactLinkTes...)">
                  </a> <!-- verifyContactLinkTest(firefox, latest-1, Windows 10, public void com.yourcompany.Tests.FollowLinkTest.verifyContactLinkTes...) -->
                  <span class="method-name">verifyContactLinkTest</span>
                  <span class="parameters">(firefox, latest-1, Windows 10, public void com.yourcompany.Tests.FollowLinkTest.verifyContactLinkTest(java.lang.String,java.lang.String,java.lang.String,java.lang.reflect.Method) throws java.net.MalformedURLException,org.openqa.selenium.InvalidElementStateException,java.rmi.UnexpectedException)</span>
                  <div class="stack-trace">org.openqa.selenium.WebDriverException: Unable to parse remote response: Misconfigured -- Sauce Labs Authentication Error.
You used username &apos;null&apos; and access key &apos;null&apos; to authenticate, which are not valid Sauce Labs credentials.

The following desired capabilities were received:
{&apos;browserName&apos;: &apos;firefox&apos;,
 &apos;name&apos;: &apos;verifyContactLinkTest&apos;,
 &apos;platform&apos;: &apos;WIN10&apos;,
 &apos;version&apos;: &apos;latest-1&apos;}
Build info: version: &apos;3.11.0&apos;, revision: &apos;e59cfb3&apos;, time: &apos;2018-03-11T20:26:55.152Z&apos;
System info: host: &apos;GC02RH2WYG8WPE&apos;, ip: &apos;192.168.1.107&apos;, os.name: &apos;Mac OS X&apos;, os.arch: &apos;x86_64&apos;, os.version: &apos;10.13.6&apos;, java.version: &apos;13.0.2&apos;
Driver info: driver.version: RemoteWebDriver
	at org.openqa.selenium.remote.ProtocolHandshake.createSession(ProtocolHandshake.java:111)
	at org.openqa.selenium.remote.ProtocolHandshake.createSession(ProtocolHandshake.java:73)
	at org.openqa.selenium.remote.HttpCommandExecutor.execute(HttpCommandExecutor.java:136)
	at org.openqa.selenium.remote.RemoteWebDriver.execute(RemoteWebDriver.java:545)
	at org.openqa.selenium.remote.RemoteWebDriver.startSession(RemoteWebDriver.java:209)
	at org.openqa.selenium.remote.RemoteWebDriver.&lt;init&gt;(RemoteWebDriver.java:132)
	at org.openqa.selenium.remote.RemoteWebDriver.&lt;init&gt;(RemoteWebDriver.java:145)
	at com.yourcompany.Tests.TestBase.createDriver(TestBase.java:116)
	at com.yourcompany.Tests.FollowLinkTest.verifyContactLinkTest(FollowLinkTest.java:29)
	at java.base/java.util.concurrent.FutureTask.run(FutureTask.java:264)
	at java.base/java.util.concurrent.Executors$RunnableAdapter.call(Executors.java:515)
	at java.base/java.util.concurrent.FutureTask.run(FutureTask.java:264)
	at java.base/java.util.concurrent.ThreadPoolExecutor.runWorker(ThreadPoolExecutor.java:1128)
	at java.base/java.util.concurrent.ThreadPoolExecutor$Worker.run(ThreadPoolExecutor.java:628)
	at java.base/java.lang.Thread.run(Thread.java:830)
... Removed 9 stack frames
</div> <!-- stack-trace -->
                </div> <!-- method-content -->
              </div> <!-- method -->
            </div> <!-- main-panel-content rounded-window-bottom -->
          </div> <!-- suite-Command_line_suite-class-failed -->
        </div> <!-- panel Command_line_suite -->
        <div panel-name="test-xml-Command_line_suite" class="panel">
          <div class="main-panel-header rounded-window-top">
          </div> <!-- main-panel-header rounded-window-top -->
          <div class="main-panel-content rounded-window-bottom">
            <pre>
&lt;?xml version=&quot;1.0&quot; encoding=&quot;UTF-8&quot;?&gt;
&lt;!DOCTYPE suite SYSTEM &quot;http://testng.org/testng-1.0.dtd&quot;&gt;
&lt;suite thread-count=&quot;40&quot; parallel=&quot;classes&quot; name=&quot;Command line suite&quot; verbose=&quot;0&quot;&gt;
  &lt;test name=&quot;Command line test&quot;&gt;
    &lt;classes&gt;
      &lt;class name=&quot;com.yourcompany.Tests.PAOIEndpointTest&quot;/&gt;
      &lt;class name=&quot;com.yourcompany.Tests.FollowLinkTest&quot;/&gt;
      &lt;class name=&quot;com.yourcompany.Tests.TestBase&quot;/&gt;
      &lt;class name=&quot;com.yourcompany.Tests.ContactFormTest&quot;/&gt;
    &lt;/classes&gt;
  &lt;/test&gt; &lt;!-- Command line test --&gt;
&lt;/suite&gt; &lt;!-- Command line suite --&gt;
            </pre>
          </div> <!-- main-panel-content rounded-window-bottom -->
        </div> <!-- panel -->
        <div panel-name="testlist-Command_line_suite" class="panel">
          <div class="main-panel-header rounded-window-top">
            <span class="header-content">Tests for Command line suite</span>
          </div> <!-- main-panel-header rounded-window-top -->
          <div class="main-panel-content rounded-window-bottom">
            <ul>
              <li>
                <span class="test-name">Command line test (4 classes)</span>
              </li>
            </ul>
          </div> <!-- main-panel-content rounded-window-bottom -->
        </div> <!-- panel -->
        <div panel-name="group-Command_line_suite" class="panel">
          <div class="main-panel-header rounded-window-top">
            <span class="header-content">Groups for Command line suite</span>
          </div> <!-- main-panel-header rounded-window-top -->
          <div class="main-panel-content rounded-window-bottom">
          </div> <!-- main-panel-content rounded-window-bottom -->
        </div> <!-- panel -->
        <div panel-name="times-Command_line_suite" class="panel">
          <div class="main-panel-header rounded-window-top">
            <span class="header-content">Times for Command line suite</span>
          </div> <!-- main-panel-header rounded-window-top -->
          <div class="main-panel-content rounded-window-bottom">
            <div class="times-div">
              <script type="text/javascript">
suiteTableInitFunctions.push('tableData_Command_line_suite');
function tableData_Command_line_suite() {
var data = new google.visualization.DataTable();
data.addColumn('number', 'Number');
data.addColumn('string', 'Method');
data.addColumn('string', 'Class');
data.addColumn('number', 'Time (ms)');
data.addRows(30);
data.setCell(0, 0, 0)
data.setCell(0, 1, 'verifyPAOIEndpointTest')
data.setCell(0, 2, 'com.yourcompany.Tests.PAOIEndpointTest')
data.setCell(0, 3, 6293);
data.setCell(1, 0, 1)
data.setCell(1, 1, 'verifyPAOIEndpointTest')
data.setCell(1, 2, 'com.yourcompany.Tests.PAOIEndpointTest')
data.setCell(1, 3, 4728);
data.setCell(2, 0, 2)
data.setCell(2, 1, 'contactFormTest')
data.setCell(2, 2, 'com.yourcompany.Tests.ContactFormTest')
data.setCell(2, 3, 4470);
data.setCell(3, 0, 3)
data.setCell(3, 1, 'verifyPAOIEndpointTest')
data.setCell(3, 2, 'com.yourcompany.Tests.PAOIEndpointTest')
data.setCell(3, 3, 3828);
data.setCell(4, 0, 4)
data.setCell(4, 1, 'verifyContactLinkTest')
data.setCell(4, 2, 'com.yourcompany.Tests.FollowLinkTest')
data.setCell(4, 3, 3776);
data.setCell(5, 0, 5)
data.setCell(5, 1, 'verifyContactLinkTest')
data.setCell(5, 2, 'com.yourcompany.Tests.FollowLinkTest')
data.setCell(5, 3, 3453);
data.setCell(6, 0, 6)
data.setCell(6, 1, 'verifyPAOIEndpointTest')
data.setCell(6, 2, 'com.yourcompany.Tests.PAOIEndpointTest')
data.setCell(6, 3, 3421);
data.setCell(7, 0, 7)
data.setCell(7, 1, 'verifyContactLinkTest')
data.setCell(7, 2, 'com.yourcompany.Tests.FollowLinkTest')
data.setCell(7, 3, 3421);
data.setCell(8, 0, 8)
data.setCell(8, 1, 'verifyContactLinkTest')
data.setCell(8, 2, 'com.yourcompany.Tests.FollowLinkTest')
data.setCell(8, 3, 3416);
data.setCell(9, 0, 9)
data.setCell(9, 1, 'contactFormTest')
data.setCell(9, 2, 'com.yourcompany.Tests.ContactFormTest')
data.setCell(9, 3, 3410);
data.setCell(10, 0, 10)
data.setCell(10, 1, 'verifyPAOIEndpointTest')
data.setCell(10, 2, 'com.yourcompany.Tests.PAOIEndpointTest')
data.setCell(10, 3, 3410);
data.setCell(11, 0, 11)
data.setCell(11, 1, 'verifyPAOIEndpointTest')
data.setCell(11, 2, 'com.yourcompany.Tests.PAOIEndpointTest')
data.setCell(11, 3, 3407);
data.setCell(12, 0, 12)
data.setCell(12, 1, 'verifyContactLinkTest')
data.setCell(12, 2, 'com.yourcompany.Tests.FollowLinkTest')
data.setCell(12, 3, 3404);
data.setCell(13, 0, 13)
data.setCell(13, 1, 'verifyContactLinkTest')
data.setCell(13, 2, 'com.yourcompany.Tests.FollowLinkTest')
data.setCell(13, 3, 3402);
data.setCell(14, 0, 14)
data.setCell(14, 1, 'verifyContactLinkTest')
data.setCell(14, 2, 'com.yourcompany.Tests.FollowLinkTest')
data.setCell(14, 3, 3397);
data.setCell(15, 0, 15)
data.setCell(15, 1, 'verifyPAOIEndpointTest')
data.setCell(15, 2, 'com.yourcompany.Tests.PAOIEndpointTest')
data.setCell(15, 3, 3388);
data.setCell(16, 0, 16)
data.setCell(16, 1, 'verifyContactLinkTest')
data.setCell(16, 2, 'com.yourcompany.Tests.FollowLinkTest')
data.setCell(16, 3, 3388);
data.setCell(17, 0, 17)
data.setCell(17, 1, 'contactFormTest')
data.setCell(17, 2, 'com.yourcompany.Tests.ContactFormTest')
data.setCell(17, 3, 3388);
data.setCell(18, 0, 18)
data.setCell(18, 1, 'contactFormTest')
data.setCell(18, 2, 'com.yourcompany.Tests.ContactFormTest')
data.setCell(18, 3, 3386);
data.setCell(19, 0, 19)
data.setCell(19, 1, 'verifyContactLinkTest')
data.setCell(19, 2, 'com.yourcompany.Tests.FollowLinkTest')
data.setCell(19, 3, 3377);
data.setCell(20, 0, 20)
data.setCell(20, 1, 'verifyContactLinkTest')
data.setCell(20, 2, 'com.yourcompany.Tests.FollowLinkTest')
data.setCell(20, 3, 3373);
data.setCell(21, 0, 21)
data.setCell(21, 1, 'contactFormTest')
data.setCell(21, 2, 'com.yourcompany.Tests.ContactFormTest')
data.setCell(21, 3, 3365);
data.setCell(22, 0, 22)
data.setCell(22, 1, 'contactFormTest')
data.setCell(22, 2, 'com.yourcompany.Tests.ContactFormTest')
data.setCell(22, 3, 3363);
data.setCell(23, 0, 23)
data.setCell(23, 1, 'contactFormTest')
data.setCell(23, 2, 'com.yourcompany.Tests.ContactFormTest')
data.setCell(23, 3, 3330);
data.setCell(24, 0, 24)
data.setCell(24, 1, 'contactFormTest')
data.setCell(24, 2, 'com.yourcompany.Tests.ContactFormTest')
data.setCell(24, 3, 3328);
data.setCell(25, 0, 25)
data.setCell(25, 1, 'contactFormTest')
data.setCell(25, 2, 'com.yourcompany.Tests.ContactFormTest')
data.setCell(25, 3, 3326);
data.setCell(26, 0, 26)
data.setCell(26, 1, 'verifyPAOIEndpointTest')
data.setCell(26, 2, 'com.yourcompany.Tests.PAOIEndpointTest')
data.setCell(26, 3, 3325);
data.setCell(27, 0, 27)
data.setCell(27, 1, 'verifyPAOIEndpointTest')
data.setCell(27, 2, 'com.yourcompany.Tests.PAOIEndpointTest')
data.setCell(27, 3, 3325);
data.setCell(28, 0, 28)
data.setCell(28, 1, 'verifyPAOIEndpointTest')
data.setCell(28, 2, 'com.yourcompany.Tests.PAOIEndpointTest')
data.setCell(28, 3, 3324);
data.setCell(29, 0, 29)
data.setCell(29, 1, 'contactFormTest')
data.setCell(29, 2, 'com.yourcompany.Tests.ContactFormTest')
data.setCell(29, 3, 3279);
window.suiteTableData['Command_line_suite']= { tableData: data, tableDiv: 'times-div-Command_line_suite'}
return data;
}
              </script>
              <span class="suite-total-time">Total running time: 1 minutes</span>
              <div id="times-div-Command_line_suite">
              </div> <!-- times-div-Command_line_suite -->
            </div> <!-- times-div -->
          </div> <!-- main-panel-content rounded-window-bottom -->
        </div> <!-- panel -->
        <div panel-name="reporter-Command_line_suite" class="panel">
          <div class="main-panel-header rounded-window-top">
            <span class="header-content">Reporter output for Command line suite</span>
          </div> <!-- main-panel-header rounded-window-top -->
          <div class="main-panel-content rounded-window-bottom">
          </div> <!-- main-panel-content rounded-window-bottom -->
        </div> <!-- panel -->
        <div panel-name="ignored-methods-Command_line_suite" class="panel">
          <div class="main-panel-header rounded-window-top">
            <span class="header-content">0 ignored methods</span>
          </div> <!-- main-panel-header rounded-window-top -->
          <div class="main-panel-content rounded-window-bottom">
          </div> <!-- main-panel-content rounded-window-bottom -->
        </div> <!-- panel -->
        <div panel-name="chronological-Command_line_suite" class="panel">
          <div class="main-panel-header rounded-window-top">
            <span class="header-content">Methods in chronological order</span>
          </div> <!-- main-panel-header rounded-window-top -->
          <div class="main-panel-content rounded-window-bottom">
            <div class="chronological-class">
              <div class="chronological-class-name">com.yourcompany.Tests.FollowLinkTest</div> <!-- chronological-class-name -->
              <div class="test-method">
                <img src="failed.png">
                </img>
                <span class="method-name">verifyContactLinkTest(firefox, latest, Windows 10, public void com.yourcompany.Tests.FollowLinkTest.verifyContactLinkTest(...)</span>
                <span class="method-start">0 ms</span>
              </div> <!-- test-method -->
              <div class="test-method">
                <img src="failed.png">
                </img>
                <span class="method-name">verifyContactLinkTest(firefox, latest, macOS 10.15, public void com.yourcompany.Tests.FollowLinkTest.verifyContactLinkTest...)</span>
                <span class="method-start">0 ms</span>
              </div> <!-- test-method -->
            </div> <!-- chronological-class -->
            <div class="chronological-class">
              <div class="chronological-class-name">com.yourcompany.Tests.PAOIEndpointTest</div> <!-- chronological-class-name -->
              <div class="test-method">
                <img src="failed.png">
                </img>
                <span class="method-name">verifyPAOIEndpointTest(firefox, latest-1, Windows 10, public void com.yourcompany.Tests.PAOIEndpointTest.verifyPAOIEndpoint...)</span>
                <span class="method-start">0 ms</span>
              </div> <!-- test-method -->
              <div class="test-method">
                <img src="failed.png">
                </img>
                <span class="method-name">verifyPAOIEndpointTest(MicrosoftEdge, latest, Windows 10, public void com.yourcompany.Tests.PAOIEndpointTest.verifyPAOIEndp...)</span>
                <span class="method-start">0 ms</span>
              </div> <!-- test-method -->
            </div> <!-- chronological-class -->
            <div class="chronological-class">
              <div class="chronological-class-name">com.yourcompany.Tests.FollowLinkTest</div> <!-- chronological-class-name -->
              <div class="test-method">
                <img src="failed.png">
                </img>
                <span class="method-name">verifyContactLinkTest(firefox, latest-1, Windows 10, public void com.yourcompany.Tests.FollowLinkTest.verifyContactLinkTes...)</span>
                <span class="method-start">0 ms</span>
              </div> <!-- test-method -->
            </div> <!-- chronological-class -->
            <div class="chronological-class">
              <div class="chronological-class-name">com.yourcompany.Tests.ContactFormTest</div> <!-- chronological-class-name -->
              <div class="test-method">
                <img src="failed.png">
                </img>
                <span class="method-name">contactFormTest(firefox, latest, macOS 10.15, public void com.yourcompany.Tests.ContactFormTest.contactFormTest(java...)</span>
                <span class="method-start">0 ms</span>
              </div> <!-- test-method -->
              <div class="test-method">
                <img src="failed.png">
                </img>
                <span class="method-name">contactFormTest(MicrosoftEdge, latest, Windows 10, public void com.yourcompany.Tests.ContactFormTest.contactFormTest...)</span>
                <span class="method-start">0 ms</span>
              </div> <!-- test-method -->
            </div> <!-- chronological-class -->
            <div class="chronological-class">
              <div class="chronological-class-name">com.yourcompany.Tests.FollowLinkTest</div> <!-- chronological-class-name -->
              <div class="test-method">
                <img src="failed.png">
                </img>
                <span class="method-name">verifyContactLinkTest(MicrosoftEdge, latest, Windows 10, public void com.yourcompany.Tests.FollowLinkTest.verifyContactLin...)</span>
                <span class="method-start">0 ms</span>
              </div> <!-- test-method -->
            </div> <!-- chronological-class -->
            <div class="chronological-class">
              <div class="chronological-class-name">com.yourcompany.Tests.ContactFormTest</div> <!-- chronological-class-name -->
              <div class="test-method">
                <img src="failed.png">
                </img>
                <span class="method-name">contactFormTest(firefox, latest-1, macOS 10.15, public void com.yourcompany.Tests.ContactFormTest.contactFormTest(ja...)</span>
                <span class="method-start">0 ms</span>
              </div> <!-- test-method -->
            </div> <!-- chronological-class -->
            <div class="chronological-class">
              <div class="chronological-class-name">com.yourcompany.Tests.PAOIEndpointTest</div> <!-- chronological-class-name -->
              <div class="test-method">
                <img src="failed.png">
                </img>
                <span class="method-name">verifyPAOIEndpointTest(chrome, latest-1, Windows 10, public void com.yourcompany.Tests.PAOIEndpointTest.verifyPAOIEndpointT...)</span>
                <span class="method-start">0 ms</span>
              </div> <!-- test-method -->
              <div class="test-method">
                <img src="failed.png">
                </img>
                <span class="method-name">verifyPAOIEndpointTest(firefox, latest, macOS 10.15, public void com.yourcompany.Tests.PAOIEndpointTest.verifyPAOIEndpointT...)</span>
                <span class="method-start">0 ms</span>
              </div> <!-- test-method -->
            </div> <!-- chronological-class -->
            <div class="chronological-class">
              <div class="chronological-class-name">com.yourcompany.Tests.ContactFormTest</div> <!-- chronological-class-name -->
              <div class="test-method">
                <img src="failed.png">
                </img>
                <span class="method-name">contactFormTest(firefox, latest, Windows 10, public void com.yourcompany.Tests.ContactFormTest.contactFormTest(java....)</span>
                <span class="method-start">0 ms</span>
              </div> <!-- test-method -->
            </div> <!-- chronological-class -->
            <div class="chronological-class">
              <div class="chronological-class-name">com.yourcompany.Tests.PAOIEndpointTest</div> <!-- chronological-class-name -->
              <div class="test-method">
                <img src="failed.png">
                </img>
                <span class="method-name">verifyPAOIEndpointTest(firefox, latest-1, macOS 10.15, public void com.yourcompany.Tests.PAOIEndpointTest.verifyPAOIEndpoin...)</span>
                <span class="method-start">0 ms</span>
              </div> <!-- test-method -->
            </div> <!-- chronological-class -->
            <div class="chronological-class">
              <div class="chronological-class-name">com.yourcompany.Tests.FollowLinkTest</div> <!-- chronological-class-name -->
              <div class="test-method">
                <img src="failed.png">
                </img>
                <span class="method-name">verifyContactLinkTest(chrome, latest-1, macOS 10.15, public void com.yourcompany.Tests.FollowLinkTest.verifyContactLinkTes...)</span>
                <span class="method-start">0 ms</span>
              </div> <!-- test-method -->
              <div class="test-method">
                <img src="failed.png">
                </img>
                <span class="method-name">verifyContactLinkTest(MicrosoftEdge, latest-1, Windows 10, public void com.yourcompany.Tests.FollowLinkTest.verifyContactL...)</span>
                <span class="method-start">0 ms</span>
              </div> <!-- test-method -->
              <div class="test-method">
                <img src="failed.png">
                </img>
                <span class="method-name">verifyContactLinkTest(chrome, latest-1, Windows 10, public void com.yourcompany.Tests.FollowLinkTest.verifyContactLinkTest...)</span>
                <span class="method-start">0 ms</span>
              </div> <!-- test-method -->
            </div> <!-- chronological-class -->
            <div class="chronological-class">
              <div class="chronological-class-name">com.yourcompany.Tests.ContactFormTest</div> <!-- chronological-class-name -->
              <div class="test-method">
                <img src="failed.png">
                </img>
                <span class="method-name">contactFormTest(chrome, latest, macOS 10.15, public void com.yourcompany.Tests.ContactFormTest.contactFormTest(java....)</span>
                <span class="method-start">0 ms</span>
              </div> <!-- test-method -->
              <div class="test-method">
                <img src="failed.png">
                </img>
                <span class="method-name">contactFormTest(chrome, latest-1, macOS 10.15, public void com.yourcompany.Tests.ContactFormTest.contactFormTest(jav...)</span>
                <span class="method-start">0 ms</span>
              </div> <!-- test-method -->
            </div> <!-- chronological-class -->
            <div class="chronological-class">
              <div class="chronological-class-name">com.yourcompany.Tests.PAOIEndpointTest</div> <!-- chronological-class-name -->
              <div class="test-method">
                <img src="failed.png">
                </img>
                <span class="method-name">verifyPAOIEndpointTest(MicrosoftEdge, latest-1, Windows 10, public void com.yourcompany.Tests.PAOIEndpointTest.verifyPAOIEn...)</span>
                <span class="method-start">0 ms</span>
              </div> <!-- test-method -->
            </div> <!-- chronological-class -->
            <div class="chronological-class">
              <div class="chronological-class-name">com.yourcompany.Tests.FollowLinkTest</div> <!-- chronological-class-name -->
              <div class="test-method">
                <img src="failed.png">
                </img>
                <span class="method-name">verifyContactLinkTest(chrome, latest, macOS 10.15, public void com.yourcompany.Tests.FollowLinkTest.verifyContactLinkTest(...)</span>
                <span class="method-start">0 ms</span>
              </div> <!-- test-method -->
              <div class="test-method">
                <img src="failed.png">
                </img>
                <span class="method-name">verifyContactLinkTest(chrome, latest, Windows 10, public void com.yourcompany.Tests.FollowLinkTest.verifyContactLinkTest(j...)</span>
                <span class="method-start">0 ms</span>
              </div> <!-- test-method -->
            </div> <!-- chronological-class -->
            <div class="chronological-class">
              <div class="chronological-class-name">com.yourcompany.Tests.ContactFormTest</div> <!-- chronological-class-name -->
              <div class="test-method">
                <img src="failed.png">
                </img>
                <span class="method-name">contactFormTest(chrome, latest-1, Windows 10, public void com.yourcompany.Tests.ContactFormTest.contactFormTest(java...)</span>
                <span class="method-start">0 ms</span>
              </div> <!-- test-method -->
              <div class="test-method">
                <img src="failed.png">
                </img>
                <span class="method-name">contactFormTest(MicrosoftEdge, latest-1, Windows 10, public void com.yourcompany.Tests.ContactFormTest.contactFormTe...)</span>
                <span class="method-start">0 ms</span>
              </div> <!-- test-method -->
            </div> <!-- chronological-class -->
            <div class="chronological-class">
              <div class="chronological-class-name">com.yourcompany.Tests.PAOIEndpointTest</div> <!-- chronological-class-name -->
              <div class="test-method">
                <img src="failed.png">
                </img>
                <span class="method-name">verifyPAOIEndpointTest(chrome, latest, macOS 10.15, public void com.yourcompany.Tests.PAOIEndpointTest.verifyPAOIEndpointTe...)</span>
                <span class="method-start">0 ms</span>
              </div> <!-- test-method -->
              <div class="test-method">
                <img src="failed.png">
                </img>
                <span class="method-name">verifyPAOIEndpointTest(firefox, latest, Windows 10, public void com.yourcompany.Tests.PAOIEndpointTest.verifyPAOIEndpointTe...)</span>
                <span class="method-start">0 ms</span>
              </div> <!-- test-method -->
            </div> <!-- chronological-class -->
            <div class="chronological-class">
              <div class="chronological-class-name">com.yourcompany.Tests.FollowLinkTest</div> <!-- chronological-class-name -->
              <div class="test-method">
                <img src="failed.png">
                </img>
                <span class="method-name">verifyContactLinkTest(firefox, latest-1, macOS 10.15, public void com.yourcompany.Tests.FollowLinkTest.verifyContactLinkTe...)</span>
                <span class="method-start">0 ms</span>
              </div> <!-- test-method -->
            </div> <!-- chronological-class -->
            <div class="chronological-class">
              <div class="chronological-class-name">com.yourcompany.Tests.ContactFormTest</div> <!-- chronological-class-name -->
              <div class="test-method">
                <img src="failed.png">
                </img>
                <span class="method-name">contactFormTest(chrome, latest, Windows 10, public void com.yourcompany.Tests.ContactFormTest.contactFormTest(java.l...)</span>
                <span class="method-start">0 ms</span>
              </div> <!-- test-method -->
            </div> <!-- chronological-class -->
            <div class="chronological-class">
              <div class="chronological-class-name">com.yourcompany.Tests.PAOIEndpointTest</div> <!-- chronological-class-name -->
              <div class="test-method">
                <img src="failed.png">
                </img>
                <span class="method-name">verifyPAOIEndpointTest(chrome, latest-1, macOS 10.15, public void com.yourcompany.Tests.PAOIEndpointTest.verifyPAOIEndpoint...)</span>
                <span class="method-start">0 ms</span>
              </div> <!-- test-method -->
              <div class="test-method">
                <img src="failed.png">
                </img>
                <span class="method-name">verifyPAOIEndpointTest(chrome, latest, Windows 10, public void com.yourcompany.Tests.PAOIEndpointTest.verifyPAOIEndpointTes...)</span>
                <span class="method-start">0 ms</span>
              </div> <!-- test-method -->
            </div> <!-- chronological-class -->
            <div class="chronological-class">
              <div class="chronological-class-name">com.yourcompany.Tests.ContactFormTest</div> <!-- chronological-class-name -->
              <div class="test-method">
                <img src="failed.png">
                </img>
                <span class="method-name">contactFormTest(firefox, latest-1, Windows 10, public void com.yourcompany.Tests.ContactFormTest.contactFormTest(jav...)</span>
                <span class="method-start">0 ms</span>
              </div> <!-- test-method -->
              <div class="configuration-method after">
                <img src="failed.png">
                </img>
                <span class="method-name">tearDown([TestResult name=contactFormTest status=FAILURE method=ContactFormTest.contactFormTest(java.lang.Str...)</span>
                <span class="method-start">3290 ms</span>
              </div> <!-- configuration-method after -->
          </div> <!-- main-panel-content rounded-window-bottom -->
        </div> <!-- panel -->
      </div> <!-- main-panel-root -->
    </div> <!-- wrapper -->
  </body>
</html>
